#
# There is insufficient memory for the Java Runtime Environment to continue.
# Native memory allocation (malloc) failed to allocate 56976 bytes for Chunk::new
# Possible reasons:
#   The system is out of physical RAM or swap space
#   The process is running with CompressedOops enabled, and the Java Heap may be blocking the growth of the native heap
# Possible solutions:
#   Reduce memory load on the system
#   Increase physical memory or swap space
#   Check if swap backing store is full
#   Decrease Java heap size (-Xmx/-Xms)
#   Decrease number of Java threads
#   Decrease Java thread stack sizes (-Xss)
#   Set larger code cache with -XX:ReservedCodeCacheSize=
#   JVM is running with Zero Based Compressed Oops mode in which the Java heap is
#     placed in the first 32GB address space. The Java Heap base address is the
#     maximum limit for the native heap growth. Please use -XX:HeapBaseMinAddress
#     to set the Java Heap base and to place the Java Heap above 32GB virtual address.
# This output file may be truncated or incomplete.
#
#  Out of Memory Error (arena.cpp:191), pid=21180, tid=10192
#
# JRE version: OpenJDK Runtime Environment Corretto-17.0.9.8.1 (17.0.9+8) (build 17.0.9+8-LTS)
# Java VM: OpenJDK 64-Bit Server VM Corretto-17.0.9.8.1 (17.0.9+8-LTS, mixed mode, sharing, tiered, compressed oops, compressed class ptrs, g1 gc, windows-amd64)
# No core dump will be written. Minidumps are not enabled by default on client versions of Windows
#

---------------  S U M M A R Y ------------

Command Line: -javaagent:C:\Program Files\JetBrains\IntelliJ IDEA Community Edition 2023.2.1\lib\idea_rt.jar=52139:C:\Program Files\JetBrains\IntelliJ IDEA Community Edition 2023.2.1\bin -Dfile.encoding=UTF-8 MainKt

Host: AMD Ryzen 5 4600H with Radeon Graphics         , 12 cores, 15G,  Windows 11 , 64 bit Build 22621 (10.0.22621.4830)
Time: Mon Feb 24 13:58:20 2025 W. Europe Standard Time elapsed time: 5119.260559 seconds (0d 1h 25m 19s)

---------------  T H R E A D  ---------------

Current thread (0x000002239726a7f0):  JavaThread "C2 CompilerThread0" daemon [_thread_in_native, id=10192, stack(0x000000eb34b00000,0x000000eb34c00000)]


Current CompileTask:
C2:5119260 4615       4       java.util.HashMap::putVal (300 bytes)

Stack: [0x000000eb34b00000,0x000000eb34c00000]
Native frames: (J=compiled Java code, j=interpreted, Vv=VM code, C=native code)
V  [jvm.dll+0x67cb49]
V  [jvm.dll+0x8344da]
V  [jvm.dll+0x835f9e]
V  [jvm.dll+0x836603]
V  [jvm.dll+0x247b5f]
V  [jvm.dll+0xac43c]
V  [jvm.dll+0xaca8c]
V  [jvm.dll+0x5669d3]
V  [jvm.dll+0x331009]
V  [jvm.dll+0x33047a]
V  [jvm.dll+0x21a201]
V  [jvm.dll+0x219621]
V  [jvm.dll+0x1a56cd]
V  [jvm.dll+0x2293ee]
V  [jvm.dll+0x2275bc]
V  [jvm.dll+0x7e95a7]
V  [jvm.dll+0x7e396a]
V  [jvm.dll+0x67ba35]
C  [ucrtbase.dll+0x29333]
C  [KERNEL32.DLL+0x1259d]
C  [ntdll.dll+0x5af38]


---------------  P R O C E S S  ---------------

Threads class SMR info:
_java_thread_list=0x00000223e48ca5d0, length=24, elements={
0x00000223f2392a10, 0x00000223972570d0, 0x0000022397258720, 0x0000022397264cc0,
0x0000022397265290, 0x0000022397265860, 0x0000022397265e30, 0x000002239726a7f0,
0x00000223972703c0, 0x00000223972789e0, 0x0000022397331ef0, 0x00000223975cf090,
0x00000223975cf570, 0x0000022397dc6140, 0x0000022397dda4a0, 0x0000022397ddd210,
0x0000022397e30420, 0x00000223ddf45fb0, 0x00000223ddf83760, 0x00000223de218cc0,
0x00000223de217d90, 0x00000223de217370, 0x00000223de9d9a80, 0x00000223de9d9f90
}

Java Threads: ( => current thread )
  0x00000223f2392a10 JavaThread "main" [_thread_blocked, id=5772, stack(0x000000eb33e00000,0x000000eb33f00000)]
  0x00000223972570d0 JavaThread "Reference Handler" daemon [_thread_blocked, id=6160, stack(0x000000eb34500000,0x000000eb34600000)]
  0x0000022397258720 JavaThread "Finalizer" daemon [_thread_blocked, id=10260, stack(0x000000eb34600000,0x000000eb34700000)]
  0x0000022397264cc0 JavaThread "Signal Dispatcher" daemon [_thread_blocked, id=22432, stack(0x000000eb34700000,0x000000eb34800000)]
  0x0000022397265290 JavaThread "Attach Listener" daemon [_thread_blocked, id=22484, stack(0x000000eb34800000,0x000000eb34900000)]
  0x0000022397265860 JavaThread "Service Thread" daemon [_thread_blocked, id=19616, stack(0x000000eb34900000,0x000000eb34a00000)]
  0x0000022397265e30 JavaThread "Monitor Deflation Thread" daemon [_thread_blocked, id=9360, stack(0x000000eb34a00000,0x000000eb34b00000)]
=>0x000002239726a7f0 JavaThread "C2 CompilerThread0" daemon [_thread_in_native, id=10192, stack(0x000000eb34b00000,0x000000eb34c00000)]
  0x00000223972703c0 JavaThread "C1 CompilerThread0" daemon [_thread_blocked, id=8700, stack(0x000000eb34c00000,0x000000eb34d00000)]
  0x00000223972789e0 JavaThread "Sweeper thread" daemon [_thread_blocked, id=13824, stack(0x000000eb34d00000,0x000000eb34e00000)]
  0x0000022397331ef0 JavaThread "Common-Cleaner" daemon [_thread_blocked, id=8180, stack(0x000000eb34e00000,0x000000eb34f00000)]
  0x00000223975cf090 JavaThread "Monitor Ctrl-Break" daemon [_thread_in_native, id=12552, stack(0x000000eb35100000,0x000000eb35200000)]
  0x00000223975cf570 JavaThread "Notification Thread" daemon [_thread_blocked, id=12052, stack(0x000000eb35200000,0x000000eb35300000)]
  0x0000022397dc6140 JavaThread "Java2D Disposer" daemon [_thread_blocked, id=4924, stack(0x000000eb35400000,0x000000eb35500000)]
  0x0000022397dda4a0 JavaThread "AWT-Shutdown" [_thread_blocked, id=2452, stack(0x000000eb35500000,0x000000eb35600000)]
  0x0000022397ddd210 JavaThread "AWT-Windows" daemon [_thread_in_native, id=21196, stack(0x000000eb35600000,0x000000eb35700000)]
  0x0000022397e30420 JavaThread "AWT-EventQueue-0" [_thread_blocked, id=2564, stack(0x000000eb35700000,0x000000eb35800000)]
  0x00000223ddf45fb0 JavaThread "DefaultDispatcher-worker-1" daemon [_thread_blocked, id=4228, stack(0x000000eb36700000,0x000000eb36800000)]
  0x00000223ddf83760 JavaThread "DefaultDispatcher-worker-2" daemon [_thread_blocked, id=15028, stack(0x000000eb36800000,0x000000eb36900000)]
  0x00000223de218cc0 JavaThread "DefaultDispatcher-worker-3" daemon [_thread_blocked, id=8468, stack(0x000000eb36900000,0x000000eb36a00000)]
  0x00000223de217d90 JavaThread "kotlinx.coroutines.DefaultExecutor" daemon [_thread_blocked, id=15540, stack(0x000000eb36a00000,0x000000eb36b00000)]
  0x00000223de217370 JavaThread "Reference Cleaner" daemon [_thread_blocked, id=7588, stack(0x000000eb36b00000,0x000000eb36c00000)]
  0x00000223de9d9a80 JavaThread "D3D Screen Updater" daemon [_thread_blocked, id=16704, stack(0x000000eb36e00000,0x000000eb36f00000)]
  0x00000223de9d9f90 JavaThread "TimerQueue" daemon [_thread_blocked, id=3968, stack(0x000000eb37400000,0x000000eb37500000)]

Other Threads:
  0x0000022397249330 VMThread "VM Thread" [stack: 0x000000eb34400000,0x000000eb34500000] [id=18700]
  0x00000223975c1370 WatcherThread [stack: 0x000000eb35300000,0x000000eb35400000] [id=13148]
  0x00000223f23fd300 GCTaskThread "GC Thread#0" [stack: 0x000000eb33f00000,0x000000eb34000000] [id=2600]
  0x00000223dde1d990 GCTaskThread "GC Thread#1" [stack: 0x000000eb36200000,0x000000eb36300000] [id=19628]
  0x00000223dddf83b0 GCTaskThread "GC Thread#2" [stack: 0x000000eb36300000,0x000000eb36400000] [id=4560]
  0x00000223dde91fa0 GCTaskThread "GC Thread#3" [stack: 0x000000eb36400000,0x000000eb36500000] [id=11608]
  0x00000223dde92260 GCTaskThread "GC Thread#4" [stack: 0x000000eb36500000,0x000000eb36600000] [id=8108]
  0x00000223dde92520 GCTaskThread "GC Thread#5" [stack: 0x000000eb36600000,0x000000eb36700000] [id=3976]
  0x00000223e46a4d50 GCTaskThread "GC Thread#6" [stack: 0x000000eb34f00000,0x000000eb35000000] [id=13788]
  0x00000223e46a5010 GCTaskThread "GC Thread#7" [stack: 0x000000eb35000000,0x000000eb35100000] [id=21980]
  0x00000223e46a52d0 GCTaskThread "GC Thread#8" [stack: 0x000000eb36c00000,0x000000eb36d00000] [id=12840]
  0x00000223e46a5590 GCTaskThread "GC Thread#9" [stack: 0x000000eb36d00000,0x000000eb36e00000] [id=13456]
  0x00000223f240d850 ConcurrentGCThread "G1 Main Marker" [stack: 0x000000eb34000000,0x000000eb34100000] [id=19084]
  0x00000223f240e270 ConcurrentGCThread "G1 Conc#0" [stack: 0x000000eb34100000,0x000000eb34200000] [id=20508]
  0x00000223e46a3f90 ConcurrentGCThread "G1 Conc#1" [stack: 0x000000eb36f00000,0x000000eb37000000] [id=4000]
  0x00000223e4936130 ConcurrentGCThread "G1 Conc#2" [stack: 0x000000eb37000000,0x000000eb37100000] [id=12600]
  0x00000223970fff00 ConcurrentGCThread "G1 Refine#0" [stack: 0x000000eb34200000,0x000000eb34300000] [id=5136]
  0x0000022397102450 ConcurrentGCThread "G1 Service" [stack: 0x000000eb34300000,0x000000eb34400000] [id=8600]

Threads with active compile tasks:
C2 CompilerThread0  5119297 4615       4       java.util.HashMap::putVal (300 bytes)

VM state: not at safepoint (normal execution)

VM Mutex/Monitor currently owned by a thread: None

Heap address: 0x000000070a000000, size: 3936 MB, Compressed Oops mode: Zero based, Oop shift amount: 3

CDS archive(s) mapped at: [0x0000022398000000-0x0000022398ba0000-0x0000022398ba0000), size 12189696, SharedBaseAddress: 0x0000022398000000, ArchiveRelocationMode: 1.
Compressed class space mapped at: 0x0000022399000000-0x00000223d9000000, reserved size: 1073741824
Narrow klass base: 0x0000022398000000, Narrow klass shift: 0, Narrow klass range: 0x100000000

GC Precious Log:
 CPUs: 12 total, 12 available
 Memory: 15741M
 Large Page Support: Disabled
 NUMA Support: Disabled
 Compressed Oops: Enabled (Zero based)
 Heap Region Size: 2M
 Heap Min Capacity: 8M
 Heap Initial Capacity: 246M
 Heap Max Capacity: 3936M
 Pre-touch: Disabled
 Parallel Workers: 10
 Concurrent Workers: 3
 Concurrent Refinement Workers: 10
 Periodic GC: Disabled

Heap:
 garbage-first heap   total 28672K, used 11969K [0x000000070a000000, 0x0000000800000000)
  region size 2048K, 5 young (10240K), 1 survivors (2048K)
 Metaspace       used 26207K, committed 26432K, reserved 1114112K
  class space    used 2567K, committed 2624K, reserved 1048576K

Heap Regions: E=young(eden), S=young(survivor), O=old, HS=humongous(starts), HC=humongous(continues), CS=collection set, F=free, OA=open archive, CA=closed archive, TAMS=top-at-mark-start (previous, next)
|   0|0x000000070a000000, 0x000000070a200000, 0x000000070a200000|100%| O|  |TAMS 0x000000070a000000, 0x000000070a000000| Untracked 
|   1|0x000000070a200000, 0x000000070a200000, 0x000000070a400000|  0%| F|  |TAMS 0x000000070a200000, 0x000000070a200000| Untracked 
|   2|0x000000070a400000, 0x000000070a400000, 0x000000070a600000|  0%| F|  |TAMS 0x000000070a400000, 0x000000070a400000| Untracked 
|   3|0x000000070a600000, 0x000000070a600000, 0x000000070a800000|  0%| F|  |TAMS 0x000000070a600000, 0x000000070a600000| Untracked 
|   4|0x000000070a800000, 0x000000070aa00000, 0x000000070aa00000|100%| O|  |TAMS 0x000000070a800000, 0x000000070a800000| Untracked 
|   5|0x000000070aa00000, 0x000000070aa48c00, 0x000000070ac00000| 14%| O|  |TAMS 0x000000070aa00000, 0x000000070aa00000| Untracked 
|   6|0x000000070ac00000, 0x000000070ac00000, 0x000000070ae00000|  0%| F|  |TAMS 0x000000070ac00000, 0x000000070ac00000| Untracked 
|   7|0x000000070ae00000, 0x000000070ae00000, 0x000000070b000000|  0%| F|  |TAMS 0x000000070ae00000, 0x000000070ae00000| Untracked 
|   8|0x000000070b000000, 0x000000070b167ac0, 0x000000070b200000| 70%| S|CS|TAMS 0x000000070b000000, 0x000000070b000000| Complete 
|   9|0x000000070b200000, 0x000000070b200000, 0x000000070b400000|  0%| F|  |TAMS 0x000000070b200000, 0x000000070b200000| Untracked 
| 115|0x0000000718600000, 0x00000007187287c8, 0x0000000718800000| 57%| E|  |TAMS 0x0000000718600000, 0x0000000718600000| Complete 
| 116|0x0000000718800000, 0x0000000718a00000, 0x0000000718a00000|100%| E|CS|TAMS 0x0000000718800000, 0x0000000718800000| Complete 
| 117|0x0000000718a00000, 0x0000000718c00000, 0x0000000718c00000|100%| E|CS|TAMS 0x0000000718a00000, 0x0000000718a00000| Complete 
| 122|0x0000000719400000, 0x0000000719600000, 0x0000000719600000|100%| E|CS|TAMS 0x0000000719400000, 0x0000000719400000| Complete 

Card table byte_map: [0x00000223fcaa0000,0x00000223fd250000] _byte_map_base: 0x00000223f9250000

Marking Bits (Prev, Next): (CMBitMap*) 0x00000223f23fd960, (CMBitMap*) 0x00000223f23fd920
 Prev Bits: [0x0000022392d80000, 0x0000022396b00000)
 Next Bits: [0x000002238f000000, 0x0000022392d80000)

Polling page: 0x00000223f2440000

Metaspace:

Usage:
  Non-class:     23.09 MB used.
      Class:      2.51 MB used.
       Both:     25.59 MB used.

Virtual space:
  Non-class space:       64.00 MB reserved,      23.25 MB ( 36%) committed,  1 nodes.
      Class space:        1.00 GB reserved,       2.56 MB ( <1%) committed,  1 nodes.
             Both:        1.06 GB reserved,      25.81 MB (  2%) committed. 

Chunk freelists:
   Non-Class:  8.23 MB
       Class:  13.32 MB
        Both:  21.55 MB

MaxMetaspaceSize: unlimited
CompressedClassSpaceSize: 1.00 GB
Initial GC threshold: 21.00 MB
Current GC threshold: 35.12 MB
CDS: on
MetaspaceReclaimPolicy: balanced
 - commit_granule_bytes: 65536.
 - commit_granule_words: 8192.
 - virtual_space_node_default_size: 8388608.
 - enlarge_chunks_in_place: 1.
 - new_chunks_are_fully_committed: 0.
 - uncommit_free_chunks: 1.
 - use_allocation_guard: 0.
 - handle_deallocations: 1.


Internal statistics:

num_allocs_failed_limit: 3.
num_arena_births: 152.
num_arena_deaths: 0.
num_vsnodes_births: 2.
num_vsnodes_deaths: 0.
num_space_committed: 413.
num_space_uncommitted: 0.
num_chunks_returned_to_freelist: 3.
num_chunks_taken_from_freelist: 825.
num_chunk_merges: 3.
num_chunk_splits: 707.
num_chunks_enlarged: 633.
num_inconsistent_stats: 0.

CodeHeap 'non-profiled nmethods': size=120000Kb used=2070Kb max_used=2070Kb free=117929Kb
 bounds [0x0000022387ad0000, 0x0000022387d40000, 0x000002238f000000]
CodeHeap 'profiled nmethods': size=120000Kb used=9864Kb max_used=9864Kb free=110135Kb
 bounds [0x0000022380000000, 0x00000223809b0000, 0x0000022387530000]
CodeHeap 'non-nmethods': size=5760Kb used=1795Kb max_used=1840Kb free=3964Kb
 bounds [0x0000022387530000, 0x00000223877a0000, 0x0000022387ad0000]
 total_blobs=5856 nmethods=4613 adapters=1155
 compilation: enabled
              stopped_count=0, restarted_count=0
 full_count=0

Compilation events (20 events):
Event: 4351.911 Thread 0x00000223972703c0 nmethod 4605 0x000002238099c190 code [0x000002238099c460, 0x000002238099d608]
Event: 4471.955 Thread 0x00000223972703c0 4606       3       kotlinx.coroutines.internal.LockFreeTaskQueueCore$Companion::updateHead (14 bytes)
Event: 4471.955 Thread 0x00000223972703c0 nmethod 4606 0x000002238099da10 code [0x000002238099dba0, 0x000002238099dce8]
Event: 5119.125 Thread 0x00000223972703c0 4607       3       java.util.HashMap$EntryIterator::next (5 bytes)
Event: 5119.125 Thread 0x00000223972703c0 nmethod 4607 0x000002238099dd90 code [0x000002238099df40, 0x000002238099e0c8]
Event: 5119.125 Thread 0x00000223972703c0 4608       3       java.util.HashMap$EntryIterator::next (5 bytes)
Event: 5119.125 Thread 0x00000223972703c0 nmethod 4608 0x000002238099e190 code [0x000002238099e320, 0x000002238099e468]
Event: 5119.125 Thread 0x00000223972703c0 4609       3       java.lang.invoke.MemberName::<init> (139 bytes)
Event: 5119.127 Thread 0x00000223972703c0 nmethod 4609 0x000002238099e510 code [0x000002238099e840, 0x000002238099fa98]
Event: 5119.127 Thread 0x00000223972703c0 4610       3       java.beans.PropertyChangeSupport::firePropertyChange (35 bytes)
Event: 5119.128 Thread 0x00000223972703c0 nmethod 4610 0x00000223809a0010 code [0x00000223809a0200, 0x00000223809a09c8]
Event: 5119.178 Thread 0x000002239726a7f0 4611       4       sun.util.logging.PlatformLogger::isLoggable (23 bytes)
Event: 5119.187 Thread 0x000002239726a7f0 nmethod 4611 0x0000022387cd4910 code [0x0000022387cd4ae0, 0x0000022387cd54b0]
Event: 5119.188 Thread 0x00000223972703c0 4612   !   3       java.awt.Toolkit::setDesktopProperty (81 bytes)
Event: 5119.188 Thread 0x00000223972703c0 nmethod 4612 0x00000223809a0c10 code [0x00000223809a0e20, 0x00000223809a1688]
Event: 5119.235 Thread 0x000002239726a7f0 4613       4       java.util.HashMap::afterNodeAccess (1 bytes)
Event: 5119.235 Thread 0x00000223972703c0 4614       3       java.util.IdentityHashMap$IdentityHashMapIterator::nextIndex (72 bytes)
Event: 5119.236 Thread 0x000002239726a7f0 nmethod 4613 0x0000022387cd5890 code [0x0000022387cd5a00, 0x0000022387cd5a78]
Event: 5119.236 Thread 0x000002239726a7f0 4615       4       java.util.HashMap::putVal (300 bytes)
Event: 5119.236 Thread 0x00000223972703c0 nmethod 4614 0x00000223809a1910 code [0x00000223809a1ae0, 0x00000223809a1f28]

GC Heap History (10 events):
Event: 0.576 GC heap before
{Heap before GC invocations=0 (full 0):
 garbage-first heap   total 251904K, used 20480K [0x000000070a000000, 0x0000000800000000)
  region size 2048K, 11 young (22528K), 0 survivors (0K)
 Metaspace       used 7586K, committed 7744K, reserved 1114112K
  class space    used 630K, committed 704K, reserved 1048576K
}
Event: 0.579 GC heap after
{Heap after GC invocations=1 (full 0):
 garbage-first heap   total 251904K, used 3050K [0x000000070a000000, 0x0000000800000000)
  region size 2048K, 2 young (4096K), 2 survivors (4096K)
 Metaspace       used 7586K, committed 7744K, reserved 1114112K
  class space    used 630K, committed 704K, reserved 1048576K
}
Event: 1.523 GC heap before
{Heap before GC invocations=1 (full 0):
 garbage-first heap   total 251904K, used 39914K [0x000000070a000000, 0x0000000800000000)
  region size 2048K, 20 young (40960K), 2 survivors (4096K)
 Metaspace       used 19391K, committed 19584K, reserved 1114112K
  class space    used 1997K, committed 2112K, reserved 1048576K
}
Event: 1.527 GC heap after
{Heap after GC invocations=2 (full 0):
 garbage-first heap   total 251904K, used 4663K [0x000000070a000000, 0x0000000800000000)
  region size 2048K, 3 young (6144K), 3 survivors (6144K)
 Metaspace       used 19391K, committed 19584K, reserved 1114112K
  class space    used 1997K, committed 2112K, reserved 1048576K
}
Event: 1.736 GC heap before
{Heap before GC invocations=2 (full 0):
 garbage-first heap   total 251904K, used 12855K [0x000000070a000000, 0x0000000800000000)
  region size 2048K, 8 young (16384K), 3 survivors (6144K)
 Metaspace       used 21381K, committed 21504K, reserved 1114112K
  class space    used 2228K, committed 2304K, reserved 1048576K
}
Event: 1.740 GC heap after
{Heap after GC invocations=3 (full 0):
 garbage-first heap   total 251904K, used 5173K [0x000000070a000000, 0x0000000800000000)
  region size 2048K, 3 young (6144K), 3 survivors (6144K)
 Metaspace       used 21381K, committed 21504K, reserved 1114112K
  class space    used 2228K, committed 2304K, reserved 1048576K
}
Event: 7.162 GC heap before
{Heap before GC invocations=4 (full 0):
 garbage-first heap   total 28672K, used 17461K [0x000000070a000000, 0x0000000800000000)
  region size 2048K, 10 young (20480K), 3 survivors (6144K)
 Metaspace       used 24651K, committed 24832K, reserved 1114112K
  class space    used 2530K, committed 2624K, reserved 1048576K
}
Event: 7.171 GC heap after
{Heap after GC invocations=5 (full 0):
 garbage-first heap   total 28672K, used 5551K [0x000000070a000000, 0x0000000800000000)
  region size 2048K, 3 young (6144K), 3 survivors (6144K)
 Metaspace       used 24651K, committed 24832K, reserved 1114112K
  class space    used 2530K, committed 2624K, reserved 1048576K
}
Event: 20.409 GC heap before
{Heap before GC invocations=5 (full 0):
 garbage-first heap   total 28672K, used 15791K [0x000000070a000000, 0x0000000800000000)
  region size 2048K, 8 young (16384K), 3 survivors (6144K)
 Metaspace       used 25900K, committed 26112K, reserved 1114112K
  class space    used 2555K, committed 2624K, reserved 1048576K
}
Event: 20.419 GC heap after
{Heap after GC invocations=6 (full 0):
 garbage-first heap   total 28672K, used 5825K [0x000000070a000000, 0x0000000800000000)
  region size 2048K, 1 young (2048K), 1 survivors (2048K)
 Metaspace       used 25900K, committed 26112K, reserved 1114112K
  class space    used 2555K, committed 2624K, reserved 1048576K
}

Dll operation events (13 events):
Event: 0.008 Loaded shared library C:\Users\busi4\.jdks\corretto-17.0.9\bin\java.dll
Event: 0.021 Loaded shared library C:\Users\busi4\.jdks\corretto-17.0.9\bin\jsvml.dll
Event: 0.071 Loaded shared library C:\Users\busi4\.jdks\corretto-17.0.9\bin\zip.dll
Event: 0.073 Loaded shared library C:\Users\busi4\.jdks\corretto-17.0.9\bin\instrument.dll
Event: 0.077 Loaded shared library C:\Users\busi4\.jdks\corretto-17.0.9\bin\net.dll
Event: 0.079 Loaded shared library C:\Users\busi4\.jdks\corretto-17.0.9\bin\nio.dll
Event: 0.082 Loaded shared library C:\Users\busi4\.jdks\corretto-17.0.9\bin\zip.dll
Event: 0.104 Loaded shared library C:\Program Files\JetBrains\IntelliJ IDEA Community Edition 2023.2.1\bin\breakgen64.dll
Event: 0.291 Loaded shared library C:\Users\busi4\.jdks\corretto-17.0.9\bin\jimage.dll
Event: 0.293 Loaded shared library C:\Users\busi4\.jdks\corretto-17.0.9\bin\awt.dll
Event: 0.713 Loaded shared library C:\Users\busi4\.skiko\1af4ee19332ed4d6e49736b682169156441810a37589c852cea0529cd125890f\skiko-windows-x64.dll
Event: 0.980 Loaded shared library C:\Users\busi4\.jdks\corretto-17.0.9\bin\freetype.dll
Event: 0.981 Loaded shared library C:\Users\busi4\.jdks\corretto-17.0.9\bin\fontmanager.dll

Deoptimization events (20 events):
Event: 60.103 Thread 0x0000022397e30420 DEOPT PACKING pc=0x0000022387c8a78c sp=0x000000eb357feeb0
Event: 60.103 Thread 0x0000022397e30420 DEOPT UNPACKING pc=0x00000223875869a3 sp=0x000000eb357febe8 mode 2
Event: 87.834 Thread 0x00000223de9d9a80 Uncommon trap: trap_request=0xffffffcc fr.pc=0x0000022387cc8248 relative=0x0000000000000328
Event: 87.834 Thread 0x00000223de9d9a80 Uncommon trap: reason=intrinsic_or_type_checked_inlining action=make_not_entrant pc=0x0000022387cc8248 method=java.util.Arrays.copyOf([Ljava/lang/Object;ILjava/lang/Class;)[Ljava/lang/Object; @ 35 c2
Event: 87.834 Thread 0x00000223de9d9a80 DEOPT PACKING pc=0x0000022387cc8248 sp=0x000000eb36eff300
Event: 87.834 Thread 0x00000223de9d9a80 DEOPT UNPACKING pc=0x00000223875869a3 sp=0x000000eb36eff290 mode 2
Event: 279.708 Thread 0x0000022397e30420 Uncommon trap: trap_request=0xffffffde fr.pc=0x0000022387c8c95c relative=0x0000000000000b1c
Event: 279.708 Thread 0x0000022397e30420 Uncommon trap: reason=class_check action=maybe_recompile pc=0x0000022387c8c95c method=java.awt.EventQueue.dispatchEventImpl(Ljava/awt/AWTEvent;Ljava/lang/Object;)V @ 18 c2
Event: 279.708 Thread 0x0000022397e30420 DEOPT PACKING pc=0x0000022387c8c95c sp=0x000000eb357fedf0
Event: 279.708 Thread 0x0000022397e30420 DEOPT UNPACKING pc=0x00000223875869a3 sp=0x000000eb357fed68 mode 2
Event: 279.723 Thread 0x0000022397e30420 Uncommon trap: trap_request=0xffffffde fr.pc=0x0000022387c8a78c relative=0x00000000000015ec
Event: 279.723 Thread 0x0000022397e30420 Uncommon trap: reason=class_check action=maybe_recompile pc=0x0000022387c8a78c method=java.awt.EventQueue.dispatchEventImpl(Ljava/awt/AWTEvent;Ljava/lang/Object;)V @ 18 c2
Event: 279.723 Thread 0x0000022397e30420 DEOPT PACKING pc=0x0000022387c8a78c sp=0x000000eb357feeb0
Event: 279.723 Thread 0x0000022397e30420 DEOPT UNPACKING pc=0x00000223875869a3 sp=0x000000eb357febe8 mode 2
Event: 550.085 Thread 0x00000223de9d9a80 Uncommon trap: trap_request=0xffffffdc fr.pc=0x0000022387cce03c relative=0x000000000000019c
Event: 550.085 Thread 0x00000223de9d9a80 Uncommon trap: reason=class_check action=make_not_entrant pc=0x0000022387cce03c method=java.util.ArrayList.toArray([Ljava/lang/Object;)[Ljava/lang/Object; @ 21 c2
Event: 550.085 Thread 0x00000223de9d9a80 DEOPT PACKING pc=0x0000022387cce03c sp=0x000000eb36eff360
Event: 550.085 Thread 0x00000223de9d9a80 DEOPT UNPACKING pc=0x00000223875869a3 sp=0x000000eb36eff320 mode 2
Event: 4305.115 Thread 0x00000223de9d9a80 DEOPT PACKING pc=0x000002238098622b sp=0x000000eb36eff310
Event: 4305.115 Thread 0x00000223de9d9a80 DEOPT UNPACKING pc=0x0000022387587143 sp=0x000000eb36efe8b0 mode 0

Classes unloaded (0 events):
No events

Classes redefined (0 events):
No events

Internal exceptions (20 events):
Event: 0.301 Thread 0x00000223f2392a10 Exception <a 'java/io/FileNotFoundException'{0x000000071884ec10}> (0x000000071884ec10) 
thrown [s\src\hotspot\share\prims\jni.cpp, line 516]
Event: 0.306 Thread 0x00000223f2392a10 Exception <a 'java/io/FileNotFoundException'{0x000000071887be70}> (0x000000071887be70) 
thrown [s\src\hotspot\share\prims\jni.cpp, line 516]
Event: 0.453 Thread 0x0000022397e30420 Exception <a 'java/lang/NoSuchMethodError'{0x0000000718249558}: 'int java.lang.invoke.DirectMethodHandle$Holder.invokeStaticInit(java.lang.Object, java.lang.Object, java.lang.Object)'> (0x0000000718249558) 
thrown [s\src\hotspot\share\interpreter\linkResolver.cpp, line 759]
Event: 0.615 Thread 0x0000022397e30420 Exception <a 'java/lang/NoSuchMethodError'{0x0000000719569ed8}: 'void java.lang.invoke.DirectMethodHandle$Holder.invokeSpecial(java.lang.Object, java.lang.Object, java.lang.Object)'> (0x0000000719569ed8) 
thrown [s\src\hotspot\share\interpreter\linkResolver.cpp, line 759]
Event: 0.622 Thread 0x0000022397e30420 Exception <a 'java/lang/NoSuchMethodError'{0x00000007195941d8}: 'java.lang.Object java.lang.invoke.DirectMethodHandle$Holder.newInvokeSpecial(java.lang.Object, java.lang.Object, java.lang.Object, java.lang.Object, java.lang.Object)'> (0x00000007195941d8) 
thrown [s\src\hotspot\share\interpreter\linkResolver.cpp, line 759]
Event: 0.624 Thread 0x0000022397e30420 Exception <a 'java/lang/NoSuchMethodError'{0x000000071959fe48}: 'java.lang.Object java.lang.invoke.DirectMethodHandle$Holder.invokeStatic(java.lang.Object, int, java.lang.Object, java.lang.Object, java.lang.Object, java.lang.Object)'> (0x000000071959fe48) 
thrown [s\src\hotspot\share\interpreter\linkResolver.cpp, line 759]
Event: 0.629 Thread 0x0000022397e30420 Exception <a 'java/lang/NoSuchMethodError'{0x00000007195c58b0}: 'java.lang.Object java.lang.invoke.DirectMethodHandle$Holder.invokeStatic(java.lang.Object, int, java.lang.Object)'> (0x00000007195c58b0) 
thrown [s\src\hotspot\share\interpreter\linkResolver.cpp, line 759]
Event: 0.650 Thread 0x0000022397e30420 Exception <a 'java/lang/ClassNotFoundException'{0x000000071927de88}: com/sun/swing/internal/plaf/metal/resources/spi/metalProvider> (0x000000071927de88) 
thrown [s\src\hotspot\share\classfile\systemDictionary.cpp, line 256]
Event: 0.651 Thread 0x0000022397e30420 Exception <a 'java/lang/ClassNotFoundException'{0x0000000719282148}: com/sun/swing/internal/plaf/basic/resources/spi/basicProvider> (0x0000000719282148) 
thrown [s\src\hotspot\share\classfile\systemDictionary.cpp, line 256]
Event: 0.673 Thread 0x0000022397e30420 Exception <a 'java/lang/NoSuchMethodError'{0x0000000719369fb8}: 'void java.lang.invoke.DirectMethodHandle$Holder.invokeStatic(java.lang.Object, java.lang.Object, java.lang.Object)'> (0x0000000719369fb8) 
thrown [s\src\hotspot\share\interpreter\linkResolver.cpp, line 759]
Event: 0.964 Thread 0x0000022397ddd210 Exception <a 'java/lang/NoSuchMethodError'{0x0000000718509db8}: 'void java.lang.invoke.DirectMethodHandle$Holder.invokeVirtual(java.lang.Object, java.lang.Object)'> (0x0000000718509db8) 
thrown [s\src\hotspot\share\interpreter\linkResolver.cpp, line 759]
Event: 0.976 Thread 0x0000022397e30420 Exception <a 'java/lang/NoSuchMethodError'{0x000000071856e3b8}: 'void java.lang.invoke.DirectMethodHandle$Holder.invokeStaticInit(java.lang.Object)'> (0x000000071856e3b8) 
thrown [s\src\hotspot\share\interpreter\linkResolver.cpp, line 759]
Event: 1.151 Thread 0x0000022397e30420 Exception <a 'java/lang/NoSuchMethodError'{0x00000007180f7328}: 'float java.lang.invoke.DirectMethodHandle$Holder.invokeStatic(java.lang.Object, float)'> (0x00000007180f7328) 
thrown [s\src\hotspot\share\interpreter\linkResolver.cpp, line 759]
Event: 1.151 Thread 0x0000022397e30420 Exception <a 'java/lang/NoSuchMethodError'{0x00000007180fb2d8}: 'float java.lang.invoke.DirectMethodHandle$Holder.invokeStaticInit(java.lang.Object, float)'> (0x00000007180fb2d8) 
thrown [s\src\hotspot\share\interpreter\linkResolver.cpp, line 759]
Event: 1.505 Thread 0x0000022397e30420 Exception <a 'java/lang/NoSuchMethodError'{0x0000000716f4fde0}: 'java.lang.Object java.lang.invoke.DirectMethodHandle$Holder.invokeStatic(java.lang.Object, java.lang.Object, int)'> (0x0000000716f4fde0) 
thrown [s\src\hotspot\share\interpreter\linkResolver.cpp, line 759]
Event: 1.566 Thread 0x0000022397e30420 Exception <a 'java/lang/NoSuchMethodError'{0x00000007192b8478}: 'java.lang.Object java.lang.invoke.DirectMethodHandle$Holder.invokeStatic(java.lang.Object, java.lang.Object, int, java.lang.Object, int)'> (0x00000007192b8478) 
thrown [s\src\hotspot\share\interpreter\linkResolver.cpp, line 759]
Event: 1.567 Thread 0x0000022397e30420 Exception <a 'java/lang/NoSuchMethodError'{0x00000007192c0440}: 'java.lang.Object java.lang.invoke.DirectMethodHandle$Holder.newInvokeSpecial(java.lang.Object, java.lang.Object, int)'> (0x00000007192c0440) 
thrown [s\src\hotspot\share\interpreter\linkResolver.cpp, line 759]
Event: 22.112 Thread 0x0000022397e30420 Exception <a 'java/lang/NoSuchMethodError'{0x00000007195e1c90}: 'java.lang.Object java.lang.invoke.DirectMethodHandle$Holder.newInvokeSpecial(java.lang.Object, java.lang.Object, java.lang.Object, java.lang.Object, int)'> (0x00000007195e1c90) 
thrown [s\src\hotspot\share\interpreter\linkResolver.cpp, line 759]
Event: 22.112 Thread 0x0000022397e30420 Exception <a 'java/lang/NoSuchMethodError'{0x00000007195e61b8}: 'java.lang.Object java.lang.invoke.DirectMethodHandle$Holder.invokeSpecial(java.lang.Object, java.lang.Object, java.lang.Object, java.lang.Object, java.lang.Object, int)'> (0x00000007195e61b8) 
thrown [s\src\hotspot\share\interpreter\linkResolver.cpp, line 759]
Event: 22.113 Thread 0x0000022397e30420 Exception <a 'java/lang/NoSuchMethodError'{0x00000007195e9ea0}: 'java.lang.Object java.lang.invoke.Invokers$Holder.linkToTargetMethod(java.lang.Object, java.lang.Object, java.lang.Object, int, java.lang.Object)'> (0x00000007195e9ea0) 
thrown [s\src\hotspot\share\interpreter\linkResolver.cpp, line 759]

VM Operations (20 events):
Event: 61.220 Executing VM operation: Cleanup
Event: 61.220 Executing VM operation: Cleanup done
Event: 279.719 Executing VM operation: Cleanup
Event: 279.719 Executing VM operation: Cleanup done
Event: 280.728 Executing VM operation: Cleanup
Event: 280.728 Executing VM operation: Cleanup done
Event: 281.744 Executing VM operation: Cleanup
Event: 281.744 Executing VM operation: Cleanup done
Event: 601.738 Executing VM operation: HandshakeAllThreads
Event: 601.738 Executing VM operation: HandshakeAllThreads done
Event: 1743.349 Executing VM operation: HandshakeAllThreads
Event: 1743.349 Executing VM operation: HandshakeAllThreads done
Event: 2492.218 Executing VM operation: Cleanup
Event: 2492.218 Executing VM operation: Cleanup done
Event: 2824.003 Executing VM operation: HandshakeAllThreads
Event: 2824.003 Executing VM operation: HandshakeAllThreads done
Event: 4325.503 Executing VM operation: HandshakeAllThreads
Event: 4325.503 Executing VM operation: HandshakeAllThreads done
Event: 4925.827 Executing VM operation: HandshakeAllThreads
Event: 4925.827 Executing VM operation: HandshakeAllThreads done

Events (20 events):
Event: 6.479 loading class javax/swing/Timer$1 done
Event: 7.079 Thread 0x00000223ed61ffb0 Thread added: 0x00000223ed61ffb0
Event: 8.060 Thread 0x00000223ed61ffb0 Thread exited: 0x00000223ed61ffb0
Event: 11.330 Thread 0x00000223de9db3d0 Thread added: 0x00000223de9db3d0
Event: 16.197 Thread 0x00000223e4ba2840 Thread added: 0x00000223e4ba2840
Event: 16.400 Thread 0x00000223e4ba2840 Thread exited: 0x00000223e4ba2840
Event: 16.970 Thread 0x00000223de2a1f20 Thread added: 0x00000223de2a1f20
Event: 17.291 Thread 0x00000223de2a1f20 Thread exited: 0x00000223de2a1f20
Event: 18.438 loading class java/security/DomainCombiner
Event: 18.438 loading class java/security/DomainCombiner done
Event: 22.130 loading class java/util/LinkedHashMap$LinkedValues
Event: 22.131 loading class java/util/LinkedHashMap$LinkedValues done
Event: 22.131 loading class java/util/LinkedHashMap$LinkedValueIterator
Event: 22.131 loading class java/util/LinkedHashMap$LinkedValueIterator done
Event: 22.156 Thread 0x00000223de682670 Thread added: 0x00000223de682670
Event: 25.499 Thread 0x00000223de682670 Thread exited: 0x00000223de682670
Event: 80.092 Thread 0x00000223de9daec0 Thread exited: 0x00000223de9daec0
Event: 120.112 Thread 0x00000223de9db3d0 Thread exited: 0x00000223de9db3d0
Event: 279.737 Thread 0x00000223de9dd740 Thread added: 0x00000223de9dd740
Event: 341.730 Thread 0x00000223de9dd740 Thread exited: 0x00000223de9dd740


Dynamic libraries:
0x00007ff782950000 - 0x00007ff78295e000 	C:\Users\busi4\.jdks\corretto-17.0.9\bin\java.exe
0x00007ffc1fd10000 - 0x00007ffc1ff27000 	C:\WINDOWS\SYSTEM32\ntdll.dll
0x00007ffc1f9f0000 - 0x00007ffc1fab4000 	C:\WINDOWS\System32\KERNEL32.DLL
0x00007ffc1d0c0000 - 0x00007ffc1d490000 	C:\WINDOWS\System32\KERNELBASE.dll
0x00007ffc1d490000 - 0x00007ffc1d5a1000 	C:\WINDOWS\System32\ucrtbase.dll
0x00007ffc0db70000 - 0x00007ffc0db87000 	C:\Users\busi4\.jdks\corretto-17.0.9\bin\jli.dll
0x00007ffc0db90000 - 0x00007ffc0dbab000 	C:\Users\busi4\.jdks\corretto-17.0.9\bin\VCRUNTIME140.dll
0x00007ffc1e3e0000 - 0x00007ffc1e58e000 	C:\WINDOWS\System32\USER32.dll
0x00007ffc06460000 - 0x00007ffc066f2000 	C:\WINDOWS\WinSxS\amd64_microsoft.windows.common-controls_6595b64144ccf1df_6.0.22621.4830_none_270fe7d773858e80\COMCTL32.dll
0x00007ffc1cf90000 - 0x00007ffc1cfb6000 	C:\WINDOWS\System32\win32u.dll
0x00007ffc1ef20000 - 0x00007ffc1efc7000 	C:\WINDOWS\System32\msvcrt.dll
0x00007ffc1da80000 - 0x00007ffc1daa9000 	C:\WINDOWS\System32\GDI32.dll
0x00007ffc1d650000 - 0x00007ffc1d76b000 	C:\WINDOWS\System32\gdi32full.dll
0x00007ffc1d5b0000 - 0x00007ffc1d64a000 	C:\WINDOWS\System32\msvcp_win.dll
0x00007ffc1f1e0000 - 0x00007ffc1f211000 	C:\WINDOWS\System32\IMM32.DLL
0x00007ffc17810000 - 0x00007ffc1781c000 	C:\Users\busi4\.jdks\corretto-17.0.9\bin\vcruntime140_1.dll
0x00007ffbf5db0000 - 0x00007ffbf5e3d000 	C:\Users\busi4\.jdks\corretto-17.0.9\bin\msvcp140.dll
0x00007ffb716c0000 - 0x00007ffb72321000 	C:\Users\busi4\.jdks\corretto-17.0.9\bin\server\jvm.dll
0x00007ffc1f7a0000 - 0x00007ffc1f851000 	C:\WINDOWS\System32\ADVAPI32.dll
0x00007ffc1d9d0000 - 0x00007ffc1da77000 	C:\WINDOWS\System32\sechost.dll
0x00007ffc1d9a0000 - 0x00007ffc1d9c8000 	C:\WINDOWS\System32\bcrypt.dll
0x00007ffc1fb60000 - 0x00007ffc1fc74000 	C:\WINDOWS\System32\RPCRT4.dll
0x00007ffc1ccb0000 - 0x00007ffc1ccfd000 	C:\WINDOWS\SYSTEM32\POWRPROF.dll
0x00007ffc0c3b0000 - 0x00007ffc0c3b9000 	C:\WINDOWS\SYSTEM32\WSOCK32.dll
0x00007ffc14080000 - 0x00007ffc1408a000 	C:\WINDOWS\SYSTEM32\VERSION.dll
0x00007ffc19b00000 - 0x00007ffc19b34000 	C:\WINDOWS\SYSTEM32\WINMM.dll
0x00007ffc1e360000 - 0x00007ffc1e3d1000 	C:\WINDOWS\System32\WS2_32.dll
0x00007ffc1cc90000 - 0x00007ffc1cca3000 	C:\WINDOWS\SYSTEM32\UMPDC.dll
0x00007ffc1bf40000 - 0x00007ffc1bf58000 	C:\WINDOWS\SYSTEM32\kernel.appcore.dll
0x00007ffc0e0b0000 - 0x00007ffc0e0ba000 	C:\Users\busi4\.jdks\corretto-17.0.9\bin\jimage.dll
0x00007ffc1a780000 - 0x00007ffc1a9b2000 	C:\WINDOWS\SYSTEM32\DBGHELP.DLL
0x00007ffc1f220000 - 0x00007ffc1f5b0000 	C:\WINDOWS\System32\combase.dll
0x00007ffc1f910000 - 0x00007ffc1f9e7000 	C:\WINDOWS\System32\OLEAUT32.dll
0x00007ffbf8500000 - 0x00007ffbf8532000 	C:\WINDOWS\SYSTEM32\dbgcore.DLL
0x00007ffc1cfc0000 - 0x00007ffc1d03b000 	C:\WINDOWS\System32\bcryptPrimitives.dll
0x00007ffc0db60000 - 0x00007ffc0db6e000 	C:\Users\busi4\.jdks\corretto-17.0.9\bin\instrument.dll
0x00007ffc0dad0000 - 0x00007ffc0daf5000 	C:\Users\busi4\.jdks\corretto-17.0.9\bin\java.dll
0x00007ffbae820000 - 0x00007ffbae8f7000 	C:\Users\busi4\.jdks\corretto-17.0.9\bin\jsvml.dll
0x00007ffc1e590000 - 0x00007ffc1ee08000 	C:\WINDOWS\System32\SHELL32.dll
0x00007ffc1ae90000 - 0x00007ffc1b7a0000 	C:\WINDOWS\SYSTEM32\windows.storage.dll
0x00007ffc1ad50000 - 0x00007ffc1ae8f000 	C:\WINDOWS\SYSTEM32\wintypes.dll
0x00007ffc1ee10000 - 0x00007ffc1ef1a000 	C:\WINDOWS\System32\SHCORE.dll
0x00007ffc1e2f0000 - 0x00007ffc1e34e000 	C:\WINDOWS\System32\shlwapi.dll
0x00007ffc1cec0000 - 0x00007ffc1ceeb000 	C:\WINDOWS\SYSTEM32\profapi.dll
0x00007ffc0dab0000 - 0x00007ffc0dac8000 	C:\Users\busi4\.jdks\corretto-17.0.9\bin\zip.dll
0x00007ffc0da90000 - 0x00007ffc0daa9000 	C:\Users\busi4\.jdks\corretto-17.0.9\bin\net.dll
0x00007ffc16950000 - 0x00007ffc16a7c000 	C:\WINDOWS\SYSTEM32\WINHTTP.dll
0x00007ffc1c430000 - 0x00007ffc1c49a000 	C:\WINDOWS\system32\mswsock.dll
0x00007ffc0d5d0000 - 0x00007ffc0d5e6000 	C:\Users\busi4\.jdks\corretto-17.0.9\bin\nio.dll
0x00007ffc0d4d0000 - 0x00007ffc0d4ea000 	C:\Program Files\JetBrains\IntelliJ IDEA Community Edition 2023.2.1\bin\breakgen64.dll
0x00007ffba6170000 - 0x00007ffba6300000 	C:\Users\busi4\.jdks\corretto-17.0.9\bin\awt.dll
0x00007ffc151a0000 - 0x00007ffc15237000 	C:\WINDOWS\SYSTEM32\apphelp.dll
0x00007ffc19df0000 - 0x00007ffc19ea1000 	C:\WINDOWS\system32\uxtheme.dll
0x00007ffc063c0000 - 0x00007ffc0641e000 	C:\Program Files\Huawei\PCManager\plugins\PerfWndMonModule.dll
0x00007ffc1f640000 - 0x00007ffc1f79f000 	C:\WINDOWS\System32\MSCTF.dll
0x00007ffc1dcc0000 - 0x00007ffc1de61000 	C:\WINDOWS\System32\ole32.dll
0x00007ffc1a060000 - 0x00007ffc1a08b000 	C:\WINDOWS\system32\DWMAPI.DLL
0x00007ffba52f0000 - 0x00007ffba53f0000 	C:\WINDOWS\system32\opengl32.dll
0x00007ffba2770000 - 0x00007ffba279d000 	C:\WINDOWS\SYSTEM32\GLU32.dll
0x00007ffc19f00000 - 0x00007ffc19f37000 	C:\WINDOWS\SYSTEM32\dxcore.dll
0x00007ffc03790000 - 0x00007ffc03938000 	C:\WINDOWS\system32\d3d9.dll
0x00007ffc11300000 - 0x00007ffc114db000 	C:\WINDOWS\System32\DriverStore\FileRepository\u0360749.inf_amd64_0a6824eb708f1c4e\B360602\aticfx64.dll
0x00007ffbc6800000 - 0x00007ffbc6833000 	C:\WINDOWS\System32\DriverStore\FileRepository\u0360749.inf_amd64_0a6824eb708f1c4e\B360602\atiu9p64.dll
0x00007ffbc5b60000 - 0x00007ffbc67f6000 	C:\WINDOWS\System32\DriverStore\FileRepository\u0360749.inf_amd64_0a6824eb708f1c4e\B360602\atiumd64.dll
0x000000005fc40000 - 0x0000000060abd000 	C:\WINDOWS\System32\DriverStore\FileRepository\u0360749.inf_amd64_0a6824eb708f1c4e\B360602\atiumd6a.dll
0x00007ffc0f990000 - 0x00007ffc0f9bf000 	C:\WINDOWS\SYSTEM32\amdihk64.dll
0x00007ffc13550000 - 0x00007ffc13599000 	C:\WINDOWS\SYSTEM32\directxdatabasehelper.dll
0x00007ffb6f8d0000 - 0x00007ffb70909000 	C:\Users\busi4\.skiko\1af4ee19332ed4d6e49736b682169156441810a37589c852cea0529cd125890f\skiko-windows-x64.dll
0x00007ffc19560000 - 0x00007ffc197d3000 	C:\WINDOWS\SYSTEM32\dwrite.dll
0x00007ffbae790000 - 0x00007ffbae817000 	C:\Users\busi4\.jdks\corretto-17.0.9\bin\freetype.dll
0x00007ffba6090000 - 0x00007ffba6163000 	C:\Users\busi4\.jdks\corretto-17.0.9\bin\fontmanager.dll
0x00007ffc0dc10000 - 0x00007ffc0dc17000 	C:\Users\busi4\.jdks\corretto-17.0.9\bin\jawt.dll
0x00007ffc19f40000 - 0x00007ffc1a037000 	C:\WINDOWS\SYSTEM32\Dxgi.dll
0x00007ffc0d4a0000 - 0x00007ffc0d4c6000 	C:\WINDOWS\SYSTEM32\D3D12.dll
0x00007ffba5e80000 - 0x00007ffba6082000 	C:\WINDOWS\SYSTEM32\D3D12Core.dll
0x00007ffc1cc00000 - 0x00007ffc1cc4e000 	C:\WINDOWS\SYSTEM32\cfgmgr32.dll
0x00007ffb6db10000 - 0x00007ffb6f8cb000 	C:\WINDOWS\System32\DriverStore\FileRepository\u0360749.inf_amd64_0a6824eb708f1c4e\B360602\amdxc64.dll
0x00007ffc0af70000 - 0x00007ffc0af9f000 	C:\WINDOWS\SYSTEM32\D3DSCache.dll
0x00007ffc1c540000 - 0x00007ffc1c568000 	C:\WINDOWS\SYSTEM32\USERENV.dll
0x00007ffc11b60000 - 0x00007ffc11e05000 	C:\WINDOWS\SYSTEM32\twinapi.appcore.dll
0x00007ffc14630000 - 0x00007ffc14885000 	C:\WINDOWS\SYSTEM32\dcomp.dll
0x00007ffc14240000 - 0x00007ffc14626000 	C:\WINDOWS\SYSTEM32\d3dcompiler_47.dll
0x00007ffc1c6b0000 - 0x00007ffc1c6cb000 	C:\WINDOWS\SYSTEM32\CRYPTSP.dll
0x00007ffc0e6b0000 - 0x00007ffc0e7f6000 	C:\WINDOWS\SYSTEM32\textinputframework.dll
0x00007ffc03090000 - 0x00007ffc030f9000 	C:\WINDOWS\system32\Oleacc.dll
0x00007ffc1f860000 - 0x00007ffc1f910000 	C:\WINDOWS\System32\clbcatq.dll
0x00007ffbcc3e0000 - 0x00007ffbcc42b000 	C:\WINDOWS\system32\ApplicationTargetedFeatureDatabase.dll
0x00007ffc14cb0000 - 0x00007ffc14de5000 	C:\WINDOWS\SYSTEM32\CoreMessaging.dll
0x00007ffc12c80000 - 0x00007ffc12fec000 	C:\WINDOWS\SYSTEM32\CoreUIComponents.dll
0x00007ffc1c6a0000 - 0x00007ffc1c6ac000 	C:\WINDOWS\SYSTEM32\CRYPTBASE.DLL

dbghelp: loaded successfully - version: 4.0.5 - missing functions: none
symbol engine: initialized successfully - sym options: 0x614 - pdb path: .;C:\Users\busi4\.jdks\corretto-17.0.9\bin;C:\WINDOWS\SYSTEM32;C:\WINDOWS\WinSxS\amd64_microsoft.windows.common-controls_6595b64144ccf1df_6.0.22621.4830_none_270fe7d773858e80;C:\Users\busi4\.jdks\corretto-17.0.9\bin\server;C:\Program Files\JetBrains\IntelliJ IDEA Community Edition 2023.2.1\bin;C:\Program Files\Huawei\PCManager\plugins;C:\WINDOWS\System32\DriverStore\FileRepository\u0360749.inf_amd64_0a6824eb708f1c4e\B360602;C:\Users\busi4\.skiko\1af4ee19332ed4d6e49736b682169156441810a37589c852cea0529cd125890f

VM Arguments:
jvm_args: -javaagent:C:\Program Files\JetBrains\IntelliJ IDEA Community Edition 2023.2.1\lib\idea_rt.jar=52139:C:\Program Files\JetBrains\IntelliJ IDEA Community Edition 2023.2.1\bin -Dfile.encoding=UTF-8 
java_command: MainKt
java_class_path (initial): C:\Programming\Login5D3\build\classes\kotlin\main;C:\Users\busi4\.gradle\caches\modules-2\files-2.1\org.jetbrains.kotlin\kotlin-stdlib\2.0.0\b48df2c4aede9586cc931ead433bc02d6fd7879e\kotlin-stdlib-2.0.0.jar;C:\Users\busi4\.gradle\caches\modules-2\files-2.1\org.jetbrains\annotations\23.0.0\8cc20c07506ec18e0834947b84a864bfc094484e\annotations-23.0.0.jar;C:\Users\busi4\.gradle\caches\modules-2\files-2.1\org.jetbrains.compose.desktop\desktop-jvm\1.6.10\4c88c77f0770ee2c111199047d90ed5a47e4482b\desktop-jvm-1.6.10.jar;C:\Users\busi4\.gradle\caches\modules-2\files-2.1\org.jetbrains.compose.material\material-desktop\1.6.10\d3e4b632fadb752973fa898989e4666e986011e6\material-desktop-1.6.10.jar;C:\Users\busi4\.gradle\caches\modules-2\files-2.1\org.jetbrains.compose.foundation\foundation-desktop\1.6.10\ae2b43abc911ccb6eb335b682ed5f2763939b760\foundation-desktop-1.6.10.jar;C:\Users\busi4\.gradle\caches\modules-2\files-2.1\org.jetbrains.compose.ui\ui-tooling-preview-desktop\1.6.10\62232c44c61692b56d3071c29b0f9c8481b20574\ui-tooling-preview-desktop-1.6.10.jar;C:\Users\busi4\.gradle\caches\modules-2\files-2.1\org.jetbrains.compose.ui\ui-desktop\1.6.10\dc5665750f4cc2baaea177774f719fd1ba06f7a5\ui-desktop-1.6.10.jar;C:\Users\busi4\.gradle\caches\modules-2\files-2.1\org.jetbrains.compose.runtime\runtime-desktop\1.6.10\328c18df89b7bf14a52d2d39e20065b029cdfeeb\runtime-desktop-1.6.10.jar;C:\Users\busi4\.gradle\caches\modules-2\files-2.1\org.jetbrains.compose.material\material-ripple-desktop\1.6.10\81d8093be11dfbc4ce334bad9bcfc237f21ed701\material-ripple-desktop-1.6.10.jar;C:\Users\busi4\.gradle\caches\modules-2\files-2.1\org.jetbrains.compose.material\material-icons-core-desktop\1.6.10\47e99680d4e5f234dc4514fd12fec4daf1af4597\material-icons-core-desktop-1.6.10.jar;C:\Users\busi4\.gradle\caches\modules-2\files-2.1\org.jetbrains.compose.animation\animation-core-desktop\1.6.10\f6404cd973e8dc12994f487a61967aa4f8a949b4\animation-core-desktop-1.6.10.jar;C:\Users\busi4\
Launcher Type: SUN_STANDARD

[Global flags]
     intx CICompilerCount                          = 4                                         {product} {ergonomic}
     uint ConcGCThreads                            = 3                                         {product} {ergonomic}
     uint G1ConcRefinementThreads                  = 10                                        {product} {ergonomic}
   size_t G1HeapRegionSize                         = 2097152                                   {product} {ergonomic}
    uintx GCDrainStackTargetSize                   = 64                                        {product} {ergonomic}
   size_t InitialHeapSize                          = 257949696                                 {product} {ergonomic}
   size_t MarkStackSize                            = 4194304                                   {product} {ergonomic}
   size_t MaxHeapSize                              = 4127195136                                {product} {ergonomic}
   size_t MaxNewSize                               = 2474639360                                {product} {ergonomic}
   size_t MinHeapDeltaBytes                        = 2097152                                   {product} {ergonomic}
   size_t MinHeapSize                              = 8388608                                   {product} {ergonomic}
    uintx NonNMethodCodeHeapSize                   = 5839372                                {pd product} {ergonomic}
    uintx NonProfiledCodeHeapSize                  = 122909434                              {pd product} {ergonomic}
    uintx ProfiledCodeHeapSize                     = 122909434                              {pd product} {ergonomic}
    uintx ReservedCodeCacheSize                    = 251658240                              {pd product} {ergonomic}
     bool SegmentedCodeCache                       = true                                      {product} {ergonomic}
   size_t SoftMaxHeapSize                          = 4127195136                             {manageable} {ergonomic}
     bool UseCompressedClassPointers               = true                           {product lp64_product} {ergonomic}
     bool UseCompressedOops                        = true                           {product lp64_product} {ergonomic}
     bool UseG1GC                                  = true                                      {product} {ergonomic}
     bool UseLargePagesIndividualAllocation        = false                                  {pd product} {ergonomic}

Logging:
Log output configuration:
 #0: stdout all=warning uptime,level,tags
 #1: stderr all=off uptime,level,tags

Environment Variables:
PATH=C:\Program Files (x86)\Common Files\Oracle\Java\javapath;C:\WINDOWS\system32;C:\WINDOWS;C:\WINDOWS\System32\Wbem;C:\WINDOWS\System32\WindowsPowerShell\v1.0\;C:\WINDOWS\System32\OpenSSH\;C:\Program Files\dotnet\;C:\Program Files\Docker\Docker\resources\bin;C:\Program Files\Calibre2\;C:\Users\busi4\AppData\Local\Microsoft\WindowsApps;C:\Users\busi4\AppData\Local\Programs\Microsoft VS Code\bin;C:\Program Files\JetBrains\IntelliJ IDEA Community Edition 2023.2.1\bin;C:\Users\busi4\AppData\Local\JetBrains\Toolbox\scripts;
USERNAME=busi4
OS=Windows_NT
PROCESSOR_IDENTIFIER=AMD64 Family 23 Model 96 Stepping 1, AuthenticAMD
TMP=C:\Users\busi4\AppData\Local\Temp
TEMP=C:\Users\busi4\AppData\Local\Temp



Periodic native trim disabled


---------------  S Y S T E M  ---------------

OS:
 Windows 11 , 64 bit Build 22621 (10.0.22621.4830)
OS uptime: 0 days 4:16 hours
Hyper-V role detected

CPU: total 12 (initial active 12) (12 cores per cpu, 2 threads per core) family 23 model 96 stepping 1 microcode 0x0, cx8, cmov, fxsr, ht, mmx, 3dnowpref, sse, sse2, sse3, ssse3, sse4a, sse4.1, sse4.2, popcnt, lzcnt, tsc, tscinvbit, avx, avx2, aes, clmul, bmi1, bmi2, adx, sha, fma, vzeroupper, clflush, clflushopt, hv
Processor Information for all 12 processors :
  Max Mhz: 3000, Current Mhz: 3000, Mhz Limit: 3000

Memory: 4k page, system-wide physical 15741M (3824M free)
TotalPageFile size 15741M (AvailPageFile size 0M)
current process WorkingSet (physical memory assigned to process): 244M, peak: 251M
current process commit charge ("private bytes"): 275M, peak: 416M

vm_info: OpenJDK 64-Bit Server VM (17.0.9+8-LTS) for windows-amd64 JRE (17.0.9+8-LTS), built on Oct 12 2023 16:15:33 by "Administrator" with MS VC++ 16.10 / 16.11 (VS2019)

END.
