#
# There is insufficient memory for the Java Runtime Environment to continue.
# Native memory allocation (malloc) failed to allocate 1729392 bytes for Chunk::new
# Possible reasons:
#   The system is out of physical RAM or swap space
#   The process is running with CompressedOops enabled, and the Java Heap may be blocking the growth of the native heap
# Possible solutions:
#   Reduce memory load on the system
#   Increase physical memory or swap space
#   Check if swap backing store is full
#   Decrease Java heap size (-Xmx/-Xms)
#   Decrease number of Java threads
#   Decrease Java thread stack sizes (-Xss)
#   Set larger code cache with -XX:ReservedCodeCacheSize=
#   JVM is running with Unscaled Compressed Oops mode in which the Java heap is
#     placed in the first 4GB address space. The Java Heap base address is the
#     maximum limit for the native heap growth. Please use -XX:HeapBaseMinAddress
#     to set the Java Heap base and to place the Java Heap above 4GB virtual address.
# This output file may be truncated or incomplete.
#
#  Out of Memory Error (arena.cpp:191), pid=24776, tid=25264
#
# JRE version: OpenJDK Runtime Environment Corretto-17.0.9.8.1 (17.0.9+8) (build 17.0.9+8-LTS)
# Java VM: OpenJDK 64-Bit Server VM Corretto-17.0.9.8.1 (17.0.9+8-LTS, mixed mode, sharing, tiered, compressed oops, compressed class ptrs, g1 gc, windows-amd64)
# No core dump will be written. Minidumps are not enabled by default on client versions of Windows
#

---------------  S U M M A R Y ------------

Command Line: --add-opens=java.base/java.util=ALL-UNNAMED --add-opens=java.base/java.lang=ALL-UNNAMED --add-opens=java.base/java.lang.invoke=ALL-UNNAMED --add-opens=java.prefs/java.util.prefs=ALL-UNNAMED --add-opens=java.base/java.nio.charset=ALL-UNNAMED --add-opens=java.base/java.net=ALL-UNNAMED --add-opens=java.base/java.util.concurrent.atomic=ALL-UNNAMED -Xmx2048m -Dfile.encoding=UTF-8 -Duser.country=US -Duser.language=en -Duser.variant -javaagent:C:\Users\busi4\.gradle\wrapper\dists\gradle-8.7-bin\bhs2wmbdwecv87pi65oeuq5iu\gradle-8.7\lib\agents\gradle-instrumentation-agent-8.7.jar org.gradle.launcher.daemon.bootstrap.GradleDaemon 8.7

Host: AMD Ryzen 5 4600H with Radeon Graphics         , 12 cores, 15G,  Windows 11 , 64 bit Build 22621 (10.0.22621.4830)
Time: Fri Feb 21 11:47:12 2025 W. Europe Standard Time elapsed time: 4.545023 seconds (0d 0h 0m 4s)

---------------  T H R E A D  ---------------

Current thread (0x000001b14ed626d0):  JavaThread "C2 CompilerThread1" daemon [_thread_in_native, id=25264, stack(0x000000806c100000,0x000000806c200000)]


Current CompileTask:
C2:   4545 2393   !   4       java.net.URLClassLoader::findClass (47 bytes)

Stack: [0x000000806c100000,0x000000806c200000]
Native frames: (J=compiled Java code, j=interpreted, Vv=VM code, C=native code)
V  [jvm.dll+0x67cb49]
V  [jvm.dll+0x8344da]
V  [jvm.dll+0x835f9e]
V  [jvm.dll+0x836603]
V  [jvm.dll+0x247b5f]
V  [jvm.dll+0xac43c]
V  [jvm.dll+0xaca8c]
V  [jvm.dll+0x366c87]
V  [jvm.dll+0x1bd612]
V  [jvm.dll+0x21a359]
V  [jvm.dll+0x219621]
V  [jvm.dll+0x1a56cd]
V  [jvm.dll+0x2293ee]
V  [jvm.dll+0x2275bc]
V  [jvm.dll+0x7e95a7]
V  [jvm.dll+0x7e396a]
V  [jvm.dll+0x67ba35]
C  [ucrtbase.dll+0x29333]
C  [KERNEL32.DLL+0x1259d]
C  [ntdll.dll+0x5af38]


---------------  P R O C E S S  ---------------

Threads class SMR info:
_java_thread_list=0x000001b14e9cc2b0, length=28, elements={
0x000001b16678c730, 0x000001b107090260, 0x000001b1070910e0, 0x000001b1071b5e10,
0x000001b1071b67e0, 0x000001b1071b92b0, 0x000001b1071ba280, 0x000001b1071bb790,
0x000001b1071be1a0, 0x000001b1071bf1c0, 0x000001b1072c3980, 0x000001b1072c4dc0,
0x000001b1072c43a0, 0x000001b1072c52d0, 0x000001b1072c7130, 0x000001b1072c57e0,
0x000001b1072c5cf0, 0x000001b1072c6200, 0x000001b1072c6710, 0x000001b1072c3e90,
0x000001b1072c6c20, 0x000001b1072c48b0, 0x000001b14de3ac90, 0x000001b14de3bbc0,
0x000001b14de40cc0, 0x000001b14ed626d0, 0x000001b14f668cf0, 0x000001b14de3caf0
}

Java Threads: ( => current thread )
  0x000001b16678c730 JavaThread "main" [_thread_blocked, id=14764, stack(0x0000008069d00000,0x0000008069e00000)]
  0x000001b107090260 JavaThread "Reference Handler" daemon [_thread_blocked, id=10836, stack(0x000000806a400000,0x000000806a500000)]
  0x000001b1070910e0 JavaThread "Finalizer" daemon [_thread_blocked, id=16656, stack(0x000000806a500000,0x000000806a600000)]
  0x000001b1071b5e10 JavaThread "Signal Dispatcher" daemon [_thread_blocked, id=4844, stack(0x000000806a600000,0x000000806a700000)]
  0x000001b1071b67e0 JavaThread "Attach Listener" daemon [_thread_blocked, id=22252, stack(0x000000806a700000,0x000000806a800000)]
  0x000001b1071b92b0 JavaThread "Service Thread" daemon [_thread_blocked, id=25584, stack(0x000000806a800000,0x000000806a900000)]
  0x000001b1071ba280 JavaThread "Monitor Deflation Thread" daemon [_thread_blocked, id=23924, stack(0x000000806a900000,0x000000806aa00000)]
  0x000001b1071bb790 JavaThread "C2 CompilerThread0" daemon [_thread_in_native, id=7488, stack(0x000000806aa00000,0x000000806ab00000)]
  0x000001b1071be1a0 JavaThread "C1 CompilerThread0" daemon [_thread_blocked, id=24600, stack(0x000000806ab00000,0x000000806ac00000)]
  0x000001b1071bf1c0 JavaThread "Sweeper thread" daemon [_thread_blocked, id=12396, stack(0x000000806ac00000,0x000000806ad00000)]
  0x000001b1072c3980 JavaThread "Common-Cleaner" daemon [_thread_blocked, id=8828, stack(0x000000806ad00000,0x000000806ae00000)]
  0x000001b1072c4dc0 JavaThread "Notification Thread" daemon [_thread_blocked, id=1760, stack(0x000000806ae00000,0x000000806af00000)]
  0x000001b1072c43a0 JavaThread "Daemon health stats" [_thread_blocked, id=5092, stack(0x000000806b600000,0x000000806b700000)]
  0x000001b1072c52d0 JavaThread "Incoming local TCP Connector on port 4065" [_thread_in_native, id=5272, stack(0x000000806b000000,0x000000806b100000)]
  0x000001b1072c7130 JavaThread "Daemon periodic checks" [_thread_blocked, id=23232, stack(0x000000806b100000,0x000000806b200000)]
  0x000001b1072c57e0 JavaThread "Daemon" [_thread_blocked, id=21904, stack(0x000000806b800000,0x000000806b900000)]
  0x000001b1072c5cf0 JavaThread "Handler for socket connection from /127.0.0.1:4065 to /127.0.0.1:4066" [_thread_in_native, id=23244, stack(0x000000806b900000,0x000000806ba00000)]
  0x000001b1072c6200 JavaThread "Cancel handler" [_thread_blocked, id=20604, stack(0x000000806ba00000,0x000000806bb00000)]
  0x000001b1072c6710 JavaThread "Daemon worker" [_thread_in_vm, id=25224, stack(0x000000806bb00000,0x000000806bc00000)]
  0x000001b1072c3e90 JavaThread "Asynchronous log dispatcher for DefaultDaemonConnection: socket connection from /127.0.0.1:4065 to /127.0.0.1:4066" [_thread_blocked, id=25420, stack(0x000000806bc00000,0x000000806bd00000)]
  0x000001b1072c6c20 JavaThread "Stdin handler" [_thread_blocked, id=4076, stack(0x000000806bd00000,0x000000806be00000)]
  0x000001b1072c48b0 JavaThread "Daemon client event forwarder" [_thread_blocked, id=2448, stack(0x000000806be00000,0x000000806bf00000)]
  0x000001b14de3ac90 JavaThread "Cache worker for journal cache (C:\Users\busi4\.gradle\caches\journal-1)" [_thread_blocked, id=23564, stack(0x000000806bf00000,0x000000806c000000)]
  0x000001b14de3bbc0 JavaThread "File lock request listener" [_thread_in_native, id=7644, stack(0x000000806c000000,0x000000806c100000)]
  0x000001b14de40cc0 JavaThread "Cache worker for file hash cache (C:\Users\busi4\.gradle\caches\8.7\fileHashes)" [_thread_blocked, id=11832, stack(0x000000806b700000,0x000000806b800000)]
=>0x000001b14ed626d0 JavaThread "C2 CompilerThread1" daemon [_thread_in_native, id=25264, stack(0x000000806c100000,0x000000806c200000)]
  0x000001b14f668cf0 JavaThread "C2 CompilerThread2" daemon [_thread_in_native, id=6132, stack(0x000000806c700000,0x000000806c800000)]
  0x000001b14de3caf0 JavaThread "Cache worker for file hash cache (C:\Programming\Ui\.gradle\8.7\fileHashes)" [_thread_blocked, id=2312, stack(0x000000806c800000,0x000000806c900000)]

Other Threads:
  0x000001b10708d690 VMThread "VM Thread" [stack: 0x000000806a300000,0x000000806a400000] [id=4244]
  0x000001b16678d5b0 WatcherThread [stack: 0x000000806af00000,0x000000806b000000] [id=2408]
  0x000001b1667e7ec0 GCTaskThread "GC Thread#0" [stack: 0x0000008069e00000,0x0000008069f00000] [id=2936]
  0x000001b14d3420b0 GCTaskThread "GC Thread#1" [stack: 0x000000806b200000,0x000000806b300000] [id=24736]
  0x000001b14d325030 GCTaskThread "GC Thread#2" [stack: 0x000000806b300000,0x000000806b400000] [id=5612]
  0x000001b14d6558d0 GCTaskThread "GC Thread#3" [stack: 0x000000806b400000,0x000000806b500000] [id=16008]
  0x000001b14d715940 GCTaskThread "GC Thread#4" [stack: 0x000000806b500000,0x000000806b600000] [id=2412]
  0x000001b14ec68160 GCTaskThread "GC Thread#5" [stack: 0x000000806c200000,0x000000806c300000] [id=15588]
  0x000001b14ec67660 GCTaskThread "GC Thread#6" [stack: 0x000000806c300000,0x000000806c400000] [id=5356]
  0x000001b14ec686e0 GCTaskThread "GC Thread#7" [stack: 0x000000806c400000,0x000000806c500000] [id=16424]
  0x000001b14ec673a0 GCTaskThread "GC Thread#8" [stack: 0x000000806c500000,0x000000806c600000] [id=23516]
  0x000001b14ec67920 GCTaskThread "GC Thread#9" [stack: 0x000000806c600000,0x000000806c700000] [id=24152]
  0x000001b1667fae20 ConcurrentGCThread "G1 Main Marker" [stack: 0x0000008069f00000,0x000000806a000000] [id=15856]
  0x000001b1667fb840 ConcurrentGCThread "G1 Conc#0" [stack: 0x000000806a000000,0x000000806a100000] [id=3284]
  0x000001b106f32a00 ConcurrentGCThread "G1 Refine#0" [stack: 0x000000806a100000,0x000000806a200000] [id=24024]
  0x000001b106f33450 ConcurrentGCThread "G1 Service" [stack: 0x000000806a200000,0x000000806a300000] [id=3052]

Threads with active compile tasks:
C2 CompilerThread0     4564 2408       4       java.net.URLClassLoader$1::run (5 bytes)
C2 CompilerThread1     4564 2393   !   4       java.net.URLClassLoader::findClass (47 bytes)
C2 CompilerThread2     4564 2409   !   4       java.net.URLClassLoader$1::run (81 bytes)

VM state: not at safepoint (normal execution)

VM Mutex/Monitor currently owned by a thread: None

Heap address: 0x0000000080000000, size: 2048 MB, Compressed Oops mode: 32-bit

CDS archive(s) mapped at: [0x000001b108000000-0x000001b108ba0000-0x000001b108ba0000), size 12189696, SharedBaseAddress: 0x000001b108000000, ArchiveRelocationMode: 1.
Compressed class space mapped at: 0x000001b109000000-0x000001b149000000, reserved size: 1073741824
Narrow klass base: 0x000001b108000000, Narrow klass shift: 0, Narrow klass range: 0x100000000

GC Precious Log:
 CPUs: 12 total, 12 available
 Memory: 15741M
 Large Page Support: Disabled
 NUMA Support: Disabled
 Compressed Oops: Enabled (32-bit)
 Heap Region Size: 1M
 Heap Min Capacity: 8M
 Heap Initial Capacity: 246M
 Heap Max Capacity: 2G
 Pre-touch: Disabled
 Parallel Workers: 10
 Concurrent Workers: 3
 Concurrent Refinement Workers: 10
 Periodic GC: Disabled

Heap:
 garbage-first heap   total 251904K, used 44159K [0x0000000080000000, 0x0000000100000000)
  region size 1024K, 34 young (34816K), 11 survivors (11264K)
 Metaspace       used 20486K, committed 20800K, reserved 1114112K
  class space    used 2990K, committed 3136K, reserved 1048576K

Heap Regions: E=young(eden), S=young(survivor), O=old, HS=humongous(starts), HC=humongous(continues), CS=collection set, F=free, OA=open archive, CA=closed archive, TAMS=top-at-mark-start (previous, next)
|   0|0x0000000080000000, 0x0000000080100000, 0x0000000080100000|100%|HS|  |TAMS 0x0000000080000000, 0x0000000080000000| Complete 
|   1|0x0000000080100000, 0x0000000080200000, 0x0000000080200000|100%|HC|  |TAMS 0x0000000080100000, 0x0000000080100000| Complete 
|   2|0x0000000080200000, 0x0000000080300000, 0x0000000080300000|100%|HC|  |TAMS 0x0000000080200000, 0x0000000080200000| Complete 
|   3|0x0000000080300000, 0x0000000080400000, 0x0000000080400000|100%|HC|  |TAMS 0x0000000080300000, 0x0000000080300000| Complete 
|   4|0x0000000080400000, 0x0000000080500000, 0x0000000080500000|100%| O|  |TAMS 0x0000000080400000, 0x0000000080400000| Untracked 
|   5|0x0000000080500000, 0x0000000080600000, 0x0000000080600000|100%| O|  |TAMS 0x0000000080500000, 0x0000000080500000| Untracked 
|   6|0x0000000080600000, 0x0000000080700000, 0x0000000080700000|100%| O|  |TAMS 0x0000000080600000, 0x0000000080600000| Untracked 
|   7|0x0000000080700000, 0x0000000080800000, 0x0000000080800000|100%| O|  |TAMS 0x0000000080700000, 0x0000000080700000| Untracked 
|   8|0x0000000080800000, 0x0000000080900000, 0x0000000080900000|100%| O|  |TAMS 0x0000000080800000, 0x0000000080800000| Untracked 
|   9|0x0000000080900000, 0x0000000080a00000, 0x0000000080a00000|100%| O|  |TAMS 0x0000000080900000, 0x0000000080900000| Untracked 
|  10|0x0000000080a00000, 0x0000000080a9f400, 0x0000000080b00000| 62%| O|  |TAMS 0x0000000080a00000, 0x0000000080a00000| Untracked 
|  11|0x0000000080b00000, 0x0000000080b00000, 0x0000000080c00000|  0%| F|  |TAMS 0x0000000080b00000, 0x0000000080b00000| Untracked 
|  12|0x0000000080c00000, 0x0000000080c00000, 0x0000000080d00000|  0%| F|  |TAMS 0x0000000080c00000, 0x0000000080c00000| Untracked 
|  13|0x0000000080d00000, 0x0000000080d00000, 0x0000000080e00000|  0%| F|  |TAMS 0x0000000080d00000, 0x0000000080d00000| Untracked 
|  14|0x0000000080e00000, 0x0000000080e00000, 0x0000000080f00000|  0%| F|  |TAMS 0x0000000080e00000, 0x0000000080e00000| Untracked 
|  15|0x0000000080f00000, 0x0000000080f00000, 0x0000000081000000|  0%| F|  |TAMS 0x0000000080f00000, 0x0000000080f00000| Untracked 
|  16|0x0000000081000000, 0x0000000081000000, 0x0000000081100000|  0%| F|  |TAMS 0x0000000081000000, 0x0000000081000000| Untracked 
|  17|0x0000000081100000, 0x0000000081100000, 0x0000000081200000|  0%| F|  |TAMS 0x0000000081100000, 0x0000000081100000| Untracked 
|  18|0x0000000081200000, 0x0000000081200000, 0x0000000081300000|  0%| F|  |TAMS 0x0000000081200000, 0x0000000081200000| Untracked 
|  19|0x0000000081300000, 0x0000000081300000, 0x0000000081400000|  0%| F|  |TAMS 0x0000000081300000, 0x0000000081300000| Untracked 
|  20|0x0000000081400000, 0x0000000081400000, 0x0000000081500000|  0%| F|  |TAMS 0x0000000081400000, 0x0000000081400000| Untracked 
|  21|0x0000000081500000, 0x0000000081500000, 0x0000000081600000|  0%| F|  |TAMS 0x0000000081500000, 0x0000000081500000| Untracked 
|  22|0x0000000081600000, 0x0000000081600000, 0x0000000081700000|  0%| F|  |TAMS 0x0000000081600000, 0x0000000081600000| Untracked 
|  23|0x0000000081700000, 0x0000000081700000, 0x0000000081800000|  0%| F|  |TAMS 0x0000000081700000, 0x0000000081700000| Untracked 
|  24|0x0000000081800000, 0x0000000081800000, 0x0000000081900000|  0%| F|  |TAMS 0x0000000081800000, 0x0000000081800000| Untracked 
|  25|0x0000000081900000, 0x0000000081900000, 0x0000000081a00000|  0%| F|  |TAMS 0x0000000081900000, 0x0000000081900000| Untracked 
|  26|0x0000000081a00000, 0x0000000081a00000, 0x0000000081b00000|  0%| F|  |TAMS 0x0000000081a00000, 0x0000000081a00000| Untracked 
|  27|0x0000000081b00000, 0x0000000081b00000, 0x0000000081c00000|  0%| F|  |TAMS 0x0000000081b00000, 0x0000000081b00000| Untracked 
|  28|0x0000000081c00000, 0x0000000081c00000, 0x0000000081d00000|  0%| F|  |TAMS 0x0000000081c00000, 0x0000000081c00000| Untracked 
|  29|0x0000000081d00000, 0x0000000081d00000, 0x0000000081e00000|  0%| F|  |TAMS 0x0000000081d00000, 0x0000000081d00000| Untracked 
|  30|0x0000000081e00000, 0x0000000081e00000, 0x0000000081f00000|  0%| F|  |TAMS 0x0000000081e00000, 0x0000000081e00000| Untracked 
|  31|0x0000000081f00000, 0x0000000081f00000, 0x0000000082000000|  0%| F|  |TAMS 0x0000000081f00000, 0x0000000081f00000| Untracked 
|  32|0x0000000082000000, 0x0000000082000000, 0x0000000082100000|  0%| F|  |TAMS 0x0000000082000000, 0x0000000082000000| Untracked 
|  33|0x0000000082100000, 0x0000000082100000, 0x0000000082200000|  0%| F|  |TAMS 0x0000000082100000, 0x0000000082100000| Untracked 
|  34|0x0000000082200000, 0x0000000082200000, 0x0000000082300000|  0%| F|  |TAMS 0x0000000082200000, 0x0000000082200000| Untracked 
|  35|0x0000000082300000, 0x0000000082300000, 0x0000000082400000|  0%| F|  |TAMS 0x0000000082300000, 0x0000000082300000| Untracked 
|  36|0x0000000082400000, 0x0000000082400000, 0x0000000082500000|  0%| F|  |TAMS 0x0000000082400000, 0x0000000082400000| Untracked 
|  37|0x0000000082500000, 0x0000000082500000, 0x0000000082600000|  0%| F|  |TAMS 0x0000000082500000, 0x0000000082500000| Untracked 
|  38|0x0000000082600000, 0x0000000082600000, 0x0000000082700000|  0%| F|  |TAMS 0x0000000082600000, 0x0000000082600000| Untracked 
|  39|0x0000000082700000, 0x0000000082700000, 0x0000000082800000|  0%| F|  |TAMS 0x0000000082700000, 0x0000000082700000| Untracked 
|  40|0x0000000082800000, 0x0000000082800000, 0x0000000082900000|  0%| F|  |TAMS 0x0000000082800000, 0x0000000082800000| Untracked 
|  41|0x0000000082900000, 0x0000000082900000, 0x0000000082a00000|  0%| F|  |TAMS 0x0000000082900000, 0x0000000082900000| Untracked 
|  42|0x0000000082a00000, 0x0000000082a00000, 0x0000000082b00000|  0%| F|  |TAMS 0x0000000082a00000, 0x0000000082a00000| Untracked 
|  43|0x0000000082b00000, 0x0000000082b00000, 0x0000000082c00000|  0%| F|  |TAMS 0x0000000082b00000, 0x0000000082b00000| Untracked 
|  44|0x0000000082c00000, 0x0000000082c00000, 0x0000000082d00000|  0%| F|  |TAMS 0x0000000082c00000, 0x0000000082c00000| Untracked 
|  45|0x0000000082d00000, 0x0000000082d00000, 0x0000000082e00000|  0%| F|  |TAMS 0x0000000082d00000, 0x0000000082d00000| Untracked 
|  46|0x0000000082e00000, 0x0000000082e00000, 0x0000000082f00000|  0%| F|  |TAMS 0x0000000082e00000, 0x0000000082e00000| Untracked 
|  47|0x0000000082f00000, 0x0000000082f00000, 0x0000000083000000|  0%| F|  |TAMS 0x0000000082f00000, 0x0000000082f00000| Untracked 
|  48|0x0000000083000000, 0x0000000083000000, 0x0000000083100000|  0%| F|  |TAMS 0x0000000083000000, 0x0000000083000000| Untracked 
|  49|0x0000000083100000, 0x0000000083100000, 0x0000000083200000|  0%| F|  |TAMS 0x0000000083100000, 0x0000000083100000| Untracked 
|  50|0x0000000083200000, 0x0000000083200000, 0x0000000083300000|  0%| F|  |TAMS 0x0000000083200000, 0x0000000083200000| Untracked 
|  51|0x0000000083300000, 0x0000000083300000, 0x0000000083400000|  0%| F|  |TAMS 0x0000000083300000, 0x0000000083300000| Untracked 
|  52|0x0000000083400000, 0x0000000083400000, 0x0000000083500000|  0%| F|  |TAMS 0x0000000083400000, 0x0000000083400000| Untracked 
|  53|0x0000000083500000, 0x0000000083500000, 0x0000000083600000|  0%| F|  |TAMS 0x0000000083500000, 0x0000000083500000| Untracked 
|  54|0x0000000083600000, 0x0000000083600000, 0x0000000083700000|  0%| F|  |TAMS 0x0000000083600000, 0x0000000083600000| Untracked 
|  55|0x0000000083700000, 0x0000000083700000, 0x0000000083800000|  0%| F|  |TAMS 0x0000000083700000, 0x0000000083700000| Untracked 
|  56|0x0000000083800000, 0x0000000083800000, 0x0000000083900000|  0%| F|  |TAMS 0x0000000083800000, 0x0000000083800000| Untracked 
|  57|0x0000000083900000, 0x0000000083900000, 0x0000000083a00000|  0%| F|  |TAMS 0x0000000083900000, 0x0000000083900000| Untracked 
|  58|0x0000000083a00000, 0x0000000083a00000, 0x0000000083b00000|  0%| F|  |TAMS 0x0000000083a00000, 0x0000000083a00000| Untracked 
|  59|0x0000000083b00000, 0x0000000083b00000, 0x0000000083c00000|  0%| F|  |TAMS 0x0000000083b00000, 0x0000000083b00000| Untracked 
|  60|0x0000000083c00000, 0x0000000083c00000, 0x0000000083d00000|  0%| F|  |TAMS 0x0000000083c00000, 0x0000000083c00000| Untracked 
|  61|0x0000000083d00000, 0x0000000083d00000, 0x0000000083e00000|  0%| F|  |TAMS 0x0000000083d00000, 0x0000000083d00000| Untracked 
|  62|0x0000000083e00000, 0x0000000083e00000, 0x0000000083f00000|  0%| F|  |TAMS 0x0000000083e00000, 0x0000000083e00000| Untracked 
|  63|0x0000000083f00000, 0x0000000083f00000, 0x0000000084000000|  0%| F|  |TAMS 0x0000000083f00000, 0x0000000083f00000| Untracked 
|  64|0x0000000084000000, 0x0000000084000000, 0x0000000084100000|  0%| F|  |TAMS 0x0000000084000000, 0x0000000084000000| Untracked 
|  65|0x0000000084100000, 0x0000000084100000, 0x0000000084200000|  0%| F|  |TAMS 0x0000000084100000, 0x0000000084100000| Untracked 
|  66|0x0000000084200000, 0x0000000084200000, 0x0000000084300000|  0%| F|  |TAMS 0x0000000084200000, 0x0000000084200000| Untracked 
|  67|0x0000000084300000, 0x0000000084300000, 0x0000000084400000|  0%| F|  |TAMS 0x0000000084300000, 0x0000000084300000| Untracked 
|  68|0x0000000084400000, 0x0000000084400000, 0x0000000084500000|  0%| F|  |TAMS 0x0000000084400000, 0x0000000084400000| Untracked 
|  69|0x0000000084500000, 0x0000000084500000, 0x0000000084600000|  0%| F|  |TAMS 0x0000000084500000, 0x0000000084500000| Untracked 
|  70|0x0000000084600000, 0x0000000084600000, 0x0000000084700000|  0%| F|  |TAMS 0x0000000084600000, 0x0000000084600000| Untracked 
|  71|0x0000000084700000, 0x0000000084700000, 0x0000000084800000|  0%| F|  |TAMS 0x0000000084700000, 0x0000000084700000| Untracked 
|  72|0x0000000084800000, 0x0000000084800000, 0x0000000084900000|  0%| F|  |TAMS 0x0000000084800000, 0x0000000084800000| Untracked 
|  73|0x0000000084900000, 0x0000000084900000, 0x0000000084a00000|  0%| F|  |TAMS 0x0000000084900000, 0x0000000084900000| Untracked 
|  74|0x0000000084a00000, 0x0000000084a00000, 0x0000000084b00000|  0%| F|  |TAMS 0x0000000084a00000, 0x0000000084a00000| Untracked 
|  75|0x0000000084b00000, 0x0000000084b00000, 0x0000000084c00000|  0%| F|  |TAMS 0x0000000084b00000, 0x0000000084b00000| Untracked 
|  76|0x0000000084c00000, 0x0000000084c00000, 0x0000000084d00000|  0%| F|  |TAMS 0x0000000084c00000, 0x0000000084c00000| Untracked 
|  77|0x0000000084d00000, 0x0000000084d00000, 0x0000000084e00000|  0%| F|  |TAMS 0x0000000084d00000, 0x0000000084d00000| Untracked 
|  78|0x0000000084e00000, 0x0000000084e00000, 0x0000000084f00000|  0%| F|  |TAMS 0x0000000084e00000, 0x0000000084e00000| Untracked 
|  79|0x0000000084f00000, 0x0000000084f00000, 0x0000000085000000|  0%| F|  |TAMS 0x0000000084f00000, 0x0000000084f00000| Untracked 
|  80|0x0000000085000000, 0x0000000085000000, 0x0000000085100000|  0%| F|  |TAMS 0x0000000085000000, 0x0000000085000000| Untracked 
|  81|0x0000000085100000, 0x0000000085100000, 0x0000000085200000|  0%| F|  |TAMS 0x0000000085100000, 0x0000000085100000| Untracked 
|  82|0x0000000085200000, 0x0000000085200000, 0x0000000085300000|  0%| F|  |TAMS 0x0000000085200000, 0x0000000085200000| Untracked 
|  83|0x0000000085300000, 0x0000000085300000, 0x0000000085400000|  0%| F|  |TAMS 0x0000000085300000, 0x0000000085300000| Untracked 
|  84|0x0000000085400000, 0x0000000085400000, 0x0000000085500000|  0%| F|  |TAMS 0x0000000085400000, 0x0000000085400000| Untracked 
|  85|0x0000000085500000, 0x0000000085500000, 0x0000000085600000|  0%| F|  |TAMS 0x0000000085500000, 0x0000000085500000| Untracked 
|  86|0x0000000085600000, 0x0000000085600000, 0x0000000085700000|  0%| F|  |TAMS 0x0000000085600000, 0x0000000085600000| Untracked 
|  87|0x0000000085700000, 0x0000000085700000, 0x0000000085800000|  0%| F|  |TAMS 0x0000000085700000, 0x0000000085700000| Untracked 
|  88|0x0000000085800000, 0x0000000085800000, 0x0000000085900000|  0%| F|  |TAMS 0x0000000085800000, 0x0000000085800000| Untracked 
|  89|0x0000000085900000, 0x0000000085900000, 0x0000000085a00000|  0%| F|  |TAMS 0x0000000085900000, 0x0000000085900000| Untracked 
|  90|0x0000000085a00000, 0x0000000085a00000, 0x0000000085b00000|  0%| F|  |TAMS 0x0000000085a00000, 0x0000000085a00000| Untracked 
|  91|0x0000000085b00000, 0x0000000085b00000, 0x0000000085c00000|  0%| F|  |TAMS 0x0000000085b00000, 0x0000000085b00000| Untracked 
|  92|0x0000000085c00000, 0x0000000085c00000, 0x0000000085d00000|  0%| F|  |TAMS 0x0000000085c00000, 0x0000000085c00000| Untracked 
|  93|0x0000000085d00000, 0x0000000085d00000, 0x0000000085e00000|  0%| F|  |TAMS 0x0000000085d00000, 0x0000000085d00000| Untracked 
|  94|0x0000000085e00000, 0x0000000085e00000, 0x0000000085f00000|  0%| F|  |TAMS 0x0000000085e00000, 0x0000000085e00000| Untracked 
|  95|0x0000000085f00000, 0x0000000085f00000, 0x0000000086000000|  0%| F|  |TAMS 0x0000000085f00000, 0x0000000085f00000| Untracked 
|  96|0x0000000086000000, 0x0000000086000000, 0x0000000086100000|  0%| F|  |TAMS 0x0000000086000000, 0x0000000086000000| Untracked 
|  97|0x0000000086100000, 0x0000000086100000, 0x0000000086200000|  0%| F|  |TAMS 0x0000000086100000, 0x0000000086100000| Untracked 
|  98|0x0000000086200000, 0x0000000086200000, 0x0000000086300000|  0%| F|  |TAMS 0x0000000086200000, 0x0000000086200000| Untracked 
|  99|0x0000000086300000, 0x0000000086300000, 0x0000000086400000|  0%| F|  |TAMS 0x0000000086300000, 0x0000000086300000| Untracked 
| 100|0x0000000086400000, 0x0000000086400000, 0x0000000086500000|  0%| F|  |TAMS 0x0000000086400000, 0x0000000086400000| Untracked 
| 101|0x0000000086500000, 0x0000000086500000, 0x0000000086600000|  0%| F|  |TAMS 0x0000000086500000, 0x0000000086500000| Untracked 
| 102|0x0000000086600000, 0x0000000086600000, 0x0000000086700000|  0%| F|  |TAMS 0x0000000086600000, 0x0000000086600000| Untracked 
| 103|0x0000000086700000, 0x0000000086700000, 0x0000000086800000|  0%| F|  |TAMS 0x0000000086700000, 0x0000000086700000| Untracked 
| 104|0x0000000086800000, 0x0000000086800000, 0x0000000086900000|  0%| F|  |TAMS 0x0000000086800000, 0x0000000086800000| Untracked 
| 105|0x0000000086900000, 0x0000000086900000, 0x0000000086a00000|  0%| F|  |TAMS 0x0000000086900000, 0x0000000086900000| Untracked 
| 106|0x0000000086a00000, 0x0000000086a00000, 0x0000000086b00000|  0%| F|  |TAMS 0x0000000086a00000, 0x0000000086a00000| Untracked 
| 107|0x0000000086b00000, 0x0000000086b00000, 0x0000000086c00000|  0%| F|  |TAMS 0x0000000086b00000, 0x0000000086b00000| Untracked 
| 108|0x0000000086c00000, 0x0000000086c00000, 0x0000000086d00000|  0%| F|  |TAMS 0x0000000086c00000, 0x0000000086c00000| Untracked 
| 109|0x0000000086d00000, 0x0000000086d00000, 0x0000000086e00000|  0%| F|  |TAMS 0x0000000086d00000, 0x0000000086d00000| Untracked 
| 110|0x0000000086e00000, 0x0000000086e00000, 0x0000000086f00000|  0%| F|  |TAMS 0x0000000086e00000, 0x0000000086e00000| Untracked 
| 111|0x0000000086f00000, 0x0000000086f00000, 0x0000000087000000|  0%| F|  |TAMS 0x0000000086f00000, 0x0000000086f00000| Untracked 
| 112|0x0000000087000000, 0x0000000087000000, 0x0000000087100000|  0%| F|  |TAMS 0x0000000087000000, 0x0000000087000000| Untracked 
| 113|0x0000000087100000, 0x0000000087100000, 0x0000000087200000|  0%| F|  |TAMS 0x0000000087100000, 0x0000000087100000| Untracked 
| 114|0x0000000087200000, 0x0000000087200000, 0x0000000087300000|  0%| F|  |TAMS 0x0000000087200000, 0x0000000087200000| Untracked 
| 115|0x0000000087300000, 0x0000000087300000, 0x0000000087400000|  0%| F|  |TAMS 0x0000000087300000, 0x0000000087300000| Untracked 
| 116|0x0000000087400000, 0x0000000087400000, 0x0000000087500000|  0%| F|  |TAMS 0x0000000087400000, 0x0000000087400000| Untracked 
| 117|0x0000000087500000, 0x0000000087500000, 0x0000000087600000|  0%| F|  |TAMS 0x0000000087500000, 0x0000000087500000| Untracked 
| 118|0x0000000087600000, 0x0000000087600000, 0x0000000087700000|  0%| F|  |TAMS 0x0000000087600000, 0x0000000087600000| Untracked 
| 119|0x0000000087700000, 0x0000000087700000, 0x0000000087800000|  0%| F|  |TAMS 0x0000000087700000, 0x0000000087700000| Untracked 
| 120|0x0000000087800000, 0x0000000087800000, 0x0000000087900000|  0%| F|  |TAMS 0x0000000087800000, 0x0000000087800000| Untracked 
| 121|0x0000000087900000, 0x0000000087900000, 0x0000000087a00000|  0%| F|  |TAMS 0x0000000087900000, 0x0000000087900000| Untracked 
| 122|0x0000000087a00000, 0x0000000087a00000, 0x0000000087b00000|  0%| F|  |TAMS 0x0000000087a00000, 0x0000000087a00000| Untracked 
| 123|0x0000000087b00000, 0x0000000087b00000, 0x0000000087c00000|  0%| F|  |TAMS 0x0000000087b00000, 0x0000000087b00000| Untracked 
| 124|0x0000000087c00000, 0x0000000087c00000, 0x0000000087d00000|  0%| F|  |TAMS 0x0000000087c00000, 0x0000000087c00000| Untracked 
| 125|0x0000000087d00000, 0x0000000087d00000, 0x0000000087e00000|  0%| F|  |TAMS 0x0000000087d00000, 0x0000000087d00000| Untracked 
| 126|0x0000000087e00000, 0x0000000087e00000, 0x0000000087f00000|  0%| F|  |TAMS 0x0000000087e00000, 0x0000000087e00000| Untracked 
| 127|0x0000000087f00000, 0x0000000087f00000, 0x0000000088000000|  0%| F|  |TAMS 0x0000000087f00000, 0x0000000087f00000| Untracked 
| 128|0x0000000088000000, 0x0000000088000000, 0x0000000088100000|  0%| F|  |TAMS 0x0000000088000000, 0x0000000088000000| Untracked 
| 129|0x0000000088100000, 0x0000000088100000, 0x0000000088200000|  0%| F|  |TAMS 0x0000000088100000, 0x0000000088100000| Untracked 
| 130|0x0000000088200000, 0x0000000088200000, 0x0000000088300000|  0%| F|  |TAMS 0x0000000088200000, 0x0000000088200000| Untracked 
| 131|0x0000000088300000, 0x0000000088300000, 0x0000000088400000|  0%| F|  |TAMS 0x0000000088300000, 0x0000000088300000| Untracked 
| 132|0x0000000088400000, 0x0000000088400000, 0x0000000088500000|  0%| F|  |TAMS 0x0000000088400000, 0x0000000088400000| Untracked 
| 133|0x0000000088500000, 0x0000000088500000, 0x0000000088600000|  0%| F|  |TAMS 0x0000000088500000, 0x0000000088500000| Untracked 
| 134|0x0000000088600000, 0x0000000088600000, 0x0000000088700000|  0%| F|  |TAMS 0x0000000088600000, 0x0000000088600000| Untracked 
| 135|0x0000000088700000, 0x0000000088700000, 0x0000000088800000|  0%| F|  |TAMS 0x0000000088700000, 0x0000000088700000| Untracked 
| 136|0x0000000088800000, 0x0000000088800000, 0x0000000088900000|  0%| F|  |TAMS 0x0000000088800000, 0x0000000088800000| Untracked 
| 137|0x0000000088900000, 0x0000000088900000, 0x0000000088a00000|  0%| F|  |TAMS 0x0000000088900000, 0x0000000088900000| Untracked 
| 138|0x0000000088a00000, 0x0000000088a00000, 0x0000000088b00000|  0%| F|  |TAMS 0x0000000088a00000, 0x0000000088a00000| Untracked 
| 139|0x0000000088b00000, 0x0000000088b00000, 0x0000000088c00000|  0%| F|  |TAMS 0x0000000088b00000, 0x0000000088b00000| Untracked 
| 140|0x0000000088c00000, 0x0000000088c00000, 0x0000000088d00000|  0%| F|  |TAMS 0x0000000088c00000, 0x0000000088c00000| Untracked 
| 141|0x0000000088d00000, 0x0000000088d00000, 0x0000000088e00000|  0%| F|  |TAMS 0x0000000088d00000, 0x0000000088d00000| Untracked 
| 142|0x0000000088e00000, 0x0000000088e00000, 0x0000000088f00000|  0%| F|  |TAMS 0x0000000088e00000, 0x0000000088e00000| Untracked 
| 143|0x0000000088f00000, 0x0000000088f00000, 0x0000000089000000|  0%| F|  |TAMS 0x0000000088f00000, 0x0000000088f00000| Untracked 
| 144|0x0000000089000000, 0x0000000089000000, 0x0000000089100000|  0%| F|  |TAMS 0x0000000089000000, 0x0000000089000000| Untracked 
| 145|0x0000000089100000, 0x0000000089100000, 0x0000000089200000|  0%| F|  |TAMS 0x0000000089100000, 0x0000000089100000| Untracked 
| 146|0x0000000089200000, 0x00000000892809b0, 0x0000000089300000| 50%| S|CS|TAMS 0x0000000089200000, 0x0000000089200000| Complete 
| 147|0x0000000089300000, 0x0000000089400000, 0x0000000089400000|100%| S|CS|TAMS 0x0000000089300000, 0x0000000089300000| Complete 
| 148|0x0000000089400000, 0x0000000089500000, 0x0000000089500000|100%| S|CS|TAMS 0x0000000089400000, 0x0000000089400000| Complete 
| 149|0x0000000089500000, 0x0000000089600000, 0x0000000089600000|100%| S|CS|TAMS 0x0000000089500000, 0x0000000089500000| Complete 
| 150|0x0000000089600000, 0x0000000089700000, 0x0000000089700000|100%| S|CS|TAMS 0x0000000089600000, 0x0000000089600000| Complete 
| 151|0x0000000089700000, 0x0000000089800000, 0x0000000089800000|100%| S|CS|TAMS 0x0000000089700000, 0x0000000089700000| Complete 
| 152|0x0000000089800000, 0x0000000089900000, 0x0000000089900000|100%| S|CS|TAMS 0x0000000089800000, 0x0000000089800000| Complete 
| 153|0x0000000089900000, 0x0000000089a00000, 0x0000000089a00000|100%| S|CS|TAMS 0x0000000089900000, 0x0000000089900000| Complete 
| 154|0x0000000089a00000, 0x0000000089b00000, 0x0000000089b00000|100%| S|CS|TAMS 0x0000000089a00000, 0x0000000089a00000| Complete 
| 155|0x0000000089b00000, 0x0000000089c00000, 0x0000000089c00000|100%| S|CS|TAMS 0x0000000089b00000, 0x0000000089b00000| Complete 
| 156|0x0000000089c00000, 0x0000000089d00000, 0x0000000089d00000|100%| S|CS|TAMS 0x0000000089c00000, 0x0000000089c00000| Complete 
| 157|0x0000000089d00000, 0x0000000089d00000, 0x0000000089e00000|  0%| F|  |TAMS 0x0000000089d00000, 0x0000000089d00000| Untracked 
| 158|0x0000000089e00000, 0x0000000089e00000, 0x0000000089f00000|  0%| F|  |TAMS 0x0000000089e00000, 0x0000000089e00000| Untracked 
| 159|0x0000000089f00000, 0x0000000089f00000, 0x000000008a000000|  0%| F|  |TAMS 0x0000000089f00000, 0x0000000089f00000| Untracked 
| 160|0x000000008a000000, 0x000000008a000000, 0x000000008a100000|  0%| F|  |TAMS 0x000000008a000000, 0x000000008a000000| Untracked 
| 161|0x000000008a100000, 0x000000008a100000, 0x000000008a200000|  0%| F|  |TAMS 0x000000008a100000, 0x000000008a100000| Untracked 
| 162|0x000000008a200000, 0x000000008a200000, 0x000000008a300000|  0%| F|  |TAMS 0x000000008a200000, 0x000000008a200000| Untracked 
| 163|0x000000008a300000, 0x000000008a300000, 0x000000008a400000|  0%| F|  |TAMS 0x000000008a300000, 0x000000008a300000| Untracked 
| 164|0x000000008a400000, 0x000000008a400000, 0x000000008a500000|  0%| F|  |TAMS 0x000000008a400000, 0x000000008a400000| Untracked 
| 165|0x000000008a500000, 0x000000008a500000, 0x000000008a600000|  0%| F|  |TAMS 0x000000008a500000, 0x000000008a500000| Untracked 
| 166|0x000000008a600000, 0x000000008a600000, 0x000000008a700000|  0%| F|  |TAMS 0x000000008a600000, 0x000000008a600000| Untracked 
| 167|0x000000008a700000, 0x000000008a700000, 0x000000008a800000|  0%| F|  |TAMS 0x000000008a700000, 0x000000008a700000| Untracked 
| 168|0x000000008a800000, 0x000000008a800000, 0x000000008a900000|  0%| F|  |TAMS 0x000000008a800000, 0x000000008a800000| Untracked 
| 169|0x000000008a900000, 0x000000008a900000, 0x000000008aa00000|  0%| F|  |TAMS 0x000000008a900000, 0x000000008a900000| Untracked 
| 170|0x000000008aa00000, 0x000000008aa00000, 0x000000008ab00000|  0%| F|  |TAMS 0x000000008aa00000, 0x000000008aa00000| Untracked 
| 171|0x000000008ab00000, 0x000000008ab00000, 0x000000008ac00000|  0%| F|  |TAMS 0x000000008ab00000, 0x000000008ab00000| Untracked 
| 172|0x000000008ac00000, 0x000000008ac00000, 0x000000008ad00000|  0%| F|  |TAMS 0x000000008ac00000, 0x000000008ac00000| Untracked 
| 173|0x000000008ad00000, 0x000000008ad00000, 0x000000008ae00000|  0%| F|  |TAMS 0x000000008ad00000, 0x000000008ad00000| Untracked 
| 174|0x000000008ae00000, 0x000000008ae00000, 0x000000008af00000|  0%| F|  |TAMS 0x000000008ae00000, 0x000000008ae00000| Untracked 
| 175|0x000000008af00000, 0x000000008af00000, 0x000000008b000000|  0%| F|  |TAMS 0x000000008af00000, 0x000000008af00000| Untracked 
| 176|0x000000008b000000, 0x000000008b000000, 0x000000008b100000|  0%| F|  |TAMS 0x000000008b000000, 0x000000008b000000| Untracked 
| 177|0x000000008b100000, 0x000000008b100000, 0x000000008b200000|  0%| F|  |TAMS 0x000000008b100000, 0x000000008b100000| Untracked 
| 178|0x000000008b200000, 0x000000008b200000, 0x000000008b300000|  0%| F|  |TAMS 0x000000008b200000, 0x000000008b200000| Untracked 
| 179|0x000000008b300000, 0x000000008b300000, 0x000000008b400000|  0%| F|  |TAMS 0x000000008b300000, 0x000000008b300000| Untracked 
| 180|0x000000008b400000, 0x000000008b400000, 0x000000008b500000|  0%| F|  |TAMS 0x000000008b400000, 0x000000008b400000| Untracked 
| 181|0x000000008b500000, 0x000000008b500000, 0x000000008b600000|  0%| F|  |TAMS 0x000000008b500000, 0x000000008b500000| Untracked 
| 182|0x000000008b600000, 0x000000008b600000, 0x000000008b700000|  0%| F|  |TAMS 0x000000008b600000, 0x000000008b600000| Untracked 
| 183|0x000000008b700000, 0x000000008b700000, 0x000000008b800000|  0%| F|  |TAMS 0x000000008b700000, 0x000000008b700000| Untracked 
| 184|0x000000008b800000, 0x000000008b800000, 0x000000008b900000|  0%| F|  |TAMS 0x000000008b800000, 0x000000008b800000| Untracked 
| 185|0x000000008b900000, 0x000000008b900000, 0x000000008ba00000|  0%| F|  |TAMS 0x000000008b900000, 0x000000008b900000| Untracked 
| 186|0x000000008ba00000, 0x000000008ba00000, 0x000000008bb00000|  0%| F|  |TAMS 0x000000008ba00000, 0x000000008ba00000| Untracked 
| 187|0x000000008bb00000, 0x000000008bb00000, 0x000000008bc00000|  0%| F|  |TAMS 0x000000008bb00000, 0x000000008bb00000| Untracked 
| 188|0x000000008bc00000, 0x000000008bc00000, 0x000000008bd00000|  0%| F|  |TAMS 0x000000008bc00000, 0x000000008bc00000| Untracked 
| 189|0x000000008bd00000, 0x000000008bd00000, 0x000000008be00000|  0%| F|  |TAMS 0x000000008bd00000, 0x000000008bd00000| Untracked 
| 190|0x000000008be00000, 0x000000008be00000, 0x000000008bf00000|  0%| F|  |TAMS 0x000000008be00000, 0x000000008be00000| Untracked 
| 191|0x000000008bf00000, 0x000000008bf00000, 0x000000008c000000|  0%| F|  |TAMS 0x000000008bf00000, 0x000000008bf00000| Untracked 
| 192|0x000000008c000000, 0x000000008c000000, 0x000000008c100000|  0%| F|  |TAMS 0x000000008c000000, 0x000000008c000000| Untracked 
| 193|0x000000008c100000, 0x000000008c100000, 0x000000008c200000|  0%| F|  |TAMS 0x000000008c100000, 0x000000008c100000| Untracked 
| 194|0x000000008c200000, 0x000000008c200000, 0x000000008c300000|  0%| F|  |TAMS 0x000000008c200000, 0x000000008c200000| Untracked 
| 195|0x000000008c300000, 0x000000008c300000, 0x000000008c400000|  0%| F|  |TAMS 0x000000008c300000, 0x000000008c300000| Untracked 
| 196|0x000000008c400000, 0x000000008c400000, 0x000000008c500000|  0%| F|  |TAMS 0x000000008c400000, 0x000000008c400000| Untracked 
| 197|0x000000008c500000, 0x000000008c500000, 0x000000008c600000|  0%| F|  |TAMS 0x000000008c500000, 0x000000008c500000| Untracked 
| 198|0x000000008c600000, 0x000000008c600000, 0x000000008c700000|  0%| F|  |TAMS 0x000000008c600000, 0x000000008c600000| Untracked 
| 199|0x000000008c700000, 0x000000008c700000, 0x000000008c800000|  0%| F|  |TAMS 0x000000008c700000, 0x000000008c700000| Untracked 
| 200|0x000000008c800000, 0x000000008c800000, 0x000000008c900000|  0%| F|  |TAMS 0x000000008c800000, 0x000000008c800000| Untracked 
| 201|0x000000008c900000, 0x000000008c900000, 0x000000008ca00000|  0%| F|  |TAMS 0x000000008c900000, 0x000000008c900000| Untracked 
| 202|0x000000008ca00000, 0x000000008ca00000, 0x000000008cb00000|  0%| F|  |TAMS 0x000000008ca00000, 0x000000008ca00000| Untracked 
| 203|0x000000008cb00000, 0x000000008cb00000, 0x000000008cc00000|  0%| F|  |TAMS 0x000000008cb00000, 0x000000008cb00000| Untracked 
| 204|0x000000008cc00000, 0x000000008cc00000, 0x000000008cd00000|  0%| F|  |TAMS 0x000000008cc00000, 0x000000008cc00000| Untracked 
| 205|0x000000008cd00000, 0x000000008cd00000, 0x000000008ce00000|  0%| F|  |TAMS 0x000000008cd00000, 0x000000008cd00000| Untracked 
| 206|0x000000008ce00000, 0x000000008ce00000, 0x000000008cf00000|  0%| F|  |TAMS 0x000000008ce00000, 0x000000008ce00000| Untracked 
| 207|0x000000008cf00000, 0x000000008cf00000, 0x000000008d000000|  0%| F|  |TAMS 0x000000008cf00000, 0x000000008cf00000| Untracked 
| 208|0x000000008d000000, 0x000000008d000000, 0x000000008d100000|  0%| F|  |TAMS 0x000000008d000000, 0x000000008d000000| Untracked 
| 209|0x000000008d100000, 0x000000008d100000, 0x000000008d200000|  0%| F|  |TAMS 0x000000008d100000, 0x000000008d100000| Untracked 
| 210|0x000000008d200000, 0x000000008d200000, 0x000000008d300000|  0%| F|  |TAMS 0x000000008d200000, 0x000000008d200000| Untracked 
| 211|0x000000008d300000, 0x000000008d300000, 0x000000008d400000|  0%| F|  |TAMS 0x000000008d300000, 0x000000008d300000| Untracked 
| 212|0x000000008d400000, 0x000000008d400000, 0x000000008d500000|  0%| F|  |TAMS 0x000000008d400000, 0x000000008d400000| Untracked 
| 213|0x000000008d500000, 0x000000008d500000, 0x000000008d600000|  0%| F|  |TAMS 0x000000008d500000, 0x000000008d500000| Untracked 
| 214|0x000000008d600000, 0x000000008d600000, 0x000000008d700000|  0%| F|  |TAMS 0x000000008d600000, 0x000000008d600000| Untracked 
| 215|0x000000008d700000, 0x000000008d700000, 0x000000008d800000|  0%| F|  |TAMS 0x000000008d700000, 0x000000008d700000| Untracked 
| 216|0x000000008d800000, 0x000000008d800000, 0x000000008d900000|  0%| F|  |TAMS 0x000000008d800000, 0x000000008d800000| Untracked 
| 217|0x000000008d900000, 0x000000008d900000, 0x000000008da00000|  0%| F|  |TAMS 0x000000008d900000, 0x000000008d900000| Untracked 
| 218|0x000000008da00000, 0x000000008da00000, 0x000000008db00000|  0%| F|  |TAMS 0x000000008da00000, 0x000000008da00000| Untracked 
| 219|0x000000008db00000, 0x000000008db00000, 0x000000008dc00000|  0%| F|  |TAMS 0x000000008db00000, 0x000000008db00000| Untracked 
| 220|0x000000008dc00000, 0x000000008dc00000, 0x000000008dd00000|  0%| F|  |TAMS 0x000000008dc00000, 0x000000008dc00000| Untracked 
| 221|0x000000008dd00000, 0x000000008dd00000, 0x000000008de00000|  0%| F|  |TAMS 0x000000008dd00000, 0x000000008dd00000| Untracked 
| 222|0x000000008de00000, 0x000000008de00000, 0x000000008df00000|  0%| F|  |TAMS 0x000000008de00000, 0x000000008de00000| Untracked 
| 223|0x000000008df00000, 0x000000008e000000, 0x000000008e000000|100%| E|  |TAMS 0x000000008df00000, 0x000000008df00000| Complete 
| 224|0x000000008e000000, 0x000000008e100000, 0x000000008e100000|100%| E|CS|TAMS 0x000000008e000000, 0x000000008e000000| Complete 
| 225|0x000000008e100000, 0x000000008e200000, 0x000000008e200000|100%| E|CS|TAMS 0x000000008e100000, 0x000000008e100000| Complete 
| 226|0x000000008e200000, 0x000000008e300000, 0x000000008e300000|100%| E|CS|TAMS 0x000000008e200000, 0x000000008e200000| Complete 
| 227|0x000000008e300000, 0x000000008e400000, 0x000000008e400000|100%| E|CS|TAMS 0x000000008e300000, 0x000000008e300000| Complete 
| 228|0x000000008e400000, 0x000000008e500000, 0x000000008e500000|100%| E|CS|TAMS 0x000000008e400000, 0x000000008e400000| Complete 
| 229|0x000000008e500000, 0x000000008e600000, 0x000000008e600000|100%| E|CS|TAMS 0x000000008e500000, 0x000000008e500000| Complete 
| 230|0x000000008e600000, 0x000000008e700000, 0x000000008e700000|100%| E|CS|TAMS 0x000000008e600000, 0x000000008e600000| Complete 
| 231|0x000000008e700000, 0x000000008e800000, 0x000000008e800000|100%| E|CS|TAMS 0x000000008e700000, 0x000000008e700000| Complete 
| 232|0x000000008e800000, 0x000000008e900000, 0x000000008e900000|100%| E|CS|TAMS 0x000000008e800000, 0x000000008e800000| Complete 
| 233|0x000000008e900000, 0x000000008ea00000, 0x000000008ea00000|100%| E|CS|TAMS 0x000000008e900000, 0x000000008e900000| Complete 
| 234|0x000000008ea00000, 0x000000008eb00000, 0x000000008eb00000|100%| E|CS|TAMS 0x000000008ea00000, 0x000000008ea00000| Complete 
| 235|0x000000008eb00000, 0x000000008ec00000, 0x000000008ec00000|100%| E|CS|TAMS 0x000000008eb00000, 0x000000008eb00000| Complete 
| 236|0x000000008ec00000, 0x000000008ed00000, 0x000000008ed00000|100%| E|CS|TAMS 0x000000008ec00000, 0x000000008ec00000| Complete 
| 237|0x000000008ed00000, 0x000000008ee00000, 0x000000008ee00000|100%| E|CS|TAMS 0x000000008ed00000, 0x000000008ed00000| Complete 
| 238|0x000000008ee00000, 0x000000008ef00000, 0x000000008ef00000|100%| E|CS|TAMS 0x000000008ee00000, 0x000000008ee00000| Complete 
| 239|0x000000008ef00000, 0x000000008f000000, 0x000000008f000000|100%| E|CS|TAMS 0x000000008ef00000, 0x000000008ef00000| Complete 
| 240|0x000000008f000000, 0x000000008f100000, 0x000000008f100000|100%| E|CS|TAMS 0x000000008f000000, 0x000000008f000000| Complete 
| 241|0x000000008f100000, 0x000000008f200000, 0x000000008f200000|100%| E|CS|TAMS 0x000000008f100000, 0x000000008f100000| Complete 
| 242|0x000000008f200000, 0x000000008f300000, 0x000000008f300000|100%| E|CS|TAMS 0x000000008f200000, 0x000000008f200000| Complete 
| 243|0x000000008f300000, 0x000000008f400000, 0x000000008f400000|100%| E|CS|TAMS 0x000000008f300000, 0x000000008f300000| Complete 
| 244|0x000000008f400000, 0x000000008f500000, 0x000000008f500000|100%| E|CS|TAMS 0x000000008f400000, 0x000000008f400000| Complete 
| 245|0x000000008f500000, 0x000000008f600000, 0x000000008f600000|100%| E|CS|TAMS 0x000000008f500000, 0x000000008f500000| Complete 

Card table byte_map: [0x000001b17fb00000,0x000001b17ff00000] _byte_map_base: 0x000001b17f700000

Marking Bits (Prev, Next): (CMBitMap*) 0x000001b1667e84e0, (CMBitMap*) 0x000001b1667e8520
 Prev Bits: [0x000001b100400000, 0x000001b102400000)
 Next Bits: [0x000001b102400000, 0x000001b104400000)

Polling page: 0x000001b16fa40000

Metaspace:

Usage:
  Non-class:     17.13 MB used.
      Class:      2.93 MB used.
       Both:     20.06 MB used.

Virtual space:
  Non-class space:       64.00 MB reserved,      17.31 MB ( 27%) committed,  1 nodes.
      Class space:        1.00 GB reserved,       3.06 MB ( <1%) committed,  1 nodes.
             Both:        1.06 GB reserved,      20.38 MB (  2%) committed. 

Chunk freelists:
   Non-Class:  14.73 MB
       Class:  12.94 MB
        Both:  27.67 MB

MaxMetaspaceSize: unlimited
CompressedClassSpaceSize: 1.00 GB
Initial GC threshold: 21.00 MB
Current GC threshold: 21.00 MB
CDS: on
MetaspaceReclaimPolicy: balanced
 - commit_granule_bytes: 65536.
 - commit_granule_words: 8192.
 - virtual_space_node_default_size: 8388608.
 - enlarge_chunks_in_place: 1.
 - new_chunks_are_fully_committed: 0.
 - uncommit_free_chunks: 1.
 - use_allocation_guard: 0.
 - handle_deallocations: 1.


Internal statistics:

num_allocs_failed_limit: 0.
num_arena_births: 258.
num_arena_deaths: 0.
num_vsnodes_births: 2.
num_vsnodes_deaths: 0.
num_space_committed: 326.
num_space_uncommitted: 0.
num_chunks_returned_to_freelist: 0.
num_chunks_taken_from_freelist: 984.
num_chunk_merges: 0.
num_chunk_splits: 643.
num_chunks_enlarged: 464.
num_inconsistent_stats: 0.

CodeHeap 'non-profiled nmethods': size=120000Kb used=1361Kb max_used=1361Kb free=118638Kb
 bounds [0x000001b177530000, 0x000001b1777a0000, 0x000001b17ea60000]
CodeHeap 'profiled nmethods': size=120000Kb used=5430Kb max_used=5430Kb free=114569Kb
 bounds [0x000001b16fa60000, 0x000001b16ffb0000, 0x000001b176f90000]
CodeHeap 'non-nmethods': size=5760Kb used=1234Kb max_used=1289Kb free=4525Kb
 bounds [0x000001b176f90000, 0x000001b177200000, 0x000001b177530000]
 total_blobs=3172 nmethods=2628 adapters=456
 compilation: enabled
              stopped_count=0, restarted_count=0
 full_count=0

Compilation events (20 events):
Event: 4.487 Thread 0x000001b1071be1a0 2611       3       java.lang.invoke.MemberName::isField (8 bytes)
Event: 4.488 Thread 0x000001b1071be1a0 nmethod 2611 0x000001b16ff9a310 code [0x000001b16ff9a4c0, 0x000001b16ff9a6f8]
Event: 4.488 Thread 0x000001b1071be1a0 2612       3       java.lang.invoke.TypeConvertingMethodAdapter::cast (42 bytes)
Event: 4.488 Thread 0x000001b1071be1a0 nmethod 2612 0x000001b16ff9a810 code [0x000001b16ff9aa00, 0x000001b16ff9ae88]
Event: 4.489 Thread 0x000001b1071be1a0 2615       3       java.lang.invoke.InvokerBytecodeGenerator::emitReferenceCast (188 bytes)
Event: 4.490 Thread 0x000001b1071be1a0 nmethod 2615 0x000001b16ff9b010 code [0x000001b16ff9b2c0, 0x000001b16ff9bf68]
Event: 4.493 Thread 0x000001b1071be1a0 2616       3       jdk.internal.org.objectweb.asm.MethodVisitor::visitFieldInsn (20 bytes)
Event: 4.493 Thread 0x000001b1071be1a0 nmethod 2616 0x000001b16ff9c310 code [0x000001b16ff9c4c0, 0x000001b16ff9c6c8]
Event: 4.503 Thread 0x000001b1071be1a0 2621       1       java.util.stream.ReferencePipeline$StatelessOp::opIsStateful (2 bytes)
Event: 4.503 Thread 0x000001b1071be1a0 nmethod 2621 0x000001b177684310 code [0x000001b1776844a0, 0x000001b177684578]
Event: 4.503 Thread 0x000001b1071be1a0 2622       3       java.lang.Enum::hashCode (5 bytes)
Event: 4.503 Thread 0x000001b1071be1a0 nmethod 2622 0x000001b16ff9c790 code [0x000001b16ff9c920, 0x000001b16ff9ca68]
Event: 4.506 Thread 0x000001b1071be1a0 2623       3       org.gradle.internal.hash.Hashing$MessageDigestHasher::getDigest (22 bytes)
Event: 4.506 Thread 0x000001b1071be1a0 nmethod 2623 0x000001b16ff9cb10 code [0x000001b16ff9ccc0, 0x000001b16ff9cee8]
Event: 4.507 Thread 0x000001b1071be1a0 2624       3       java.util.stream.ReferencePipeline$3$1::accept (23 bytes)
Event: 4.507 Thread 0x000001b1071be1a0 nmethod 2624 0x000001b16ff9d010 code [0x000001b16ff9d1c0, 0x000001b16ff9d478]
Event: 4.507 Thread 0x000001b1071be1a0 2625       3       com.google.common.collect.ImmutableSet$RegularSetBuilderImpl::add (68 bytes)
Event: 4.508 Thread 0x000001b1071be1a0 nmethod 2625 0x000001b16ff9d590 code [0x000001b16ff9d7a0, 0x000001b16ff9dcb8]
Event: 4.508 Thread 0x000001b1071be1a0 2626       3       com.google.common.collect.ImmutableSet$SetBuilderImpl::addDedupedElement (28 bytes)
Event: 4.509 Thread 0x000001b1071be1a0 nmethod 2626 0x000001b16ff9df10 code [0x000001b16ff9e0e0, 0x000001b16ff9e5d8]

GC Heap History (6 events):
Event: 0.913 GC heap before
{Heap before GC invocations=0 (full 0):
 garbage-first heap   total 251904K, used 26624K [0x0000000080000000, 0x0000000100000000)
  region size 1024K, 23 young (23552K), 0 survivors (0K)
 Metaspace       used 3008K, committed 3136K, reserved 1114112K
  class space    used 383K, committed 448K, reserved 1048576K
}
Event: 0.934 GC heap after
{Heap after GC invocations=1 (full 0):
 garbage-first heap   total 251904K, used 10384K [0x0000000080000000, 0x0000000100000000)
  region size 1024K, 3 young (3072K), 3 survivors (3072K)
 Metaspace       used 3008K, committed 3136K, reserved 1114112K
  class space    used 383K, committed 448K, reserved 1048576K
}
Event: 1.615 GC heap before
{Heap before GC invocations=1 (full 0):
 garbage-first heap   total 251904K, used 37008K [0x0000000080000000, 0x0000000100000000)
  region size 1024K, 29 young (29696K), 3 survivors (3072K)
 Metaspace       used 3997K, committed 4160K, reserved 1114112K
  class space    used 491K, committed 576K, reserved 1048576K
}
Event: 1.627 GC heap after
{Heap after GC invocations=2 (full 0):
 garbage-first heap   total 251904K, used 11781K [0x0000000080000000, 0x0000000100000000)
  region size 1024K, 1 young (1024K), 1 survivors (1024K)
 Metaspace       used 3997K, committed 4160K, reserved 1114112K
  class space    used 491K, committed 576K, reserved 1048576K
}
Event: 4.114 GC heap before
{Heap before GC invocations=2 (full 0):
 garbage-first heap   total 251904K, used 102917K [0x0000000080000000, 0x0000000100000000)
  region size 1024K, 89 young (91136K), 1 survivors (1024K)
 Metaspace       used 17792K, committed 18048K, reserved 1114112K
  class space    used 2554K, committed 2688K, reserved 1048576K
}
Event: 4.141 GC heap after
{Heap after GC invocations=3 (full 0):
 garbage-first heap   total 251904K, used 21631K [0x0000000080000000, 0x0000000100000000)
  region size 1024K, 11 young (11264K), 11 survivors (11264K)
 Metaspace       used 17792K, committed 18048K, reserved 1114112K
  class space    used 2554K, committed 2688K, reserved 1048576K
}

Dll operation events (14 events):
Event: 0.011 Loaded shared library C:\Users\busi4\.jdks\corretto-17.0.9\bin\java.dll
Event: 0.037 Loaded shared library C:\Users\busi4\.jdks\corretto-17.0.9\bin\jsvml.dll
Event: 0.099 Loaded shared library C:\Users\busi4\.jdks\corretto-17.0.9\bin\zip.dll
Event: 0.102 Loaded shared library C:\Users\busi4\.jdks\corretto-17.0.9\bin\instrument.dll
Event: 0.109 Loaded shared library C:\Users\busi4\.jdks\corretto-17.0.9\bin\net.dll
Event: 0.111 Loaded shared library C:\Users\busi4\.jdks\corretto-17.0.9\bin\nio.dll
Event: 0.115 Loaded shared library C:\Users\busi4\.jdks\corretto-17.0.9\bin\zip.dll
Event: 0.420 Loaded shared library C:\Users\busi4\.jdks\corretto-17.0.9\bin\jimage.dll
Event: 0.505 Loaded shared library C:\Users\busi4\.jdks\corretto-17.0.9\bin\verify.dll
Event: 0.778 Loaded shared library C:\Users\busi4\.gradle\native\c067742578af261105cb4f569cf0c3c89f3d7b1fecec35dd04571415982c5e48\windows-amd64\native-platform.dll
Event: 0.785 Loaded shared library C:\Users\busi4\.gradle\native\38dada09dfb8b06ba9b0570ebf7e218e3eb74d4ef43ca46872605cf95ebc2f47\windows-amd64\native-platform-file-events.dll
Event: 2.100 Loaded shared library C:\Users\busi4\.jdks\corretto-17.0.9\bin\management.dll
Event: 2.103 Loaded shared library C:\Users\busi4\.jdks\corretto-17.0.9\bin\management_ext.dll
Event: 2.808 Loaded shared library C:\Users\busi4\.jdks\corretto-17.0.9\bin\sunmscapi.dll

Deoptimization events (20 events):
Event: 3.658 Thread 0x000001b1072c6710 Uncommon trap: trap_request=0xffffff45 fr.pc=0x000001b177555678 relative=0x00000000000000d8
Event: 3.658 Thread 0x000001b1072c6710 Uncommon trap: reason=unstable_if action=reinterpret pc=0x000001b177555678 method=java.util.HashMap.hash(Ljava/lang/Object;)I @ 1 c2
Event: 3.658 Thread 0x000001b1072c6710 DEOPT PACKING pc=0x000001b177555678 sp=0x000000806bbfc080
Event: 3.658 Thread 0x000001b1072c6710 DEOPT UNPACKING pc=0x000001b176fe69a3 sp=0x000000806bbfbfc0 mode 2
Event: 3.694 Thread 0x000001b1072c6710 Uncommon trap: trap_request=0xffffff45 fr.pc=0x000001b1775c953c relative=0x000000000000071c
Event: 3.694 Thread 0x000001b1072c6710 Uncommon trap: reason=unstable_if action=reinterpret pc=0x000001b1775c953c method=java.util.ArrayList.grow(I)[Ljava/lang/Object; @ 17 c2
Event: 3.694 Thread 0x000001b1072c6710 DEOPT PACKING pc=0x000001b1775c953c sp=0x000000806bbfccb0
Event: 3.694 Thread 0x000001b1072c6710 DEOPT UNPACKING pc=0x000001b176fe69a3 sp=0x000000806bbfcb48 mode 2
Event: 3.944 Thread 0x000001b1072c6710 DEOPT PACKING pc=0x000001b16fe29fc9 sp=0x000000806bbfb8b0
Event: 3.944 Thread 0x000001b1072c6710 DEOPT UNPACKING pc=0x000001b176fe7143 sp=0x000000806bbfadc0 mode 0
Event: 3.975 Thread 0x000001b1072c6710 DEOPT PACKING pc=0x000001b16fe29fc9 sp=0x000000806bbfbb30
Event: 3.975 Thread 0x000001b1072c6710 DEOPT UNPACKING pc=0x000001b176fe7143 sp=0x000000806bbfb040 mode 0
Event: 3.985 Thread 0x000001b1072c6710 DEOPT PACKING pc=0x000001b16fe29fc9 sp=0x000000806bbf83a0
Event: 3.985 Thread 0x000001b1072c6710 DEOPT UNPACKING pc=0x000001b176fe7143 sp=0x000000806bbf78b0 mode 0
Event: 4.270 Thread 0x000001b1072c6710 Uncommon trap: trap_request=0xffffff45 fr.pc=0x000001b177645700 relative=0x00000000000003c0
Event: 4.270 Thread 0x000001b1072c6710 Uncommon trap: reason=unstable_if action=reinterpret pc=0x000001b177645700 method=java.util.HashMap.getNode(Ljava/lang/Object;)Ljava/util/HashMap$Node; @ 131 c2
Event: 4.270 Thread 0x000001b1072c6710 DEOPT PACKING pc=0x000001b177645700 sp=0x000000806bbfaac0
Event: 4.270 Thread 0x000001b1072c6710 DEOPT UNPACKING pc=0x000001b176fe69a3 sp=0x000000806bbfa9e0 mode 2
Event: 4.364 Thread 0x000001b1072c6710 DEOPT PACKING pc=0x000001b16fe0c188 sp=0x000000806bbf91c0
Event: 4.364 Thread 0x000001b1072c6710 DEOPT UNPACKING pc=0x000001b176fe7143 sp=0x000000806bbf86c8 mode 0

Classes unloaded (0 events):
No events

Classes redefined (0 events):
No events

Internal exceptions (20 events):
Event: 3.479 Thread 0x000001b1072c6710 Exception <a 'java/lang/NoSuchMethodError'{0x000000008b7bfb88}: 'java.lang.Object java.lang.invoke.DirectMethodHandle$Holder.newInvokeSpecial(java.lang.Object, java.lang.Object, java.lang.Object, int)'> (0x000000008b7bfb88) 
thrown [s\src\hotspot\share\interpreter\linkResolver.cpp, line 759]
Event: 3.479 Thread 0x000001b1072c6710 Exception <a 'java/lang/NoSuchMethodError'{0x000000008b7c44b8}: 'java.lang.Object java.lang.invoke.DirectMethodHandle$Holder.invokeSpecial(java.lang.Object, java.lang.Object, java.lang.Object, java.lang.Object, int)'> (0x000000008b7c44b8) 
thrown [s\src\hotspot\share\interpreter\linkResolver.cpp, line 759]
Event: 3.480 Thread 0x000001b1072c6710 Exception <a 'java/lang/NoSuchMethodError'{0x000000008b7c85d0}: 'java.lang.Object java.lang.invoke.Invokers$Holder.linkToTargetMethod(java.lang.Object, java.lang.Object, int, java.lang.Object)'> (0x000000008b7c85d0) 
thrown [s\src\hotspot\share\interpreter\linkResolver.cpp, line 759]
Event: 3.545 Thread 0x000001b1072c6710 Implicit null exception at 0x000001b17762ee75 to 0x000001b17762f14c
Event: 3.601 Thread 0x000001b1072c6710 Exception <a 'java/lang/NoSuchMethodError'{0x000000008b2ca540}: 'int java.lang.invoke.DirectMethodHandle$Holder.invokeVirtual(java.lang.Object, java.lang.Object, java.lang.Object)'> (0x000000008b2ca540) 
thrown [s\src\hotspot\share\interpreter\linkResolver.cpp, line 759]
Event: 3.625 Thread 0x000001b1072c6710 Exception <a 'java/lang/NoSuchMethodError'{0x000000008b1d1128}: 'int java.lang.invoke.DirectMethodHandle$Holder.invokeSpecialIFC(java.lang.Object, java.lang.Object, java.lang.Object, java.lang.Object)'> (0x000000008b1d1128) 
thrown [s\src\hotspot\share\interpreter\linkResolver.cpp, line 759]
Event: 3.627 Thread 0x000001b1072c6710 Exception <a 'java/lang/NoSuchMethodError'{0x000000008b1dff98}: 'java.lang.Object java.lang.invoke.DirectMethodHandle$Holder.invokeInterface(java.lang.Object, java.lang.Object, java.lang.Object)'> (0x000000008b1dff98) 
thrown [s\src\hotspot\share\interpreter\linkResolver.cpp, line 759]
Event: 3.628 Thread 0x000001b1072c6710 Exception <a 'java/lang/IncompatibleClassChangeError'{0x000000008b1e3bb0}: Found class java.lang.Object, but interface was expected> (0x000000008b1e3bb0) 
thrown [s\src\hotspot\share\interpreter\linkResolver.cpp, line 826]
Event: 3.658 Thread 0x000001b1072c6710 Implicit null exception at 0x000001b1775555d8 to 0x000001b17755566e
Event: 3.672 Thread 0x000001b1072c6710 Exception <a 'java/lang/NoSuchMethodError'{0x000000008afc13a8}: 'int java.lang.invoke.DirectMethodHandle$Holder.invokeStatic(java.lang.Object, java.lang.Object, java.lang.Object, java.lang.Object)'> (0x000000008afc13a8) 
thrown [s\src\hotspot\share\interpreter\linkResolver.cpp, line 759]
Event: 3.672 Thread 0x000001b1072c6710 Exception <a 'java/lang/NoSuchMethodError'{0x000000008afc4fd0}: 'java.lang.Object java.lang.invoke.Invokers$Holder.invokeExact_MT(java.lang.Object, java.lang.Object, java.lang.Object, java.lang.Object, java.lang.Object, java.lang.Object)'> (0x000000008afc4fd0) 
thrown [s\src\hotspot\share\interpreter\linkResolver.cpp, line 759]
Event: 3.753 Thread 0x000001b1072c6710 Exception <a 'java/lang/IncompatibleClassChangeError'{0x000000008acd8a40}: Found class java.lang.Object, but interface was expected> (0x000000008acd8a40) 
thrown [s\src\hotspot\share\interpreter\linkResolver.cpp, line 826]
Event: 4.252 Thread 0x000001b1072c6710 Exception <a 'java/lang/NoSuchMethodError'{0x000000008ee53070}: 'java.lang.Object java.lang.invoke.DirectMethodHandle$Holder.invokeVirtual(java.lang.Object, java.lang.Object, java.lang.Object, java.lang.Object)'> (0x000000008ee53070) 
thrown [s\src\hotspot\share\interpreter\linkResolver.cpp, line 759]
Event: 4.280 Thread 0x000001b1072c6710 Exception <a 'java/lang/NoSuchMethodError'{0x000000008ed9fa20}: 'java.lang.Object java.lang.invoke.DirectMethodHandle$Holder.newInvokeSpecial(java.lang.Object, java.lang.Object, java.lang.Object, java.lang.Object, java.lang.Object, java.lang.Object, java.lang.Object)'> (0x000000008ed9fa20) 
thrown [s\src\hotspot\share\interpreter\linkResolver.cpp, line 759]
Event: 4.280 Thread 0x000001b1072c6710 Exception <a 'java/lang/NoSuchMethodError'{0x000000008eda46f0}: 'java.lang.Object java.lang.invoke.Invokers$Holder.linkToTargetMethod(java.lang.Object, java.lang.Object, java.lang.Object, java.lang.Object, java.lang.Object, java.lang.Object, java.lang.Object)'> (0x000000008eda46f0) 
thrown [s\src\hotspot\share\interpreter\linkResolver.cpp, line 759]
Event: 4.469 Thread 0x000001b1072c6710 Exception <a 'java/lang/NoSuchMethodError'{0x000000008e3627a0}: 'java.lang.Object java.lang.invoke.DirectMethodHandle$Holder.invokeStaticInit(java.lang.Object, java.lang.Object, java.lang.Object, java.lang.Object)'> (0x000000008e3627a0) 
thrown [s\src\hotspot\share\interpreter\linkResolver.cpp, line 759]
Event: 4.488 Thread 0x000001b1072c6710 Exception <a 'java/lang/NoSuchMethodError'{0x000000008e250bf0}: 'java.lang.Object java.lang.invoke.DirectMethodHandle$Holder.newInvokeSpecial(java.lang.Object, java.lang.Object, java.lang.Object, java.lang.Object, java.lang.Object, java.lang.Object, java.lang.Object, java.lang.Object)'> (0x000000008e250bf0) 
thrown [s\src\hotspot\share\interpreter\linkResolver.cpp, line 759]
Event: 4.489 Thread 0x000001b1072c6710 Exception <a 'java/lang/NoSuchMethodError'{0x000000008e2565f8}: 'java.lang.Object java.lang.invoke.DirectMethodHandle$Holder.invokeSpecial(java.lang.Object, java.lang.Object, java.lang.Object, java.lang.Object, java.lang.Object, java.lang.Object, java.lang.Object, java.lang.Object, java.lang.Object)'> (0x000000008e2565f8) 
thrown [s\src\hotspot\share\interpreter\linkResolver.cpp, line 759]
Event: 4.489 Thread 0x000001b1072c6710 Exception <a 'java/lang/NoSuchMethodError'{0x000000008e25b9a8}: 'java.lang.Object java.lang.invoke.Invokers$Holder.linkToTargetMethod(java.lang.Object, java.lang.Object, java.lang.Object, java.lang.Object, java.lang.Object, java.lang.Object, java.lang.Object, java.lang.Object)'> (0x000000008e25b9a8) 
thrown [s\src\hotspot\share\interpreter\linkResolver.cpp, line 759]
Event: 4.496 Thread 0x000001b1072c6710 Exception <a 'java/lang/NoSuchMethodError'{0x000000008e2a50a0}: 'void java.lang.invoke.DirectMethodHandle$Holder.invokeStatic(java.lang.Object, java.lang.Object, java.lang.Object, java.lang.Object)'> (0x000000008e2a50a0) 
thrown [s\src\hotspot\share\interpreter\linkResolver.cpp, line 759]

VM Operations (20 events):
Event: 2.269 Executing VM operation: HandshakeAllThreads
Event: 2.269 Executing VM operation: HandshakeAllThreads done
Event: 2.365 Executing VM operation: HandshakeAllThreads
Event: 2.365 Executing VM operation: HandshakeAllThreads done
Event: 2.725 Executing VM operation: HandshakeAllThreads
Event: 2.725 Executing VM operation: HandshakeAllThreads done
Event: 2.725 Executing VM operation: Cleanup
Event: 2.725 Executing VM operation: Cleanup done
Event: 2.778 Executing VM operation: HandshakeAllThreads
Event: 2.778 Executing VM operation: HandshakeAllThreads done
Event: 3.229 Executing VM operation: HandshakeAllThreads
Event: 3.229 Executing VM operation: HandshakeAllThreads done
Event: 3.736 Executing VM operation: HandshakeAllThreads
Event: 3.736 Executing VM operation: HandshakeAllThreads done
Event: 3.736 Executing VM operation: Cleanup
Event: 3.736 Executing VM operation: Cleanup done
Event: 3.736 Executing VM operation: HandshakeAllThreads
Event: 3.736 Executing VM operation: HandshakeAllThreads done
Event: 4.114 Executing VM operation: G1CollectForAllocation
Event: 4.141 Executing VM operation: G1CollectForAllocation done

Events (20 events):
Event: 3.778 loading class java/util/Collections$2 done
Event: 3.888 loading class java/util/function/LongFunction
Event: 3.888 loading class java/util/function/LongFunction done
Event: 3.938 loading class java/security/InvalidKeyException
Event: 3.938 loading class java/security/KeyException
Event: 3.938 loading class java/security/KeyException done
Event: 3.938 loading class java/security/InvalidKeyException done
Event: 3.984 Thread 0x000001b14ed626d0 Thread added: 0x000001b14ed626d0
Event: 4.214 loading class javax/xml/parsers/ParserConfigurationException
Event: 4.214 loading class javax/xml/parsers/ParserConfigurationException done
Event: 4.214 loading class org/xml/sax/SAXException
Event: 4.214 loading class org/xml/sax/SAXException done
Event: 4.214 loading class javax/xml/xpath/XPathExpressionException
Event: 4.214 loading class javax/xml/xpath/XPathException
Event: 4.214 loading class javax/xml/xpath/XPathException done
Event: 4.214 loading class javax/xml/xpath/XPathExpressionException done
Event: 4.214 loading class org/xml/sax/ErrorHandler
Event: 4.214 loading class org/xml/sax/ErrorHandler done
Event: 4.390 Thread 0x000001b14f668cf0 Thread added: 0x000001b14f668cf0
Event: 4.435 Thread 0x000001b14de3caf0 Thread added: 0x000001b14de3caf0


Dynamic libraries:
0x00007ff768190000 - 0x00007ff76819e000 	C:\Users\busi4\.jdks\corretto-17.0.9\bin\java.exe
0x00007ffd643d0000 - 0x00007ffd645e7000 	C:\WINDOWS\SYSTEM32\ntdll.dll
0x00007ffd63580000 - 0x00007ffd63644000 	C:\WINDOWS\System32\KERNEL32.DLL
0x00007ffd61810000 - 0x00007ffd61be0000 	C:\WINDOWS\System32\KERNELBASE.dll
0x00007ffd61650000 - 0x00007ffd61761000 	C:\WINDOWS\System32\ucrtbase.dll
0x00007ffd52680000 - 0x00007ffd5269b000 	C:\Users\busi4\.jdks\corretto-17.0.9\bin\VCRUNTIME140.dll
0x00007ffd52470000 - 0x00007ffd52487000 	C:\Users\busi4\.jdks\corretto-17.0.9\bin\jli.dll
0x00007ffd633d0000 - 0x00007ffd6357e000 	C:\WINDOWS\System32\USER32.dll
0x00007ffd4a2f0000 - 0x00007ffd4a582000 	C:\WINDOWS\WinSxS\amd64_microsoft.windows.common-controls_6595b64144ccf1df_6.0.22621.4830_none_270fe7d773858e80\COMCTL32.dll
0x00007ffd62060000 - 0x00007ffd62086000 	C:\WINDOWS\System32\win32u.dll
0x00007ffd64150000 - 0x00007ffd641f7000 	C:\WINDOWS\System32\msvcrt.dll
0x00007ffd640a0000 - 0x00007ffd640c9000 	C:\WINDOWS\System32\GDI32.dll
0x00007ffd61c60000 - 0x00007ffd61d7b000 	C:\WINDOWS\System32\gdi32full.dll
0x00007ffd61770000 - 0x00007ffd6180a000 	C:\WINDOWS\System32\msvcp_win.dll
0x00007ffd62310000 - 0x00007ffd62341000 	C:\WINDOWS\System32\IMM32.DLL
0x00007ffd5bb60000 - 0x00007ffd5bb6c000 	C:\Users\busi4\.jdks\corretto-17.0.9\bin\vcruntime140_1.dll
0x00007ffd52250000 - 0x00007ffd522dd000 	C:\Users\busi4\.jdks\corretto-17.0.9\bin\msvcp140.dll
0x00007ffceb4c0000 - 0x00007ffcec121000 	C:\Users\busi4\.jdks\corretto-17.0.9\bin\server\jvm.dll
0x00007ffd63e90000 - 0x00007ffd63f41000 	C:\WINDOWS\System32\ADVAPI32.dll
0x00007ffd63650000 - 0x00007ffd636f7000 	C:\WINDOWS\System32\sechost.dll
0x00007ffd61e00000 - 0x00007ffd61e28000 	C:\WINDOWS\System32\bcrypt.dll
0x00007ffd632b0000 - 0x00007ffd633c4000 	C:\WINDOWS\System32\RPCRT4.dll
0x00007ffd5e170000 - 0x00007ffd5e1a4000 	C:\WINDOWS\SYSTEM32\WINMM.dll
0x00007ffd5ac00000 - 0x00007ffd5ac09000 	C:\WINDOWS\SYSTEM32\WSOCK32.dll
0x00007ffd61370000 - 0x00007ffd613bd000 	C:\WINDOWS\SYSTEM32\POWRPROF.dll
0x00007ffd58380000 - 0x00007ffd5838a000 	C:\WINDOWS\SYSTEM32\VERSION.dll
0x00007ffd63f60000 - 0x00007ffd63fd1000 	C:\WINDOWS\System32\WS2_32.dll
0x00007ffd61350000 - 0x00007ffd61363000 	C:\WINDOWS\SYSTEM32\UMPDC.dll
0x00007ffd60660000 - 0x00007ffd60678000 	C:\WINDOWS\SYSTEM32\kernel.appcore.dll
0x00007ffd5a280000 - 0x00007ffd5a28a000 	C:\Users\busi4\.jdks\corretto-17.0.9\bin\jimage.dll
0x00007ffd5ecd0000 - 0x00007ffd5ef02000 	C:\WINDOWS\SYSTEM32\DBGHELP.DLL
0x00007ffd63a90000 - 0x00007ffd63e20000 	C:\WINDOWS\System32\combase.dll
0x00007ffd62c80000 - 0x00007ffd62d57000 	C:\WINDOWS\System32\OLEAUT32.dll
0x00007ffd3d650000 - 0x00007ffd3d682000 	C:\WINDOWS\SYSTEM32\dbgcore.DLL
0x00007ffd61d80000 - 0x00007ffd61dfb000 	C:\WINDOWS\System32\bcryptPrimitives.dll
0x00007ffd52670000 - 0x00007ffd5267e000 	C:\Users\busi4\.jdks\corretto-17.0.9\bin\instrument.dll
0x00007ffd52440000 - 0x00007ffd52465000 	C:\Users\busi4\.jdks\corretto-17.0.9\bin\java.dll
0x00007ffd4e030000 - 0x00007ffd4e107000 	C:\Users\busi4\.jdks\corretto-17.0.9\bin\jsvml.dll
0x00007ffd62400000 - 0x00007ffd62c78000 	C:\WINDOWS\System32\SHELL32.dll
0x00007ffd5f550000 - 0x00007ffd5fe60000 	C:\WINDOWS\SYSTEM32\windows.storage.dll
0x00007ffd5f410000 - 0x00007ffd5f54f000 	C:\WINDOWS\SYSTEM32\wintypes.dll
0x00007ffd62200000 - 0x00007ffd6230a000 	C:\WINDOWS\System32\SHCORE.dll
0x00007ffd63fe0000 - 0x00007ffd6403e000 	C:\WINDOWS\System32\shlwapi.dll
0x00007ffd61580000 - 0x00007ffd615ab000 	C:\WINDOWS\SYSTEM32\profapi.dll
0x00007ffd51b40000 - 0x00007ffd51b58000 	C:\Users\busi4\.jdks\corretto-17.0.9\bin\zip.dll
0x00007ffd51b20000 - 0x00007ffd51b39000 	C:\Users\busi4\.jdks\corretto-17.0.9\bin\net.dll
0x00007ffd5b010000 - 0x00007ffd5b13c000 	C:\WINDOWS\SYSTEM32\WINHTTP.dll
0x00007ffd60b10000 - 0x00007ffd60b7a000 	C:\WINDOWS\system32\mswsock.dll
0x00007ffd51b00000 - 0x00007ffd51b16000 	C:\Users\busi4\.jdks\corretto-17.0.9\bin\nio.dll
0x00007ffd525f0000 - 0x00007ffd52600000 	C:\Users\busi4\.jdks\corretto-17.0.9\bin\verify.dll
0x00007ffd526a0000 - 0x00007ffd526c7000 	C:\Users\busi4\.gradle\native\c067742578af261105cb4f569cf0c3c89f3d7b1fecec35dd04571415982c5e48\windows-amd64\native-platform.dll
0x00007ffd4a9b0000 - 0x00007ffd4aaf4000 	C:\Users\busi4\.gradle\native\38dada09dfb8b06ba9b0570ebf7e218e3eb74d4ef43ca46872605cf95ebc2f47\windows-amd64\native-platform-file-events.dll
0x00007ffd52430000 - 0x00007ffd52439000 	C:\Users\busi4\.jdks\corretto-17.0.9\bin\management.dll
0x00007ffd52220000 - 0x00007ffd5222b000 	C:\Users\busi4\.jdks\corretto-17.0.9\bin\management_ext.dll
0x00007ffd621f0000 - 0x00007ffd621f8000 	C:\WINDOWS\System32\PSAPI.DLL
0x00007ffd60d70000 - 0x00007ffd60d8b000 	C:\WINDOWS\SYSTEM32\CRYPTSP.dll
0x00007ffd605c0000 - 0x00007ffd605f5000 	C:\WINDOWS\system32\rsaenh.dll
0x00007ffd60c00000 - 0x00007ffd60c28000 	C:\WINDOWS\SYSTEM32\USERENV.dll
0x00007ffd60d60000 - 0x00007ffd60d6c000 	C:\WINDOWS\SYSTEM32\CRYPTBASE.dll
0x00007ffd600f0000 - 0x00007ffd6011d000 	C:\WINDOWS\SYSTEM32\IPHLPAPI.DLL
0x00007ffd623f0000 - 0x00007ffd623f9000 	C:\WINDOWS\System32\NSI.dll
0x00007ffd5b380000 - 0x00007ffd5b399000 	C:\WINDOWS\SYSTEM32\dhcpcsvc6.DLL
0x00007ffd5ac60000 - 0x00007ffd5ac7f000 	C:\WINDOWS\SYSTEM32\dhcpcsvc.DLL
0x00007ffd60170000 - 0x00007ffd60272000 	C:\WINDOWS\SYSTEM32\DNSAPI.dll
0x00007ffd51af0000 - 0x00007ffd51afe000 	C:\Users\busi4\.jdks\corretto-17.0.9\bin\sunmscapi.dll
0x00007ffd61ef0000 - 0x00007ffd62056000 	C:\WINDOWS\System32\CRYPT32.dll
0x00007ffd60f20000 - 0x00007ffd60f4d000 	C:\WINDOWS\SYSTEM32\ncrypt.dll
0x00007ffd60ee0000 - 0x00007ffd60f17000 	C:\WINDOWS\SYSTEM32\NTASN1.dll
0x00007ffcf2b90000 - 0x00007ffcf2b98000 	C:\WINDOWS\system32\wshunix.dll

dbghelp: loaded successfully - version: 4.0.5 - missing functions: none
symbol engine: initialized successfully - sym options: 0x614 - pdb path: .;C:\Users\busi4\.jdks\corretto-17.0.9\bin;C:\WINDOWS\SYSTEM32;C:\WINDOWS\WinSxS\amd64_microsoft.windows.common-controls_6595b64144ccf1df_6.0.22621.4830_none_270fe7d773858e80;C:\Users\busi4\.jdks\corretto-17.0.9\bin\server;C:\Users\busi4\.gradle\native\c067742578af261105cb4f569cf0c3c89f3d7b1fecec35dd04571415982c5e48\windows-amd64;C:\Users\busi4\.gradle\native\38dada09dfb8b06ba9b0570ebf7e218e3eb74d4ef43ca46872605cf95ebc2f47\windows-amd64

VM Arguments:
jvm_args: --add-opens=java.base/java.util=ALL-UNNAMED --add-opens=java.base/java.lang=ALL-UNNAMED --add-opens=java.base/java.lang.invoke=ALL-UNNAMED --add-opens=java.prefs/java.util.prefs=ALL-UNNAMED --add-opens=java.base/java.nio.charset=ALL-UNNAMED --add-opens=java.base/java.net=ALL-UNNAMED --add-opens=java.base/java.util.concurrent.atomic=ALL-UNNAMED -Xmx2048m -Dfile.encoding=UTF-8 -Duser.country=US -Duser.language=en -Duser.variant -javaagent:C:\Users\busi4\.gradle\wrapper\dists\gradle-8.7-bin\bhs2wmbdwecv87pi65oeuq5iu\gradle-8.7\lib\agents\gradle-instrumentation-agent-8.7.jar 
java_command: org.gradle.launcher.daemon.bootstrap.GradleDaemon 8.7
java_class_path (initial): C:\Users\busi4\.gradle\wrapper\dists\gradle-8.7-bin\bhs2wmbdwecv87pi65oeuq5iu\gradle-8.7\lib\gradle-launcher-8.7.jar
Launcher Type: SUN_STANDARD

[Global flags]
     intx CICompilerCount                          = 4                                         {product} {ergonomic}
     uint ConcGCThreads                            = 3                                         {product} {ergonomic}
     uint G1ConcRefinementThreads                  = 10                                        {product} {ergonomic}
   size_t G1HeapRegionSize                         = 1048576                                   {product} {ergonomic}
    uintx GCDrainStackTargetSize                   = 64                                        {product} {ergonomic}
   size_t InitialHeapSize                          = 257949696                                 {product} {ergonomic}
   size_t MarkStackSize                            = 4194304                                   {product} {ergonomic}
   size_t MaxHeapSize                              = 2147483648                                {product} {command line}
   size_t MaxNewSize                               = 1287651328                                {product} {ergonomic}
   size_t MinHeapDeltaBytes                        = 1048576                                   {product} {ergonomic}
   size_t MinHeapSize                              = 8388608                                   {product} {ergonomic}
    uintx NonNMethodCodeHeapSize                   = 5839372                                {pd product} {ergonomic}
    uintx NonProfiledCodeHeapSize                  = 122909434                              {pd product} {ergonomic}
    uintx ProfiledCodeHeapSize                     = 122909434                              {pd product} {ergonomic}
    uintx ReservedCodeCacheSize                    = 251658240                              {pd product} {ergonomic}
     bool SegmentedCodeCache                       = true                                      {product} {ergonomic}
   size_t SoftMaxHeapSize                          = 2147483648                             {manageable} {ergonomic}
     bool UseCompressedClassPointers               = true                           {product lp64_product} {ergonomic}
     bool UseCompressedOops                        = true                           {product lp64_product} {ergonomic}
     bool UseG1GC                                  = true                                      {product} {ergonomic}
     bool UseLargePagesIndividualAllocation        = false                                  {pd product} {ergonomic}

Logging:
Log output configuration:
 #0: stdout all=warning uptime,level,tags
 #1: stderr all=off uptime,level,tags

Environment Variables:
PATH=C:\Program Files (x86)\Common Files\Oracle\Java\javapath;C:\WINDOWS\system32;C:\WINDOWS;C:\WINDOWS\System32\Wbem;C:\WINDOWS\System32\WindowsPowerShell\v1.0\;C:\WINDOWS\System32\OpenSSH\;C:\Program Files\dotnet\;C:\Program Files\Docker\Docker\resources\bin;C:\Program Files\Calibre2\;C:\Users\busi4\AppData\Local\Microsoft\WindowsApps;C:\Users\busi4\AppData\Local\Programs\Microsoft VS Code\bin;C:\Program Files\JetBrains\IntelliJ IDEA Community Edition 2023.2.1\bin;C:\Users\busi4\AppData\Local\JetBrains\Toolbox\scripts;
USERNAME=busi4
OS=Windows_NT
PROCESSOR_IDENTIFIER=AMD64 Family 23 Model 96 Stepping 1, AuthenticAMD
TMP=C:\Users\busi4\AppData\Local\Temp
TEMP=C:\Users\busi4\AppData\Local\Temp



Periodic native trim disabled


---------------  S Y S T E M  ---------------

OS:
 Windows 11 , 64 bit Build 22621 (10.0.22621.4830)
OS uptime: 0 days 4:12 hours
Hyper-V role detected

CPU: total 12 (initial active 12) (12 cores per cpu, 2 threads per core) family 23 model 96 stepping 1 microcode 0x0, cx8, cmov, fxsr, ht, mmx, 3dnowpref, sse, sse2, sse3, ssse3, sse4a, sse4.1, sse4.2, popcnt, lzcnt, tsc, tscinvbit, avx, avx2, aes, clmul, bmi1, bmi2, adx, sha, fma, vzeroupper, clflush, clflushopt, hv
Processor Information for all 12 processors :
  Max Mhz: 3000, Current Mhz: 3000, Mhz Limit: 3000

Memory: 4k page, system-wide physical 15741M (3145M free)
TotalPageFile size 15741M (AvailPageFile size 3M)
current process WorkingSet (physical memory assigned to process): 240M, peak: 241M
current process commit charge ("private bytes"): 435M, peak: 436M

vm_info: OpenJDK 64-Bit Server VM (17.0.9+8-LTS) for windows-amd64 JRE (17.0.9+8-LTS), built on Oct 12 2023 16:15:33 by "Administrator" with MS VC++ 16.10 / 16.11 (VS2019)

END.
