#
# There is insufficient memory for the Java Runtime Environment to continue.
# Native memory allocation (malloc) failed to allocate 1552176 bytes for Chunk::new
# Possible reasons:
#   The system is out of physical RAM or swap space
#   The process is running with CompressedOops enabled, and the Java Heap may be blocking the growth of the native heap
# Possible solutions:
#   Reduce memory load on the system
#   Increase physical memory or swap space
#   Check if swap backing store is full
#   Decrease Java heap size (-Xmx/-Xms)
#   Decrease number of Java threads
#   Decrease Java thread stack sizes (-Xss)
#   Set larger code cache with -XX:ReservedCodeCacheSize=
#   JVM is running with Unscaled Compressed Oops mode in which the Java heap is
#     placed in the first 4GB address space. The Java Heap base address is the
#     maximum limit for the native heap growth. Please use -XX:HeapBaseMinAddress
#     to set the Java Heap base and to place the Java Heap above 4GB virtual address.
# This output file may be truncated or incomplete.
#
#  Out of Memory Error (arena.cpp:191), pid=22016, tid=3764
#
# JRE version: OpenJDK Runtime Environment Corretto-17.0.9.8.1 (17.0.9+8) (build 17.0.9+8-LTS)
# Java VM: OpenJDK 64-Bit Server VM Corretto-17.0.9.8.1 (17.0.9+8-LTS, mixed mode, sharing, tiered, compressed oops, compressed class ptrs, g1 gc, windows-amd64)
# No core dump will be written. Minidumps are not enabled by default on client versions of Windows
#

---------------  S U M M A R Y ------------

Command Line: --add-opens=java.base/java.util=ALL-UNNAMED --add-opens=java.base/java.lang=ALL-UNNAMED --add-opens=java.base/java.lang.invoke=ALL-UNNAMED --add-opens=java.prefs/java.util.prefs=ALL-UNNAMED --add-opens=java.base/java.nio.charset=ALL-UNNAMED --add-opens=java.base/java.net=ALL-UNNAMED --add-opens=java.base/java.util.concurrent.atomic=ALL-UNNAMED -Xmx2048m -Dfile.encoding=UTF-8 -Duser.country=US -Duser.language=en -Duser.variant -javaagent:C:\Users\busi4\.gradle\wrapper\dists\gradle-8.7-bin\bhs2wmbdwecv87pi65oeuq5iu\gradle-8.7\lib\agents\gradle-instrumentation-agent-8.7.jar org.gradle.launcher.daemon.bootstrap.GradleDaemon 8.7

Host: AMD Ryzen 5 4600H with Radeon Graphics         , 12 cores, 15G,  Windows 11 , 64 bit Build 22621 (10.0.22621.4830)
Time: Fri Feb 21 11:45:17 2025 W. Europe Standard Time elapsed time: 12.350754 seconds (0d 0h 0m 12s)

---------------  T H R E A D  ---------------

Current thread (0x0000016a84dc58a0):  JavaThread "C2 CompilerThread1" daemon [_thread_in_native, id=3764, stack(0x0000001326a00000,0x0000001326b00000)]


Current CompileTask:
C2:  12351 7201       4       org.jetbrains.kotlin.cli.jvm.index.JvmDependenciesIndexImpl::search (374 bytes)

Stack: [0x0000001326a00000,0x0000001326b00000]
Native frames: (J=compiled Java code, j=interpreted, Vv=VM code, C=native code)
V  [jvm.dll+0x67cb49]
V  [jvm.dll+0x8344da]
V  [jvm.dll+0x835f9e]
V  [jvm.dll+0x836603]
V  [jvm.dll+0x247b5f]
V  [jvm.dll+0xac43c]
V  [jvm.dll+0xaca8c]
V  [jvm.dll+0x366c32]
V  [jvm.dll+0x1bd426]
V  [jvm.dll+0x21a359]
V  [jvm.dll+0x219621]
V  [jvm.dll+0x1a56cd]
V  [jvm.dll+0x2293ee]
V  [jvm.dll+0x2275bc]
V  [jvm.dll+0x7e95a7]
V  [jvm.dll+0x7e396a]
V  [jvm.dll+0x67ba35]
C  [ucrtbase.dll+0x29333]
C  [KERNEL32.DLL+0x1259d]
C  [ntdll.dll+0x5af38]


---------------  P R O C E S S  ---------------

Threads class SMR info:
_java_thread_list=0x0000016aba9144d0, length=56, elements={
0x0000016a9b97db30, 0x0000016aba28d490, 0x0000016aba28e310, 0x0000016aba3b75f0,
0x0000016aba3b7ec0, 0x0000016aba3bb3b0, 0x0000016aba3bc180, 0x0000016aba3beea0,
0x0000016aba3cca80, 0x0000016aba3cd4a0, 0x0000016aba4c1a20, 0x0000016aba62a080,
0x0000016abaa0b570, 0x0000016a80e6ec00, 0x0000016a805e4390, 0x0000016a80ccde30,
0x0000016a81854030, 0x0000016a811d7400, 0x0000016a81404890, 0x0000016a811d0570,
0x0000016a811cf640, 0x0000016a811cfb50, 0x0000016a811d0060, 0x0000016a811d19b0,
0x0000016a811d0a80, 0x0000016a811cf130, 0x0000016a811d0f90, 0x0000016a811cec20,
0x0000016a811d1ec0, 0x0000016a811d23d0, 0x0000016a84236060, 0x0000016a8423ac50,
0x0000016a8423d9e0, 0x0000016a8423cfc0, 0x0000016a8423c5a0, 0x0000016a84239d20,
0x0000016a84239810, 0x0000016a84239300, 0x0000016a8423a230, 0x0000016a8423b160,
0x0000016a842379b0, 0x0000016a84236f90, 0x0000016a84236570, 0x0000016a84236a80,
0x0000016a8423b670, 0x0000016a842388e0, 0x0000016a84238df0, 0x0000016a84237ec0,
0x0000016a842374a0, 0x0000016a8423bb80, 0x0000016a8423cab0, 0x0000016a8423d4d0,
0x0000016a812e7b00, 0x0000016a812e5280, 0x0000016a84dc58a0, 0x0000016a84dbfe50
}

Java Threads: ( => current thread )
  0x0000016a9b97db30 JavaThread "main" [_thread_blocked, id=8708, stack(0x0000001325700000,0x0000001325800000)]
  0x0000016aba28d490 JavaThread "Reference Handler" daemon [_thread_blocked, id=15396, stack(0x0000001325e00000,0x0000001325f00000)]
  0x0000016aba28e310 JavaThread "Finalizer" daemon [_thread_blocked, id=15348, stack(0x0000001325f00000,0x0000001326000000)]
  0x0000016aba3b75f0 JavaThread "Signal Dispatcher" daemon [_thread_blocked, id=17072, stack(0x0000001326000000,0x0000001326100000)]
  0x0000016aba3b7ec0 JavaThread "Attach Listener" daemon [_thread_blocked, id=15636, stack(0x0000001326100000,0x0000001326200000)]
  0x0000016aba3bb3b0 JavaThread "Service Thread" daemon [_thread_blocked, id=24764, stack(0x0000001326200000,0x0000001326300000)]
  0x0000016aba3bc180 JavaThread "Monitor Deflation Thread" daemon [_thread_blocked, id=17456, stack(0x0000001326300000,0x0000001326400000)]
  0x0000016aba3beea0 JavaThread "C2 CompilerThread0" daemon [_thread_blocked, id=6300, stack(0x0000001326400000,0x0000001326500000)]
  0x0000016aba3cca80 JavaThread "C1 CompilerThread0" daemon [_thread_blocked, id=23920, stack(0x0000001326500000,0x0000001326600000)]
  0x0000016aba3cd4a0 JavaThread "Sweeper thread" daemon [_thread_blocked, id=11696, stack(0x0000001326600000,0x0000001326700000)]
  0x0000016aba4c1a20 JavaThread "Common-Cleaner" daemon [_thread_blocked, id=17784, stack(0x0000001326700000,0x0000001326800000)]
  0x0000016aba62a080 JavaThread "Notification Thread" daemon [_thread_blocked, id=24492, stack(0x0000001326800000,0x0000001326900000)]
  0x0000016abaa0b570 JavaThread "Daemon health stats" [_thread_blocked, id=17496, stack(0x0000001326b00000,0x0000001326c00000)]
  0x0000016a80e6ec00 JavaThread "Incoming local TCP Connector on port 4053" [_thread_in_native, id=23916, stack(0x0000001327000000,0x0000001327100000)]
  0x0000016a805e4390 JavaThread "Daemon periodic checks" [_thread_blocked, id=22908, stack(0x0000001327100000,0x0000001327200000)]
  0x0000016a80ccde30 JavaThread "Daemon" [_thread_blocked, id=15504, stack(0x0000001327200000,0x0000001327300000)]
  0x0000016a81854030 JavaThread "Handler for socket connection from /127.0.0.1:4053 to /127.0.0.1:4054" [_thread_in_native, id=18660, stack(0x0000001327300000,0x0000001327400000)]
  0x0000016a811d7400 JavaThread "Cancel handler" [_thread_blocked, id=22388, stack(0x0000001327400000,0x0000001327500000)]
  0x0000016a81404890 JavaThread "Daemon worker" [_thread_in_vm, id=17480, stack(0x0000001327500000,0x0000001327600000)]
  0x0000016a811d0570 JavaThread "Asynchronous log dispatcher for DefaultDaemonConnection: socket connection from /127.0.0.1:4053 to /127.0.0.1:4054" [_thread_blocked, id=23796, stack(0x0000001327600000,0x0000001327700000)]
  0x0000016a811cf640 JavaThread "Stdin handler" [_thread_blocked, id=4108, stack(0x0000001327700000,0x0000001327800000)]
  0x0000016a811cfb50 JavaThread "Daemon client event forwarder" [_thread_blocked, id=17488, stack(0x0000001327800000,0x0000001327900000)]
  0x0000016a811d0060 JavaThread "Cache worker for journal cache (C:\Users\busi4\.gradle\caches\journal-1)" [_thread_blocked, id=10984, stack(0x0000001327900000,0x0000001327a00000)]
  0x0000016a811d19b0 JavaThread "File lock request listener" [_thread_in_native, id=17368, stack(0x0000001327a00000,0x0000001327b00000)]
  0x0000016a811d0a80 JavaThread "Cache worker for file hash cache (C:\Users\busi4\.gradle\caches\8.7\fileHashes)" [_thread_blocked, id=23352, stack(0x0000001327b00000,0x0000001327c00000)]
  0x0000016a811cf130 JavaThread "Cache worker for file hash cache (C:\Programming\Ui\.gradle\8.7\fileHashes)" [_thread_blocked, id=24484, stack(0x0000001327c00000,0x0000001327d00000)]
  0x0000016a811d0f90 JavaThread "File watcher server" daemon [_thread_in_native, id=23816, stack(0x0000001327d00000,0x0000001327e00000)]
  0x0000016a811cec20 JavaThread "File watcher consumer" daemon [_thread_blocked, id=12200, stack(0x0000001327e00000,0x0000001327f00000)]
  0x0000016a811d1ec0 JavaThread "jar transforms" [_thread_blocked, id=25352, stack(0x0000001328600000,0x0000001328700000)]
  0x0000016a811d23d0 JavaThread "jar transforms Thread 2" [_thread_blocked, id=6272, stack(0x0000001328700000,0x0000001328800000)]
  0x0000016a84236060 JavaThread "jar transforms Thread 3" [_thread_blocked, id=17420, stack(0x0000001328800000,0x0000001328900000)]
  0x0000016a8423ac50 JavaThread "jar transforms Thread 4" [_thread_blocked, id=24724, stack(0x0000001328900000,0x0000001328a00000)]
  0x0000016a8423d9e0 JavaThread "jar transforms Thread 5" [_thread_blocked, id=24336, stack(0x0000001328a00000,0x0000001328b00000)]
  0x0000016a8423cfc0 JavaThread "jar transforms Thread 6" [_thread_blocked, id=9848, stack(0x0000001328b00000,0x0000001328c00000)]
  0x0000016a8423c5a0 JavaThread "jar transforms Thread 7" [_thread_blocked, id=15344, stack(0x0000001328c00000,0x0000001328d00000)]
  0x0000016a84239d20 JavaThread "jar transforms Thread 8" [_thread_blocked, id=10588, stack(0x0000001328d00000,0x0000001328e00000)]
  0x0000016a84239810 JavaThread "jar transforms Thread 9" [_thread_blocked, id=10068, stack(0x0000001328e00000,0x0000001328f00000)]
  0x0000016a84239300 JavaThread "jar transforms Thread 10" [_thread_blocked, id=24272, stack(0x0000001328f00000,0x0000001329000000)]
  0x0000016a8423a230 JavaThread "jar transforms Thread 11" [_thread_blocked, id=17620, stack(0x0000001329000000,0x0000001329100000)]
  0x0000016a8423b160 JavaThread "jar transforms Thread 12" [_thread_blocked, id=11692, stack(0x0000001329100000,0x0000001329200000)]
  0x0000016a842379b0 JavaThread "Cache worker for checksums cache (C:\Programming\Ui\.gradle\8.7\checksums)" [_thread_blocked, id=17468, stack(0x0000001329200000,0x0000001329300000)]
  0x0000016a84236f90 JavaThread "Cache worker for cache directory md-supplier (C:\Users\busi4\.gradle\caches\8.7\md-supplier)" [_thread_blocked, id=18668, stack(0x0000001329300000,0x0000001329400000)]
  0x0000016a84236570 JavaThread "Cache worker for cache directory md-rule (C:\Users\busi4\.gradle\caches\8.7\md-rule)" [_thread_blocked, id=16536, stack(0x0000001329400000,0x0000001329500000)]
  0x0000016a84236a80 JavaThread "Cache worker for file content cache (C:\Users\busi4\.gradle\caches\8.7\fileContent)" [_thread_blocked, id=4432, stack(0x0000001329500000,0x0000001329600000)]
  0x0000016a8423b670 JavaThread "Unconstrained build operations" [_thread_blocked, id=23596, stack(0x0000001329700000,0x0000001329800000)]
  0x0000016a842388e0 JavaThread "Unconstrained build operations Thread 2" [_thread_blocked, id=21716, stack(0x0000001329800000,0x0000001329900000)]
  0x0000016a84238df0 JavaThread "Unconstrained build operations Thread 3" [_thread_blocked, id=25108, stack(0x0000001329900000,0x0000001329a00000)]
  0x0000016a84237ec0 JavaThread "Unconstrained build operations Thread 4" [_thread_blocked, id=13948, stack(0x0000001329a00000,0x0000001329b00000)]
  0x0000016a842374a0 JavaThread "Unconstrained build operations Thread 5" [_thread_blocked, id=9296, stack(0x0000001329b00000,0x0000001329c00000)]
  0x0000016a8423bb80 JavaThread "Unconstrained build operations Thread 6" [_thread_blocked, id=15916, stack(0x0000001329c00000,0x0000001329d00000)]
  0x0000016a8423cab0 JavaThread "Unconstrained build operations Thread 7" [_thread_blocked, id=12428, stack(0x0000001329d00000,0x0000001329e00000)]
  0x0000016a8423d4d0 JavaThread "Unconstrained build operations Thread 8" [_thread_blocked, id=8792, stack(0x0000001329e00000,0x0000001329f00000)]
  0x0000016a812e7b00 JavaThread "Unconstrained build operations Thread 9" [_thread_blocked, id=9112, stack(0x0000001329f00000,0x000000132a000000)]
  0x0000016a812e5280 JavaThread "Unconstrained build operations Thread 10" [_thread_blocked, id=17616, stack(0x000000132a000000,0x000000132a100000)]
=>0x0000016a84dc58a0 JavaThread "C2 CompilerThread1" daemon [_thread_in_native, id=3764, stack(0x0000001326a00000,0x0000001326b00000)]
  0x0000016a84dbfe50 JavaThread "C2 CompilerThread2" daemon [_thread_in_native, id=14324, stack(0x0000001329600000,0x0000001329700000)]

Other Threads:
  0x0000016aba2897e0 VMThread "VM Thread" [stack: 0x0000001325d00000,0x0000001325e00000] [id=3644]
  0x0000016aba568dc0 WatcherThread [stack: 0x0000001326900000,0x0000001326a00000] [id=7460]
  0x0000016a9b9d8b10 GCTaskThread "GC Thread#0" [stack: 0x0000001325800000,0x0000001325900000] [id=20300]
  0x0000016a800d55c0 GCTaskThread "GC Thread#1" [stack: 0x0000001326c00000,0x0000001326d00000] [id=14368]
  0x0000016a800b73a0 GCTaskThread "GC Thread#2" [stack: 0x0000001326d00000,0x0000001326e00000] [id=2524]
  0x0000016a80103830 GCTaskThread "GC Thread#3" [stack: 0x0000001326e00000,0x0000001326f00000] [id=21472]
  0x0000016aba645a20 GCTaskThread "GC Thread#4" [stack: 0x0000001326f00000,0x0000001327000000] [id=22956]
  0x0000016a81e22b70 GCTaskThread "GC Thread#5" [stack: 0x0000001327f00000,0x0000001328000000] [id=21556]
  0x0000016a81e233b0 GCTaskThread "GC Thread#6" [stack: 0x0000001328000000,0x0000001328100000] [id=23576]
  0x0000016a81e22e30 GCTaskThread "GC Thread#7" [stack: 0x0000001328100000,0x0000001328200000] [id=9332]
  0x0000016a81e22330 GCTaskThread "GC Thread#8" [stack: 0x0000001328200000,0x0000001328300000] [id=21464]
  0x0000016a81e23670 GCTaskThread "GC Thread#9" [stack: 0x0000001328300000,0x0000001328400000] [id=9020]
  0x0000016a9b9ea270 ConcurrentGCThread "G1 Main Marker" [stack: 0x0000001325900000,0x0000001325a00000] [id=23928]
  0x0000016a9b9eac90 ConcurrentGCThread "G1 Conc#0" [stack: 0x0000001325a00000,0x0000001325b00000] [id=2900]
  0x0000016a81e22070 ConcurrentGCThread "G1 Conc#1" [stack: 0x0000001328400000,0x0000001328500000] [id=9744]
  0x0000016a81e225f0 ConcurrentGCThread "G1 Conc#2" [stack: 0x0000001328500000,0x0000001328600000] [id=6104]
  0x0000016aba1305e0 ConcurrentGCThread "G1 Refine#0" [stack: 0x0000001325b00000,0x0000001325c00000] [id=16704]
  0x0000016a80314730 ConcurrentGCThread "G1 Refine#1" [stack: 0x000000132a100000,0x000000132a200000] [id=24180]
  0x0000016aba130e20 ConcurrentGCThread "G1 Service" [stack: 0x0000001325c00000,0x0000001325d00000] [id=9364]

Threads with active compile tasks:
C2 CompilerThread1    12370 7201       4       org.jetbrains.kotlin.cli.jvm.index.JvmDependenciesIndexImpl::search (374 bytes)
C2 CompilerThread2    12370 7363       4       org.jetbrains.kotlin.serialization.deserialization.descriptors.DeserializedMemberScope::hasClass (17 bytes)

VM state: not at safepoint (normal execution)

VM Mutex/Monitor currently owned by a thread: None

Heap address: 0x0000000080000000, size: 2048 MB, Compressed Oops mode: 32-bit

CDS archive(s) mapped at: [0x0000016abb000000-0x0000016abbba0000-0x0000016abbba0000), size 12189696, SharedBaseAddress: 0x0000016abb000000, ArchiveRelocationMode: 1.
Compressed class space mapped at: 0x0000016abc000000-0x0000016afc000000, reserved size: 1073741824
Narrow klass base: 0x0000016abb000000, Narrow klass shift: 0, Narrow klass range: 0x100000000

GC Precious Log:
 CPUs: 12 total, 12 available
 Memory: 15741M
 Large Page Support: Disabled
 NUMA Support: Disabled
 Compressed Oops: Enabled (32-bit)
 Heap Region Size: 1M
 Heap Min Capacity: 8M
 Heap Initial Capacity: 246M
 Heap Max Capacity: 2G
 Pre-touch: Disabled
 Parallel Workers: 10
 Concurrent Workers: 3
 Concurrent Refinement Workers: 10
 Periodic GC: Disabled

Heap:
 garbage-first heap   total 193536K, used 150691K [0x0000000080000000, 0x0000000100000000)
  region size 1024K, 61 young (62464K), 8 survivors (8192K)
 Metaspace       used 83095K, committed 83712K, reserved 1179648K
  class space    used 11096K, committed 11392K, reserved 1048576K

Heap Regions: E=young(eden), S=young(survivor), O=old, HS=humongous(starts), HC=humongous(continues), CS=collection set, F=free, OA=open archive, CA=closed archive, TAMS=top-at-mark-start (previous, next)
|   0|0x0000000080000000, 0x0000000080100000, 0x0000000080100000|100%|HS|  |TAMS 0x0000000080100000, 0x0000000080000000| Complete 
|   1|0x0000000080100000, 0x0000000080200000, 0x0000000080200000|100%|HC|  |TAMS 0x0000000080200000, 0x0000000080100000| Complete 
|   2|0x0000000080200000, 0x0000000080300000, 0x0000000080300000|100%|HC|  |TAMS 0x0000000080300000, 0x0000000080200000| Complete 
|   3|0x0000000080300000, 0x0000000080400000, 0x0000000080400000|100%|HC|  |TAMS 0x0000000080400000, 0x0000000080300000| Complete 
|   4|0x0000000080400000, 0x0000000080500000, 0x0000000080500000|100%| O|  |TAMS 0x0000000080500000, 0x0000000080400000| Untracked 
|   5|0x0000000080500000, 0x0000000080600000, 0x0000000080600000|100%| O|  |TAMS 0x0000000080600000, 0x0000000080500000| Untracked 
|   6|0x0000000080600000, 0x0000000080700000, 0x0000000080700000|100%| O|  |TAMS 0x0000000080700000, 0x0000000080600000| Untracked 
|   7|0x0000000080700000, 0x0000000080800000, 0x0000000080800000|100%| O|  |TAMS 0x0000000080800000, 0x0000000080700000| Untracked 
|   8|0x0000000080800000, 0x0000000080900000, 0x0000000080900000|100%| O|  |TAMS 0x0000000080900000, 0x0000000080800000| Untracked 
|   9|0x0000000080900000, 0x0000000080a00000, 0x0000000080a00000|100%| O|  |TAMS 0x0000000080a00000, 0x0000000080900000| Untracked 
|  10|0x0000000080a00000, 0x0000000080b00000, 0x0000000080b00000|100%| O|  |TAMS 0x0000000080b00000, 0x0000000080a00000| Untracked 
|  11|0x0000000080b00000, 0x0000000080c00000, 0x0000000080c00000|100%|HS|  |TAMS 0x0000000080c00000, 0x0000000080b00000| Complete 
|  12|0x0000000080c00000, 0x0000000080d00000, 0x0000000080d00000|100%|HC|  |TAMS 0x0000000080d00000, 0x0000000080c00000| Complete 
|  13|0x0000000080d00000, 0x0000000080e00000, 0x0000000080e00000|100%|HC|  |TAMS 0x0000000080e00000, 0x0000000080d00000| Complete 
|  14|0x0000000080e00000, 0x0000000080f00000, 0x0000000080f00000|100%|HC|  |TAMS 0x0000000080f00000, 0x0000000080e00000| Complete 
|  15|0x0000000080f00000, 0x0000000081000000, 0x0000000081000000|100%|HC|  |TAMS 0x0000000081000000, 0x0000000080f00000| Complete 
|  16|0x0000000081000000, 0x0000000081100000, 0x0000000081100000|100%|HS|  |TAMS 0x0000000081100000, 0x0000000081000000| Complete 
|  17|0x0000000081100000, 0x0000000081200000, 0x0000000081200000|100%|HC|  |TAMS 0x0000000081200000, 0x0000000081100000| Complete 
|  18|0x0000000081200000, 0x0000000081300000, 0x0000000081300000|100%|HC|  |TAMS 0x0000000081300000, 0x0000000081200000| Complete 
|  19|0x0000000081300000, 0x0000000081400000, 0x0000000081400000|100%|HS|  |TAMS 0x0000000081400000, 0x0000000081300000| Complete 
|  20|0x0000000081400000, 0x0000000081500000, 0x0000000081500000|100%|HC|  |TAMS 0x0000000081500000, 0x0000000081400000| Complete 
|  21|0x0000000081500000, 0x0000000081600000, 0x0000000081600000|100%|HS|  |TAMS 0x0000000081600000, 0x0000000081500000| Complete 
|  22|0x0000000081600000, 0x0000000081700000, 0x0000000081700000|100%| O|  |TAMS 0x0000000081700000, 0x0000000081600000| Untracked 
|  23|0x0000000081700000, 0x0000000081800000, 0x0000000081800000|100%| O|  |TAMS 0x0000000081800000, 0x0000000081700000| Untracked 
|  24|0x0000000081800000, 0x0000000081900000, 0x0000000081900000|100%| O|  |TAMS 0x0000000081900000, 0x0000000081800000| Untracked 
|  25|0x0000000081900000, 0x0000000081a00000, 0x0000000081a00000|100%| O|  |TAMS 0x0000000081a00000, 0x0000000081900000| Untracked 
|  26|0x0000000081a00000, 0x0000000081b00000, 0x0000000081b00000|100%| O|  |TAMS 0x0000000081b00000, 0x0000000081a00000| Untracked 
|  27|0x0000000081b00000, 0x0000000081c00000, 0x0000000081c00000|100%| O|  |TAMS 0x0000000081c00000, 0x0000000081b00000| Untracked 
|  28|0x0000000081c00000, 0x0000000081d00000, 0x0000000081d00000|100%| O|  |TAMS 0x0000000081d00000, 0x0000000081c00000| Untracked 
|  29|0x0000000081d00000, 0x0000000081e00000, 0x0000000081e00000|100%| O|  |TAMS 0x0000000081e00000, 0x0000000081d00000| Untracked 
|  30|0x0000000081e00000, 0x0000000081f00000, 0x0000000081f00000|100%| O|  |TAMS 0x0000000081f00000, 0x0000000081e00000| Untracked 
|  31|0x0000000081f00000, 0x0000000082000000, 0x0000000082000000|100%| O|  |TAMS 0x0000000082000000, 0x0000000081f00000| Untracked 
|  32|0x0000000082000000, 0x0000000082100000, 0x0000000082100000|100%| O|  |TAMS 0x0000000082100000, 0x0000000082000000| Untracked 
|  33|0x0000000082100000, 0x0000000082200000, 0x0000000082200000|100%| O|  |TAMS 0x0000000082200000, 0x0000000082100000| Untracked 
|  34|0x0000000082200000, 0x0000000082300000, 0x0000000082300000|100%| O|  |TAMS 0x0000000082300000, 0x0000000082200000| Untracked 
|  35|0x0000000082300000, 0x0000000082400000, 0x0000000082400000|100%| O|  |TAMS 0x0000000082400000, 0x0000000082300000| Untracked 
|  36|0x0000000082400000, 0x0000000082500000, 0x0000000082500000|100%| O|  |TAMS 0x0000000082500000, 0x0000000082400000| Untracked 
|  37|0x0000000082500000, 0x0000000082600000, 0x0000000082600000|100%|HS|  |TAMS 0x0000000082500000, 0x0000000082500000| Complete 
|  38|0x0000000082600000, 0x0000000082700000, 0x0000000082700000|100%| O|  |TAMS 0x0000000082700000, 0x0000000082600000| Untracked 
|  39|0x0000000082700000, 0x0000000082800000, 0x0000000082800000|100%| O|  |TAMS 0x0000000082800000, 0x0000000082700000| Untracked 
|  40|0x0000000082800000, 0x0000000082900000, 0x0000000082900000|100%|HS|  |TAMS 0x0000000082900000, 0x0000000082800000| Complete 
|  41|0x0000000082900000, 0x0000000082a00000, 0x0000000082a00000|100%|HC|  |TAMS 0x0000000082a00000, 0x0000000082900000| Complete 
|  42|0x0000000082a00000, 0x0000000082b00000, 0x0000000082b00000|100%| O|  |TAMS 0x0000000082b00000, 0x0000000082a00000| Untracked 
|  43|0x0000000082b00000, 0x0000000082c00000, 0x0000000082c00000|100%| O|  |TAMS 0x0000000082c00000, 0x0000000082b00000| Untracked 
|  44|0x0000000082c00000, 0x0000000082d00000, 0x0000000082d00000|100%| O|  |TAMS 0x0000000082d00000, 0x0000000082c00000| Untracked 
|  45|0x0000000082d00000, 0x0000000082e00000, 0x0000000082e00000|100%|HS|  |TAMS 0x0000000082e00000, 0x0000000082d00000| Complete 
|  46|0x0000000082e00000, 0x0000000082f00000, 0x0000000082f00000|100%|HC|  |TAMS 0x0000000082f00000, 0x0000000082e00000| Complete 
|  47|0x0000000082f00000, 0x0000000083000000, 0x0000000083000000|100%|HC|  |TAMS 0x0000000083000000, 0x0000000082f00000| Complete 
|  48|0x0000000083000000, 0x0000000083100000, 0x0000000083100000|100%|HC|  |TAMS 0x0000000083100000, 0x0000000083000000| Complete 
|  49|0x0000000083100000, 0x0000000083200000, 0x0000000083200000|100%|HC|  |TAMS 0x0000000083200000, 0x0000000083100000| Complete 
|  50|0x0000000083200000, 0x0000000083300000, 0x0000000083300000|100%|HS|  |TAMS 0x0000000083300000, 0x0000000083200000| Complete 
|  51|0x0000000083300000, 0x0000000083400000, 0x0000000083400000|100%|HC|  |TAMS 0x0000000083400000, 0x0000000083300000| Complete 
|  52|0x0000000083400000, 0x0000000083500000, 0x0000000083500000|100%|HC|  |TAMS 0x0000000083500000, 0x0000000083400000| Complete 
|  53|0x0000000083500000, 0x0000000083600000, 0x0000000083600000|100%|HC|  |TAMS 0x0000000083600000, 0x0000000083500000| Complete 
|  54|0x0000000083600000, 0x0000000083700000, 0x0000000083700000|100%|HC|  |TAMS 0x0000000083700000, 0x0000000083600000| Complete 
|  55|0x0000000083700000, 0x0000000083800000, 0x0000000083800000|100%| O|  |TAMS 0x0000000083800000, 0x0000000083700000| Untracked 
|  56|0x0000000083800000, 0x0000000083900000, 0x0000000083900000|100%| O|  |TAMS 0x0000000083900000, 0x0000000083800000| Untracked 
|  57|0x0000000083900000, 0x0000000083a00000, 0x0000000083a00000|100%| O|  |TAMS 0x0000000083a00000, 0x0000000083900000| Untracked 
|  58|0x0000000083a00000, 0x0000000083b00000, 0x0000000083b00000|100%| O|  |TAMS 0x0000000083a37200, 0x0000000083a00000| Untracked 
|  59|0x0000000083b00000, 0x0000000083c00000, 0x0000000083c00000|100%| O|  |TAMS 0x0000000083c00000, 0x0000000083b00000| Untracked 
|  60|0x0000000083c00000, 0x0000000083d00000, 0x0000000083d00000|100%| O|  |TAMS 0x0000000083d00000, 0x0000000083c00000| Untracked 
|  61|0x0000000083d00000, 0x0000000083e00000, 0x0000000083e00000|100%| O|  |TAMS 0x0000000083d00000, 0x0000000083d00000| Untracked 
|  62|0x0000000083e00000, 0x0000000083f00000, 0x0000000083f00000|100%|HS|  |TAMS 0x0000000083e00000, 0x0000000083e00000| Complete 
|  63|0x0000000083f00000, 0x0000000084000000, 0x0000000084000000|100%|HC|  |TAMS 0x0000000083f00000, 0x0000000083f00000| Complete 
|  64|0x0000000084000000, 0x0000000084100000, 0x0000000084100000|100%|HC|  |TAMS 0x0000000084000000, 0x0000000084000000| Complete 
|  65|0x0000000084100000, 0x0000000084200000, 0x0000000084200000|100%|HC|  |TAMS 0x0000000084100000, 0x0000000084100000| Complete 
|  66|0x0000000084200000, 0x0000000084300000, 0x0000000084300000|100%|HC|  |TAMS 0x0000000084200000, 0x0000000084200000| Complete 
|  67|0x0000000084300000, 0x0000000084400000, 0x0000000084400000|100%|HC|  |TAMS 0x0000000084300000, 0x0000000084300000| Complete 
|  68|0x0000000084400000, 0x0000000084500000, 0x0000000084500000|100%| O|  |TAMS 0x0000000084400000, 0x0000000084400000| Untracked 
|  69|0x0000000084500000, 0x0000000084600000, 0x0000000084600000|100%| O|  |TAMS 0x0000000084500000, 0x0000000084500000| Untracked 
|  70|0x0000000084600000, 0x0000000084700000, 0x0000000084700000|100%| O|  |TAMS 0x0000000084600000, 0x0000000084600000| Untracked 
|  71|0x0000000084700000, 0x0000000084800000, 0x0000000084800000|100%| O|  |TAMS 0x0000000084700000, 0x0000000084700000| Untracked 
|  72|0x0000000084800000, 0x0000000084900000, 0x0000000084900000|100%| O|  |TAMS 0x0000000084800000, 0x0000000084800000| Untracked 
|  73|0x0000000084900000, 0x0000000084a00000, 0x0000000084a00000|100%| O|  |TAMS 0x0000000084900000, 0x0000000084900000| Untracked 
|  74|0x0000000084a00000, 0x0000000084b00000, 0x0000000084b00000|100%| O|  |TAMS 0x0000000084a00000, 0x0000000084a00000| Untracked 
|  75|0x0000000084b00000, 0x0000000084c00000, 0x0000000084c00000|100%| O|  |TAMS 0x0000000084b00000, 0x0000000084b00000| Untracked 
|  76|0x0000000084c00000, 0x0000000084d00000, 0x0000000084d00000|100%| O|  |TAMS 0x0000000084c00000, 0x0000000084c00000| Untracked 
|  77|0x0000000084d00000, 0x0000000084e00000, 0x0000000084e00000|100%| O|  |TAMS 0x0000000084d00000, 0x0000000084d00000| Untracked 
|  78|0x0000000084e00000, 0x0000000084f00000, 0x0000000084f00000|100%| O|  |TAMS 0x0000000084e00000, 0x0000000084e00000| Untracked 
|  79|0x0000000084f00000, 0x0000000084f00000, 0x0000000085000000|  0%| F|  |TAMS 0x0000000084f00000, 0x0000000084f00000| Untracked 
|  80|0x0000000085000000, 0x0000000085100000, 0x0000000085100000|100%| O|  |TAMS 0x0000000085000000, 0x0000000085000000| Untracked 
|  81|0x0000000085100000, 0x0000000085200000, 0x0000000085200000|100%| O|  |TAMS 0x0000000085100000, 0x0000000085100000| Untracked 
|  82|0x0000000085200000, 0x0000000085300000, 0x0000000085300000|100%| O|  |TAMS 0x0000000085200000, 0x0000000085200000| Untracked 
|  83|0x0000000085300000, 0x0000000085400000, 0x0000000085400000|100%| O|  |TAMS 0x0000000085300000, 0x0000000085300000| Untracked 
|  84|0x0000000085400000, 0x0000000085409600, 0x0000000085500000|  3%| O|  |TAMS 0x0000000085400000, 0x0000000085400000| Untracked 
|  85|0x0000000085500000, 0x0000000085500000, 0x0000000085600000|  0%| F|  |TAMS 0x0000000085500000, 0x0000000085500000| Untracked 
|  86|0x0000000085600000, 0x0000000085600000, 0x0000000085700000|  0%| F|  |TAMS 0x0000000085600000, 0x0000000085600000| Untracked 
|  87|0x0000000085700000, 0x0000000085700000, 0x0000000085800000|  0%| F|  |TAMS 0x0000000085700000, 0x0000000085700000| Untracked 
|  88|0x0000000085800000, 0x0000000085800000, 0x0000000085900000|  0%| F|  |TAMS 0x0000000085800000, 0x0000000085800000| Untracked 
|  89|0x0000000085900000, 0x0000000085900000, 0x0000000085a00000|  0%| F|  |TAMS 0x0000000085900000, 0x0000000085900000| Untracked 
|  90|0x0000000085a00000, 0x0000000085a00000, 0x0000000085b00000|  0%| F|  |TAMS 0x0000000085a00000, 0x0000000085a00000| Untracked 
|  91|0x0000000085b00000, 0x0000000085b00000, 0x0000000085c00000|  0%| F|  |TAMS 0x0000000085b00000, 0x0000000085b00000| Untracked 
|  92|0x0000000085c00000, 0x0000000085c00000, 0x0000000085d00000|  0%| F|  |TAMS 0x0000000085c00000, 0x0000000085c00000| Untracked 
|  93|0x0000000085d00000, 0x0000000085d00000, 0x0000000085e00000|  0%| F|  |TAMS 0x0000000085d00000, 0x0000000085d00000| Untracked 
|  94|0x0000000085e00000, 0x0000000085e00000, 0x0000000085f00000|  0%| F|  |TAMS 0x0000000085e00000, 0x0000000085e00000| Untracked 
|  95|0x0000000085f00000, 0x0000000085f00000, 0x0000000086000000|  0%| F|  |TAMS 0x0000000085f00000, 0x0000000085f00000| Untracked 
|  96|0x0000000086000000, 0x0000000086000000, 0x0000000086100000|  0%| F|  |TAMS 0x0000000086000000, 0x0000000086000000| Untracked 
|  97|0x0000000086100000, 0x0000000086100000, 0x0000000086200000|  0%| F|  |TAMS 0x0000000086100000, 0x0000000086100000| Untracked 
|  98|0x0000000086200000, 0x0000000086200000, 0x0000000086300000|  0%| F|  |TAMS 0x0000000086200000, 0x0000000086200000| Untracked 
|  99|0x0000000086300000, 0x0000000086300000, 0x0000000086400000|  0%| F|  |TAMS 0x0000000086300000, 0x0000000086300000| Untracked 
| 100|0x0000000086400000, 0x0000000086400000, 0x0000000086500000|  0%| F|  |TAMS 0x0000000086400000, 0x0000000086400000| Untracked 
| 101|0x0000000086500000, 0x0000000086500000, 0x0000000086600000|  0%| F|  |TAMS 0x0000000086500000, 0x0000000086500000| Untracked 
| 102|0x0000000086600000, 0x0000000086600000, 0x0000000086700000|  0%| F|  |TAMS 0x0000000086600000, 0x0000000086600000| Untracked 
| 103|0x0000000086700000, 0x0000000086700000, 0x0000000086800000|  0%| F|  |TAMS 0x0000000086700000, 0x0000000086700000| Untracked 
| 104|0x0000000086800000, 0x0000000086800000, 0x0000000086900000|  0%| F|  |TAMS 0x0000000086800000, 0x0000000086800000| Untracked 
| 105|0x0000000086900000, 0x0000000086900000, 0x0000000086a00000|  0%| F|  |TAMS 0x0000000086900000, 0x0000000086900000| Untracked 
| 106|0x0000000086a00000, 0x0000000086a00000, 0x0000000086b00000|  0%| F|  |TAMS 0x0000000086a00000, 0x0000000086a00000| Untracked 
| 107|0x0000000086b00000, 0x0000000086b00000, 0x0000000086c00000|  0%| F|  |TAMS 0x0000000086b00000, 0x0000000086b00000| Untracked 
| 108|0x0000000086c00000, 0x0000000086c00000, 0x0000000086d00000|  0%| F|  |TAMS 0x0000000086c00000, 0x0000000086c00000| Untracked 
| 109|0x0000000086d00000, 0x0000000086d1f988, 0x0000000086e00000| 12%| S|CS|TAMS 0x0000000086d00000, 0x0000000086d00000| Complete 
| 110|0x0000000086e00000, 0x0000000086f00000, 0x0000000086f00000|100%| S|CS|TAMS 0x0000000086e00000, 0x0000000086e00000| Complete 
| 111|0x0000000086f00000, 0x0000000087000000, 0x0000000087000000|100%| S|CS|TAMS 0x0000000086f00000, 0x0000000086f00000| Complete 
| 112|0x0000000087000000, 0x0000000087000000, 0x0000000087100000|  0%| F|  |TAMS 0x0000000087000000, 0x0000000087000000| Untracked 
| 113|0x0000000087100000, 0x0000000087200000, 0x0000000087200000|100%| S|CS|TAMS 0x0000000087100000, 0x0000000087100000| Complete 
| 114|0x0000000087200000, 0x0000000087300000, 0x0000000087300000|100%| S|CS|TAMS 0x0000000087200000, 0x0000000087200000| Complete 
| 115|0x0000000087300000, 0x0000000087400000, 0x0000000087400000|100%| S|CS|TAMS 0x0000000087300000, 0x0000000087300000| Complete 
| 116|0x0000000087400000, 0x0000000087500000, 0x0000000087500000|100%| S|CS|TAMS 0x0000000087400000, 0x0000000087400000| Complete 
| 117|0x0000000087500000, 0x0000000087600000, 0x0000000087600000|100%| S|CS|TAMS 0x0000000087500000, 0x0000000087500000| Complete 
| 118|0x0000000087600000, 0x0000000087600000, 0x0000000087700000|  0%| F|  |TAMS 0x0000000087600000, 0x0000000087600000| Untracked 
| 119|0x0000000087700000, 0x0000000087700000, 0x0000000087800000|  0%| F|  |TAMS 0x0000000087700000, 0x0000000087700000| Untracked 
| 120|0x0000000087800000, 0x0000000087800000, 0x0000000087900000|  0%| F|  |TAMS 0x0000000087800000, 0x0000000087800000| Untracked 
| 121|0x0000000087900000, 0x0000000087900000, 0x0000000087a00000|  0%| F|  |TAMS 0x0000000087900000, 0x0000000087900000| Untracked 
| 122|0x0000000087a00000, 0x0000000087a00000, 0x0000000087b00000|  0%| F|  |TAMS 0x0000000087a00000, 0x0000000087a00000| Untracked 
| 123|0x0000000087b00000, 0x0000000087b00000, 0x0000000087c00000|  0%| F|  |TAMS 0x0000000087b00000, 0x0000000087b00000| Untracked 
| 124|0x0000000087c00000, 0x0000000087c00000, 0x0000000087d00000|  0%| F|  |TAMS 0x0000000087c00000, 0x0000000087c00000| Untracked 
| 125|0x0000000087d00000, 0x0000000087d00000, 0x0000000087e00000|  0%| F|  |TAMS 0x0000000087d00000, 0x0000000087d00000| Untracked 
| 126|0x0000000087e00000, 0x0000000087e00000, 0x0000000087f00000|  0%| F|  |TAMS 0x0000000087e00000, 0x0000000087e00000| Untracked 
| 127|0x0000000087f00000, 0x0000000087f00000, 0x0000000088000000|  0%| F|  |TAMS 0x0000000087f00000, 0x0000000087f00000| Untracked 
| 128|0x0000000088000000, 0x0000000088000000, 0x0000000088100000|  0%| F|  |TAMS 0x0000000088000000, 0x0000000088000000| Untracked 
| 129|0x0000000088100000, 0x0000000088100000, 0x0000000088200000|  0%| F|  |TAMS 0x0000000088100000, 0x0000000088100000| Untracked 
| 130|0x0000000088200000, 0x0000000088200000, 0x0000000088300000|  0%| F|  |TAMS 0x0000000088200000, 0x0000000088200000| Untracked 
| 131|0x0000000088300000, 0x000000008838e640, 0x0000000088400000| 55%| E|  |TAMS 0x0000000088300000, 0x0000000088300000| Complete 
| 132|0x0000000088400000, 0x0000000088500000, 0x0000000088500000|100%| E|CS|TAMS 0x0000000088400000, 0x0000000088400000| Complete 
| 133|0x0000000088500000, 0x0000000088600000, 0x0000000088600000|100%| E|CS|TAMS 0x0000000088500000, 0x0000000088500000| Complete 
| 134|0x0000000088600000, 0x0000000088700000, 0x0000000088700000|100%| E|CS|TAMS 0x0000000088600000, 0x0000000088600000| Complete 
| 135|0x0000000088700000, 0x0000000088800000, 0x0000000088800000|100%| E|CS|TAMS 0x0000000088700000, 0x0000000088700000| Complete 
| 136|0x0000000088800000, 0x0000000088900000, 0x0000000088900000|100%| E|CS|TAMS 0x0000000088800000, 0x0000000088800000| Complete 
| 137|0x0000000088900000, 0x0000000088a00000, 0x0000000088a00000|100%| E|CS|TAMS 0x0000000088900000, 0x0000000088900000| Complete 
| 138|0x0000000088a00000, 0x0000000088b00000, 0x0000000088b00000|100%| E|CS|TAMS 0x0000000088a00000, 0x0000000088a00000| Complete 
| 139|0x0000000088b00000, 0x0000000088c00000, 0x0000000088c00000|100%| E|CS|TAMS 0x0000000088b00000, 0x0000000088b00000| Complete 
| 140|0x0000000088c00000, 0x0000000088d00000, 0x0000000088d00000|100%| E|CS|TAMS 0x0000000088c00000, 0x0000000088c00000| Complete 
| 141|0x0000000088d00000, 0x0000000088e00000, 0x0000000088e00000|100%| E|CS|TAMS 0x0000000088d00000, 0x0000000088d00000| Complete 
| 142|0x0000000088e00000, 0x0000000088f00000, 0x0000000088f00000|100%| E|CS|TAMS 0x0000000088e00000, 0x0000000088e00000| Complete 
| 143|0x0000000088f00000, 0x0000000089000000, 0x0000000089000000|100%| E|CS|TAMS 0x0000000088f00000, 0x0000000088f00000| Complete 
| 144|0x0000000089000000, 0x0000000089100000, 0x0000000089100000|100%| E|CS|TAMS 0x0000000089000000, 0x0000000089000000| Complete 
| 145|0x0000000089100000, 0x0000000089200000, 0x0000000089200000|100%| E|CS|TAMS 0x0000000089100000, 0x0000000089100000| Complete 
| 146|0x0000000089200000, 0x0000000089300000, 0x0000000089300000|100%| E|CS|TAMS 0x0000000089200000, 0x0000000089200000| Complete 
| 147|0x0000000089300000, 0x0000000089400000, 0x0000000089400000|100%| E|CS|TAMS 0x0000000089300000, 0x0000000089300000| Complete 
| 148|0x0000000089400000, 0x0000000089500000, 0x0000000089500000|100%| E|CS|TAMS 0x0000000089400000, 0x0000000089400000| Complete 
| 149|0x0000000089500000, 0x0000000089600000, 0x0000000089600000|100%| E|CS|TAMS 0x0000000089500000, 0x0000000089500000| Complete 
| 150|0x0000000089600000, 0x0000000089700000, 0x0000000089700000|100%| E|CS|TAMS 0x0000000089600000, 0x0000000089600000| Complete 
| 151|0x0000000089700000, 0x0000000089800000, 0x0000000089800000|100%| E|CS|TAMS 0x0000000089700000, 0x0000000089700000| Complete 
| 152|0x0000000089800000, 0x0000000089900000, 0x0000000089900000|100%| E|CS|TAMS 0x0000000089800000, 0x0000000089800000| Complete 
| 153|0x0000000089900000, 0x0000000089a00000, 0x0000000089a00000|100%| E|CS|TAMS 0x0000000089900000, 0x0000000089900000| Complete 
| 154|0x0000000089a00000, 0x0000000089b00000, 0x0000000089b00000|100%| E|CS|TAMS 0x0000000089a00000, 0x0000000089a00000| Complete 
| 155|0x0000000089b00000, 0x0000000089c00000, 0x0000000089c00000|100%| E|CS|TAMS 0x0000000089b00000, 0x0000000089b00000| Complete 
| 156|0x0000000089c00000, 0x0000000089d00000, 0x0000000089d00000|100%| E|CS|TAMS 0x0000000089c00000, 0x0000000089c00000| Complete 
| 157|0x0000000089d00000, 0x0000000089e00000, 0x0000000089e00000|100%| E|CS|TAMS 0x0000000089d00000, 0x0000000089d00000| Complete 
| 158|0x0000000089e00000, 0x0000000089f00000, 0x0000000089f00000|100%| E|CS|TAMS 0x0000000089e00000, 0x0000000089e00000| Complete 
| 159|0x0000000089f00000, 0x000000008a000000, 0x000000008a000000|100%| E|CS|TAMS 0x0000000089f00000, 0x0000000089f00000| Complete 
| 160|0x000000008a000000, 0x000000008a100000, 0x000000008a100000|100%| E|CS|TAMS 0x000000008a000000, 0x000000008a000000| Complete 
| 161|0x000000008a100000, 0x000000008a200000, 0x000000008a200000|100%| E|CS|TAMS 0x000000008a100000, 0x000000008a100000| Complete 
| 162|0x000000008a200000, 0x000000008a300000, 0x000000008a300000|100%| E|CS|TAMS 0x000000008a200000, 0x000000008a200000| Complete 
| 163|0x000000008a300000, 0x000000008a400000, 0x000000008a400000|100%| E|CS|TAMS 0x000000008a300000, 0x000000008a300000| Complete 
| 164|0x000000008a400000, 0x000000008a500000, 0x000000008a500000|100%| E|CS|TAMS 0x000000008a400000, 0x000000008a400000| Complete 
| 165|0x000000008a500000, 0x000000008a600000, 0x000000008a600000|100%| E|CS|TAMS 0x000000008a500000, 0x000000008a500000| Complete 
| 166|0x000000008a600000, 0x000000008a700000, 0x000000008a700000|100%| E|CS|TAMS 0x000000008a600000, 0x000000008a600000| Complete 
| 167|0x000000008a700000, 0x000000008a800000, 0x000000008a800000|100%| E|CS|TAMS 0x000000008a700000, 0x000000008a700000| Complete 
| 168|0x000000008a800000, 0x000000008a900000, 0x000000008a900000|100%| E|CS|TAMS 0x000000008a800000, 0x000000008a800000| Complete 
| 169|0x000000008a900000, 0x000000008aa00000, 0x000000008aa00000|100%| E|CS|TAMS 0x000000008a900000, 0x000000008a900000| Complete 
| 170|0x000000008aa00000, 0x000000008ab00000, 0x000000008ab00000|100%| E|CS|TAMS 0x000000008aa00000, 0x000000008aa00000| Complete 
| 171|0x000000008ab00000, 0x000000008ac00000, 0x000000008ac00000|100%| E|CS|TAMS 0x000000008ab00000, 0x000000008ab00000| Complete 
| 172|0x000000008ac00000, 0x000000008ad00000, 0x000000008ad00000|100%| E|CS|TAMS 0x000000008ac00000, 0x000000008ac00000| Complete 
| 173|0x000000008ad00000, 0x000000008ae00000, 0x000000008ae00000|100%| E|CS|TAMS 0x000000008ad00000, 0x000000008ad00000| Complete 
| 174|0x000000008ae00000, 0x000000008af00000, 0x000000008af00000|100%| E|CS|TAMS 0x000000008ae00000, 0x000000008ae00000| Complete 
| 175|0x000000008af00000, 0x000000008b000000, 0x000000008b000000|100%| E|CS|TAMS 0x000000008af00000, 0x000000008af00000| Complete 
| 176|0x000000008b000000, 0x000000008b100000, 0x000000008b100000|100%| E|CS|TAMS 0x000000008b000000, 0x000000008b000000| Complete 
| 177|0x000000008b100000, 0x000000008b200000, 0x000000008b200000|100%| E|CS|TAMS 0x000000008b100000, 0x000000008b100000| Complete 
| 178|0x000000008b200000, 0x000000008b300000, 0x000000008b300000|100%| E|CS|TAMS 0x000000008b200000, 0x000000008b200000| Complete 
| 179|0x000000008b300000, 0x000000008b400000, 0x000000008b400000|100%| E|CS|TAMS 0x000000008b300000, 0x000000008b300000| Complete 
| 180|0x000000008b400000, 0x000000008b500000, 0x000000008b500000|100%| E|CS|TAMS 0x000000008b400000, 0x000000008b400000| Complete 
| 181|0x000000008b500000, 0x000000008b600000, 0x000000008b600000|100%| E|CS|TAMS 0x000000008b500000, 0x000000008b500000| Complete 
| 182|0x000000008b600000, 0x000000008b700000, 0x000000008b700000|100%| E|CS|TAMS 0x000000008b600000, 0x000000008b600000| Complete 
| 245|0x000000008f500000, 0x000000008f600000, 0x000000008f600000|100%| E|CS|TAMS 0x000000008f500000, 0x000000008f500000| Complete 
|2043|0x00000000ffb00000, 0x00000000ffc00000, 0x00000000ffc00000|100%| O|  |TAMS 0x00000000ffc00000, 0x00000000ffb00000| Untracked 
|2044|0x00000000ffc00000, 0x00000000ffd00000, 0x00000000ffd00000|100%| O|  |TAMS 0x00000000ffd00000, 0x00000000ffc00000| Untracked 
|2045|0x00000000ffd00000, 0x00000000ffe00000, 0x00000000ffe00000|100%| O|  |TAMS 0x00000000ffe00000, 0x00000000ffd00000| Untracked 
|2046|0x00000000ffe00000, 0x00000000fff00000, 0x00000000fff00000|100%| O|  |TAMS 0x00000000fff00000, 0x00000000ffe00000| Untracked 
|2047|0x00000000fff00000, 0x0000000100000000, 0x0000000100000000|100%| O|  |TAMS 0x0000000100000000, 0x00000000fff00000| Untracked 

Card table byte_map: [0x0000016ab2dd0000,0x0000016ab31d0000] _byte_map_base: 0x0000016ab29d0000

Marking Bits (Prev, Next): (CMBitMap*) 0x0000016a9b9d9130, (CMBitMap*) 0x0000016a9b9d9170
 Prev Bits: [0x0000016ab35d0000, 0x0000016ab55d0000)
 Next Bits: [0x0000016ab55d0000, 0x0000016ab75d0000)

Polling page: 0x0000016a998f0000

Metaspace:

Usage:
  Non-class:     70.36 MB used.
      Class:     10.84 MB used.
       Both:     81.20 MB used.

Virtual space:
  Non-class space:      128.00 MB reserved,      70.69 MB ( 55%) committed,  2 nodes.
      Class space:        1.00 GB reserved,      11.12 MB (  1%) committed,  1 nodes.
             Both:        1.12 GB reserved,      81.81 MB (  7%) committed. 

Chunk freelists:
   Non-Class:  9.23 MB
       Class:  4.85 MB
        Both:  14.08 MB

MaxMetaspaceSize: unlimited
CompressedClassSpaceSize: 1.00 GB
Initial GC threshold: 21.00 MB
Current GC threshold: 82.12 MB
CDS: on
MetaspaceReclaimPolicy: balanced
 - commit_granule_bytes: 65536.
 - commit_granule_words: 8192.
 - virtual_space_node_default_size: 8388608.
 - enlarge_chunks_in_place: 1.
 - new_chunks_are_fully_committed: 0.
 - uncommit_free_chunks: 1.
 - use_allocation_guard: 0.
 - handle_deallocations: 1.


Internal statistics:

num_allocs_failed_limit: 3.
num_arena_births: 716.
num_arena_deaths: 0.
num_vsnodes_births: 3.
num_vsnodes_deaths: 0.
num_space_committed: 1307.
num_space_uncommitted: 0.
num_chunks_returned_to_freelist: 3.
num_chunks_taken_from_freelist: 3766.
num_chunk_merges: 3.
num_chunk_splits: 2830.
num_chunks_enlarged: 2248.
num_inconsistent_stats: 0.

CodeHeap 'non-profiled nmethods': size=120000Kb used=4071Kb max_used=4071Kb free=115928Kb
 bounds [0x0000016aaaf50000, 0x0000016aab350000, 0x0000016ab2480000]
CodeHeap 'profiled nmethods': size=120000Kb used=14064Kb max_used=14064Kb free=105935Kb
 bounds [0x0000016aa3480000, 0x0000016aa4240000, 0x0000016aaa9b0000]
CodeHeap 'non-nmethods': size=5760Kb used=2407Kb max_used=2470Kb free=3352Kb
 bounds [0x0000016aaa9b0000, 0x0000016aaac30000, 0x0000016aaaf50000]
 total_blobs=7693 nmethods=6750 adapters=853
 compilation: enabled
              stopped_count=0, restarted_count=0
 full_count=0

Compilation events (20 events):
Event: 12.344 Thread 0x0000016aba3cca80 nmethod 7469 0x0000016aab33c390 code [0x0000016aab33c520, 0x0000016aab33c5f8]
Event: 12.344 Thread 0x0000016aba3cca80 7470       1       org.jetbrains.kotlin.resolve.scopes.LexicalChainedScope::getParent (5 bytes)
Event: 12.344 Thread 0x0000016aba3cca80 nmethod 7470 0x0000016aab33c690 code [0x0000016aab33c820, 0x0000016aab33c8f8]
Event: 12.344 Thread 0x0000016aba3cca80 7471       3       org.jetbrains.kotlin.types.checker.ClassicTypeSystemContext$DefaultImpls::captureFromArguments (90 bytes)
Event: 12.345 Thread 0x0000016aba3cca80 nmethod 7471 0x0000016aa421c210 code [0x0000016aa421c6e0, 0x0000016aa421e818]
Event: 12.345 Thread 0x0000016aba3cca80 7472       3       org.jetbrains.kotlin.types.checker.NewCapturedTypeKt::captureFromArguments (41 bytes)
Event: 12.345 Thread 0x0000016aba3cca80 nmethod 7472 0x0000016aa421f310 code [0x0000016aa421f5c0, 0x0000016aa42200d8]
Event: 12.345 Thread 0x0000016aba3cca80 7473       3       java.util.HashMap::putAll (7 bytes)
Event: 12.346 Thread 0x0000016aba3cca80 nmethod 7473 0x0000016aa4220510 code [0x0000016aa42206a0, 0x0000016aa42207e8]
Event: 12.346 Thread 0x0000016aba3cca80 7474       1       org.jetbrains.kotlin.resolve.calls.inference.model.MutableConstraintStorage::getPostponedTypeVariables (5 bytes)
Event: 12.346 Thread 0x0000016aba3cca80 nmethod 7474 0x0000016aab33c990 code [0x0000016aab33cb20, 0x0000016aab33cbf8]
Event: 12.346 Thread 0x0000016aba3cca80 7475       3       kotlin.collections.IndexingIterable::<init> (16 bytes)
Event: 12.346 Thread 0x0000016aba3cca80 nmethod 7475 0x0000016aa4220890 code [0x0000016aa4220aa0, 0x0000016aa4221118]
Event: 12.346 Thread 0x0000016aba3cca80 7477       3       org.jetbrains.kotlin.com.intellij.psi.impl.source.tree.SharedImplUtil::findFileElement (65 bytes)
Event: 12.346 Thread 0x0000016aba3cca80 nmethod 7477 0x0000016aa4221390 code [0x0000016aa4221580, 0x0000016aa4221ca8]
Event: 12.346 Thread 0x0000016aba3cca80 7476       3       kotlin.collections.IndexingIterable::iterator (23 bytes)
Event: 12.347 Thread 0x0000016aba3cca80 nmethod 7476 0x0000016aa4221e90 code [0x0000016aa42220e0, 0x0000016aa4222a08]
Event: 12.347 Thread 0x0000016aba3cca80 7478       3       org.jetbrains.kotlin.types.TypeUtils::isNullableType (162 bytes)
Event: 12.349 Thread 0x0000016aba3cca80 nmethod 7478 0x0000016aa4222d10 code [0x0000016aa42232a0, 0x0000016aa4226248]
Event: 12.349 Thread 0x0000016aba3cca80 7479       3       org.jetbrains.kotlin.util.slicedMap.OpenAddressLinearProbingHashTableKt::put (80 bytes)

GC Heap History (20 events):
Event: 7.557 GC heap before
{Heap before GC invocations=15 (full 0):
 garbage-first heap   total 109568K, used 86649K [0x0000000080000000, 0x0000000100000000)
  region size 1024K, 21 young (21504K), 1 survivors (1024K)
 Metaspace       used 42699K, committed 43264K, reserved 1114112K
  class space    used 5944K, committed 6208K, reserved 1048576K
}
Event: 7.559 GC heap after
{Heap after GC invocations=16 (full 0):
 garbage-first heap   total 109568K, used 66788K [0x0000000080000000, 0x0000000100000000)
  region size 1024K, 1 young (1024K), 1 survivors (1024K)
 Metaspace       used 42699K, committed 43264K, reserved 1114112K
  class space    used 5944K, committed 6208K, reserved 1048576K
}
Event: 7.893 GC heap before
{Heap before GC invocations=17 (full 0):
 garbage-first heap   total 116736K, used 88292K [0x0000000080000000, 0x0000000100000000)
  region size 1024K, 22 young (22528K), 1 survivors (1024K)
 Metaspace       used 46532K, committed 47104K, reserved 1114112K
  class space    used 6890K, committed 7168K, reserved 1048576K
}
Event: 7.895 GC heap after
{Heap after GC invocations=18 (full 0):
 garbage-first heap   total 116736K, used 67317K [0x0000000080000000, 0x0000000100000000)
  region size 1024K, 2 young (2048K), 2 survivors (2048K)
 Metaspace       used 46532K, committed 47104K, reserved 1114112K
  class space    used 6890K, committed 7168K, reserved 1048576K
}
Event: 7.934 GC heap before
{Heap before GC invocations=18 (full 0):
 garbage-first heap   total 116736K, used 70389K [0x0000000080000000, 0x0000000100000000)
  region size 1024K, 5 young (5120K), 2 survivors (2048K)
 Metaspace       used 46811K, committed 47360K, reserved 1114112K
  class space    used 6936K, committed 7232K, reserved 1048576K
}
Event: 7.937 GC heap after
{Heap after GC invocations=19 (full 0):
 garbage-first heap   total 116736K, used 66891K [0x0000000080000000, 0x0000000100000000)
  region size 1024K, 1 young (1024K), 1 survivors (1024K)
 Metaspace       used 46811K, committed 47360K, reserved 1114112K
  class space    used 6936K, committed 7232K, reserved 1048576K
}
Event: 8.276 GC heap before
{Heap before GC invocations=19 (full 0):
 garbage-first heap   total 116736K, used 91467K [0x0000000080000000, 0x0000000100000000)
  region size 1024K, 26 young (26624K), 1 survivors (1024K)
 Metaspace       used 49640K, committed 50304K, reserved 1114112K
  class space    used 7303K, committed 7616K, reserved 1048576K
}
Event: 8.279 GC heap after
{Heap after GC invocations=20 (full 0):
 garbage-first heap   total 116736K, used 67424K [0x0000000080000000, 0x0000000100000000)
  region size 1024K, 1 young (1024K), 1 survivors (1024K)
 Metaspace       used 49640K, committed 50304K, reserved 1114112K
  class space    used 7303K, committed 7616K, reserved 1048576K
}
Event: 8.643 GC heap before
{Heap before GC invocations=21 (full 0):
 garbage-first heap   total 117760K, used 94048K [0x0000000080000000, 0x0000000100000000)
  region size 1024K, 27 young (27648K), 1 survivors (1024K)
 Metaspace       used 53193K, committed 53824K, reserved 1114112K
  class space    used 7768K, committed 8064K, reserved 1048576K
}
Event: 8.645 GC heap after
{Heap after GC invocations=22 (full 0):
 garbage-first heap   total 193536K, used 68099K [0x0000000080000000, 0x0000000100000000)
  region size 1024K, 2 young (2048K), 2 survivors (2048K)
 Metaspace       used 53193K, committed 53824K, reserved 1114112K
  class space    used 7768K, committed 8064K, reserved 1048576K
}
Event: 8.740 GC heap before
{Heap before GC invocations=22 (full 0):
 garbage-first heap   total 193536K, used 75267K [0x0000000080000000, 0x0000000100000000)
  region size 1024K, 9 young (9216K), 2 survivors (2048K)
 Metaspace       used 54172K, committed 54784K, reserved 1114112K
  class space    used 7873K, committed 8192K, reserved 1048576K
}
Event: 8.743 GC heap after
{Heap after GC invocations=23 (full 0):
 garbage-first heap   total 193536K, used 67725K [0x0000000080000000, 0x0000000100000000)
  region size 1024K, 1 young (1024K), 1 survivors (1024K)
 Metaspace       used 54172K, committed 54784K, reserved 1114112K
  class space    used 7873K, committed 8192K, reserved 1048576K
}
Event: 9.408 GC heap before
{Heap before GC invocations=23 (full 0):
 garbage-first heap   total 193536K, used 152717K [0x0000000080000000, 0x0000000100000000)
  region size 1024K, 77 young (78848K), 1 survivors (1024K)
 Metaspace       used 60252K, committed 60864K, reserved 1114112K
  class space    used 8617K, committed 8896K, reserved 1048576K
}
Event: 9.417 GC heap after
{Heap after GC invocations=24 (full 0):
 garbage-first heap   total 193536K, used 78540K [0x0000000080000000, 0x0000000100000000)
  region size 1024K, 10 young (10240K), 10 survivors (10240K)
 Metaspace       used 60252K, committed 60864K, reserved 1114112K
  class space    used 8617K, committed 8896K, reserved 1048576K
}
Event: 10.293 GC heap before
{Heap before GC invocations=24 (full 0):
 garbage-first heap   total 193536K, used 153292K [0x0000000080000000, 0x0000000100000000)
  region size 1024K, 76 young (77824K), 10 survivors (10240K)
 Metaspace       used 68038K, committed 68736K, reserved 1114112K
  class space    used 9409K, committed 9728K, reserved 1048576K
}
Event: 10.300 GC heap after
{Heap after GC invocations=25 (full 0):
 garbage-first heap   total 193536K, used 90979K [0x0000000080000000, 0x0000000100000000)
  region size 1024K, 5 young (5120K), 5 survivors (5120K)
 Metaspace       used 68038K, committed 68736K, reserved 1114112K
  class space    used 9409K, committed 9728K, reserved 1048576K
}
Event: 11.054 GC heap before
{Heap before GC invocations=25 (full 0):
 garbage-first heap   total 193536K, used 151395K [0x0000000080000000, 0x0000000100000000)
  region size 1024K, 64 young (65536K), 5 survivors (5120K)
 Metaspace       used 75028K, committed 75648K, reserved 1114112K
  class space    used 10177K, committed 10496K, reserved 1048576K
}
Event: 11.059 GC heap after
{Heap after GC invocations=26 (full 0):
 garbage-first heap   total 193536K, used 93837K [0x0000000080000000, 0x0000000100000000)
  region size 1024K, 8 young (8192K), 8 survivors (8192K)
 Metaspace       used 75028K, committed 75648K, reserved 1114112K
  class space    used 10177K, committed 10496K, reserved 1048576K
}
Event: 11.695 GC heap before
{Heap before GC invocations=26 (full 0):
 garbage-first heap   total 193536K, used 155277K [0x0000000080000000, 0x0000000100000000)
  region size 1024K, 67 young (68608K), 8 survivors (8192K)
 Metaspace       used 79407K, committed 80064K, reserved 1179648K
  class space    used 10714K, committed 11008K, reserved 1048576K
}
Event: 11.702 GC heap after
{Heap after GC invocations=27 (full 0):
 garbage-first heap   total 193536K, used 97443K [0x0000000080000000, 0x0000000100000000)
  region size 1024K, 8 young (8192K), 8 survivors (8192K)
 Metaspace       used 79407K, committed 80064K, reserved 1179648K
  class space    used 10714K, committed 11008K, reserved 1048576K
}

Dll operation events (14 events):
Event: 0.046 Loaded shared library C:\Users\busi4\.jdks\corretto-17.0.9\bin\java.dll
Event: 0.062 Loaded shared library C:\Users\busi4\.jdks\corretto-17.0.9\bin\jsvml.dll
Event: 0.178 Loaded shared library C:\Users\busi4\.jdks\corretto-17.0.9\bin\zip.dll
Event: 0.182 Loaded shared library C:\Users\busi4\.jdks\corretto-17.0.9\bin\instrument.dll
Event: 0.239 Loaded shared library C:\Users\busi4\.jdks\corretto-17.0.9\bin\net.dll
Event: 0.281 Loaded shared library C:\Users\busi4\.jdks\corretto-17.0.9\bin\nio.dll
Event: 0.285 Loaded shared library C:\Users\busi4\.jdks\corretto-17.0.9\bin\zip.dll
Event: 0.473 Loaded shared library C:\Users\busi4\.jdks\corretto-17.0.9\bin\jimage.dll
Event: 0.534 Loaded shared library C:\Users\busi4\.jdks\corretto-17.0.9\bin\verify.dll
Event: 0.683 Loaded shared library C:\Users\busi4\.gradle\native\c067742578af261105cb4f569cf0c3c89f3d7b1fecec35dd04571415982c5e48\windows-amd64\native-platform.dll
Event: 0.723 Loaded shared library C:\Users\busi4\.gradle\native\38dada09dfb8b06ba9b0570ebf7e218e3eb74d4ef43ca46872605cf95ebc2f47\windows-amd64\native-platform-file-events.dll
Event: 1.706 Loaded shared library C:\Users\busi4\.jdks\corretto-17.0.9\bin\management.dll
Event: 1.738 Loaded shared library C:\Users\busi4\.jdks\corretto-17.0.9\bin\management_ext.dll
Event: 2.280 Loaded shared library C:\Users\busi4\.jdks\corretto-17.0.9\bin\sunmscapi.dll

Deoptimization events (20 events):
Event: 12.208 Thread 0x0000016a81404890 Uncommon trap: trap_request=0xffffff45 fr.pc=0x0000016aab280df4 relative=0x0000000000000ef4
Event: 12.208 Thread 0x0000016a81404890 Uncommon trap: reason=unstable_if action=reinterpret pc=0x0000016aab280df4 method=org.jetbrains.kotlin.metadata.ProtoBuf$Type.getSerializedSize()I @ 176 c2
Event: 12.208 Thread 0x0000016a81404890 DEOPT PACKING pc=0x0000016aab280df4 sp=0x00000013275ed110
Event: 12.208 Thread 0x0000016a81404890 DEOPT UNPACKING pc=0x0000016aaaa069a3 sp=0x00000013275ed0d0 mode 2
Event: 12.208 Thread 0x0000016a81404890 Uncommon trap: trap_request=0xffffff45 fr.pc=0x0000016aab2f1dbc relative=0x000000000000193c
Event: 12.208 Thread 0x0000016a81404890 Uncommon trap: reason=unstable_if action=reinterpret pc=0x0000016aab2f1dbc method=org.jetbrains.kotlin.metadata.ProtoBuf$Type.writeTo(Lorg/jetbrains/kotlin/protobuf/CodedOutputStream;)V @ 160 c2
Event: 12.208 Thread 0x0000016a81404890 DEOPT PACKING pc=0x0000016aab2f1dbc sp=0x00000013275ed0a0
Event: 12.208 Thread 0x0000016a81404890 DEOPT UNPACKING pc=0x0000016aaaa069a3 sp=0x00000013275ed088 mode 2
Event: 12.329 Thread 0x0000016a81404890 Uncommon trap: trap_request=0xffffffde fr.pc=0x0000016aab2cbfd8 relative=0x00000000000001b8
Event: 12.329 Thread 0x0000016a81404890 Uncommon trap: reason=class_check action=maybe_recompile pc=0x0000016aab2cbfd8 method=org.jetbrains.kotlin.name.FqNameUnsafe.equals(Ljava/lang/Object;)Z @ 8 c2
Event: 12.329 Thread 0x0000016a81404890 DEOPT PACKING pc=0x0000016aab2cbfd8 sp=0x00000013275ef390
Event: 12.330 Thread 0x0000016a81404890 DEOPT UNPACKING pc=0x0000016aaaa069a3 sp=0x00000013275ef318 mode 2
Event: 12.334 Thread 0x0000016a81404890 Uncommon trap: trap_request=0xffffffde fr.pc=0x0000016aab2cbfd8 relative=0x00000000000001b8
Event: 12.334 Thread 0x0000016a81404890 Uncommon trap: reason=class_check action=maybe_recompile pc=0x0000016aab2cbfd8 method=org.jetbrains.kotlin.name.FqNameUnsafe.equals(Ljava/lang/Object;)Z @ 8 c2
Event: 12.334 Thread 0x0000016a81404890 DEOPT PACKING pc=0x0000016aab2cbfd8 sp=0x00000013275ef300
Event: 12.334 Thread 0x0000016a81404890 DEOPT UNPACKING pc=0x0000016aaaa069a3 sp=0x00000013275ef288 mode 2
Event: 12.335 Thread 0x0000016a81404890 Uncommon trap: trap_request=0xffffffde fr.pc=0x0000016aab2cbfd8 relative=0x00000000000001b8
Event: 12.335 Thread 0x0000016a81404890 Uncommon trap: reason=class_check action=maybe_recompile pc=0x0000016aab2cbfd8 method=org.jetbrains.kotlin.name.FqNameUnsafe.equals(Ljava/lang/Object;)Z @ 8 c2
Event: 12.335 Thread 0x0000016a81404890 DEOPT PACKING pc=0x0000016aab2cbfd8 sp=0x00000013275eec70
Event: 12.335 Thread 0x0000016a81404890 DEOPT UNPACKING pc=0x0000016aaaa069a3 sp=0x00000013275eebf8 mode 2

Classes unloaded (0 events):
No events

Classes redefined (0 events):
No events

Internal exceptions (20 events):
Event: 8.174 Thread 0x0000016a81404890 Implicit null exception at 0x0000016aaaf91572 to 0x0000016aaaf91b50
Event: 8.376 Thread 0x0000016a81404890 Exception <a 'sun/nio/fs/WindowsException'{0x0000000087d8f8c0}> (0x0000000087d8f8c0) 
thrown [s\src\hotspot\share\prims\jni.cpp, line 516]
Event: 8.376 Thread 0x0000016a81404890 Exception <a 'sun/nio/fs/WindowsException'{0x0000000087d91650}> (0x0000000087d91650) 
thrown [s\src\hotspot\share\prims\jni.cpp, line 516]
Event: 8.496 Thread 0x0000016a81404890 Exception <a 'java/lang/NoSuchMethodError'{0x0000000085d23da8}: 'long java.lang.invoke.DirectMethodHandle$Holder.invokeStatic(java.lang.Object)'> (0x0000000085d23da8) 
thrown [s\src\hotspot\share\interpreter\linkResolver.cpp, line 759]
Event: 8.497 Thread 0x0000016a81404890 Exception <a 'java/lang/NoSuchMethodError'{0x0000000085d28990}: 'long java.lang.invoke.DirectMethodHandle$Holder.invokeStaticInit(java.lang.Object)'> (0x0000000085d28990) 
thrown [s\src\hotspot\share\interpreter\linkResolver.cpp, line 759]
Event: 8.559 Thread 0x0000016a81404890 Exception <a 'java/lang/NoSuchMethodError'{0x000000008586cd70}: 'long java.lang.invoke.Invokers$Holder.invoke_MT(java.lang.Object, java.lang.Object, java.lang.Object, java.lang.Object)'> (0x000000008586cd70) 
thrown [s\src\hotspot\share\interpreter\linkResolver.cpp, line 759]
Event: 8.559 Thread 0x0000016a81404890 Exception <a 'java/lang/NoSuchMethodError'{0x0000000085876118}: 'int java.lang.invoke.Invokers$Holder.invoke_MT(java.lang.Object, java.lang.Object, java.lang.Object, java.lang.Object)'> (0x0000000085876118) 
thrown [s\src\hotspot\share\interpreter\linkResolver.cpp, line 759]
Event: 8.560 Thread 0x0000016a81404890 Exception <a 'java/lang/NoSuchMethodError'{0x0000000085886d58}: 'void java.lang.invoke.DelegatingMethodHandle$Holder.reinvoke_L(java.lang.Object, java.lang.Object, java.lang.Object, long, java.lang.Object)'> (0x0000000085886d58) 
thrown [s\src\hotspot\share\interpreter\linkResolver.cpp, line 759]
Event: 8.561 Thread 0x0000016a81404890 Exception <a 'java/lang/NoSuchMethodError'{0x000000008588f688}: 'java.lang.Object java.lang.invoke.DirectMethodHandle$Holder.invokeSpecial(java.lang.Object, java.lang.Object, java.lang.Object, java.lang.Object, long)'> (0x000000008588f688) 
thrown [s\src\hotspot\share\interpreter\linkResolver.cpp, line 759]
Event: 8.561 Thread 0x0000016a81404890 Exception <a 'java/lang/NoSuchMethodError'{0x00000000858a0100}: 'int java.lang.invoke.DelegatingMethodHandle$Holder.reinvoke_L(java.lang.Object, java.lang.Object, java.lang.Object, long, java.lang.Object, java.lang.Object)'> (0x00000000858a0100) 
thrown [s\src\hotspot\share\interpreter\linkResolver.cpp, line 759]
Event: 8.562 Thread 0x0000016a81404890 Exception <a 'java/lang/NoSuchMethodError'{0x00000000858b01d0}: 'int java.lang.invoke.DelegatingMethodHandle$Holder.reinvoke_L(java.lang.Object, java.lang.Object, java.lang.Object, long, int, int)'> (0x00000000858b01d0) 
thrown [s\src\hotspot\share\interpreter\linkResolver.cpp, line 759]
Event: 8.563 Thread 0x0000016a81404890 Exception <a 'java/lang/NoSuchMethodError'{0x00000000858c0048}: 'int java.lang.invoke.DelegatingMethodHandle$Holder.reinvoke_L(java.lang.Object, java.lang.Object, java.lang.Object, long, long, long)'> (0x00000000858c0048) 
thrown [s\src\hotspot\share\interpreter\linkResolver.cpp, line 759]
Event: 8.564 Thread 0x0000016a81404890 Exception <a 'java/lang/NoSuchMethodError'{0x00000000858cfba0}: 'int java.lang.invoke.DelegatingMethodHandle$Holder.reinvoke_L(java.lang.Object, java.lang.Object, java.lang.Object, long, int)'> (0x00000000858cfba0) 
thrown [s\src\hotspot\share\interpreter\linkResolver.cpp, line 759]
Event: 8.928 Thread 0x0000016a81404890 Exception <a 'java/lang/NoSuchMethodError'{0x000000008a7dfcc8}: 'void java.lang.invoke.DirectMethodHandle$Holder.invokeVirtual(java.lang.Object, java.lang.Object)'> (0x000000008a7dfcc8) 
thrown [s\src\hotspot\share\interpreter\linkResolver.cpp, line 759]
Event: 9.088 Thread 0x0000016a81404890 Exception <a 'java/lang/NoSuchMethodError'{0x000000008982f920}: 'java.lang.Object java.lang.invoke.Invokers$Holder.invokeExact_MT(java.lang.Object, java.lang.Object, long, java.lang.Object)'> (0x000000008982f920) 
thrown [s\src\hotspot\share\interpreter\linkResolver.cpp, line 759]
Event: 9.114 Thread 0x0000016a81404890 Exception <a 'java/lang/NoSuchMethodError'{0x00000000896a22c8}: 'java.lang.Object java.lang.invoke.Invokers$Holder.invoke_MT(java.lang.Object, java.lang.Object, java.lang.Object)'> (0x00000000896a22c8) 
thrown [s\src\hotspot\share\interpreter\linkResolver.cpp, line 759]
Event: 9.286 Thread 0x0000016a81404890 Implicit null exception at 0x0000016aab144329 to 0x0000016aab145bfc
Event: 9.289 Thread 0x0000016a81404890 Implicit null exception at 0x0000016aaaf978f9 to 0x0000016aaaf988a0
Event: 11.130 Thread 0x0000016a81404890 Exception <a 'java/lang/NoSuchMethodError'{0x000000008b106048}: 'java.lang.Object java.lang.invoke.DirectMethodHandle$Holder.invokeStatic(java.lang.Object, java.lang.Object, java.lang.Object, java.lang.Object, int)'> (0x000000008b106048) 
thrown [s\src\hotspot\share\interpreter\linkResolver.cpp, line 759]
Event: 12.303 Thread 0x0000016a81404890 Exception <a 'java/lang/IncompatibleClassChangeError'{0x00000000886e4930}: Found class java.lang.Object, but interface was expected> (0x00000000886e4930) 
thrown [s\src\hotspot\share\interpreter\linkResolver.cpp, line 826]

VM Operations (20 events):
Event: 10.897 Executing VM operation: HandshakeAllThreads
Event: 10.897 Executing VM operation: HandshakeAllThreads done
Event: 11.053 Executing VM operation: G1CollectForAllocation
Event: 11.059 Executing VM operation: G1CollectForAllocation done
Event: 11.464 Executing VM operation: ICBufferFull
Event: 11.465 Executing VM operation: ICBufferFull done
Event: 11.513 Executing VM operation: HandshakeAllThreads
Event: 11.513 Executing VM operation: HandshakeAllThreads done
Event: 11.695 Executing VM operation: G1CollectForAllocation
Event: 11.702 Executing VM operation: G1CollectForAllocation done
Event: 11.933 Executing VM operation: ICBufferFull
Event: 11.933 Executing VM operation: ICBufferFull done
Event: 12.243 Executing VM operation: ICBufferFull
Event: 12.244 Executing VM operation: ICBufferFull done
Event: 12.248 Executing VM operation: HandshakeAllThreads
Event: 12.248 Executing VM operation: HandshakeAllThreads done
Event: 12.249 Executing VM operation: HandshakeAllThreads
Event: 12.249 Executing VM operation: HandshakeAllThreads done
Event: 12.285 Executing VM operation: HandshakeAllThreads
Event: 12.285 Executing VM operation: HandshakeAllThreads done

Events (20 events):
Event: 10.822 loading class java/text/CharacterIterator done
Event: 10.822 loading class java/text/StringCharacterIterator done
Event: 10.868 loading class java/io/NotSerializableException
Event: 10.868 loading class java/io/NotSerializableException done
Event: 10.896 loading class java/util/AbstractList$ListItr
Event: 10.897 loading class java/util/AbstractList$ListItr done
Event: 10.970 Thread 0x0000016a84dbfe50 Thread added: 0x0000016a84dbfe50
Event: 11.077 loading class java/util/function/IntUnaryOperator
Event: 11.077 loading class java/util/function/IntUnaryOperator done
Event: 11.114 loading class java/util/AbstractList$SubList
Event: 11.115 loading class java/util/AbstractList$SubList done
Event: 11.115 loading class java/util/AbstractList$SubList$1
Event: 11.115 loading class java/util/AbstractList$SubList$1 done
Event: 11.518 Thread 0x0000016aba3cd4a0 flushing nmethod 0x0000016aa38d8610
Event: 11.924 loading class java/util/AbstractList$RandomAccessSubList
Event: 11.924 loading class java/util/AbstractList$RandomAccessSubList done
Event: 12.240 loading class java/util/concurrent/LinkedBlockingDeque$Itr
Event: 12.241 loading class java/util/concurrent/LinkedBlockingDeque$AbstractItr
Event: 12.241 loading class java/util/concurrent/LinkedBlockingDeque$AbstractItr done
Event: 12.241 loading class java/util/concurrent/LinkedBlockingDeque$Itr done


Dynamic libraries:
0x00007ff768190000 - 0x00007ff76819e000 	C:\Users\busi4\.jdks\corretto-17.0.9\bin\java.exe
0x00007ffd643d0000 - 0x00007ffd645e7000 	C:\WINDOWS\SYSTEM32\ntdll.dll
0x00007ffd63580000 - 0x00007ffd63644000 	C:\WINDOWS\System32\KERNEL32.DLL
0x00007ffd61810000 - 0x00007ffd61be0000 	C:\WINDOWS\System32\KERNELBASE.dll
0x00007ffd61650000 - 0x00007ffd61761000 	C:\WINDOWS\System32\ucrtbase.dll
0x00007ffd522c0000 - 0x00007ffd522db000 	C:\Users\busi4\.jdks\corretto-17.0.9\bin\VCRUNTIME140.dll
0x00007ffd522a0000 - 0x00007ffd522b7000 	C:\Users\busi4\.jdks\corretto-17.0.9\bin\jli.dll
0x00007ffd633d0000 - 0x00007ffd6357e000 	C:\WINDOWS\System32\USER32.dll
0x00007ffd62060000 - 0x00007ffd62086000 	C:\WINDOWS\System32\win32u.dll
0x00007ffd4a2f0000 - 0x00007ffd4a582000 	C:\WINDOWS\WinSxS\amd64_microsoft.windows.common-controls_6595b64144ccf1df_6.0.22621.4830_none_270fe7d773858e80\COMCTL32.dll
0x00007ffd640a0000 - 0x00007ffd640c9000 	C:\WINDOWS\System32\GDI32.dll
0x00007ffd61c60000 - 0x00007ffd61d7b000 	C:\WINDOWS\System32\gdi32full.dll
0x00007ffd64150000 - 0x00007ffd641f7000 	C:\WINDOWS\System32\msvcrt.dll
0x00007ffd61770000 - 0x00007ffd6180a000 	C:\WINDOWS\System32\msvcp_win.dll
0x00007ffd62310000 - 0x00007ffd62341000 	C:\WINDOWS\System32\IMM32.DLL
0x00007ffd52430000 - 0x00007ffd5243c000 	C:\Users\busi4\.jdks\corretto-17.0.9\bin\vcruntime140_1.dll
0x00007ffd11520000 - 0x00007ffd115ad000 	C:\Users\busi4\.jdks\corretto-17.0.9\bin\msvcp140.dll
0x00007ffceb4c0000 - 0x00007ffcec121000 	C:\Users\busi4\.jdks\corretto-17.0.9\bin\server\jvm.dll
0x00007ffd63e90000 - 0x00007ffd63f41000 	C:\WINDOWS\System32\ADVAPI32.dll
0x00007ffd63650000 - 0x00007ffd636f7000 	C:\WINDOWS\System32\sechost.dll
0x00007ffd61e00000 - 0x00007ffd61e28000 	C:\WINDOWS\System32\bcrypt.dll
0x00007ffd632b0000 - 0x00007ffd633c4000 	C:\WINDOWS\System32\RPCRT4.dll
0x00007ffd5ac00000 - 0x00007ffd5ac09000 	C:\WINDOWS\SYSTEM32\WSOCK32.dll
0x00007ffd5e170000 - 0x00007ffd5e1a4000 	C:\WINDOWS\SYSTEM32\WINMM.dll
0x00007ffd61370000 - 0x00007ffd613bd000 	C:\WINDOWS\SYSTEM32\POWRPROF.dll
0x00007ffd63f60000 - 0x00007ffd63fd1000 	C:\WINDOWS\System32\WS2_32.dll
0x00007ffd58380000 - 0x00007ffd5838a000 	C:\WINDOWS\SYSTEM32\VERSION.dll
0x00007ffd61350000 - 0x00007ffd61363000 	C:\WINDOWS\SYSTEM32\UMPDC.dll
0x00007ffd60660000 - 0x00007ffd60678000 	C:\WINDOWS\SYSTEM32\kernel.appcore.dll
0x00007ffd52260000 - 0x00007ffd5226a000 	C:\Users\busi4\.jdks\corretto-17.0.9\bin\jimage.dll
0x00007ffd5ecd0000 - 0x00007ffd5ef02000 	C:\WINDOWS\SYSTEM32\DBGHELP.DLL
0x00007ffd63a90000 - 0x00007ffd63e20000 	C:\WINDOWS\System32\combase.dll
0x00007ffd62c80000 - 0x00007ffd62d57000 	C:\WINDOWS\System32\OLEAUT32.dll
0x00007ffd3d650000 - 0x00007ffd3d682000 	C:\WINDOWS\SYSTEM32\dbgcore.DLL
0x00007ffd61d80000 - 0x00007ffd61dfb000 	C:\WINDOWS\System32\bcryptPrimitives.dll
0x00007ffd52250000 - 0x00007ffd5225e000 	C:\Users\busi4\.jdks\corretto-17.0.9\bin\instrument.dll
0x00007ffd51b30000 - 0x00007ffd51b55000 	C:\Users\busi4\.jdks\corretto-17.0.9\bin\java.dll
0x00007ffceda10000 - 0x00007ffcedae7000 	C:\Users\busi4\.jdks\corretto-17.0.9\bin\jsvml.dll
0x00007ffd62400000 - 0x00007ffd62c78000 	C:\WINDOWS\System32\SHELL32.dll
0x00007ffd5f550000 - 0x00007ffd5fe60000 	C:\WINDOWS\SYSTEM32\windows.storage.dll
0x00007ffd5f410000 - 0x00007ffd5f54f000 	C:\WINDOWS\SYSTEM32\wintypes.dll
0x00007ffd62200000 - 0x00007ffd6230a000 	C:\WINDOWS\System32\SHCORE.dll
0x00007ffd63fe0000 - 0x00007ffd6403e000 	C:\WINDOWS\System32\shlwapi.dll
0x00007ffd61580000 - 0x00007ffd615ab000 	C:\WINDOWS\SYSTEM32\profapi.dll
0x00007ffd51620000 - 0x00007ffd51638000 	C:\Users\busi4\.jdks\corretto-17.0.9\bin\zip.dll
0x00007ffd50690000 - 0x00007ffd506a9000 	C:\Users\busi4\.jdks\corretto-17.0.9\bin\net.dll
0x00007ffd5b010000 - 0x00007ffd5b13c000 	C:\WINDOWS\SYSTEM32\WINHTTP.dll
0x00007ffd60b10000 - 0x00007ffd60b7a000 	C:\WINDOWS\system32\mswsock.dll
0x00007ffd50670000 - 0x00007ffd50686000 	C:\Users\busi4\.jdks\corretto-17.0.9\bin\nio.dll
0x00007ffd52220000 - 0x00007ffd52230000 	C:\Users\busi4\.jdks\corretto-17.0.9\bin\verify.dll
0x00007ffd526a0000 - 0x00007ffd526c7000 	C:\Users\busi4\.gradle\native\c067742578af261105cb4f569cf0c3c89f3d7b1fecec35dd04571415982c5e48\windows-amd64\native-platform.dll
0x00007ffced3b0000 - 0x00007ffced4f4000 	C:\Users\busi4\.gradle\native\38dada09dfb8b06ba9b0570ebf7e218e3eb74d4ef43ca46872605cf95ebc2f47\windows-amd64\native-platform-file-events.dll
0x00007ffd51610000 - 0x00007ffd51619000 	C:\Users\busi4\.jdks\corretto-17.0.9\bin\management.dll
0x00007ffd4fcf0000 - 0x00007ffd4fcfb000 	C:\Users\busi4\.jdks\corretto-17.0.9\bin\management_ext.dll
0x00007ffd621f0000 - 0x00007ffd621f8000 	C:\WINDOWS\System32\PSAPI.DLL
0x00007ffd60d70000 - 0x00007ffd60d8b000 	C:\WINDOWS\SYSTEM32\CRYPTSP.dll
0x00007ffd605c0000 - 0x00007ffd605f5000 	C:\WINDOWS\system32\rsaenh.dll
0x00007ffd60c00000 - 0x00007ffd60c28000 	C:\WINDOWS\SYSTEM32\USERENV.dll
0x00007ffd60d60000 - 0x00007ffd60d6c000 	C:\WINDOWS\SYSTEM32\CRYPTBASE.dll
0x00007ffd600f0000 - 0x00007ffd6011d000 	C:\WINDOWS\SYSTEM32\IPHLPAPI.DLL
0x00007ffd623f0000 - 0x00007ffd623f9000 	C:\WINDOWS\System32\NSI.dll
0x00007ffd5b380000 - 0x00007ffd5b399000 	C:\WINDOWS\SYSTEM32\dhcpcsvc6.DLL
0x00007ffd5ac60000 - 0x00007ffd5ac7f000 	C:\WINDOWS\SYSTEM32\dhcpcsvc.DLL
0x00007ffd60170000 - 0x00007ffd60272000 	C:\WINDOWS\SYSTEM32\DNSAPI.dll
0x00007ffd4e560000 - 0x00007ffd4e56e000 	C:\Users\busi4\.jdks\corretto-17.0.9\bin\sunmscapi.dll
0x00007ffd61ef0000 - 0x00007ffd62056000 	C:\WINDOWS\System32\CRYPT32.dll
0x00007ffd60f20000 - 0x00007ffd60f4d000 	C:\WINDOWS\SYSTEM32\ncrypt.dll
0x00007ffd60ee0000 - 0x00007ffd60f17000 	C:\WINDOWS\SYSTEM32\NTASN1.dll
0x00007ffcf2b90000 - 0x00007ffcf2b98000 	C:\WINDOWS\system32\wshunix.dll

dbghelp: loaded successfully - version: 4.0.5 - missing functions: none
symbol engine: initialized successfully - sym options: 0x614 - pdb path: .;C:\Users\busi4\.jdks\corretto-17.0.9\bin;C:\WINDOWS\SYSTEM32;C:\WINDOWS\WinSxS\amd64_microsoft.windows.common-controls_6595b64144ccf1df_6.0.22621.4830_none_270fe7d773858e80;C:\Users\busi4\.jdks\corretto-17.0.9\bin\server;C:\Users\busi4\.gradle\native\c067742578af261105cb4f569cf0c3c89f3d7b1fecec35dd04571415982c5e48\windows-amd64;C:\Users\busi4\.gradle\native\38dada09dfb8b06ba9b0570ebf7e218e3eb74d4ef43ca46872605cf95ebc2f47\windows-amd64

VM Arguments:
jvm_args: --add-opens=java.base/java.util=ALL-UNNAMED --add-opens=java.base/java.lang=ALL-UNNAMED --add-opens=java.base/java.lang.invoke=ALL-UNNAMED --add-opens=java.prefs/java.util.prefs=ALL-UNNAMED --add-opens=java.base/java.nio.charset=ALL-UNNAMED --add-opens=java.base/java.net=ALL-UNNAMED --add-opens=java.base/java.util.concurrent.atomic=ALL-UNNAMED -Xmx2048m -Dfile.encoding=UTF-8 -Duser.country=US -Duser.language=en -Duser.variant -javaagent:C:\Users\busi4\.gradle\wrapper\dists\gradle-8.7-bin\bhs2wmbdwecv87pi65oeuq5iu\gradle-8.7\lib\agents\gradle-instrumentation-agent-8.7.jar 
java_command: org.gradle.launcher.daemon.bootstrap.GradleDaemon 8.7
java_class_path (initial): C:\Users\busi4\.gradle\wrapper\dists\gradle-8.7-bin\bhs2wmbdwecv87pi65oeuq5iu\gradle-8.7\lib\gradle-launcher-8.7.jar
Launcher Type: SUN_STANDARD

[Global flags]
     intx CICompilerCount                          = 4                                         {product} {ergonomic}
     uint ConcGCThreads                            = 3                                         {product} {ergonomic}
     uint G1ConcRefinementThreads                  = 10                                        {product} {ergonomic}
   size_t G1HeapRegionSize                         = 1048576                                   {product} {ergonomic}
    uintx GCDrainStackTargetSize                   = 64                                        {product} {ergonomic}
   size_t InitialHeapSize                          = 257949696                                 {product} {ergonomic}
   size_t MarkStackSize                            = 4194304                                   {product} {ergonomic}
   size_t MaxHeapSize                              = 2147483648                                {product} {command line}
   size_t MaxNewSize                               = 1287651328                                {product} {ergonomic}
   size_t MinHeapDeltaBytes                        = 1048576                                   {product} {ergonomic}
   size_t MinHeapSize                              = 8388608                                   {product} {ergonomic}
    uintx NonNMethodCodeHeapSize                   = 5839372                                {pd product} {ergonomic}
    uintx NonProfiledCodeHeapSize                  = 122909434                              {pd product} {ergonomic}
    uintx ProfiledCodeHeapSize                     = 122909434                              {pd product} {ergonomic}
    uintx ReservedCodeCacheSize                    = 251658240                              {pd product} {ergonomic}
     bool SegmentedCodeCache                       = true                                      {product} {ergonomic}
   size_t SoftMaxHeapSize                          = 2147483648                             {manageable} {ergonomic}
     bool UseCompressedClassPointers               = true                           {product lp64_product} {ergonomic}
     bool UseCompressedOops                        = true                           {product lp64_product} {ergonomic}
     bool UseG1GC                                  = true                                      {product} {ergonomic}
     bool UseLargePagesIndividualAllocation        = false                                  {pd product} {ergonomic}

Logging:
Log output configuration:
 #0: stdout all=warning uptime,level,tags
 #1: stderr all=off uptime,level,tags

Environment Variables:
PATH=C:\Program Files (x86)\Common Files\Oracle\Java\javapath;C:\WINDOWS\system32;C:\WINDOWS;C:\WINDOWS\System32\Wbem;C:\WINDOWS\System32\WindowsPowerShell\v1.0\;C:\WINDOWS\System32\OpenSSH\;C:\Program Files\dotnet\;C:\Program Files\Docker\Docker\resources\bin;C:\Program Files\Calibre2\;C:\Users\busi4\AppData\Local\Microsoft\WindowsApps;C:\Users\busi4\AppData\Local\Programs\Microsoft VS Code\bin;C:\Program Files\JetBrains\IntelliJ IDEA Community Edition 2023.2.1\bin;C:\Users\busi4\AppData\Local\JetBrains\Toolbox\scripts;
USERNAME=busi4
OS=Windows_NT
PROCESSOR_IDENTIFIER=AMD64 Family 23 Model 96 Stepping 1, AuthenticAMD
TMP=C:\Users\busi4\AppData\Local\Temp
TEMP=C:\Users\busi4\AppData\Local\Temp



Periodic native trim disabled


---------------  S Y S T E M  ---------------

OS:
 Windows 11 , 64 bit Build 22621 (10.0.22621.4830)
OS uptime: 0 days 4:10 hours
Hyper-V role detected

CPU: total 12 (initial active 12) (12 cores per cpu, 2 threads per core) family 23 model 96 stepping 1 microcode 0x0, cx8, cmov, fxsr, ht, mmx, 3dnowpref, sse, sse2, sse3, ssse3, sse4a, sse4.1, sse4.2, popcnt, lzcnt, tsc, tscinvbit, avx, avx2, aes, clmul, bmi1, bmi2, adx, sha, fma, vzeroupper, clflush, clflushopt, hv
Processor Information for processor 0
  Max Mhz: 3000, Current Mhz: 3000, Mhz Limit: 3000
Processor Information for processor 1
  Max Mhz: 3000, Current Mhz: 3000, Mhz Limit: 3000
Processor Information for processor 2
  Max Mhz: 3000, Current Mhz: 3000, Mhz Limit: 3000
Processor Information for processor 3
  Max Mhz: 3000, Current Mhz: 3000, Mhz Limit: 3000
Processor Information for processor 4
  Max Mhz: 3000, Current Mhz: 3000, Mhz Limit: 3000
Processor Information for processor 5
  Max Mhz: 3000, Current Mhz: 3000, Mhz Limit: 3000
Processor Information for processor 6
  Max Mhz: 3000, Current Mhz: 3000, Mhz Limit: 3000
Processor Information for processor 7
  Max Mhz: 3000, Current Mhz: 3000, Mhz Limit: 3000
Processor Information for processor 8
  Max Mhz: 3000, Current Mhz: 1400, Mhz Limit: 3000
Processor Information for processor 9
  Max Mhz: 3000, Current Mhz: 1400, Mhz Limit: 3000
Processor Information for processor 10
  Max Mhz: 3000, Current Mhz: 1400, Mhz Limit: 3000
Processor Information for processor 11
  Max Mhz: 3000, Current Mhz: 1400, Mhz Limit: 3000

Memory: 4k page, system-wide physical 15741M (2989M free)
TotalPageFile size 15741M (AvailPageFile size 9M)
current process WorkingSet (physical memory assigned to process): 416M, peak: 423M
current process commit charge ("private bytes"): 465M, peak: 472M

vm_info: OpenJDK 64-Bit Server VM (17.0.9+8-LTS) for windows-amd64 JRE (17.0.9+8-LTS), built on Oct 12 2023 16:15:33 by "Administrator" with MS VC++ 16.10 / 16.11 (VS2019)

END.
