#
# There is insufficient memory for the Java Runtime Environment to continue.
# Native memory allocation (malloc) failed to allocate 1165616 bytes for Chunk::new
# Possible reasons:
#   The system is out of physical RAM or swap space
#   The process is running with CompressedOops enabled, and the Java Heap may be blocking the growth of the native heap
# Possible solutions:
#   Reduce memory load on the system
#   Increase physical memory or swap space
#   Check if swap backing store is full
#   Decrease Java heap size (-Xmx/-Xms)
#   Decrease number of Java threads
#   Decrease Java thread stack sizes (-Xss)
#   Set larger code cache with -XX:ReservedCodeCacheSize=
#   JVM is running with Unscaled Compressed Oops mode in which the Java heap is
#     placed in the first 4GB address space. The Java Heap base address is the
#     maximum limit for the native heap growth. Please use -XX:HeapBaseMinAddress
#     to set the Java Heap base and to place the Java Heap above 4GB virtual address.
# This output file may be truncated or incomplete.
#
#  Out of Memory Error (arena.cpp:191), pid=13884, tid=7460
#
# JRE version: OpenJDK Runtime Environment Corretto-17.0.9.8.1 (17.0.9+8) (build 17.0.9+8-LTS)
# Java VM: OpenJDK 64-Bit Server VM Corretto-17.0.9.8.1 (17.0.9+8-LTS, mixed mode, sharing, tiered, compressed oops, compressed class ptrs, g1 gc, windows-amd64)
# No core dump will be written. Minidumps are not enabled by default on client versions of Windows
#

---------------  S U M M A R Y ------------

Command Line: --add-opens=java.base/java.util=ALL-UNNAMED --add-opens=java.base/java.lang=ALL-UNNAMED --add-opens=java.base/java.lang.invoke=ALL-UNNAMED --add-opens=java.prefs/java.util.prefs=ALL-UNNAMED --add-opens=java.base/java.nio.charset=ALL-UNNAMED --add-opens=java.base/java.net=ALL-UNNAMED --add-opens=java.base/java.util.concurrent.atomic=ALL-UNNAMED -Xmx2048m -Dfile.encoding=UTF-8 -Duser.country=US -Duser.language=en -Duser.variant -javaagent:C:\Users\busi4\.gradle\wrapper\dists\gradle-8.7-bin\bhs2wmbdwecv87pi65oeuq5iu\gradle-8.7\lib\agents\gradle-instrumentation-agent-8.7.jar org.gradle.launcher.daemon.bootstrap.GradleDaemon 8.7

Host: AMD Ryzen 5 4600H with Radeon Graphics         , 12 cores, 15G,  Windows 11 , 64 bit Build 22621 (10.0.22621.4830)
Time: Mon Feb 24 12:13:44 2025 W. Europe Standard Time elapsed time: 8.956581 seconds (0d 0h 0m 8s)

---------------  T H R E A D  ---------------

Current thread (0x000001ebf5163640):  JavaThread "C2 CompilerThread1" daemon [_thread_in_native, id=7460, stack(0x00000061b0500000,0x00000061b0600000)]


Current CompileTask:
C2:   8956 6319   !   4       com.google.common.reflect.TypeVisitor::visit (225 bytes)

Stack: [0x00000061b0500000,0x00000061b0600000]
Native frames: (J=compiled Java code, j=interpreted, Vv=VM code, C=native code)
V  [jvm.dll+0x67cb49]
V  [jvm.dll+0x8344da]
V  [jvm.dll+0x835f9e]
V  [jvm.dll+0x836603]
V  [jvm.dll+0x247b5f]
V  [jvm.dll+0xac43c]
V  [jvm.dll+0xaca8c]
V  [jvm.dll+0x366c32]
V  [jvm.dll+0x1bd426]
V  [jvm.dll+0x21a359]
V  [jvm.dll+0x219621]
V  [jvm.dll+0x1a56cd]
V  [jvm.dll+0x2293ee]
V  [jvm.dll+0x2275bc]
V  [jvm.dll+0x7e95a7]
V  [jvm.dll+0x7e396a]
V  [jvm.dll+0x67ba35]
C  [ucrtbase.dll+0x29333]
C  [KERNEL32.DLL+0x1259d]
C  [ntdll.dll+0x5af38]


---------------  P R O C E S S  ---------------

Threads class SMR info:
_java_thread_list=0x000001ebf51a2ca0, length=81, elements={
0x000001eb8f451970, 0x000001ebadd3d170, 0x000001ebadd3dff0, 0x000001ebadd4e7d0,
0x000001ebf30054a0, 0x000001ebf3006060, 0x000001ebf3008a30, 0x000001ebf30097d0,
0x000001ebf300c290, 0x000001ebf30181a0, 0x000001ebf30cfb90, 0x000001ebf323f060,
0x000001ebf5d587a0, 0x000001ebf33bad10, 0x000001ebf50b06d0, 0x000001ebf4141050,
0x000001ebf4abcbf0, 0x000001ebf3278130, 0x000001ebf3279570, 0x000001ebf327a4a0,
0x000001ebf3278640, 0x000001ebf3278b50, 0x000001ebf3279060, 0x000001ebf3279a80,
0x000001ebf5163640, 0x000001ebf3279f90, 0x000001ebf57ac9c0, 0x000001ebf57aced0,
0x000001ebf57a6990, 0x000001ebf57aba90, 0x000001ebf57a9c30, 0x000001ebf57a87f0,
0x000001ebf57a6ea0, 0x000001ebf57a5f70, 0x000001ebf57ad3e0, 0x000001ebf57a9720,
0x000001ebf57aa650, 0x000001ebf57ad8f0, 0x000001ebf57a6480, 0x000001ebf57a82e0,
0x000001ebf57a73b0, 0x000001ebf759cef0, 0x000001ebf57a8d00, 0x000001ebf57a78c0,
0x000001ebf57a9210, 0x000001ebf57aab60, 0x000001ebf563a910, 0x000001ebf5636c50,
0x000001ebf563e5d0, 0x000001ebf563a400, 0x000001ebf563ae20, 0x000001ebf5637160,
0x000001ebf563cc80, 0x000001ebf56394d0, 0x000001ebf5638090, 0x000001ebf563c770,
0x000001ebf563b330, 0x000001ebf5639ef0, 0x000001ebf563b840, 0x000001ebf563d6a0,
0x000001ebf563d190, 0x000001ebf563c260, 0x000001ebf5637670, 0x000001ebf5637b80,
0x000001ebf5638ab0, 0x000001ebf5638fc0, 0x000001ebf563bd50, 0x000001ebf3277c20,
0x000001ebf3277200, 0x000001ebf57ab070, 0x000001ebf83e78a0, 0x000001ebf83e7390,
0x000001ebf83e87d0, 0x000001ebf83edde0, 0x000001ebf83ebf80, 0x000001ebf83eceb0,
0x000001ebf83e7db0, 0x000001ebf83e8ce0, 0x000001ebf83ec9a0, 0x000001ebf83e82c0,
0x000001ebf83ed3c0
}

Java Threads: ( => current thread )
  0x000001eb8f451970 JavaThread "main" [_thread_blocked, id=6588, stack(0x00000061ae200000,0x00000061ae300000)]
  0x000001ebadd3d170 JavaThread "Reference Handler" daemon [_thread_blocked, id=10320, stack(0x00000061ae900000,0x00000061aea00000)]
  0x000001ebadd3dff0 JavaThread "Finalizer" daemon [_thread_blocked, id=17524, stack(0x00000061aea00000,0x00000061aeb00000)]
  0x000001ebadd4e7d0 JavaThread "Signal Dispatcher" daemon [_thread_blocked, id=11772, stack(0x00000061aeb00000,0x00000061aec00000)]
  0x000001ebf30054a0 JavaThread "Attach Listener" daemon [_thread_blocked, id=12392, stack(0x00000061aec00000,0x00000061aed00000)]
  0x000001ebf3006060 JavaThread "Service Thread" daemon [_thread_blocked, id=17112, stack(0x00000061aed00000,0x00000061aee00000)]
  0x000001ebf3008a30 JavaThread "Monitor Deflation Thread" daemon [_thread_blocked, id=15316, stack(0x00000061aee00000,0x00000061aef00000)]
  0x000001ebf30097d0 JavaThread "C2 CompilerThread0" daemon [_thread_blocked, id=14748, stack(0x00000061aef00000,0x00000061af000000)]
  0x000001ebf300c290 JavaThread "C1 CompilerThread0" daemon [_thread_blocked, id=18288, stack(0x00000061af000000,0x00000061af100000)]
  0x000001ebf30181a0 JavaThread "Sweeper thread" daemon [_thread_blocked, id=17216, stack(0x00000061af100000,0x00000061af200000)]
  0x000001ebf30cfb90 JavaThread "Common-Cleaner" daemon [_thread_blocked, id=3896, stack(0x00000061af200000,0x00000061af300000)]
  0x000001ebf323f060 JavaThread "Notification Thread" daemon [_thread_blocked, id=2244, stack(0x00000061af300000,0x00000061af400000)]
  0x000001ebf5d587a0 JavaThread "Daemon health stats" [_thread_blocked, id=19240, stack(0x00000061afb00000,0x00000061afc00000)]
  0x000001ebf33bad10 JavaThread "Incoming local TCP Connector on port 51953" [_thread_in_native, id=9720, stack(0x00000061af500000,0x00000061af600000)]
  0x000001ebf50b06d0 JavaThread "Daemon periodic checks" [_thread_blocked, id=3968, stack(0x00000061af600000,0x00000061af700000)]
  0x000001ebf4141050 JavaThread "Daemon" [_thread_blocked, id=2500, stack(0x00000061afc00000,0x00000061afd00000)]
  0x000001ebf4abcbf0 JavaThread "Handler for socket connection from /127.0.0.1:51953 to /127.0.0.1:51954" [_thread_in_native, id=12388, stack(0x00000061afd00000,0x00000061afe00000)]
  0x000001ebf3278130 JavaThread "Cancel handler" [_thread_blocked, id=2512, stack(0x00000061afe00000,0x00000061aff00000)]
  0x000001ebf3279570 JavaThread "Daemon worker" [_thread_in_vm, id=20732, stack(0x00000061aff00000,0x00000061b0000000)]
  0x000001ebf327a4a0 JavaThread "Asynchronous log dispatcher for DefaultDaemonConnection: socket connection from /127.0.0.1:51953 to /127.0.0.1:51954" [_thread_blocked, id=18704, stack(0x00000061b0000000,0x00000061b0100000)]
  0x000001ebf3278640 JavaThread "Stdin handler" [_thread_blocked, id=18976, stack(0x00000061b0100000,0x00000061b0200000)]
  0x000001ebf3278b50 JavaThread "Daemon client event forwarder" [_thread_blocked, id=22300, stack(0x00000061b0200000,0x00000061b0300000)]
  0x000001ebf3279060 JavaThread "Cache worker for journal cache (C:\Users\busi4\.gradle\caches\journal-1)" [_thread_blocked, id=22104, stack(0x00000061b0300000,0x00000061b0400000)]
  0x000001ebf3279a80 JavaThread "File lock request listener" [_thread_in_native, id=4436, stack(0x00000061b0400000,0x00000061b0500000)]
=>0x000001ebf5163640 JavaThread "C2 CompilerThread1" daemon [_thread_in_native, id=7460, stack(0x00000061b0500000,0x00000061b0600000)]
  0x000001ebf3279f90 JavaThread "Cache worker for file hash cache (C:\Users\busi4\.gradle\caches\8.7\fileHashes)" [_thread_blocked, id=2792, stack(0x00000061b0600000,0x00000061b0700000)]
  0x000001ebf57ac9c0 JavaThread "Cache worker for file hash cache (C:\Programming\Login5D\.gradle\8.7\fileHashes)" [_thread_blocked, id=16184, stack(0x00000061b0800000,0x00000061b0900000)]
  0x000001ebf57aced0 JavaThread "File watcher server" daemon [_thread_in_native, id=22068, stack(0x00000061b0e00000,0x00000061b0f00000)]
  0x000001ebf57a6990 JavaThread "File watcher consumer" daemon [_thread_blocked, id=21984, stack(0x00000061b0f00000,0x00000061b1000000)]
  0x000001ebf57aba90 JavaThread "jar transforms" [_thread_blocked, id=18660, stack(0x00000061b0700000,0x00000061b0800000)]
  0x000001ebf57a9c30 JavaThread "jar transforms Thread 2" [_thread_blocked, id=9372, stack(0x00000061b1200000,0x00000061b1300000)]
  0x000001ebf57a87f0 JavaThread "jar transforms Thread 3" [_thread_blocked, id=21660, stack(0x00000061b1300000,0x00000061b1400000)]
  0x000001ebf57a6ea0 JavaThread "jar transforms Thread 4" [_thread_blocked, id=21352, stack(0x00000061b1400000,0x00000061b1500000)]
  0x000001ebf57a5f70 JavaThread "jar transforms Thread 5" [_thread_blocked, id=3960, stack(0x00000061b1500000,0x00000061b1600000)]
  0x000001ebf57ad3e0 JavaThread "jar transforms Thread 6" [_thread_blocked, id=21876, stack(0x00000061b1600000,0x00000061b1700000)]
  0x000001ebf57a9720 JavaThread "jar transforms Thread 7" [_thread_blocked, id=9220, stack(0x00000061b1700000,0x00000061b1800000)]
  0x000001ebf57aa650 JavaThread "jar transforms Thread 8" [_thread_blocked, id=12000, stack(0x00000061b1800000,0x00000061b1900000)]
  0x000001ebf57ad8f0 JavaThread "jar transforms Thread 9" [_thread_blocked, id=8204, stack(0x00000061b1900000,0x00000061b1a00000)]
  0x000001ebf57a6480 JavaThread "jar transforms Thread 10" [_thread_blocked, id=3924, stack(0x00000061b1a00000,0x00000061b1b00000)]
  0x000001ebf57a82e0 JavaThread "jar transforms Thread 11" [_thread_blocked, id=11976, stack(0x00000061b1b00000,0x00000061b1c00000)]
  0x000001ebf57a73b0 JavaThread "jar transforms Thread 12" [_thread_blocked, id=18356, stack(0x00000061b1c00000,0x00000061b1d00000)]
  0x000001ebf759cef0 JavaThread "C2 CompilerThread2" daemon [_thread_blocked, id=2452, stack(0x00000061b1d00000,0x00000061b1e00000)]
  0x000001ebf57a8d00 JavaThread "Cache worker for checksums cache (C:\Programming\Login5D\.gradle\8.7\checksums)" [_thread_blocked, id=21832, stack(0x00000061b1e00000,0x00000061b1f00000)]
  0x000001ebf57a78c0 JavaThread "Cache worker for cache directory md-supplier (C:\Users\busi4\.gradle\caches\8.7\md-supplier)" [_thread_blocked, id=15344, stack(0x00000061b1f00000,0x00000061b2000000)]
  0x000001ebf57a9210 JavaThread "Cache worker for cache directory md-rule (C:\Users\busi4\.gradle\caches\8.7\md-rule)" [_thread_blocked, id=14740, stack(0x00000061b2000000,0x00000061b2100000)]
  0x000001ebf57aab60 JavaThread "Cache worker for file content cache (C:\Users\busi4\.gradle\caches\8.7\fileContent)" [_thread_blocked, id=17484, stack(0x00000061b2100000,0x00000061b2200000)]
  0x000001ebf563a910 JavaThread "Unconstrained build operations" [_thread_blocked, id=10592, stack(0x00000061b2200000,0x00000061b2300000)]
  0x000001ebf5636c50 JavaThread "Unconstrained build operations Thread 2" [_thread_blocked, id=12740, stack(0x00000061b2300000,0x00000061b2400000)]
  0x000001ebf563e5d0 JavaThread "Unconstrained build operations Thread 3" [_thread_blocked, id=3644, stack(0x00000061b2400000,0x00000061b2500000)]
  0x000001ebf563a400 JavaThread "Unconstrained build operations Thread 4" [_thread_blocked, id=13256, stack(0x00000061b2500000,0x00000061b2600000)]
  0x000001ebf563ae20 JavaThread "Unconstrained build operations Thread 5" [_thread_blocked, id=12620, stack(0x00000061b2600000,0x00000061b2700000)]
  0x000001ebf5637160 JavaThread "Unconstrained build operations Thread 6" [_thread_blocked, id=17340, stack(0x00000061b2700000,0x00000061b2800000)]
  0x000001ebf563cc80 JavaThread "Unconstrained build operations Thread 7" [_thread_blocked, id=2020, stack(0x00000061b2800000,0x00000061b2900000)]
  0x000001ebf56394d0 JavaThread "Unconstrained build operations Thread 8" [_thread_blocked, id=2868, stack(0x00000061b2900000,0x00000061b2a00000)]
  0x000001ebf5638090 JavaThread "Unconstrained build operations Thread 9" [_thread_blocked, id=1416, stack(0x00000061b2a00000,0x00000061b2b00000)]
  0x000001ebf563c770 JavaThread "Unconstrained build operations Thread 10" [_thread_blocked, id=22364, stack(0x00000061b2b00000,0x00000061b2c00000)]
  0x000001ebf563b330 JavaThread "Cache worker for Build Output Cleanup Cache (C:\Programming\Login5D\.gradle\buildOutputCleanup)" [_thread_blocked, id=4192, stack(0x00000061b2c00000,0x00000061b2d00000)]
  0x000001ebf5639ef0 JavaThread "Unconstrained build operations Thread 11" [_thread_blocked, id=21648, stack(0x00000061b2d00000,0x00000061b2e00000)]
  0x000001ebf563b840 JavaThread "Unconstrained build operations Thread 12" [_thread_blocked, id=21804, stack(0x00000061b2e00000,0x00000061b2f00000)]
  0x000001ebf563d6a0 JavaThread "Unconstrained build operations Thread 13" [_thread_blocked, id=20276, stack(0x00000061b2f00000,0x00000061b3000000)]
  0x000001ebf563d190 JavaThread "Unconstrained build operations Thread 14" [_thread_blocked, id=4748, stack(0x00000061b3000000,0x00000061b3100000)]
  0x000001ebf563c260 JavaThread "Unconstrained build operations Thread 15" [_thread_blocked, id=22308, stack(0x00000061b3100000,0x00000061b3200000)]
  0x000001ebf5637670 JavaThread "Unconstrained build operations Thread 16" [_thread_blocked, id=19492, stack(0x00000061b3200000,0x00000061b3300000)]
  0x000001ebf5637b80 JavaThread "Unconstrained build operations Thread 17" [_thread_blocked, id=10944, stack(0x00000061b3300000,0x00000061b3400000)]
  0x000001ebf5638ab0 JavaThread "Unconstrained build operations Thread 18" [_thread_blocked, id=3160, stack(0x00000061b3400000,0x00000061b3500000)]
  0x000001ebf5638fc0 JavaThread "Unconstrained build operations Thread 19" [_thread_blocked, id=15320, stack(0x00000061b3500000,0x00000061b3600000)]
  0x000001ebf563bd50 JavaThread "Unconstrained build operations Thread 20" [_thread_blocked, id=18996, stack(0x00000061b3600000,0x00000061b3700000)]
  0x000001ebf3277c20 JavaThread "Unconstrained build operations Thread 21" [_thread_blocked, id=21764, stack(0x00000061b3700000,0x00000061b3800000)]
  0x000001ebf3277200 JavaThread "Unconstrained build operations Thread 22" [_thread_blocked, id=10104, stack(0x00000061b3800000,0x00000061b3900000)]
  0x000001ebf57ab070 JavaThread "Unconstrained build operations Thread 23" [_thread_blocked, id=5888, stack(0x00000061b3900000,0x00000061b3a00000)]
  0x000001ebf83e78a0 JavaThread "Unconstrained build operations Thread 24" [_thread_blocked, id=10624, stack(0x00000061b3a00000,0x00000061b3b00000)]
  0x000001ebf83e7390 JavaThread "Unconstrained build operations Thread 25" [_thread_blocked, id=16492, stack(0x00000061b3b00000,0x00000061b3c00000)]
  0x000001ebf83e87d0 JavaThread "Unconstrained build operations Thread 26" [_thread_blocked, id=12540, stack(0x00000061b3c00000,0x00000061b3d00000)]
  0x000001ebf83edde0 JavaThread "Unconstrained build operations Thread 27" [_thread_blocked, id=8748, stack(0x00000061b3d00000,0x00000061b3e00000)]
  0x000001ebf83ebf80 JavaThread "Unconstrained build operations Thread 28" [_thread_blocked, id=22380, stack(0x00000061b3e00000,0x00000061b3f00000)]
  0x000001ebf83eceb0 JavaThread "Unconstrained build operations Thread 29" [_thread_blocked, id=20272, stack(0x00000061b3f00000,0x00000061b4000000)]
  0x000001ebf83e7db0 JavaThread "Unconstrained build operations Thread 30" [_thread_blocked, id=22164, stack(0x00000061b4000000,0x00000061b4100000)]
  0x000001ebf83e8ce0 JavaThread "Unconstrained build operations Thread 31" [_thread_blocked, id=19624, stack(0x00000061b4100000,0x00000061b4200000)]
  0x000001ebf83ec9a0 JavaThread "Unconstrained build operations Thread 32" [_thread_blocked, id=2440, stack(0x00000061b4200000,0x00000061b4300000)]
  0x000001ebf83e82c0 JavaThread "build event listener" [_thread_blocked, id=21472, stack(0x00000061b4300000,0x00000061b4400000)]
  0x000001ebf83ed3c0 JavaThread "Memory manager" [_thread_blocked, id=12616, stack(0x00000061b4400000,0x00000061b4500000)]

Other Threads:
  0x000001ebadd3a9c0 VMThread "VM Thread" [stack: 0x00000061ae800000,0x00000061ae900000] [id=3248]
  0x000001ebf31b86f0 WatcherThread [stack: 0x00000061af400000,0x00000061af500000] [id=7308]
  0x000001eb8f4a8860 GCTaskThread "GC Thread#0" [stack: 0x00000061ae300000,0x00000061ae400000] [id=5300]
  0x000001ebf434af70 GCTaskThread "GC Thread#1" [stack: 0x00000061af700000,0x00000061af800000] [id=15768]
  0x000001ebf4311c30 GCTaskThread "GC Thread#2" [stack: 0x00000061af800000,0x00000061af900000] [id=17384]
  0x000001ebf40df980 GCTaskThread "GC Thread#3" [stack: 0x00000061af900000,0x00000061afa00000] [id=11008]
  0x000001ebf338bea0 GCTaskThread "GC Thread#4" [stack: 0x00000061afa00000,0x00000061afb00000] [id=17204]
  0x000001ebf6216730 GCTaskThread "GC Thread#5" [stack: 0x00000061b0900000,0x00000061b0a00000] [id=16644]
  0x000001ebf6217a70 GCTaskThread "GC Thread#6" [stack: 0x00000061b0a00000,0x00000061b0b00000] [id=20400]
  0x000001ebf6217d30 GCTaskThread "GC Thread#7" [stack: 0x00000061b0b00000,0x00000061b0c00000] [id=4952]
  0x000001ebf62174f0 GCTaskThread "GC Thread#8" [stack: 0x00000061b0c00000,0x00000061b0d00000] [id=12364]
  0x000001ebf6216cb0 GCTaskThread "GC Thread#9" [stack: 0x00000061b0d00000,0x00000061b0e00000] [id=6684]
  0x000001eb8f4b90e0 ConcurrentGCThread "G1 Main Marker" [stack: 0x00000061ae400000,0x00000061ae500000] [id=22256]
  0x000001eb8f4b9a10 ConcurrentGCThread "G1 Conc#0" [stack: 0x00000061ae500000,0x00000061ae600000] [id=16548]
  0x000001ebf6217230 ConcurrentGCThread "G1 Conc#1" [stack: 0x00000061b1000000,0x00000061b1100000] [id=21720]
  0x000001ebf62161b0 ConcurrentGCThread "G1 Conc#2" [stack: 0x00000061b1100000,0x00000061b1200000] [id=21780]
  0x000001ebadbe49e0 ConcurrentGCThread "G1 Refine#0" [stack: 0x00000061ae600000,0x00000061ae700000] [id=17852]
  0x000001ebadbe4e30 ConcurrentGCThread "G1 Service" [stack: 0x00000061ae700000,0x00000061ae800000] [id=21664]

Threads with active compile tasks:
C2 CompilerThread1     8968 6319   !   4       com.google.common.reflect.TypeVisitor::visit (225 bytes)

VM state: not at safepoint (normal execution)

VM Mutex/Monitor currently owned by a thread:  ([mutex/lock_event])
[0x000001eb8f44c010] Metaspace_lock - owner thread: 0x000001ebf3279570

Heap address: 0x0000000080000000, size: 2048 MB, Compressed Oops mode: 32-bit

CDS archive(s) mapped at: [0x000001ebae000000-0x000001ebaeba0000-0x000001ebaeba0000), size 12189696, SharedBaseAddress: 0x000001ebae000000, ArchiveRelocationMode: 1.
Compressed class space mapped at: 0x000001ebaf000000-0x000001ebef000000, reserved size: 1073741824
Narrow klass base: 0x000001ebae000000, Narrow klass shift: 0, Narrow klass range: 0x100000000

GC Precious Log:
 CPUs: 12 total, 12 available
 Memory: 15741M
 Large Page Support: Disabled
 NUMA Support: Disabled
 Compressed Oops: Enabled (32-bit)
 Heap Region Size: 1M
 Heap Min Capacity: 8M
 Heap Initial Capacity: 246M
 Heap Max Capacity: 2G
 Pre-touch: Disabled
 Parallel Workers: 10
 Concurrent Workers: 3
 Concurrent Refinement Workers: 10
 Periodic GC: Disabled

Heap:
 garbage-first heap   total 145408K, used 102103K [0x0000000080000000, 0x0000000100000000)
  region size 1024K, 25 young (25600K), 5 survivors (5120K)
 Metaspace       used 57854K, committed 58496K, reserved 1114112K
  class space    used 8190K, committed 8512K, reserved 1048576K

Heap Regions: E=young(eden), S=young(survivor), O=old, HS=humongous(starts), HC=humongous(continues), CS=collection set, F=free, OA=open archive, CA=closed archive, TAMS=top-at-mark-start (previous, next)
|   0|0x0000000080000000, 0x0000000080100000, 0x0000000080100000|100%|HS|  |TAMS 0x0000000080100000, 0x0000000080000000| Complete 
|   1|0x0000000080100000, 0x0000000080200000, 0x0000000080200000|100%|HC|  |TAMS 0x0000000080200000, 0x0000000080100000| Complete 
|   2|0x0000000080200000, 0x0000000080300000, 0x0000000080300000|100%|HC|  |TAMS 0x0000000080300000, 0x0000000080200000| Complete 
|   3|0x0000000080300000, 0x0000000080400000, 0x0000000080400000|100%|HC|  |TAMS 0x0000000080400000, 0x0000000080300000| Complete 
|   4|0x0000000080400000, 0x0000000080500000, 0x0000000080500000|100%| O|  |TAMS 0x0000000080500000, 0x0000000080400000| Untracked 
|   5|0x0000000080500000, 0x0000000080600000, 0x0000000080600000|100%| O|  |TAMS 0x0000000080600000, 0x0000000080500000| Untracked 
|   6|0x0000000080600000, 0x0000000080700000, 0x0000000080700000|100%| O|  |TAMS 0x0000000080700000, 0x0000000080600000| Untracked 
|   7|0x0000000080700000, 0x0000000080800000, 0x0000000080800000|100%| O|  |TAMS 0x0000000080800000, 0x0000000080700000| Untracked 
|   8|0x0000000080800000, 0x0000000080900000, 0x0000000080900000|100%| O|  |TAMS 0x0000000080900000, 0x0000000080800000| Untracked 
|   9|0x0000000080900000, 0x0000000080a00000, 0x0000000080a00000|100%| O|  |TAMS 0x0000000080a00000, 0x0000000080900000| Untracked 
|  10|0x0000000080a00000, 0x0000000080b00000, 0x0000000080b00000|100%| O|  |TAMS 0x0000000080b00000, 0x0000000080a00000| Untracked 
|  11|0x0000000080b00000, 0x0000000080c00000, 0x0000000080c00000|100%| O|  |TAMS 0x0000000080c00000, 0x0000000080b00000| Untracked 
|  12|0x0000000080c00000, 0x0000000080d00000, 0x0000000080d00000|100%| O|  |TAMS 0x0000000080d00000, 0x0000000080c00000| Untracked 
|  13|0x0000000080d00000, 0x0000000080e00000, 0x0000000080e00000|100%| O|  |TAMS 0x0000000080e00000, 0x0000000080d00000| Untracked 
|  14|0x0000000080e00000, 0x0000000080f00000, 0x0000000080f00000|100%| O|  |TAMS 0x0000000080f00000, 0x0000000080e00000| Untracked 
|  15|0x0000000080f00000, 0x0000000081000000, 0x0000000081000000|100%| O|  |TAMS 0x0000000081000000, 0x0000000080f00000| Untracked 
|  16|0x0000000081000000, 0x0000000081100000, 0x0000000081100000|100%| O|  |TAMS 0x0000000081100000, 0x0000000081000000| Untracked 
|  17|0x0000000081100000, 0x0000000081200000, 0x0000000081200000|100%| O|  |TAMS 0x0000000081200000, 0x0000000081100000| Untracked 
|  18|0x0000000081200000, 0x0000000081300000, 0x0000000081300000|100%| O|  |TAMS 0x0000000081300000, 0x0000000081200000| Untracked 
|  19|0x0000000081300000, 0x0000000081400000, 0x0000000081400000|100%| O|  |TAMS 0x0000000081400000, 0x0000000081300000| Untracked 
|  20|0x0000000081400000, 0x0000000081500000, 0x0000000081500000|100%| O|  |TAMS 0x0000000081500000, 0x0000000081400000| Untracked 
|  21|0x0000000081500000, 0x00000000815e9c00, 0x0000000081600000| 91%| O|  |TAMS 0x00000000815e9c00, 0x0000000081500000| Untracked 
|  22|0x0000000081600000, 0x0000000081700000, 0x0000000081700000|100%|HS|  |TAMS 0x0000000081700000, 0x0000000081600000| Complete 
|  23|0x0000000081700000, 0x0000000081800000, 0x0000000081800000|100%|HC|  |TAMS 0x0000000081800000, 0x0000000081700000| Complete 
|  24|0x0000000081800000, 0x0000000081900000, 0x0000000081900000|100%|HC|  |TAMS 0x0000000081900000, 0x0000000081800000| Complete 
|  25|0x0000000081900000, 0x0000000081a00000, 0x0000000081a00000|100%|HC|  |TAMS 0x0000000081a00000, 0x0000000081900000| Complete 
|  26|0x0000000081a00000, 0x0000000081b00000, 0x0000000081b00000|100%|HC|  |TAMS 0x0000000081b00000, 0x0000000081a00000| Complete 
|  27|0x0000000081b00000, 0x0000000081c00000, 0x0000000081c00000|100%|HS|  |TAMS 0x0000000081c00000, 0x0000000081b00000| Complete 
|  28|0x0000000081c00000, 0x0000000081d00000, 0x0000000081d00000|100%|HC|  |TAMS 0x0000000081d00000, 0x0000000081c00000| Complete 
|  29|0x0000000081d00000, 0x0000000081e00000, 0x0000000081e00000|100%|HC|  |TAMS 0x0000000081e00000, 0x0000000081d00000| Complete 
|  30|0x0000000081e00000, 0x0000000081f00000, 0x0000000081f00000|100%|HS|  |TAMS 0x0000000081f00000, 0x0000000081e00000| Complete 
|  31|0x0000000081f00000, 0x0000000082000000, 0x0000000082000000|100%|HC|  |TAMS 0x0000000082000000, 0x0000000081f00000| Complete 
|  32|0x0000000082000000, 0x0000000082100000, 0x0000000082100000|100%|HS|  |TAMS 0x0000000082100000, 0x0000000082000000| Complete 
|  33|0x0000000082100000, 0x0000000082200000, 0x0000000082200000|100%| O|  |TAMS 0x0000000082200000, 0x0000000082100000| Untracked 
|  34|0x0000000082200000, 0x0000000082300000, 0x0000000082300000|100%| O|  |TAMS 0x0000000082300000, 0x0000000082200000| Untracked 
|  35|0x0000000082300000, 0x0000000082400000, 0x0000000082400000|100%| O|  |TAMS 0x0000000082400000, 0x0000000082300000| Untracked 
|  36|0x0000000082400000, 0x0000000082500000, 0x0000000082500000|100%| O|  |TAMS 0x0000000082500000, 0x0000000082400000| Untracked 
|  37|0x0000000082500000, 0x0000000082600000, 0x0000000082600000|100%| O|  |TAMS 0x0000000082600000, 0x0000000082500000| Untracked 
|  38|0x0000000082600000, 0x0000000082700000, 0x0000000082700000|100%| O|  |TAMS 0x0000000082700000, 0x0000000082600000| Untracked 
|  39|0x0000000082700000, 0x0000000082800000, 0x0000000082800000|100%| O|  |TAMS 0x0000000082800000, 0x0000000082700000| Untracked 
|  40|0x0000000082800000, 0x0000000082900000, 0x0000000082900000|100%| O|  |TAMS 0x0000000082900000, 0x0000000082800000| Untracked 
|  41|0x0000000082900000, 0x0000000082a00000, 0x0000000082a00000|100%| O|  |TAMS 0x0000000082a00000, 0x0000000082900000| Untracked 
|  42|0x0000000082a00000, 0x0000000082b00000, 0x0000000082b00000|100%| O|  |TAMS 0x0000000082b00000, 0x0000000082a00000| Complete 
|  43|0x0000000082b00000, 0x0000000082c00000, 0x0000000082c00000|100%|HS|  |TAMS 0x0000000082c00000, 0x0000000082b00000| Complete 
|  44|0x0000000082c00000, 0x0000000082d00000, 0x0000000082d00000|100%|HC|  |TAMS 0x0000000082d00000, 0x0000000082c00000| Complete 
|  45|0x0000000082d00000, 0x0000000082e00000, 0x0000000082e00000|100%|HS|  |TAMS 0x0000000082e00000, 0x0000000082d00000| Complete 
|  46|0x0000000082e00000, 0x0000000082f00000, 0x0000000082f00000|100%|HC|  |TAMS 0x0000000082f00000, 0x0000000082e00000| Complete 
|  47|0x0000000082f00000, 0x0000000083000000, 0x0000000083000000|100%|HC|  |TAMS 0x0000000083000000, 0x0000000082f00000| Complete 
|  48|0x0000000083000000, 0x0000000083100000, 0x0000000083100000|100%|HC|  |TAMS 0x0000000083100000, 0x0000000083000000| Complete 
|  49|0x0000000083100000, 0x0000000083200000, 0x0000000083200000|100%|HC|  |TAMS 0x0000000083200000, 0x0000000083100000| Complete 
|  50|0x0000000083200000, 0x0000000083300000, 0x0000000083300000|100%|HS|  |TAMS 0x0000000083300000, 0x0000000083200000| Complete 
|  51|0x0000000083300000, 0x0000000083400000, 0x0000000083400000|100%|HC|  |TAMS 0x0000000083400000, 0x0000000083300000| Complete 
|  52|0x0000000083400000, 0x0000000083500000, 0x0000000083500000|100%|HC|  |TAMS 0x0000000083500000, 0x0000000083400000| Complete 
|  53|0x0000000083500000, 0x0000000083600000, 0x0000000083600000|100%|HC|  |TAMS 0x0000000083600000, 0x0000000083500000| Complete 
|  54|0x0000000083600000, 0x0000000083700000, 0x0000000083700000|100%|HC|  |TAMS 0x0000000083700000, 0x0000000083600000| Complete 
|  55|0x0000000083700000, 0x0000000083800000, 0x0000000083800000|100%| O|  |TAMS 0x0000000083800000, 0x0000000083700000| Untracked 
|  56|0x0000000083800000, 0x0000000083900000, 0x0000000083900000|100%| O|  |TAMS 0x0000000083900000, 0x0000000083800000| Untracked 
|  57|0x0000000083900000, 0x0000000083a00000, 0x0000000083a00000|100%| O|  |TAMS 0x0000000083a00000, 0x0000000083900000| Untracked 
|  58|0x0000000083a00000, 0x0000000083b00000, 0x0000000083b00000|100%| O|  |TAMS 0x0000000083b00000, 0x0000000083a00000| Untracked 
|  59|0x0000000083b00000, 0x0000000083c00000, 0x0000000083c00000|100%| O|  |TAMS 0x0000000083c00000, 0x0000000083b00000| Untracked 
|  60|0x0000000083c00000, 0x0000000083d00000, 0x0000000083d00000|100%| O|  |TAMS 0x0000000083d00000, 0x0000000083c00000| Untracked 
|  61|0x0000000083d00000, 0x0000000083e00000, 0x0000000083e00000|100%| O|  |TAMS 0x0000000083e00000, 0x0000000083d00000| Untracked 
|  62|0x0000000083e00000, 0x0000000083f00000, 0x0000000083f00000|100%|HS|  |TAMS 0x0000000083f00000, 0x0000000083e00000| Complete 
|  63|0x0000000083f00000, 0x0000000084000000, 0x0000000084000000|100%|HC|  |TAMS 0x0000000084000000, 0x0000000083f00000| Complete 
|  64|0x0000000084000000, 0x0000000084100000, 0x0000000084100000|100%| O|  |TAMS 0x0000000084100000, 0x0000000084000000| Untracked 
|  65|0x0000000084100000, 0x0000000084200000, 0x0000000084200000|100%| O|  |TAMS 0x0000000084200000, 0x0000000084100000| Untracked 
|  66|0x0000000084200000, 0x0000000084300000, 0x0000000084300000|100%| O|  |TAMS 0x0000000084300000, 0x0000000084200000| Untracked 
|  67|0x0000000084300000, 0x0000000084400000, 0x0000000084400000|100%| O|  |TAMS 0x0000000084400000, 0x0000000084300000| Untracked 
|  68|0x0000000084400000, 0x0000000084500000, 0x0000000084500000|100%|HS|  |TAMS 0x0000000084500000, 0x0000000084400000| Complete 
|  69|0x0000000084500000, 0x0000000084600000, 0x0000000084600000|100%|HC|  |TAMS 0x0000000084600000, 0x0000000084500000| Complete 
|  70|0x0000000084600000, 0x0000000084700000, 0x0000000084700000|100%|HS|  |TAMS 0x0000000084700000, 0x0000000084600000| Complete 
|  71|0x0000000084700000, 0x0000000084800000, 0x0000000084800000|100%|HC|  |TAMS 0x0000000084800000, 0x0000000084700000| Complete 
|  72|0x0000000084800000, 0x0000000084900000, 0x0000000084900000|100%|HC|  |TAMS 0x0000000084900000, 0x0000000084800000| Complete 
|  73|0x0000000084900000, 0x0000000084a00000, 0x0000000084a00000|100%| O|  |TAMS 0x0000000084a00000, 0x0000000084900000| Untracked 
|  74|0x0000000084a00000, 0x0000000084b00000, 0x0000000084b00000|100%| O|  |TAMS 0x0000000084b00000, 0x0000000084a00000| Untracked 
|  75|0x0000000084b00000, 0x0000000084c00000, 0x0000000084c00000|100%| O|  |TAMS 0x0000000084c00000, 0x0000000084b00000| Untracked 
|  76|0x0000000084c00000, 0x0000000084c5b800, 0x0000000084d00000| 35%| O|  |TAMS 0x0000000084c5b800, 0x0000000084c00000| Untracked 
|  77|0x0000000084d00000, 0x0000000084d00000, 0x0000000084e00000|  0%| F|  |TAMS 0x0000000084d00000, 0x0000000084d00000| Untracked 
|  78|0x0000000084e00000, 0x0000000084e00000, 0x0000000084f00000|  0%| F|  |TAMS 0x0000000084e00000, 0x0000000084e00000| Untracked 
|  79|0x0000000084f00000, 0x0000000084f00000, 0x0000000085000000|  0%| F|  |TAMS 0x0000000084f00000, 0x0000000084f00000| Untracked 
|  80|0x0000000085000000, 0x0000000085000000, 0x0000000085100000|  0%| F|  |TAMS 0x0000000085000000, 0x0000000085000000| Untracked 
|  81|0x0000000085100000, 0x0000000085100000, 0x0000000085200000|  0%| F|  |TAMS 0x0000000085100000, 0x0000000085100000| Untracked 
|  82|0x0000000085200000, 0x0000000085200000, 0x0000000085300000|  0%| F|  |TAMS 0x0000000085200000, 0x0000000085200000| Untracked 
|  83|0x0000000085300000, 0x0000000085300000, 0x0000000085400000|  0%| F|  |TAMS 0x0000000085300000, 0x0000000085300000| Untracked 
|  84|0x0000000085400000, 0x0000000085400000, 0x0000000085500000|  0%| F|  |TAMS 0x0000000085400000, 0x0000000085400000| Untracked 
|  85|0x0000000085500000, 0x0000000085500000, 0x0000000085600000|  0%| F|  |TAMS 0x0000000085500000, 0x0000000085500000| Untracked 
|  86|0x0000000085600000, 0x0000000085600000, 0x0000000085700000|  0%| F|  |TAMS 0x0000000085600000, 0x0000000085600000| Untracked 
|  87|0x0000000085700000, 0x0000000085700000, 0x0000000085800000|  0%| F|  |TAMS 0x0000000085700000, 0x0000000085700000| Untracked 
|  88|0x0000000085800000, 0x0000000085800000, 0x0000000085900000|  0%| F|  |TAMS 0x0000000085800000, 0x0000000085800000| Untracked 
|  89|0x0000000085900000, 0x0000000085900000, 0x0000000085a00000|  0%| F|  |TAMS 0x0000000085900000, 0x0000000085900000| Untracked 
|  90|0x0000000085a00000, 0x0000000085a00000, 0x0000000085b00000|  0%| F|  |TAMS 0x0000000085a00000, 0x0000000085a00000| Untracked 
|  91|0x0000000085b00000, 0x0000000085b00000, 0x0000000085c00000|  0%| F|  |TAMS 0x0000000085b00000, 0x0000000085b00000| Untracked 
|  92|0x0000000085c00000, 0x0000000085c00000, 0x0000000085d00000|  0%| F|  |TAMS 0x0000000085c00000, 0x0000000085c00000| Untracked 
|  93|0x0000000085d00000, 0x0000000085d00000, 0x0000000085e00000|  0%| F|  |TAMS 0x0000000085d00000, 0x0000000085d00000| Untracked 
|  94|0x0000000085e00000, 0x0000000085e00000, 0x0000000085f00000|  0%| F|  |TAMS 0x0000000085e00000, 0x0000000085e00000| Untracked 
|  95|0x0000000085f00000, 0x0000000085f00000, 0x0000000086000000|  0%| F|  |TAMS 0x0000000085f00000, 0x0000000085f00000| Untracked 
|  96|0x0000000086000000, 0x0000000086000000, 0x0000000086100000|  0%| F|  |TAMS 0x0000000086000000, 0x0000000086000000| Untracked 
|  97|0x0000000086100000, 0x0000000086100000, 0x0000000086200000|  0%| F|  |TAMS 0x0000000086100000, 0x0000000086100000| Untracked 
|  98|0x0000000086200000, 0x0000000086200000, 0x0000000086300000|  0%| F|  |TAMS 0x0000000086200000, 0x0000000086200000| Untracked 
|  99|0x0000000086300000, 0x0000000086370ab8, 0x0000000086400000| 44%| S|CS|TAMS 0x0000000086300000, 0x0000000086300000| Complete 
| 100|0x0000000086400000, 0x0000000086500000, 0x0000000086500000|100%| S|CS|TAMS 0x0000000086400000, 0x0000000086400000| Complete 
| 101|0x0000000086500000, 0x0000000086600000, 0x0000000086600000|100%| S|CS|TAMS 0x0000000086500000, 0x0000000086500000| Complete 
| 102|0x0000000086600000, 0x0000000086700000, 0x0000000086700000|100%| S|CS|TAMS 0x0000000086600000, 0x0000000086600000| Complete 
| 103|0x0000000086700000, 0x0000000086800000, 0x0000000086800000|100%| S|CS|TAMS 0x0000000086700000, 0x0000000086700000| Complete 
| 104|0x0000000086800000, 0x0000000086800000, 0x0000000086900000|  0%| F|  |TAMS 0x0000000086800000, 0x0000000086800000| Untracked 
| 105|0x0000000086900000, 0x0000000086900000, 0x0000000086a00000|  0%| F|  |TAMS 0x0000000086900000, 0x0000000086900000| Untracked 
| 106|0x0000000086a00000, 0x0000000086a00000, 0x0000000086b00000|  0%| F|  |TAMS 0x0000000086a00000, 0x0000000086a00000| Untracked 
| 107|0x0000000086b00000, 0x0000000086b00000, 0x0000000086c00000|  0%| F|  |TAMS 0x0000000086b00000, 0x0000000086b00000| Untracked 
| 108|0x0000000086c00000, 0x0000000086c00000, 0x0000000086d00000|  0%| F|  |TAMS 0x0000000086c00000, 0x0000000086c00000| Untracked 
| 109|0x0000000086d00000, 0x0000000086d00000, 0x0000000086e00000|  0%| F|  |TAMS 0x0000000086d00000, 0x0000000086d00000| Untracked 
| 110|0x0000000086e00000, 0x0000000086e00000, 0x0000000086f00000|  0%| F|  |TAMS 0x0000000086e00000, 0x0000000086e00000| Untracked 
| 111|0x0000000086f00000, 0x0000000086f00000, 0x0000000087000000|  0%| F|  |TAMS 0x0000000086f00000, 0x0000000086f00000| Untracked 
| 112|0x0000000087000000, 0x0000000087000000, 0x0000000087100000|  0%| F|  |TAMS 0x0000000087000000, 0x0000000087000000| Untracked 
| 113|0x0000000087100000, 0x0000000087100000, 0x0000000087200000|  0%| F|  |TAMS 0x0000000087100000, 0x0000000087100000| Untracked 
| 114|0x0000000087200000, 0x0000000087200000, 0x0000000087300000|  0%| F|  |TAMS 0x0000000087200000, 0x0000000087200000| Untracked 
| 115|0x0000000087300000, 0x0000000087300000, 0x0000000087400000|  0%| F|  |TAMS 0x0000000087300000, 0x0000000087300000| Untracked 
| 116|0x0000000087400000, 0x0000000087400000, 0x0000000087500000|  0%| F|  |TAMS 0x0000000087400000, 0x0000000087400000| Untracked 
| 117|0x0000000087500000, 0x0000000087500000, 0x0000000087600000|  0%| F|  |TAMS 0x0000000087500000, 0x0000000087500000| Untracked 
| 118|0x0000000087600000, 0x0000000087600000, 0x0000000087700000|  0%| F|  |TAMS 0x0000000087600000, 0x0000000087600000| Untracked 
| 119|0x0000000087700000, 0x0000000087700000, 0x0000000087800000|  0%| F|  |TAMS 0x0000000087700000, 0x0000000087700000| Untracked 
| 120|0x0000000087800000, 0x0000000087800000, 0x0000000087900000|  0%| F|  |TAMS 0x0000000087800000, 0x0000000087800000| Untracked 
| 121|0x0000000087900000, 0x0000000087900000, 0x0000000087a00000|  0%| F|  |TAMS 0x0000000087900000, 0x0000000087900000| Untracked 
| 122|0x0000000087a00000, 0x0000000087a84650, 0x0000000087b00000| 51%| E|  |TAMS 0x0000000087a00000, 0x0000000087a00000| Complete 
| 123|0x0000000087b00000, 0x0000000087c00000, 0x0000000087c00000|100%| E|CS|TAMS 0x0000000087b00000, 0x0000000087b00000| Complete 
| 124|0x0000000087c00000, 0x0000000087d00000, 0x0000000087d00000|100%| E|CS|TAMS 0x0000000087c00000, 0x0000000087c00000| Complete 
| 125|0x0000000087d00000, 0x0000000087e00000, 0x0000000087e00000|100%| E|CS|TAMS 0x0000000087d00000, 0x0000000087d00000| Complete 
| 126|0x0000000087e00000, 0x0000000087f00000, 0x0000000087f00000|100%| E|CS|TAMS 0x0000000087e00000, 0x0000000087e00000| Complete 
| 127|0x0000000087f00000, 0x0000000088000000, 0x0000000088000000|100%| E|CS|TAMS 0x0000000087f00000, 0x0000000087f00000| Complete 
| 128|0x0000000088000000, 0x0000000088100000, 0x0000000088100000|100%| E|CS|TAMS 0x0000000088000000, 0x0000000088000000| Complete 
| 129|0x0000000088100000, 0x0000000088200000, 0x0000000088200000|100%| E|CS|TAMS 0x0000000088100000, 0x0000000088100000| Complete 
| 130|0x0000000088200000, 0x0000000088300000, 0x0000000088300000|100%| E|CS|TAMS 0x0000000088200000, 0x0000000088200000| Complete 
| 131|0x0000000088300000, 0x0000000088400000, 0x0000000088400000|100%| E|CS|TAMS 0x0000000088300000, 0x0000000088300000| Complete 
| 132|0x0000000088400000, 0x0000000088500000, 0x0000000088500000|100%| E|CS|TAMS 0x0000000088400000, 0x0000000088400000| Complete 
| 133|0x0000000088500000, 0x0000000088600000, 0x0000000088600000|100%| E|CS|TAMS 0x0000000088500000, 0x0000000088500000| Complete 
| 134|0x0000000088600000, 0x0000000088700000, 0x0000000088700000|100%| E|CS|TAMS 0x0000000088600000, 0x0000000088600000| Complete 
| 135|0x0000000088700000, 0x0000000088800000, 0x0000000088800000|100%| E|CS|TAMS 0x0000000088700000, 0x0000000088700000| Complete 
| 136|0x0000000088800000, 0x0000000088900000, 0x0000000088900000|100%| E|CS|TAMS 0x0000000088800000, 0x0000000088800000| Complete 
| 137|0x0000000088900000, 0x0000000088a00000, 0x0000000088a00000|100%| E|CS|TAMS 0x0000000088900000, 0x0000000088900000| Complete 
| 138|0x0000000088a00000, 0x0000000088b00000, 0x0000000088b00000|100%| E|CS|TAMS 0x0000000088a00000, 0x0000000088a00000| Complete 
| 139|0x0000000088b00000, 0x0000000088c00000, 0x0000000088c00000|100%| E|CS|TAMS 0x0000000088b00000, 0x0000000088b00000| Complete 
| 241|0x000000008f100000, 0x000000008f200000, 0x000000008f200000|100%| E|CS|TAMS 0x000000008f100000, 0x000000008f100000| Complete 
| 245|0x000000008f500000, 0x000000008f600000, 0x000000008f600000|100%| E|CS|TAMS 0x000000008f500000, 0x000000008f500000| Complete 

Card table byte_map: [0x000001eba68b0000,0x000001eba6cb0000] _byte_map_base: 0x000001eba64b0000

Marking Bits (Prev, Next): (CMBitMap*) 0x000001eb8d34e820, (CMBitMap*) 0x000001eb8d34e860
 Prev Bits: [0x000001eba70b0000, 0x000001eba90b0000)
 Next Bits: [0x000001eba90b0000, 0x000001ebab0b0000)

Polling page: 0x000001eb8d3c0000

Metaspace:

Usage:
  Non-class:     48.50 MB used.
      Class:      8.00 MB used.
       Both:     56.50 MB used.

Virtual space:
  Non-class space:       64.00 MB reserved,      48.81 MB ( 76%) committed,  1 nodes.
      Class space:        1.00 GB reserved,       8.31 MB ( <1%) committed,  1 nodes.
             Both:        1.06 GB reserved,      57.12 MB (  5%) committed. 

Chunk freelists:
   Non-Class:  14.86 MB
       Class:  7.52 MB
        Both:  22.38 MB

MaxMetaspaceSize: unlimited
CompressedClassSpaceSize: 1.00 GB
Initial GC threshold: 21.00 MB
Current GC threshold: 92.50 MB
CDS: on
MetaspaceReclaimPolicy: balanced
 - commit_granule_bytes: 65536.
 - commit_granule_words: 8192.
 - virtual_space_node_default_size: 8388608.
 - enlarge_chunks_in_place: 1.
 - new_chunks_are_fully_committed: 0.
 - uncommit_free_chunks: 1.
 - use_allocation_guard: 0.
 - handle_deallocations: 1.


Internal statistics:

num_allocs_failed_limit: 3.
num_arena_births: 838.
num_arena_deaths: 0.
num_vsnodes_births: 2.
num_vsnodes_deaths: 0.
num_space_committed: 914.
num_space_uncommitted: 0.
num_chunks_returned_to_freelist: 3.
num_chunks_taken_from_freelist: 3241.
num_chunk_merges: 3.
num_chunk_splits: 2107.
num_chunks_enlarged: 1342.
num_inconsistent_stats: 0.

CodeHeap 'non-profiled nmethods': size=120000Kb used=3325Kb max_used=3325Kb free=116674Kb
 bounds [0x000001eb9ea20000, 0x000001eb9ed60000, 0x000001eba5f50000]
CodeHeap 'profiled nmethods': size=120000Kb used=11058Kb max_used=11058Kb free=108941Kb
 bounds [0x000001eb96f50000, 0x000001eb97a20000, 0x000001eb9e480000]
CodeHeap 'non-nmethods': size=5760Kb used=2363Kb max_used=2393Kb free=3396Kb
 bounds [0x000001eb9e480000, 0x000001eb9e6f0000, 0x000001eb9ea20000]
 total_blobs=6546 nmethods=5663 adapters=795
 compilation: enabled
              stopped_count=0, restarted_count=0
 full_count=0

Compilation events (20 events):
Event: 8.911 Thread 0x000001ebf300c290 nmethod 6381 0x000001eb97a13190 code [0x000001eb97a13320, 0x000001eb97a13418]
Event: 8.912 Thread 0x000001ebf300c290 6382       1       org.gradle.api.internal.provider.Collectors$ElementFromProvider::size (2 bytes)
Event: 8.913 Thread 0x000001ebf300c290 nmethod 6382 0x000001eb9ed5b010 code [0x000001eb9ed5b1a0, 0x000001eb9ed5b278]
Event: 8.913 Thread 0x000001ebf300c290 6383       3       org.gradle.api.internal.DefaultDomainObjectCollection::getMutationGuard (10 bytes)
Event: 8.913 Thread 0x000001ebf300c290 nmethod 6383 0x000001eb97a13490 code [0x000001eb97a13640, 0x000001eb97a13808]
Event: 8.913 Thread 0x000001ebf759cef0 nmethod 6373 0x000001eb9ed5b310 code [0x000001eb9ed5b4e0, 0x000001eb9ed5bd98]
Event: 8.914 Thread 0x000001ebf300c290 6384       3       com.google.common.collect.ImmutableSet$Builder::build (32 bytes)
Event: 8.914 Thread 0x000001ebf300c290 nmethod 6384 0x000001eb97a13910 code [0x000001eb97a13ae0, 0x000001eb97a13f48]
Event: 8.917 Thread 0x000001ebf300c290 6385       3       org.gradle.api.internal.provider.Collectors$TypedCollector::size (10 bytes)
Event: 8.917 Thread 0x000001ebf300c290 nmethod 6385 0x000001eb97a14090 code [0x000001eb97a14240, 0x000001eb97a14408]
Event: 8.917 Thread 0x000001ebf300c290 6386       3       org.gradle.internal.operations.DefaultBuildOperationRunner::assertParentRunning (47 bytes)
Event: 8.918 Thread 0x000001ebf300c290 nmethod 6386 0x000001eb97a14510 code [0x000001eb97a147a0, 0x000001eb97a15658]
Event: 8.918 Thread 0x000001ebf300c290 6387       3       org.gradle.internal.operations.CurrentBuildOperationRef::set (20 bytes)
Event: 8.918 Thread 0x000001ebf300c290 nmethod 6387 0x000001eb97a15b90 code [0x000001eb97a15d60, 0x000001eb97a160d8]
Event: 8.918 Thread 0x000001ebf300c290 6388       3       org.gradle.internal.operations.BuildOperationState::setRunning (9 bytes)
Event: 8.918 Thread 0x000001ebf300c290 nmethod 6388 0x000001eb97a16210 code [0x000001eb97a163a0, 0x000001eb97a16578]
Event: 8.919 Thread 0x000001ebf300c290 6389       3       org.gradle.tooling.internal.provider.runner.BuildPhaseOperationListener::isSupportedBuildOperation (31 bytes)
Event: 8.919 Thread 0x000001ebf300c290 nmethod 6389 0x000001eb97a16690 code [0x000001eb97a16860, 0x000001eb97a16ce8]
Event: 8.919 Thread 0x000001ebf300c290 6390       3       org.gradle.internal.logging.progress.DefaultProgressLoggerFactory$ProgressLoggerImpl::ensureNotNull (11 bytes)
Event: 8.919 Thread 0x000001ebf300c290 nmethod 6390 0x000001eb97a16e10 code [0x000001eb97a16fa0, 0x000001eb97a170f8]

GC Heap History (20 events):
Event: 4.944 GC heap before
{Heap before GC invocations=5 (full 0):
 garbage-first heap   total 81920K, used 72361K [0x0000000080000000, 0x0000000100000000)
  region size 1024K, 40 young (40960K), 1 survivors (1024K)
 Metaspace       used 25226K, committed 25664K, reserved 1114112K
  class space    used 3768K, committed 3968K, reserved 1048576K
}
Event: 4.948 GC heap after
{Heap after GC invocations=6 (full 0):
 garbage-first heap   total 81920K, used 38374K [0x0000000080000000, 0x0000000100000000)
  region size 1024K, 5 young (5120K), 5 survivors (5120K)
 Metaspace       used 25226K, committed 25664K, reserved 1114112K
  class space    used 3768K, committed 3968K, reserved 1048576K
}
Event: 4.972 GC heap before
{Heap before GC invocations=6 (full 0):
 garbage-first heap   total 81920K, used 39398K [0x0000000080000000, 0x0000000100000000)
  region size 1024K, 6 young (6144K), 5 survivors (5120K)
 Metaspace       used 25323K, committed 25728K, reserved 1114112K
  class space    used 3788K, committed 3968K, reserved 1048576K
}
Event: 4.979 GC heap after
{Heap after GC invocations=7 (full 0):
 garbage-first heap   total 81920K, used 37956K [0x0000000080000000, 0x0000000100000000)
  region size 1024K, 1 young (1024K), 1 survivors (1024K)
 Metaspace       used 25323K, committed 25728K, reserved 1114112K
  class space    used 3788K, committed 3968K, reserved 1048576K
}
Event: 5.409 GC heap before
{Heap before GC invocations=7 (full 0):
 garbage-first heap   total 81920K, used 62532K [0x0000000080000000, 0x0000000100000000)
  region size 1024K, 26 young (26624K), 1 survivors (1024K)
 Metaspace       used 28845K, committed 29248K, reserved 1114112K
  class space    used 4340K, committed 4544K, reserved 1048576K
}
Event: 5.412 GC heap after
{Heap after GC invocations=8 (full 0):
 garbage-first heap   total 81920K, used 38855K [0x0000000080000000, 0x0000000100000000)
  region size 1024K, 2 young (2048K), 2 survivors (2048K)
 Metaspace       used 28845K, committed 29248K, reserved 1114112K
  class space    used 4340K, committed 4544K, reserved 1048576K
}
Event: 5.773 GC heap before
{Heap before GC invocations=9 (full 0):
 garbage-first heap   total 81920K, used 63431K [0x0000000080000000, 0x0000000100000000)
  region size 1024K, 27 young (27648K), 2 survivors (2048K)
 Metaspace       used 33969K, committed 34368K, reserved 1114112K
  class space    used 4868K, committed 5056K, reserved 1048576K
}
Event: 5.777 GC heap after
{Heap after GC invocations=10 (full 0):
 garbage-first heap   total 81920K, used 42367K [0x0000000080000000, 0x0000000100000000)
  region size 1024K, 4 young (4096K), 4 survivors (4096K)
 Metaspace       used 33969K, committed 34368K, reserved 1114112K
  class space    used 4868K, committed 5056K, reserved 1048576K
}
Event: 5.782 GC heap before
{Heap before GC invocations=10 (full 0):
 garbage-first heap   total 81920K, used 43391K [0x0000000080000000, 0x0000000100000000)
  region size 1024K, 5 young (5120K), 4 survivors (4096K)
 Metaspace       used 33996K, committed 34432K, reserved 1114112K
  class space    used 4868K, committed 5056K, reserved 1048576K
}
Event: 5.787 GC heap after
{Heap after GC invocations=11 (full 0):
 garbage-first heap   total 143360K, used 42499K [0x0000000080000000, 0x0000000100000000)
  region size 1024K, 1 young (1024K), 1 survivors (1024K)
 Metaspace       used 33996K, committed 34432K, reserved 1114112K
  class space    used 4868K, committed 5056K, reserved 1048576K
}
Event: 6.586 GC heap before
{Heap before GC invocations=11 (full 0):
 garbage-first heap   total 143360K, used 112131K [0x0000000080000000, 0x0000000100000000)
  region size 1024K, 65 young (66560K), 1 survivors (1024K)
 Metaspace       used 39419K, committed 40000K, reserved 1114112K
  class space    used 5585K, committed 5888K, reserved 1048576K
}
Event: 6.591 GC heap after
{Heap after GC invocations=12 (full 0):
 garbage-first heap   total 143360K, used 48575K [0x0000000080000000, 0x0000000100000000)
  region size 1024K, 7 young (7168K), 7 survivors (7168K)
 Metaspace       used 39419K, committed 40000K, reserved 1114112K
  class space    used 5585K, committed 5888K, reserved 1048576K
}
Event: 7.298 GC heap before
{Heap before GC invocations=12 (full 0):
 garbage-first heap   total 143360K, used 122303K [0x0000000080000000, 0x0000000100000000)
  region size 1024K, 66 young (67584K), 7 survivors (7168K)
 Metaspace       used 44251K, committed 44800K, reserved 1114112K
  class space    used 6211K, committed 6464K, reserved 1048576K
}
Event: 7.303 GC heap after
{Heap after GC invocations=13 (full 0):
 garbage-first heap   total 143360K, used 66988K [0x0000000080000000, 0x0000000100000000)
  region size 1024K, 6 young (6144K), 6 survivors (6144K)
 Metaspace       used 44251K, committed 44800K, reserved 1114112K
  class space    used 6211K, committed 6464K, reserved 1048576K
}
Event: 7.935 GC heap before
{Heap before GC invocations=13 (full 0):
 garbage-first heap   total 143360K, used 114092K [0x0000000080000000, 0x0000000100000000)
  region size 1024K, 51 young (52224K), 6 survivors (6144K)
 Metaspace       used 47723K, committed 48384K, reserved 1114112K
  class space    used 6761K, committed 7040K, reserved 1048576K
}
Event: 7.940 GC heap after
{Heap after GC invocations=14 (full 0):
 garbage-first heap   total 143360K, used 73114K [0x0000000080000000, 0x0000000100000000)
  region size 1024K, 4 young (4096K), 4 survivors (4096K)
 Metaspace       used 47723K, committed 48384K, reserved 1114112K
  class space    used 6761K, committed 7040K, reserved 1048576K
}
Event: 8.333 GC heap before
{Heap before GC invocations=15 (full 0):
 garbage-first heap   total 143360K, used 121242K [0x0000000080000000, 0x0000000100000000)
  region size 1024K, 46 young (47104K), 4 survivors (4096K)
 Metaspace       used 52006K, committed 52672K, reserved 1114112K
  class space    used 7368K, committed 7680K, reserved 1048576K
}
Event: 8.337 GC heap after
{Heap after GC invocations=16 (full 0):
 garbage-first heap   total 143360K, used 81373K [0x0000000080000000, 0x0000000100000000)
  region size 1024K, 4 young (4096K), 4 survivors (4096K)
 Metaspace       used 52006K, committed 52672K, reserved 1114112K
  class space    used 7368K, committed 7680K, reserved 1048576K
}
Event: 8.714 GC heap before
{Heap before GC invocations=16 (full 0):
 garbage-first heap   total 143360K, used 118237K [0x0000000080000000, 0x0000000100000000)
  region size 1024K, 40 young (40960K), 4 survivors (4096K)
 Metaspace       used 55863K, committed 56576K, reserved 1114112K
  class space    used 7860K, committed 8192K, reserved 1048576K
}
Event: 8.717 GC heap after
{Heap after GC invocations=17 (full 0):
 garbage-first heap   total 143360K, used 82647K [0x0000000080000000, 0x0000000100000000)
  region size 1024K, 5 young (5120K), 5 survivors (5120K)
 Metaspace       used 55863K, committed 56576K, reserved 1114112K
  class space    used 7860K, committed 8192K, reserved 1048576K
}

Dll operation events (14 events):
Event: 0.044 Loaded shared library C:\Users\busi4\.jdks\corretto-17.0.9\bin\java.dll
Event: 0.069 Loaded shared library C:\Users\busi4\.jdks\corretto-17.0.9\bin\jsvml.dll
Event: 0.138 Loaded shared library C:\Users\busi4\.jdks\corretto-17.0.9\bin\zip.dll
Event: 0.142 Loaded shared library C:\Users\busi4\.jdks\corretto-17.0.9\bin\instrument.dll
Event: 0.148 Loaded shared library C:\Users\busi4\.jdks\corretto-17.0.9\bin\net.dll
Event: 0.150 Loaded shared library C:\Users\busi4\.jdks\corretto-17.0.9\bin\nio.dll
Event: 0.155 Loaded shared library C:\Users\busi4\.jdks\corretto-17.0.9\bin\zip.dll
Event: 0.440 Loaded shared library C:\Users\busi4\.jdks\corretto-17.0.9\bin\jimage.dll
Event: 0.508 Loaded shared library C:\Users\busi4\.jdks\corretto-17.0.9\bin\verify.dll
Event: 0.681 Loaded shared library C:\Users\busi4\.gradle\native\c067742578af261105cb4f569cf0c3c89f3d7b1fecec35dd04571415982c5e48\windows-amd64\native-platform.dll
Event: 0.687 Loaded shared library C:\Users\busi4\.gradle\native\38dada09dfb8b06ba9b0570ebf7e218e3eb74d4ef43ca46872605cf95ebc2f47\windows-amd64\native-platform-file-events.dll
Event: 1.909 Loaded shared library C:\Users\busi4\.jdks\corretto-17.0.9\bin\management.dll
Event: 1.913 Loaded shared library C:\Users\busi4\.jdks\corretto-17.0.9\bin\management_ext.dll
Event: 2.503 Loaded shared library C:\Users\busi4\.jdks\corretto-17.0.9\bin\sunmscapi.dll

Deoptimization events (20 events):
Event: 8.643 Thread 0x000001ebf3279570 Uncommon trap: trap_request=0xffffffde fr.pc=0x000001eb9ed433a8 relative=0x0000000000000548
Event: 8.643 Thread 0x000001ebf3279570 Uncommon trap: reason=class_check action=maybe_recompile pc=0x000001eb9ed433a8 method=kotlin.reflect.jvm.internal.impl.protobuf.CodedInputStream.tryRefillBuffer(I)Z @ 175 c2
Event: 8.643 Thread 0x000001ebf3279570 DEOPT PACKING pc=0x000001eb9ed433a8 sp=0x00000061afff5ed0
Event: 8.643 Thread 0x000001ebf3279570 DEOPT UNPACKING pc=0x000001eb9e4d69a3 sp=0x00000061afff5db8 mode 2
Event: 8.643 Thread 0x000001ebf3279570 Uncommon trap: trap_request=0xffffffde fr.pc=0x000001eb9ed433a8 relative=0x0000000000000548
Event: 8.643 Thread 0x000001ebf3279570 Uncommon trap: reason=class_check action=maybe_recompile pc=0x000001eb9ed433a8 method=kotlin.reflect.jvm.internal.impl.protobuf.CodedInputStream.tryRefillBuffer(I)Z @ 175 c2
Event: 8.643 Thread 0x000001ebf3279570 DEOPT PACKING pc=0x000001eb9ed433a8 sp=0x00000061afff5fd0
Event: 8.643 Thread 0x000001ebf3279570 DEOPT UNPACKING pc=0x000001eb9e4d69a3 sp=0x00000061afff5eb8 mode 2
Event: 8.643 Thread 0x000001ebf3279570 Uncommon trap: trap_request=0xffffffde fr.pc=0x000001eb9ed433a8 relative=0x0000000000000548
Event: 8.643 Thread 0x000001ebf3279570 Uncommon trap: reason=class_check action=maybe_recompile pc=0x000001eb9ed433a8 method=kotlin.reflect.jvm.internal.impl.protobuf.CodedInputStream.tryRefillBuffer(I)Z @ 175 c2
Event: 8.643 Thread 0x000001ebf3279570 DEOPT PACKING pc=0x000001eb9ed433a8 sp=0x00000061afff5fd0
Event: 8.643 Thread 0x000001ebf3279570 DEOPT UNPACKING pc=0x000001eb9e4d69a3 sp=0x00000061afff5eb8 mode 2
Event: 8.769 Thread 0x000001ebf3279570 Uncommon trap: trap_request=0xffffffbe fr.pc=0x000001eb9ed2fd44 relative=0x00000000000001a4
Event: 8.769 Thread 0x000001ebf3279570 Uncommon trap: reason=profile_predicate action=maybe_recompile pc=0x000001eb9ed2fd44 method=java.util.LinkedHashMap.keysToArray([Ljava/lang/Object;)[Ljava/lang/Object; @ 12 c2
Event: 8.769 Thread 0x000001ebf3279570 DEOPT PACKING pc=0x000001eb9ed2fd44 sp=0x00000061afff4540
Event: 8.769 Thread 0x000001ebf3279570 DEOPT UNPACKING pc=0x000001eb9e4d69a3 sp=0x00000061afff44f8 mode 2
Event: 8.908 Thread 0x000001ebf3279570 Uncommon trap: trap_request=0xffffffbe fr.pc=0x000001eb9ed2fd44 relative=0x00000000000001a4
Event: 8.908 Thread 0x000001ebf3279570 Uncommon trap: reason=profile_predicate action=maybe_recompile pc=0x000001eb9ed2fd44 method=java.util.LinkedHashMap.keysToArray([Ljava/lang/Object;)[Ljava/lang/Object; @ 12 c2
Event: 8.908 Thread 0x000001ebf3279570 DEOPT PACKING pc=0x000001eb9ed2fd44 sp=0x00000061afff42e0
Event: 8.908 Thread 0x000001ebf3279570 DEOPT UNPACKING pc=0x000001eb9e4d69a3 sp=0x00000061afff4298 mode 2

Classes unloaded (0 events):
No events

Classes redefined (0 events):
No events

Internal exceptions (20 events):
Event: 7.765 Thread 0x000001ebf3279570 Exception <a 'java/lang/NoSuchMethodError'{0x0000000086d85338}: 'void java.lang.invoke.DirectMethodHandle$Holder.invokeStatic(java.lang.Object, java.lang.Object, java.lang.Object, int, java.lang.Object)'> (0x0000000086d85338) 
thrown [s\src\hotspot\share\interpreter\linkResolver.cpp, line 759]
Event: 8.106 Thread 0x000001ebf3279570 Implicit null exception at 0x000001eb9ea5d2f2 to 0x000001eb9ea5d8c0
Event: 8.169 Thread 0x000001ebf3279570 Implicit null exception at 0x000001eb9ea5e6f2 to 0x000001eb9ea5ecd0
Event: 8.293 Thread 0x000001ebf3279570 Exception <a 'java/lang/NoSuchMethodError'{0x00000000865cb7d8}: static Lorg/jetbrains/kotlin/gradle/plugin/internal/DefaultConfigurationTimePropertiesAccessorVariantFactory;.<clinit>()V> (0x00000000865cb7d8) 
thrown [s\src\hotspot\share\prims\jni.cpp, line 1107]
Event: 8.295 Thread 0x000001ebf3279570 Exception <a 'java/lang/NoSuchMethodError'{0x00000000865f7a18}: static Lorg/jetbrains/kotlin/gradle/plugin/internal/DefaultProjectIsolationStartParameterAccessor$Factory;.<clinit>()V> (0x00000000865f7a18) 
thrown [s\src\hotspot\share\prims\jni.cpp, line 1107]
Event: 8.297 Thread 0x000001ebf3279570 Exception <a 'java/lang/NoSuchMethodError'{0x0000000086415d10}: static Lorg/jetbrains/kotlin/gradle/plugin/internal/DefaultSourceSetCompatibilityHelperVariantFactory;.<clinit>()V> (0x0000000086415d10) 
thrown [s\src\hotspot\share\prims\jni.cpp, line 1107]
Event: 8.298 Thread 0x000001ebf3279570 Exception <a 'java/lang/NoSuchMethodError'{0x000000008643c840}: static Lorg/jetbrains/kotlin/gradle/plugin/internal/DefaultArtifactTypeAttributeAccessorVariantFactory;.<clinit>()V> (0x000000008643c840) 
thrown [s\src\hotspot\share\prims\jni.cpp, line 1107]
Event: 8.300 Thread 0x000001ebf3279570 Exception <a 'java/lang/NoSuchMethodError'{0x0000000086463348}: static Lorg/jetbrains/kotlin/gradle/plugin/internal/DefaultCompatibilityConventionRegistrar$Factory;.<clinit>()V> (0x0000000086463348) 
thrown [s\src\hotspot\share\prims\jni.cpp, line 1107]
Event: 8.301 Thread 0x000001ebf3279570 Exception <a 'java/lang/NoSuchMethodError'{0x0000000086481118}: static Lorg/jetbrains/kotlin/gradle/plugin/internal/DefaultJavaSourceSetsAccessorVariantFactory;.<clinit>()V> (0x0000000086481118) 
thrown [s\src\hotspot\share\prims\jni.cpp, line 1107]
Event: 8.302 Thread 0x000001ebf3279570 Exception <a 'java/lang/NoSuchMethodError'{0x000000008649e318}: static Lorg/jetbrains/kotlin/gradle/plugin/internal/DefaultIdeaSyncDetectorVariantFactory;.<clinit>()V> (0x000000008649e318) 
thrown [s\src\hotspot\share\prims\jni.cpp, line 1107]
Event: 8.304 Thread 0x000001ebf3279570 Exception <a 'java/lang/NoSuchMethodError'{0x00000000864be838}: static Lorg/jetbrains/kotlin/gradle/plugin/internal/DefaultKotlinTestReportCompatibilityHelperVariantFactory;.<clinit>()V> (0x00000000864be838) 
thrown [s\src\hotspot\share\prims\jni.cpp, line 1107]
Event: 8.305 Thread 0x000001ebf3279570 Exception <a 'java/lang/NoSuchMethodError'{0x00000000864dc908}: static Lorg/jetbrains/kotlin/gradle/plugin/internal/DefaultMppTestReportHelperVariantFactory;.<clinit>()V> (0x00000000864dc908) 
thrown [s\src\hotspot\share\prims\jni.cpp, line 1107]
Event: 8.306 Thread 0x000001ebf3279570 Exception <a 'java/lang/NoSuchMethodError'{0x00000000864f99b8}: static Lorg/jetbrains/kotlin/gradle/plugin/internal/DefaultConfigurationCacheStartParameterAccessorVariantFactory;.<clinit>()V> (0x00000000864f99b8) 
thrown [s\src\hotspot\share\prims\jni.cpp, line 1107]
Event: 8.307 Thread 0x000001ebf3279570 Exception <a 'java/lang/NoSuchMethodError'{0x0000000086318478}: static Lorg/jetbrains/kotlin/gradle/plugin/internal/MavenPluginConfigurator$DefaultMavenPluginConfiguratorVariantFactory;.<clinit>()V> (0x0000000086318478) 
thrown [s\src\hotspot\share\prims\jni.cpp, line 1107]
Event: 8.308 Thread 0x000001ebf3279570 Exception <a 'java/lang/NoSuchMethodError'{0x00000000863356c8}: static Lorg/jetbrains/kotlin/gradle/targets/js/nodejs/DefaultUnameExecutorVariantFactory;.<clinit>()V> (0x00000000863356c8) 
thrown [s\src\hotspot\share\prims\jni.cpp, line 1107]
Event: 8.310 Thread 0x000001ebf3279570 Exception <a 'java/lang/NoSuchMethodError'{0x0000000086353328}: static Lorg/jetbrains/kotlin/gradle/plugin/internal/DefaultBasePluginConfigurationVariantFactory;.<clinit>()V> (0x0000000086353328) 
thrown [s\src\hotspot\share\prims\jni.cpp, line 1107]
Event: 8.311 Thread 0x000001ebf3279570 Exception <a 'java/lang/NoSuchMethodError'{0x0000000086372d08}: static Lorg/jetbrains/kotlin/gradle/plugin/internal/DefaultAttributeConfigurationHelperVariantFactory;.<clinit>()V> (0x0000000086372d08) 
thrown [s\src\hotspot\share\prims\jni.cpp, line 1107]
Event: 8.356 Thread 0x000001ebf3279570 Exception <a 'java/lang/IncompatibleClassChangeError'{0x000000008f104910}: Found class java.lang.Object, but interface was expected> (0x000000008f104910) 
thrown [s\src\hotspot\share\interpreter\linkResolver.cpp, line 826]
Event: 8.509 Thread 0x000001ebf3279570 Implicit null exception at 0x000001eb9eb22912 to 0x000001eb9eb22f74
Event: 8.509 Thread 0x000001ebf3279570 Implicit null exception at 0x000001eb9eab2594 to 0x000001eb9eab2c58

VM Operations (20 events):
Event: 7.718 Executing VM operation: HandshakeAllThreads
Event: 7.718 Executing VM operation: HandshakeAllThreads done
Event: 7.825 Executing VM operation: ICBufferFull
Event: 7.825 Executing VM operation: ICBufferFull done
Event: 7.935 Executing VM operation: G1TryInitiateConcMark
Event: 7.940 Executing VM operation: G1TryInitiateConcMark done
Event: 7.958 Executing VM operation: G1PauseRemark
Event: 7.961 Executing VM operation: G1PauseRemark done
Event: 7.968 Executing VM operation: G1PauseCleanup
Event: 7.968 Executing VM operation: G1PauseCleanup done
Event: 8.232 Executing VM operation: HandshakeAllThreads
Event: 8.232 Executing VM operation: HandshakeAllThreads done
Event: 8.333 Executing VM operation: G1CollectForAllocation
Event: 8.337 Executing VM operation: G1CollectForAllocation done
Event: 8.713 Executing VM operation: G1CollectForAllocation
Event: 8.717 Executing VM operation: G1CollectForAllocation done
Event: 8.736 Executing VM operation: G1PauseRemark
Event: 8.738 Executing VM operation: G1PauseRemark done
Event: 8.747 Executing VM operation: G1PauseCleanup
Event: 8.747 Executing VM operation: G1PauseCleanup done

Events (20 events):
Event: 8.821 loading class javax/xml/parsers/FactoryFinder done
Event: 8.822 loading class javax/xml/parsers/FactoryFinder$1
Event: 8.822 loading class javax/xml/parsers/FactoryFinder$1 done
Event: 8.822 loading class com/sun/org/apache/xerces/internal/jaxp/DocumentBuilderFactoryImpl
Event: 8.823 loading class com/sun/org/apache/xerces/internal/jaxp/DocumentBuilderFactoryImpl done
Event: 8.823 loading class com/sun/org/apache/xerces/internal/utils/XMLSecurityManager
Event: 8.823 loading class com/sun/org/apache/xerces/internal/utils/XMLSecurityManager done
Event: 8.823 loading class com/sun/org/apache/xerces/internal/utils/XMLSecurityManager$Limit
Event: 8.823 loading class com/sun/org/apache/xerces/internal/utils/XMLSecurityManager$Limit done
Event: 8.824 loading class com/sun/org/apache/xerces/internal/utils/XMLSecurityManager$NameMap
Event: 8.824 loading class com/sun/org/apache/xerces/internal/utils/XMLSecurityManager$NameMap done
Event: 8.824 loading class com/sun/org/apache/xerces/internal/utils/XMLSecurityPropertyManager
Event: 8.824 loading class com/sun/org/apache/xerces/internal/utils/XMLSecurityPropertyManager done
Event: 8.824 loading class com/sun/org/apache/xerces/internal/utils/XMLSecurityPropertyManager$State
Event: 8.824 loading class com/sun/org/apache/xerces/internal/utils/XMLSecurityPropertyManager$State done
Event: 8.824 loading class com/sun/org/apache/xerces/internal/utils/XMLSecurityPropertyManager$Property
Event: 8.824 loading class com/sun/org/apache/xerces/internal/utils/XMLSecurityPropertyManager$Property done
Event: 8.851 loading class java/util/regex/Pattern$SliceI
Event: 8.851 loading class java/util/regex/Pattern$SliceI done
Event: 8.869 Thread 0x000001ebf83ed3c0 Thread added: 0x000001ebf83ed3c0


Dynamic libraries:
0x00007ff782950000 - 0x00007ff78295e000 	C:\Users\busi4\.jdks\corretto-17.0.9\bin\java.exe
0x00007ffc1fd10000 - 0x00007ffc1ff27000 	C:\WINDOWS\SYSTEM32\ntdll.dll
0x00007ffc1f9f0000 - 0x00007ffc1fab4000 	C:\WINDOWS\System32\KERNEL32.DLL
0x00007ffc1d0c0000 - 0x00007ffc1d490000 	C:\WINDOWS\System32\KERNELBASE.dll
0x00007ffc1d490000 - 0x00007ffc1d5a1000 	C:\WINDOWS\System32\ucrtbase.dll
0x00007ffc0dd90000 - 0x00007ffc0dda7000 	C:\Users\busi4\.jdks\corretto-17.0.9\bin\jli.dll
0x00007ffc0dc10000 - 0x00007ffc0dc2b000 	C:\Users\busi4\.jdks\corretto-17.0.9\bin\VCRUNTIME140.dll
0x00007ffc1e3e0000 - 0x00007ffc1e58e000 	C:\WINDOWS\System32\USER32.dll
0x00007ffc06460000 - 0x00007ffc066f2000 	C:\WINDOWS\WinSxS\amd64_microsoft.windows.common-controls_6595b64144ccf1df_6.0.22621.4830_none_270fe7d773858e80\COMCTL32.dll
0x00007ffc1cf90000 - 0x00007ffc1cfb6000 	C:\WINDOWS\System32\win32u.dll
0x00007ffc1ef20000 - 0x00007ffc1efc7000 	C:\WINDOWS\System32\msvcrt.dll
0x00007ffc1da80000 - 0x00007ffc1daa9000 	C:\WINDOWS\System32\GDI32.dll
0x00007ffc1d650000 - 0x00007ffc1d76b000 	C:\WINDOWS\System32\gdi32full.dll
0x00007ffc1d5b0000 - 0x00007ffc1d64a000 	C:\WINDOWS\System32\msvcp_win.dll
0x00007ffc1f1e0000 - 0x00007ffc1f211000 	C:\WINDOWS\System32\IMM32.DLL
0x00007ffc0de30000 - 0x00007ffc0de3c000 	C:\Users\busi4\.jdks\corretto-17.0.9\bin\vcruntime140_1.dll
0x00007ffbae5a0000 - 0x00007ffbae62d000 	C:\Users\busi4\.jdks\corretto-17.0.9\bin\msvcp140.dll
0x00007ffb6fca0000 - 0x00007ffb70901000 	C:\Users\busi4\.jdks\corretto-17.0.9\bin\server\jvm.dll
0x00007ffc1f7a0000 - 0x00007ffc1f851000 	C:\WINDOWS\System32\ADVAPI32.dll
0x00007ffc1d9d0000 - 0x00007ffc1da77000 	C:\WINDOWS\System32\sechost.dll
0x00007ffc1d9a0000 - 0x00007ffc1d9c8000 	C:\WINDOWS\System32\bcrypt.dll
0x00007ffc1fb60000 - 0x00007ffc1fc74000 	C:\WINDOWS\System32\RPCRT4.dll
0x00007ffc19b00000 - 0x00007ffc19b34000 	C:\WINDOWS\SYSTEM32\WINMM.dll
0x00007ffc14080000 - 0x00007ffc1408a000 	C:\WINDOWS\SYSTEM32\VERSION.dll
0x00007ffc0c3b0000 - 0x00007ffc0c3b9000 	C:\WINDOWS\SYSTEM32\WSOCK32.dll
0x00007ffc1ccb0000 - 0x00007ffc1ccfd000 	C:\WINDOWS\SYSTEM32\POWRPROF.dll
0x00007ffc1e360000 - 0x00007ffc1e3d1000 	C:\WINDOWS\System32\WS2_32.dll
0x00007ffc1cc90000 - 0x00007ffc1cca3000 	C:\WINDOWS\SYSTEM32\UMPDC.dll
0x00007ffc1bf40000 - 0x00007ffc1bf58000 	C:\WINDOWS\SYSTEM32\kernel.appcore.dll
0x00007ffc0de10000 - 0x00007ffc0de1a000 	C:\Users\busi4\.jdks\corretto-17.0.9\bin\jimage.dll
0x00007ffc1a780000 - 0x00007ffc1a9b2000 	C:\WINDOWS\SYSTEM32\DBGHELP.DLL
0x00007ffc1f220000 - 0x00007ffc1f5b0000 	C:\WINDOWS\System32\combase.dll
0x00007ffc1f910000 - 0x00007ffc1f9e7000 	C:\WINDOWS\System32\OLEAUT32.dll
0x00007ffbf8500000 - 0x00007ffbf8532000 	C:\WINDOWS\SYSTEM32\dbgcore.DLL
0x00007ffc1cfc0000 - 0x00007ffc1d03b000 	C:\WINDOWS\System32\bcryptPrimitives.dll
0x00007ffc0db70000 - 0x00007ffc0db7e000 	C:\Users\busi4\.jdks\corretto-17.0.9\bin\instrument.dll
0x00007ffc0d090000 - 0x00007ffc0d0b5000 	C:\Users\busi4\.jdks\corretto-17.0.9\bin\java.dll
0x00007ffb76680000 - 0x00007ffb76757000 	C:\Users\busi4\.jdks\corretto-17.0.9\bin\jsvml.dll
0x00007ffc1e590000 - 0x00007ffc1ee08000 	C:\WINDOWS\System32\SHELL32.dll
0x00007ffc1ae90000 - 0x00007ffc1b7a0000 	C:\WINDOWS\SYSTEM32\windows.storage.dll
0x00007ffc1ad50000 - 0x00007ffc1ae8f000 	C:\WINDOWS\SYSTEM32\wintypes.dll
0x00007ffc1ee10000 - 0x00007ffc1ef1a000 	C:\WINDOWS\System32\SHCORE.dll
0x00007ffc1e2f0000 - 0x00007ffc1e34e000 	C:\WINDOWS\System32\shlwapi.dll
0x00007ffc1cec0000 - 0x00007ffc1ceeb000 	C:\WINDOWS\SYSTEM32\profapi.dll
0x00007ffc0a180000 - 0x00007ffc0a198000 	C:\Users\busi4\.jdks\corretto-17.0.9\bin\zip.dll
0x00007ffbf8570000 - 0x00007ffbf8589000 	C:\Users\busi4\.jdks\corretto-17.0.9\bin\net.dll
0x00007ffc16950000 - 0x00007ffc16a7c000 	C:\WINDOWS\SYSTEM32\WINHTTP.dll
0x00007ffc1c430000 - 0x00007ffc1c49a000 	C:\WINDOWS\system32\mswsock.dll
0x00007ffbe2c00000 - 0x00007ffbe2c16000 	C:\Users\busi4\.jdks\corretto-17.0.9\bin\nio.dll
0x00007ffc0dfb0000 - 0x00007ffc0dfc0000 	C:\Users\busi4\.jdks\corretto-17.0.9\bin\verify.dll
0x00007ffc0af70000 - 0x00007ffc0af97000 	C:\Users\busi4\.gradle\native\c067742578af261105cb4f569cf0c3c89f3d7b1fecec35dd04571415982c5e48\windows-amd64\native-platform.dll
0x00007ffb747a0000 - 0x00007ffb748e4000 	C:\Users\busi4\.gradle\native\38dada09dfb8b06ba9b0570ebf7e218e3eb74d4ef43ca46872605cf95ebc2f47\windows-amd64\native-platform-file-events.dll
0x00007ffc0de70000 - 0x00007ffc0de79000 	C:\Users\busi4\.jdks\corretto-17.0.9\bin\management.dll
0x00007ffc0de60000 - 0x00007ffc0de6b000 	C:\Users\busi4\.jdks\corretto-17.0.9\bin\management_ext.dll
0x00007ffc1fac0000 - 0x00007ffc1fac8000 	C:\WINDOWS\System32\PSAPI.DLL
0x00007ffc1c6b0000 - 0x00007ffc1c6cb000 	C:\WINDOWS\SYSTEM32\CRYPTSP.dll
0x00007ffc1bf00000 - 0x00007ffc1bf35000 	C:\WINDOWS\system32\rsaenh.dll
0x00007ffc1c540000 - 0x00007ffc1c568000 	C:\WINDOWS\SYSTEM32\USERENV.dll
0x00007ffc1c6a0000 - 0x00007ffc1c6ac000 	C:\WINDOWS\SYSTEM32\CRYPTBASE.dll
0x00007ffc1ba40000 - 0x00007ffc1ba6d000 	C:\WINDOWS\SYSTEM32\IPHLPAPI.DLL
0x00007ffc1e350000 - 0x00007ffc1e359000 	C:\WINDOWS\System32\NSI.dll
0x00007ffc16740000 - 0x00007ffc16759000 	C:\WINDOWS\SYSTEM32\dhcpcsvc6.DLL
0x00007ffc16720000 - 0x00007ffc1673f000 	C:\WINDOWS\SYSTEM32\dhcpcsvc.DLL
0x00007ffc1ba70000 - 0x00007ffc1bb72000 	C:\WINDOWS\SYSTEM32\DNSAPI.dll
0x00007ffc0de50000 - 0x00007ffc0de5e000 	C:\Users\busi4\.jdks\corretto-17.0.9\bin\sunmscapi.dll
0x00007ffc1d830000 - 0x00007ffc1d996000 	C:\WINDOWS\System32\CRYPT32.dll
0x00007ffc1c860000 - 0x00007ffc1c88d000 	C:\WINDOWS\SYSTEM32\ncrypt.dll
0x00007ffc1c820000 - 0x00007ffc1c857000 	C:\WINDOWS\SYSTEM32\NTASN1.dll
0x00007ffbb1570000 - 0x00007ffbb1578000 	C:\WINDOWS\system32\wshunix.dll

dbghelp: loaded successfully - version: 4.0.5 - missing functions: none
symbol engine: initialized successfully - sym options: 0x614 - pdb path: .;C:\Users\busi4\.jdks\corretto-17.0.9\bin;C:\WINDOWS\SYSTEM32;C:\WINDOWS\WinSxS\amd64_microsoft.windows.common-controls_6595b64144ccf1df_6.0.22621.4830_none_270fe7d773858e80;C:\Users\busi4\.jdks\corretto-17.0.9\bin\server;C:\Users\busi4\.gradle\native\c067742578af261105cb4f569cf0c3c89f3d7b1fecec35dd04571415982c5e48\windows-amd64;C:\Users\busi4\.gradle\native\38dada09dfb8b06ba9b0570ebf7e218e3eb74d4ef43ca46872605cf95ebc2f47\windows-amd64

VM Arguments:
jvm_args: --add-opens=java.base/java.util=ALL-UNNAMED --add-opens=java.base/java.lang=ALL-UNNAMED --add-opens=java.base/java.lang.invoke=ALL-UNNAMED --add-opens=java.prefs/java.util.prefs=ALL-UNNAMED --add-opens=java.base/java.nio.charset=ALL-UNNAMED --add-opens=java.base/java.net=ALL-UNNAMED --add-opens=java.base/java.util.concurrent.atomic=ALL-UNNAMED -Xmx2048m -Dfile.encoding=UTF-8 -Duser.country=US -Duser.language=en -Duser.variant -javaagent:C:\Users\busi4\.gradle\wrapper\dists\gradle-8.7-bin\bhs2wmbdwecv87pi65oeuq5iu\gradle-8.7\lib\agents\gradle-instrumentation-agent-8.7.jar 
java_command: org.gradle.launcher.daemon.bootstrap.GradleDaemon 8.7
java_class_path (initial): C:\Users\busi4\.gradle\wrapper\dists\gradle-8.7-bin\bhs2wmbdwecv87pi65oeuq5iu\gradle-8.7\lib\gradle-launcher-8.7.jar
Launcher Type: SUN_STANDARD

[Global flags]
     intx CICompilerCount                          = 4                                         {product} {ergonomic}
     uint ConcGCThreads                            = 3                                         {product} {ergonomic}
     uint G1ConcRefinementThreads                  = 10                                        {product} {ergonomic}
   size_t G1HeapRegionSize                         = 1048576                                   {product} {ergonomic}
    uintx GCDrainStackTargetSize                   = 64                                        {product} {ergonomic}
   size_t InitialHeapSize                          = 257949696                                 {product} {ergonomic}
   size_t MarkStackSize                            = 4194304                                   {product} {ergonomic}
   size_t MaxHeapSize                              = 2147483648                                {product} {command line}
   size_t MaxNewSize                               = 1287651328                                {product} {ergonomic}
   size_t MinHeapDeltaBytes                        = 1048576                                   {product} {ergonomic}
   size_t MinHeapSize                              = 8388608                                   {product} {ergonomic}
    uintx NonNMethodCodeHeapSize                   = 5839372                                {pd product} {ergonomic}
    uintx NonProfiledCodeHeapSize                  = 122909434                              {pd product} {ergonomic}
    uintx ProfiledCodeHeapSize                     = 122909434                              {pd product} {ergonomic}
    uintx ReservedCodeCacheSize                    = 251658240                              {pd product} {ergonomic}
     bool SegmentedCodeCache                       = true                                      {product} {ergonomic}
   size_t SoftMaxHeapSize                          = 2147483648                             {manageable} {ergonomic}
     bool UseCompressedClassPointers               = true                           {product lp64_product} {ergonomic}
     bool UseCompressedOops                        = true                           {product lp64_product} {ergonomic}
     bool UseG1GC                                  = true                                      {product} {ergonomic}
     bool UseLargePagesIndividualAllocation        = false                                  {pd product} {ergonomic}

Logging:
Log output configuration:
 #0: stdout all=warning uptime,level,tags
 #1: stderr all=off uptime,level,tags

Environment Variables:
PATH=C:\Program Files (x86)\Common Files\Oracle\Java\javapath;C:\WINDOWS\system32;C:\WINDOWS;C:\WINDOWS\System32\Wbem;C:\WINDOWS\System32\WindowsPowerShell\v1.0\;C:\WINDOWS\System32\OpenSSH\;C:\Program Files\dotnet\;C:\Program Files\Docker\Docker\resources\bin;C:\Program Files\Calibre2\;C:\Users\busi4\AppData\Local\Microsoft\WindowsApps;C:\Users\busi4\AppData\Local\Programs\Microsoft VS Code\bin;C:\Program Files\JetBrains\IntelliJ IDEA Community Edition 2023.2.1\bin;C:\Users\busi4\AppData\Local\JetBrains\Toolbox\scripts;
USERNAME=busi4
OS=Windows_NT
PROCESSOR_IDENTIFIER=AMD64 Family 23 Model 96 Stepping 1, AuthenticAMD
TMP=C:\Users\busi4\AppData\Local\Temp
TEMP=C:\Users\busi4\AppData\Local\Temp



Periodic native trim disabled


---------------  S Y S T E M  ---------------

OS:
 Windows 11 , 64 bit Build 22621 (10.0.22621.4830)
OS uptime: 0 days 2:32 hours
Hyper-V role detected

CPU: total 12 (initial active 12) (12 cores per cpu, 2 threads per core) family 23 model 96 stepping 1 microcode 0x0, cx8, cmov, fxsr, ht, mmx, 3dnowpref, sse, sse2, sse3, ssse3, sse4a, sse4.1, sse4.2, popcnt, lzcnt, tsc, tscinvbit, avx, avx2, aes, clmul, bmi1, bmi2, adx, sha, fma, vzeroupper, clflush, clflushopt, hv
Processor Information for processor 0
  Max Mhz: 3000, Current Mhz: 3000, Mhz Limit: 3000
Processor Information for processor 1
  Max Mhz: 3000, Current Mhz: 3000, Mhz Limit: 3000
Processor Information for processor 2
  Max Mhz: 3000, Current Mhz: 3000, Mhz Limit: 3000
Processor Information for processor 3
  Max Mhz: 3000, Current Mhz: 3000, Mhz Limit: 3000
Processor Information for processor 4
  Max Mhz: 3000, Current Mhz: 1400, Mhz Limit: 3000
Processor Information for processor 5
  Max Mhz: 3000, Current Mhz: 1400, Mhz Limit: 3000
Processor Information for processor 6
  Max Mhz: 3000, Current Mhz: 3000, Mhz Limit: 3000
Processor Information for processor 7
  Max Mhz: 3000, Current Mhz: 3000, Mhz Limit: 3000
Processor Information for processor 8
  Max Mhz: 3000, Current Mhz: 3000, Mhz Limit: 3000
Processor Information for processor 9
  Max Mhz: 3000, Current Mhz: 3000, Mhz Limit: 3000
Processor Information for processor 10
  Max Mhz: 3000, Current Mhz: 1400, Mhz Limit: 3000
Processor Information for processor 11
  Max Mhz: 3000, Current Mhz: 1400, Mhz Limit: 3000

Memory: 4k page, system-wide physical 15741M (2825M free)
TotalPageFile size 15741M (AvailPageFile size 5M)
current process WorkingSet (physical memory assigned to process): 355M, peak: 357M
current process commit charge ("private bytes"): 400M, peak: 436M

vm_info: OpenJDK 64-Bit Server VM (17.0.9+8-LTS) for windows-amd64 JRE (17.0.9+8-LTS), built on Oct 12 2023 16:15:33 by "Administrator" with MS VC++ 16.10 / 16.11 (VS2019)

END.
