#
# There is insufficient memory for the Java Runtime Environment to continue.
# Native memory allocation (malloc) failed to allocate 131088 bytes for Chunk::new
# Possible reasons:
#   The system is out of physical RAM or swap space
#   The process is running with CompressedOops enabled, and the Java Heap may be blocking the growth of the native heap
# Possible solutions:
#   Reduce memory load on the system
#   Increase physical memory or swap space
#   Check if swap backing store is full
#   Decrease Java heap size (-Xmx/-Xms)
#   Decrease number of Java threads
#   Decrease Java thread stack sizes (-Xss)
#   Set larger code cache with -XX:ReservedCodeCacheSize=
#   JVM is running with Unscaled Compressed Oops mode in which the Java heap is
#     placed in the first 4GB address space. The Java Heap base address is the
#     maximum limit for the native heap growth. Please use -XX:HeapBaseMinAddress
#     to set the Java Heap base and to place the Java Heap above 4GB virtual address.
# This output file may be truncated or incomplete.
#
#  Out of Memory Error (arena.cpp:191), pid=19348, tid=18672
#
# JRE version: OpenJDK Runtime Environment Corretto-17.0.9.8.1 (17.0.9+8) (build 17.0.9+8-LTS)
# Java VM: OpenJDK 64-Bit Server VM Corretto-17.0.9.8.1 (17.0.9+8-LTS, mixed mode, sharing, tiered, compressed oops, compressed class ptrs, g1 gc, windows-amd64)
# No core dump will be written. Minidumps are not enabled by default on client versions of Windows
#

---------------  S U M M A R Y ------------

Command Line: --add-opens=java.base/java.util=ALL-UNNAMED --add-opens=java.base/java.lang=ALL-UNNAMED --add-opens=java.base/java.lang.invoke=ALL-UNNAMED --add-opens=java.prefs/java.util.prefs=ALL-UNNAMED --add-opens=java.base/java.nio.charset=ALL-UNNAMED --add-opens=java.base/java.net=ALL-UNNAMED --add-opens=java.base/java.util.concurrent.atomic=ALL-UNNAMED -Xmx2048m -Dfile.encoding=UTF-8 -Duser.country=US -Duser.language=en -Duser.variant -javaagent:C:\Users\busi4\.gradle\wrapper\dists\gradle-8.7-bin\bhs2wmbdwecv87pi65oeuq5iu\gradle-8.7\lib\agents\gradle-instrumentation-agent-8.7.jar org.gradle.launcher.daemon.bootstrap.GradleDaemon 8.7

Host: AMD Ryzen 5 4600H with Radeon Graphics         , 12 cores, 15G,  Windows 11 , 64 bit Build 22621 (10.0.22621.4830)
Time: Mon Feb 24 12:24:16 2025 W. Europe Standard Time elapsed time: 13.435948 seconds (0d 0h 0m 13s)

---------------  T H R E A D  ---------------

Current thread (0x000001e1e3cb83e0):  JavaThread "C2 CompilerThread2" daemon [_thread_in_native, id=18672, stack(0x00000096d1f00000,0x00000096d2000000)]


Current CompileTask:
C2:  13436 9278       4       org.gradle.internal.reflect.MethodSet::add (50 bytes)

Stack: [0x00000096d1f00000,0x00000096d2000000]
Native frames: (J=compiled Java code, j=interpreted, Vv=VM code, C=native code)
V  [jvm.dll+0x67cb49]
V  [jvm.dll+0x8344da]
V  [jvm.dll+0x835f9e]
V  [jvm.dll+0x836603]
V  [jvm.dll+0x247b5f]
V  [jvm.dll+0xac43c]
V  [jvm.dll+0xaca8c]
V  [jvm.dll+0xac54b]
V  [jvm.dll+0x6a1f58]
V  [jvm.dll+0x1a9d63]
V  [jvm.dll+0x6a3e10]
V  [jvm.dll+0x6a27da]
V  [jvm.dll+0x21b1c0]
V  [jvm.dll+0x219511]
V  [jvm.dll+0x1a56cd]
V  [jvm.dll+0x2293ee]
V  [jvm.dll+0x2275bc]
V  [jvm.dll+0x7e95a7]
V  [jvm.dll+0x7e396a]
V  [jvm.dll+0x67ba35]
C  [ucrtbase.dll+0x29333]
C  [KERNEL32.DLL+0x1259d]
C  [ntdll.dll+0x5af38]


---------------  P R O C E S S  ---------------

Threads class SMR info:
_java_thread_list=0x000001e1d7cf7f00, length=56, elements={
0x000001e1f114d560, 0x000001e191a7c8e0, 0x000001e191a7e610, 0x000001e191ba72f0,
0x000001e191ba7dc0, 0x000001e191baa890, 0x000001e191baba60, 0x000001e191bac960,
0x000001e191bb2920, 0x000001e191bbb330, 0x000001e191a66f70, 0x000001e191d8f640,
0x000001e1d892b1d0, 0x000001e1d70a5ad0, 0x000001e1d8fa3920, 0x000001e1d902c430,
0x000001e1d8366360, 0x000001e1d8324d10, 0x000001e1d8327590, 0x000001e1d8325c40,
0x000001e1d8326150, 0x000001e1d8326660, 0x000001e1d83242f0, 0x000001e1d8325730,
0x000001e1d8327080, 0x000001e1d8326b70, 0x000001e1d8325220, 0x000001e1d8324800,
0x000001e1da8628f0, 0x000001e1da865680, 0x000001e1da863820, 0x000001e1da865170,
0x000001e1da863310, 0x000001e1da85ec30, 0x000001e1da8619c0, 0x000001e1da8660a0,
0x000001e1da85fb60, 0x000001e1da865b90, 0x000001e1da860070, 0x000001e1da860580,
0x000001e1da862e00, 0x000001e1da861ed0, 0x000001e1da8614b0, 0x000001e1da864c60,
0x000001e1da863d30, 0x000001e1da864240, 0x000001e1da860a90, 0x000001e1da864750,
0x000001e1da8665b0, 0x000001e1da85f650, 0x000001e1da860fa0, 0x000001e1d7d44ec0,
0x000001e1d7d4a4d0, 0x000001e1d7d48670, 0x000001e1e3cb7e90, 0x000001e1e3cb83e0
}

Java Threads: ( => current thread )
  0x000001e1f114d560 JavaThread "main" [_thread_blocked, id=13256, stack(0x00000096cd500000,0x00000096cd600000)]
  0x000001e191a7c8e0 JavaThread "Reference Handler" daemon [_thread_blocked, id=21528, stack(0x00000096cdc00000,0x00000096cdd00000)]
  0x000001e191a7e610 JavaThread "Finalizer" daemon [_thread_blocked, id=9952, stack(0x00000096cdd00000,0x00000096cde00000)]
  0x000001e191ba72f0 JavaThread "Signal Dispatcher" daemon [_thread_blocked, id=16856, stack(0x00000096cde00000,0x00000096cdf00000)]
  0x000001e191ba7dc0 JavaThread "Attach Listener" daemon [_thread_blocked, id=21640, stack(0x00000096cdf00000,0x00000096ce000000)]
  0x000001e191baa890 JavaThread "Service Thread" daemon [_thread_blocked, id=7348, stack(0x00000096ce000000,0x00000096ce100000)]
  0x000001e191baba60 JavaThread "Monitor Deflation Thread" daemon [_thread_blocked, id=7780, stack(0x00000096ce100000,0x00000096ce200000)]
  0x000001e191bac960 JavaThread "C2 CompilerThread0" daemon [_thread_in_native, id=17244, stack(0x00000096ce200000,0x00000096ce300000)]
  0x000001e191bb2920 JavaThread "C1 CompilerThread0" daemon [_thread_in_native, id=10248, stack(0x00000096ce300000,0x00000096ce400000)]
  0x000001e191bbb330 JavaThread "Sweeper thread" daemon [_thread_blocked, id=4192, stack(0x00000096ce400000,0x00000096ce500000)]
  0x000001e191a66f70 JavaThread "Common-Cleaner" daemon [_thread_blocked, id=2868, stack(0x00000096ce500000,0x00000096ce600000)]
  0x000001e191d8f640 JavaThread "Notification Thread" daemon [_thread_blocked, id=18944, stack(0x00000096ce600000,0x00000096ce700000)]
  0x000001e1d892b1d0 JavaThread "Daemon health stats" [_thread_blocked, id=22128, stack(0x00000096ce900000,0x00000096cea00000)]
  0x000001e1d70a5ad0 JavaThread "Incoming local TCP Connector on port 52028" [_thread_in_native, id=3972, stack(0x00000096ce800000,0x00000096ce900000)]
  0x000001e1d8fa3920 JavaThread "Daemon periodic checks" [_thread_blocked, id=7360, stack(0x00000096cef00000,0x00000096cf000000)]
  0x000001e1d902c430 JavaThread "Daemon" [_thread_blocked, id=10372, stack(0x00000096cf000000,0x00000096cf100000)]
  0x000001e1d8366360 JavaThread "Handler for socket connection from /127.0.0.1:52028 to /127.0.0.1:52029" [_thread_in_native, id=7572, stack(0x00000096cf100000,0x00000096cf200000)]
  0x000001e1d8324d10 JavaThread "Cancel handler" [_thread_blocked, id=21768, stack(0x00000096cf200000,0x00000096cf300000)]
  0x000001e1d8327590 JavaThread "Daemon worker" [_thread_in_vm, id=10404, stack(0x00000096cf300000,0x00000096cf400000)]
  0x000001e1d8325c40 JavaThread "Asynchronous log dispatcher for DefaultDaemonConnection: socket connection from /127.0.0.1:52028 to /127.0.0.1:52029" [_thread_blocked, id=10360, stack(0x00000096cf400000,0x00000096cf500000)]
  0x000001e1d8326150 JavaThread "Stdin handler" [_thread_blocked, id=19000, stack(0x00000096cf500000,0x00000096cf600000)]
  0x000001e1d8326660 JavaThread "Daemon client event forwarder" [_thread_blocked, id=6428, stack(0x00000096cf600000,0x00000096cf700000)]
  0x000001e1d83242f0 JavaThread "Cache worker for journal cache (C:\Users\busi4\.gradle\caches\journal-1)" [_thread_blocked, id=17540, stack(0x00000096cf700000,0x00000096cf800000)]
  0x000001e1d8325730 JavaThread "File lock request listener" [_thread_in_native, id=8928, stack(0x00000096cf800000,0x00000096cf900000)]
  0x000001e1d8327080 JavaThread "Cache worker for file hash cache (C:\Users\busi4\.gradle\caches\8.7\fileHashes)" [_thread_blocked, id=21016, stack(0x00000096cf900000,0x00000096cfa00000)]
  0x000001e1d8326b70 JavaThread "Cache worker for file hash cache (C:\Programming\Login5D2\.gradle\8.7\fileHashes)" [_thread_blocked, id=13572, stack(0x00000096cfb00000,0x00000096cfc00000)]
  0x000001e1d8325220 JavaThread "File watcher server" daemon [_thread_in_native, id=19804, stack(0x00000096d0100000,0x00000096d0200000)]
  0x000001e1d8324800 JavaThread "File watcher consumer" daemon [_thread_blocked, id=18948, stack(0x00000096d0200000,0x00000096d0300000)]
  0x000001e1da8628f0 JavaThread "jar transforms" [_thread_blocked, id=3432, stack(0x00000096d0500000,0x00000096d0600000)]
  0x000001e1da865680 JavaThread "jar transforms Thread 2" [_thread_blocked, id=21424, stack(0x00000096d0600000,0x00000096d0700000)]
  0x000001e1da863820 JavaThread "jar transforms Thread 3" [_thread_blocked, id=19084, stack(0x00000096d0700000,0x00000096d0800000)]
  0x000001e1da865170 JavaThread "jar transforms Thread 4" [_thread_blocked, id=11548, stack(0x00000096d0800000,0x00000096d0900000)]
  0x000001e1da863310 JavaThread "jar transforms Thread 5" [_thread_blocked, id=2168, stack(0x00000096d0900000,0x00000096d0a00000)]
  0x000001e1da85ec30 JavaThread "jar transforms Thread 6" [_thread_blocked, id=22432, stack(0x00000096d0a00000,0x00000096d0b00000)]
  0x000001e1da8619c0 JavaThread "jar transforms Thread 7" [_thread_blocked, id=4000, stack(0x00000096d0b00000,0x00000096d0c00000)]
  0x000001e1da8660a0 JavaThread "jar transforms Thread 8" [_thread_blocked, id=2352, stack(0x00000096d0c00000,0x00000096d0d00000)]
  0x000001e1da85fb60 JavaThread "jar transforms Thread 9" [_thread_blocked, id=18216, stack(0x00000096d0d00000,0x00000096d0e00000)]
  0x000001e1da865b90 JavaThread "jar transforms Thread 10" [_thread_blocked, id=19736, stack(0x00000096d0e00000,0x00000096d0f00000)]
  0x000001e1da860070 JavaThread "jar transforms Thread 11" [_thread_blocked, id=11584, stack(0x00000096d0f00000,0x00000096d1000000)]
  0x000001e1da860580 JavaThread "jar transforms Thread 12" [_thread_blocked, id=18420, stack(0x00000096d1000000,0x00000096d1100000)]
  0x000001e1da862e00 JavaThread "Cache worker for checksums cache (C:\Programming\Login5D2\.gradle\8.7\checksums)" [_thread_blocked, id=21132, stack(0x00000096d1100000,0x00000096d1200000)]
  0x000001e1da861ed0 JavaThread "Cache worker for cache directory md-supplier (C:\Users\busi4\.gradle\caches\8.7\md-supplier)" [_thread_blocked, id=4868, stack(0x00000096d1200000,0x00000096d1300000)]
  0x000001e1da8614b0 JavaThread "Cache worker for cache directory md-rule (C:\Users\busi4\.gradle\caches\8.7\md-rule)" [_thread_blocked, id=8144, stack(0x00000096d1300000,0x00000096d1400000)]
  0x000001e1da864c60 JavaThread "Cache worker for file content cache (C:\Users\busi4\.gradle\caches\8.7\fileContent)" [_thread_blocked, id=18204, stack(0x00000096d1500000,0x00000096d1600000)]
  0x000001e1da863d30 JavaThread "Unconstrained build operations" [_thread_blocked, id=1632, stack(0x00000096cfa00000,0x00000096cfb00000)]
  0x000001e1da864240 JavaThread "Unconstrained build operations Thread 2" [_thread_blocked, id=9744, stack(0x00000096d1600000,0x00000096d1700000)]
  0x000001e1da860a90 JavaThread "Unconstrained build operations Thread 3" [_thread_blocked, id=9920, stack(0x00000096d1700000,0x00000096d1800000)]
  0x000001e1da864750 JavaThread "Unconstrained build operations Thread 4" [_thread_blocked, id=14804, stack(0x00000096d1800000,0x00000096d1900000)]
  0x000001e1da8665b0 JavaThread "Unconstrained build operations Thread 5" [_thread_blocked, id=17472, stack(0x00000096d1900000,0x00000096d1a00000)]
  0x000001e1da85f650 JavaThread "Unconstrained build operations Thread 6" [_thread_blocked, id=20576, stack(0x00000096d1a00000,0x00000096d1b00000)]
  0x000001e1da860fa0 JavaThread "Unconstrained build operations Thread 7" [_thread_blocked, id=9036, stack(0x00000096d1b00000,0x00000096d1c00000)]
  0x000001e1d7d44ec0 JavaThread "Unconstrained build operations Thread 8" [_thread_blocked, id=3216, stack(0x00000096d1c00000,0x00000096d1d00000)]
  0x000001e1d7d4a4d0 JavaThread "Unconstrained build operations Thread 9" [_thread_blocked, id=1556, stack(0x00000096d1d00000,0x00000096d1e00000)]
  0x000001e1d7d48670 JavaThread "Unconstrained build operations Thread 10" [_thread_blocked, id=2564, stack(0x00000096d1e00000,0x00000096d1f00000)]
  0x000001e1e3cb7e90 JavaThread "C2 CompilerThread1" daemon [_thread_in_native, id=20484, stack(0x00000096cee00000,0x00000096cef00000)]
=>0x000001e1e3cb83e0 JavaThread "C2 CompilerThread2" daemon [_thread_in_native, id=18672, stack(0x00000096d1f00000,0x00000096d2000000)]

Other Threads:
  0x000001e191a79c40 VMThread "VM Thread" [stack: 0x00000096cdb00000,0x00000096cdc00000] [id=18996]
  0x000001e191da2f90 WatcherThread [stack: 0x00000096ce700000,0x00000096ce800000] [id=19612]
  0x000001e1f11a86d0 GCTaskThread "GC Thread#0" [stack: 0x00000096cd600000,0x00000096cd700000] [id=980]
  0x000001e1d7721330 GCTaskThread "GC Thread#1" [stack: 0x00000096cea00000,0x00000096ceb00000] [id=13448]
  0x000001e1d77220f0 GCTaskThread "GC Thread#2" [stack: 0x00000096ceb00000,0x00000096cec00000] [id=11928]
  0x000001e1d7721e30 GCTaskThread "GC Thread#3" [stack: 0x00000096cec00000,0x00000096ced00000] [id=8284]
  0x000001e1d77223b0 GCTaskThread "GC Thread#4" [stack: 0x00000096ced00000,0x00000096cee00000] [id=8840]
  0x000001e1d7722bf0 GCTaskThread "GC Thread#5" [stack: 0x00000096cfc00000,0x00000096cfd00000] [id=17056]
  0x000001e1d77215f0 GCTaskThread "GC Thread#6" [stack: 0x00000096cfd00000,0x00000096cfe00000] [id=19936]
  0x000001e1d77218b0 GCTaskThread "GC Thread#7" [stack: 0x00000096cfe00000,0x00000096cff00000] [id=320]
  0x000001e1d7721b70 GCTaskThread "GC Thread#8" [stack: 0x00000096cff00000,0x00000096d0000000] [id=21812]
  0x000001e1d8a54a50 GCTaskThread "GC Thread#9" [stack: 0x00000096d0000000,0x00000096d0100000] [id=19624]
  0x000001e1f11b9620 ConcurrentGCThread "G1 Main Marker" [stack: 0x00000096cd700000,0x00000096cd800000] [id=2512]
  0x000001e1f11ba040 ConcurrentGCThread "G1 Conc#0" [stack: 0x00000096cd800000,0x00000096cd900000] [id=16620]
  0x000001e1d8a51b90 ConcurrentGCThread "G1 Conc#1" [stack: 0x00000096d0300000,0x00000096d0400000] [id=20556]
  0x000001e1d8a53450 ConcurrentGCThread "G1 Conc#2" [stack: 0x00000096d0400000,0x00000096d0500000] [id=18596]
  0x000001e1f11fe920 ConcurrentGCThread "G1 Refine#0" [stack: 0x00000096cd900000,0x00000096cda00000] [id=12636]
  0x000001e1d8d30b10 ConcurrentGCThread "G1 Refine#1" [stack: 0x00000096d1400000,0x00000096d1500000] [id=1344]
  0x000001e1d90ad2f0 ConcurrentGCThread "G1 Refine#2" [stack: 0x00000096d2000000,0x00000096d2100000] [id=11972]
  0x000001e1db6e94b0 ConcurrentGCThread "G1 Refine#3" [stack: 0x00000096d2100000,0x00000096d2200000] [id=17004]
  0x000001e1db3c5750 ConcurrentGCThread "G1 Refine#4" [stack: 0x00000096d2200000,0x00000096d2300000] [id=5524]
  0x000001e191ed83b0 ConcurrentGCThread "G1 Refine#5" [stack: 0x00000096d2300000,0x00000096d2400000] [id=19400]
  0x000001e1919249c0 ConcurrentGCThread "G1 Service" [stack: 0x00000096cda00000,0x00000096cdb00000] [id=6112]

Threads with active compile tasks:
C2 CompilerThread0    13449 9012       4       org.jetbrains.org.objectweb.asm.ClassReader::accept (1380 bytes)
C1 CompilerThread0    13449 9290       1       org.gradle.internal.operations.BuildOperationState::getStartTime (5 bytes)
C2 CompilerThread1    13449 9034       4       org.jetbrains.org.objectweb.asm.ClassReader::readMethod (1061 bytes)
C2 CompilerThread2    13449 9278       4       org.gradle.internal.reflect.MethodSet::add (50 bytes)

VM state: not at safepoint (normal execution)

VM Mutex/Monitor currently owned by a thread:  ([mutex/lock_event])
[0x000001e1f1146d60] Metaspace_lock - owner thread: 0x000001e1d8327590

Heap address: 0x0000000080000000, size: 2048 MB, Compressed Oops mode: 32-bit

CDS archive(s) mapped at: [0x000001e192000000-0x000001e192ba0000-0x000001e192ba0000), size 12189696, SharedBaseAddress: 0x000001e192000000, ArchiveRelocationMode: 1.
Compressed class space mapped at: 0x000001e193000000-0x000001e1d3000000, reserved size: 1073741824
Narrow klass base: 0x000001e192000000, Narrow klass shift: 0, Narrow klass range: 0x100000000

GC Precious Log:
 CPUs: 12 total, 12 available
 Memory: 15741M
 Large Page Support: Disabled
 NUMA Support: Disabled
 Compressed Oops: Enabled (32-bit)
 Heap Region Size: 1M
 Heap Min Capacity: 8M
 Heap Initial Capacity: 246M
 Heap Max Capacity: 2G
 Pre-touch: Disabled
 Parallel Workers: 10
 Concurrent Workers: 3
 Concurrent Refinement Workers: 10
 Periodic GC: Disabled

Heap:
 garbage-first heap   total 206848K, used 138613K [0x0000000080000000, 0x0000000100000000)
  region size 1024K, 27 young (27648K), 2 survivors (2048K)
 Metaspace       used 103395K, committed 104064K, reserved 1179648K
  class space    used 13322K, committed 13696K, reserved 1048576K

Heap Regions: E=young(eden), S=young(survivor), O=old, HS=humongous(starts), HC=humongous(continues), CS=collection set, F=free, OA=open archive, CA=closed archive, TAMS=top-at-mark-start (previous, next)
|   0|0x0000000080000000, 0x0000000080100000, 0x0000000080100000|100%|HS|  |TAMS 0x0000000080100000, 0x0000000080000000| Complete 
|   1|0x0000000080100000, 0x0000000080200000, 0x0000000080200000|100%|HC|  |TAMS 0x0000000080200000, 0x0000000080100000| Complete 
|   2|0x0000000080200000, 0x0000000080300000, 0x0000000080300000|100%|HC|  |TAMS 0x0000000080300000, 0x0000000080200000| Complete 
|   3|0x0000000080300000, 0x0000000080400000, 0x0000000080400000|100%|HC|  |TAMS 0x0000000080400000, 0x0000000080300000| Complete 
|   4|0x0000000080400000, 0x0000000080500000, 0x0000000080500000|100%| O|  |TAMS 0x0000000080500000, 0x0000000080400000| Untracked 
|   5|0x0000000080500000, 0x0000000080600000, 0x0000000080600000|100%| O|  |TAMS 0x0000000080600000, 0x0000000080500000| Untracked 
|   6|0x0000000080600000, 0x0000000080700000, 0x0000000080700000|100%| O|  |TAMS 0x0000000080700000, 0x0000000080600000| Untracked 
|   7|0x0000000080700000, 0x0000000080800000, 0x0000000080800000|100%| O|  |TAMS 0x0000000080800000, 0x0000000080700000| Untracked 
|   8|0x0000000080800000, 0x0000000080900000, 0x0000000080900000|100%| O|  |TAMS 0x0000000080900000, 0x0000000080800000| Untracked 
|   9|0x0000000080900000, 0x0000000080a00000, 0x0000000080a00000|100%| O|  |TAMS 0x0000000080a00000, 0x0000000080900000| Untracked 
|  10|0x0000000080a00000, 0x0000000080b00000, 0x0000000080b00000|100%| O|  |TAMS 0x0000000080b00000, 0x0000000080a00000| Untracked 
|  11|0x0000000080b00000, 0x0000000080c00000, 0x0000000080c00000|100%| O|  |TAMS 0x0000000080c00000, 0x0000000080b00000| Untracked 
|  12|0x0000000080c00000, 0x0000000080d00000, 0x0000000080d00000|100%| O|  |TAMS 0x0000000080d00000, 0x0000000080c00000| Untracked 
|  13|0x0000000080d00000, 0x0000000080e00000, 0x0000000080e00000|100%| O|  |TAMS 0x0000000080e00000, 0x0000000080d00000| Untracked 
|  14|0x0000000080e00000, 0x0000000080f00000, 0x0000000080f00000|100%| O|  |TAMS 0x0000000080f00000, 0x0000000080e00000| Untracked 
|  15|0x0000000080f00000, 0x0000000081000000, 0x0000000081000000|100%| O|  |TAMS 0x0000000081000000, 0x0000000080f00000| Untracked 
|  16|0x0000000081000000, 0x0000000081100000, 0x0000000081100000|100%| O|  |TAMS 0x0000000081100000, 0x0000000081000000| Untracked 
|  17|0x0000000081100000, 0x0000000081200000, 0x0000000081200000|100%| O|  |TAMS 0x0000000081200000, 0x0000000081100000| Untracked 
|  18|0x0000000081200000, 0x0000000081300000, 0x0000000081300000|100%| O|  |TAMS 0x0000000081300000, 0x0000000081200000| Untracked 
|  19|0x0000000081300000, 0x0000000081400000, 0x0000000081400000|100%| O|  |TAMS 0x0000000081400000, 0x0000000081300000| Untracked 
|  20|0x0000000081400000, 0x0000000081500000, 0x0000000081500000|100%| O|  |TAMS 0x0000000081500000, 0x0000000081400000| Untracked 
|  21|0x0000000081500000, 0x00000000815e1200, 0x0000000081600000| 87%| O|  |TAMS 0x00000000815e1200, 0x0000000081500000| Untracked 
|  22|0x0000000081600000, 0x0000000081700000, 0x0000000081700000|100%|HS|  |TAMS 0x0000000081700000, 0x0000000081600000| Complete 
|  23|0x0000000081700000, 0x0000000081800000, 0x0000000081800000|100%|HC|  |TAMS 0x0000000081800000, 0x0000000081700000| Complete 
|  24|0x0000000081800000, 0x0000000081900000, 0x0000000081900000|100%|HC|  |TAMS 0x0000000081900000, 0x0000000081800000| Complete 
|  25|0x0000000081900000, 0x0000000081a00000, 0x0000000081a00000|100%|HC|  |TAMS 0x0000000081a00000, 0x0000000081900000| Complete 
|  26|0x0000000081a00000, 0x0000000081b00000, 0x0000000081b00000|100%|HC|  |TAMS 0x0000000081b00000, 0x0000000081a00000| Complete 
|  27|0x0000000081b00000, 0x0000000081c00000, 0x0000000081c00000|100%|HS|  |TAMS 0x0000000081c00000, 0x0000000081b00000| Complete 
|  28|0x0000000081c00000, 0x0000000081d00000, 0x0000000081d00000|100%|HC|  |TAMS 0x0000000081d00000, 0x0000000081c00000| Complete 
|  29|0x0000000081d00000, 0x0000000081e00000, 0x0000000081e00000|100%|HC|  |TAMS 0x0000000081e00000, 0x0000000081d00000| Complete 
|  30|0x0000000081e00000, 0x0000000081f00000, 0x0000000081f00000|100%|HS|  |TAMS 0x0000000081f00000, 0x0000000081e00000| Complete 
|  31|0x0000000081f00000, 0x0000000082000000, 0x0000000082000000|100%|HC|  |TAMS 0x0000000082000000, 0x0000000081f00000| Complete 
|  32|0x0000000082000000, 0x0000000082100000, 0x0000000082100000|100%|HS|  |TAMS 0x0000000082100000, 0x0000000082000000| Complete 
|  33|0x0000000082100000, 0x0000000082200000, 0x0000000082200000|100%| O|  |TAMS 0x0000000082200000, 0x0000000082100000| Untracked 
|  34|0x0000000082200000, 0x0000000082300000, 0x0000000082300000|100%| O|  |TAMS 0x0000000082300000, 0x0000000082200000| Untracked 
|  35|0x0000000082300000, 0x0000000082400000, 0x0000000082400000|100%| O|  |TAMS 0x0000000082400000, 0x0000000082300000| Untracked 
|  36|0x0000000082400000, 0x0000000082500000, 0x0000000082500000|100%| O|  |TAMS 0x0000000082500000, 0x0000000082400000| Untracked 
|  37|0x0000000082500000, 0x0000000082600000, 0x0000000082600000|100%| O|  |TAMS 0x0000000082600000, 0x0000000082500000| Untracked 
|  38|0x0000000082600000, 0x0000000082700000, 0x0000000082700000|100%| O|  |TAMS 0x0000000082700000, 0x0000000082600000| Untracked 
|  39|0x0000000082700000, 0x0000000082800000, 0x0000000082800000|100%| O|  |TAMS 0x0000000082800000, 0x0000000082700000| Untracked 
|  40|0x0000000082800000, 0x0000000082900000, 0x0000000082900000|100%| O|  |TAMS 0x0000000082900000, 0x0000000082800000| Untracked 
|  41|0x0000000082900000, 0x0000000082a00000, 0x0000000082a00000|100%| O|  |TAMS 0x0000000082900000, 0x0000000082900000| Untracked 
|  42|0x0000000082a00000, 0x0000000082b00000, 0x0000000082b00000|100%| O|  |TAMS 0x0000000082b00000, 0x0000000082a00000| Untracked 
|  43|0x0000000082b00000, 0x0000000082c00000, 0x0000000082c00000|100%| O|  |TAMS 0x0000000082c00000, 0x0000000082b00000| Untracked 
|  44|0x0000000082c00000, 0x0000000082d00000, 0x0000000082d00000|100%| O|  |TAMS 0x0000000082d00000, 0x0000000082c00000| Untracked 
|  45|0x0000000082d00000, 0x0000000082e00000, 0x0000000082e00000|100%| O|  |TAMS 0x0000000082e00000, 0x0000000082d00000| Untracked 
|  46|0x0000000082e00000, 0x0000000082f00000, 0x0000000082f00000|100%| O|  |TAMS 0x0000000082f00000, 0x0000000082e00000| Untracked 
|  47|0x0000000082f00000, 0x0000000083000000, 0x0000000083000000|100%| O|  |TAMS 0x0000000083000000, 0x0000000082f00000| Untracked 
|  48|0x0000000083000000, 0x0000000083100000, 0x0000000083100000|100%|HS|  |TAMS 0x0000000083100000, 0x0000000083000000| Complete 
|  49|0x0000000083100000, 0x0000000083200000, 0x0000000083200000|100%|HC|  |TAMS 0x0000000083200000, 0x0000000083100000| Complete 
|  50|0x0000000083200000, 0x0000000083300000, 0x0000000083300000|100%|HS|  |TAMS 0x0000000083300000, 0x0000000083200000| Complete 
|  51|0x0000000083300000, 0x0000000083400000, 0x0000000083400000|100%|HC|  |TAMS 0x0000000083400000, 0x0000000083300000| Complete 
|  52|0x0000000083400000, 0x0000000083500000, 0x0000000083500000|100%|HC|  |TAMS 0x0000000083500000, 0x0000000083400000| Complete 
|  53|0x0000000083500000, 0x0000000083600000, 0x0000000083600000|100%|HC|  |TAMS 0x0000000083600000, 0x0000000083500000| Complete 
|  54|0x0000000083600000, 0x0000000083700000, 0x0000000083700000|100%|HC|  |TAMS 0x0000000083700000, 0x0000000083600000| Complete 
|  55|0x0000000083700000, 0x0000000083800000, 0x0000000083800000|100%|HS|  |TAMS 0x0000000083800000, 0x0000000083700000| Complete 
|  56|0x0000000083800000, 0x0000000083900000, 0x0000000083900000|100%|HC|  |TAMS 0x0000000083900000, 0x0000000083800000| Complete 
|  57|0x0000000083900000, 0x0000000083a00000, 0x0000000083a00000|100%|HC|  |TAMS 0x0000000083a00000, 0x0000000083900000| Complete 
|  58|0x0000000083a00000, 0x0000000083b00000, 0x0000000083b00000|100%|HC|  |TAMS 0x0000000083b00000, 0x0000000083a00000| Complete 
|  59|0x0000000083b00000, 0x0000000083c00000, 0x0000000083c00000|100%|HC|  |TAMS 0x0000000083c00000, 0x0000000083b00000| Complete 
|  60|0x0000000083c00000, 0x0000000083d00000, 0x0000000083d00000|100%| O|  |TAMS 0x0000000083d00000, 0x0000000083c00000| Untracked 
|  61|0x0000000083d00000, 0x0000000083e00000, 0x0000000083e00000|100%| O|  |TAMS 0x0000000083e00000, 0x0000000083d00000| Untracked 
|  62|0x0000000083e00000, 0x0000000083f00000, 0x0000000083f00000|100%| O|  |TAMS 0x0000000083f00000, 0x0000000083e00000| Untracked 
|  63|0x0000000083f00000, 0x0000000084000000, 0x0000000084000000|100%| O|  |TAMS 0x0000000084000000, 0x0000000083f00000| Untracked 
|  64|0x0000000084000000, 0x0000000084100000, 0x0000000084100000|100%|HS|  |TAMS 0x0000000084100000, 0x0000000084000000| Complete 
|  65|0x0000000084100000, 0x0000000084200000, 0x0000000084200000|100%|HC|  |TAMS 0x0000000084200000, 0x0000000084100000| Complete 
|  66|0x0000000084200000, 0x0000000084300000, 0x0000000084300000|100%|HC|  |TAMS 0x0000000084300000, 0x0000000084200000| Complete 
|  67|0x0000000084300000, 0x0000000084400000, 0x0000000084400000|100%|HC|  |TAMS 0x0000000084400000, 0x0000000084300000| Complete 
|  68|0x0000000084400000, 0x0000000084500000, 0x0000000084500000|100%|HC|  |TAMS 0x0000000084500000, 0x0000000084400000| Complete 
|  69|0x0000000084500000, 0x0000000084600000, 0x0000000084600000|100%|HC|  |TAMS 0x0000000084600000, 0x0000000084500000| Complete 
|  70|0x0000000084600000, 0x0000000084700000, 0x0000000084700000|100%|HS|  |TAMS 0x0000000084700000, 0x0000000084600000| Complete 
|  71|0x0000000084700000, 0x0000000084800000, 0x0000000084800000|100%| O|  |TAMS 0x0000000084800000, 0x0000000084700000| Untracked 
|  72|0x0000000084800000, 0x0000000084900000, 0x0000000084900000|100%| O|  |TAMS 0x0000000084900000, 0x0000000084800000| Untracked 
|  73|0x0000000084900000, 0x0000000084a00000, 0x0000000084a00000|100%| O|  |TAMS 0x0000000084a00000, 0x0000000084900000| Untracked 
|  74|0x0000000084a00000, 0x0000000084b00000, 0x0000000084b00000|100%| O|  |TAMS 0x0000000084b00000, 0x0000000084a00000| Untracked 
|  75|0x0000000084b00000, 0x0000000084c00000, 0x0000000084c00000|100%| O|  |TAMS 0x0000000084c00000, 0x0000000084b00000| Untracked 
|  76|0x0000000084c00000, 0x0000000084d00000, 0x0000000084d00000|100%| O|  |TAMS 0x0000000084d00000, 0x0000000084c00000| Untracked 
|  77|0x0000000084d00000, 0x0000000084e00000, 0x0000000084e00000|100%| O|  |TAMS 0x0000000084e00000, 0x0000000084d00000| Untracked 
|  78|0x0000000084e00000, 0x0000000084f00000, 0x0000000084f00000|100%| O|  |TAMS 0x0000000084f00000, 0x0000000084e00000| Untracked 
|  79|0x0000000084f00000, 0x0000000085000000, 0x0000000085000000|100%| O|  |TAMS 0x0000000085000000, 0x0000000084f00000| Untracked 
|  80|0x0000000085000000, 0x0000000085100000, 0x0000000085100000|100%| O|  |TAMS 0x0000000085100000, 0x0000000085000000| Untracked 
|  81|0x0000000085100000, 0x0000000085200000, 0x0000000085200000|100%| O|  |TAMS 0x0000000085200000, 0x0000000085100000| Untracked 
|  82|0x0000000085200000, 0x0000000085300000, 0x0000000085300000|100%| O|  |TAMS 0x0000000085300000, 0x0000000085200000| Untracked 
|  83|0x0000000085300000, 0x0000000085400000, 0x0000000085400000|100%| O|  |TAMS 0x0000000085400000, 0x0000000085300000| Untracked 
|  84|0x0000000085400000, 0x0000000085400000, 0x0000000085500000|  0%| F|  |TAMS 0x0000000085400000, 0x0000000085400000| Untracked 
|  85|0x0000000085500000, 0x0000000085600000, 0x0000000085600000|100%| O|  |TAMS 0x0000000085600000, 0x0000000085500000| Untracked 
|  86|0x0000000085600000, 0x0000000085700000, 0x0000000085700000|100%| O|  |TAMS 0x0000000085700000, 0x0000000085600000| Untracked 
|  87|0x0000000085700000, 0x0000000085800000, 0x0000000085800000|100%| O|  |TAMS 0x0000000085800000, 0x0000000085700000| Untracked 
|  88|0x0000000085800000, 0x0000000085900000, 0x0000000085900000|100%| O|  |TAMS 0x0000000085900000, 0x0000000085800000| Untracked 
|  89|0x0000000085900000, 0x0000000085a00000, 0x0000000085a00000|100%| O|  |TAMS 0x0000000085a00000, 0x0000000085900000| Untracked 
|  90|0x0000000085a00000, 0x0000000085b00000, 0x0000000085b00000|100%| O|  |TAMS 0x0000000085b00000, 0x0000000085a00000| Untracked 
|  91|0x0000000085b00000, 0x0000000085c00000, 0x0000000085c00000|100%| O|  |TAMS 0x0000000085c00000, 0x0000000085b00000| Untracked 
|  92|0x0000000085c00000, 0x0000000085d00000, 0x0000000085d00000|100%| O|  |TAMS 0x0000000085d00000, 0x0000000085c00000| Untracked 
|  93|0x0000000085d00000, 0x0000000085e00000, 0x0000000085e00000|100%| O|  |TAMS 0x0000000085e00000, 0x0000000085d00000| Untracked 
|  94|0x0000000085e00000, 0x0000000085f00000, 0x0000000085f00000|100%| O|  |TAMS 0x0000000085f00000, 0x0000000085e00000| Untracked 
|  95|0x0000000085f00000, 0x0000000086000000, 0x0000000086000000|100%| O|  |TAMS 0x0000000086000000, 0x0000000085f00000| Untracked 
|  96|0x0000000086000000, 0x0000000086100000, 0x0000000086100000|100%| O|  |TAMS 0x0000000086100000, 0x0000000086000000| Untracked 
|  97|0x0000000086100000, 0x0000000086200000, 0x0000000086200000|100%| O|  |TAMS 0x0000000086200000, 0x0000000086100000| Untracked 
|  98|0x0000000086200000, 0x0000000086300000, 0x0000000086300000|100%| O|  |TAMS 0x0000000086300000, 0x0000000086200000| Untracked 
|  99|0x0000000086300000, 0x0000000086400000, 0x0000000086400000|100%| O|  |TAMS 0x0000000086400000, 0x0000000086300000| Untracked 
| 100|0x0000000086400000, 0x0000000086500000, 0x0000000086500000|100%| O|  |TAMS 0x0000000086500000, 0x0000000086400000| Untracked 
| 101|0x0000000086500000, 0x0000000086600000, 0x0000000086600000|100%| O|  |TAMS 0x0000000086600000, 0x0000000086500000| Untracked 
| 102|0x0000000086600000, 0x0000000086700000, 0x0000000086700000|100%| O|  |TAMS 0x00000000866fa800, 0x0000000086600000| Untracked 
| 103|0x0000000086700000, 0x0000000086800000, 0x0000000086800000|100%| O|  |TAMS 0x0000000086700000, 0x0000000086700000| Untracked 
| 104|0x0000000086800000, 0x0000000086900000, 0x0000000086900000|100%| O|  |TAMS 0x0000000086800000, 0x0000000086800000| Untracked 
| 105|0x0000000086900000, 0x0000000086a00000, 0x0000000086a00000|100%| O|  |TAMS 0x0000000086900000, 0x0000000086900000| Untracked 
| 106|0x0000000086a00000, 0x0000000086b00000, 0x0000000086b00000|100%| O|  |TAMS 0x0000000086a00000, 0x0000000086a00000| Untracked 
| 107|0x0000000086b00000, 0x0000000086c00000, 0x0000000086c00000|100%| O|  |TAMS 0x0000000086b00000, 0x0000000086b00000| Untracked 
| 108|0x0000000086c00000, 0x0000000086d00000, 0x0000000086d00000|100%| O|  |TAMS 0x0000000086c00000, 0x0000000086c00000| Untracked 
| 109|0x0000000086d00000, 0x0000000086e00000, 0x0000000086e00000|100%| O|  |TAMS 0x0000000086d00000, 0x0000000086d00000| Untracked 
| 110|0x0000000086e00000, 0x0000000086f00000, 0x0000000086f00000|100%| O|  |TAMS 0x0000000086e00000, 0x0000000086e00000| Untracked 
| 111|0x0000000086f00000, 0x0000000086f37e00, 0x0000000087000000| 21%| O|  |TAMS 0x0000000086f00000, 0x0000000086f00000| Untracked 
| 112|0x0000000087000000, 0x0000000087000000, 0x0000000087100000|  0%| F|  |TAMS 0x0000000087000000, 0x0000000087000000| Untracked 
| 113|0x0000000087100000, 0x0000000087100000, 0x0000000087200000|  0%| F|  |TAMS 0x0000000087100000, 0x0000000087100000| Untracked 
| 114|0x0000000087200000, 0x0000000087200000, 0x0000000087300000|  0%| F|  |TAMS 0x0000000087200000, 0x0000000087200000| Untracked 
| 115|0x0000000087300000, 0x0000000087300000, 0x0000000087400000|  0%| F|  |TAMS 0x0000000087300000, 0x0000000087300000| Untracked 
| 116|0x0000000087400000, 0x0000000087400000, 0x0000000087500000|  0%| F|  |TAMS 0x0000000087400000, 0x0000000087400000| Untracked 
| 117|0x0000000087500000, 0x0000000087500000, 0x0000000087600000|  0%| F|  |TAMS 0x0000000087500000, 0x0000000087500000| Untracked 
| 118|0x0000000087600000, 0x0000000087600000, 0x0000000087700000|  0%| F|  |TAMS 0x0000000087600000, 0x0000000087600000| Untracked 
| 119|0x0000000087700000, 0x0000000087700000, 0x0000000087800000|  0%| F|  |TAMS 0x0000000087700000, 0x0000000087700000| Untracked 
| 120|0x0000000087800000, 0x0000000087800000, 0x0000000087900000|  0%| F|  |TAMS 0x0000000087800000, 0x0000000087800000| Untracked 
| 121|0x0000000087900000, 0x0000000087900000, 0x0000000087a00000|  0%| F|  |TAMS 0x0000000087900000, 0x0000000087900000| Untracked 
| 122|0x0000000087a00000, 0x0000000087a00000, 0x0000000087b00000|  0%| F|  |TAMS 0x0000000087a00000, 0x0000000087a00000| Untracked 
| 123|0x0000000087b00000, 0x0000000087b00000, 0x0000000087c00000|  0%| F|  |TAMS 0x0000000087b00000, 0x0000000087b00000| Untracked 
| 124|0x0000000087c00000, 0x0000000087c00000, 0x0000000087d00000|  0%| F|  |TAMS 0x0000000087c00000, 0x0000000087c00000| Untracked 
| 125|0x0000000087d00000, 0x0000000087d00000, 0x0000000087e00000|  0%| F|  |TAMS 0x0000000087d00000, 0x0000000087d00000| Untracked 
| 126|0x0000000087e00000, 0x0000000087e00000, 0x0000000087f00000|  0%| F|  |TAMS 0x0000000087e00000, 0x0000000087e00000| Untracked 
| 127|0x0000000087f00000, 0x0000000087f00000, 0x0000000088000000|  0%| F|  |TAMS 0x0000000087f00000, 0x0000000087f00000| Untracked 
| 128|0x0000000088000000, 0x0000000088000000, 0x0000000088100000|  0%| F|  |TAMS 0x0000000088000000, 0x0000000088000000| Untracked 
| 129|0x0000000088100000, 0x0000000088100000, 0x0000000088200000|  0%| F|  |TAMS 0x0000000088100000, 0x0000000088100000| Untracked 
| 130|0x0000000088200000, 0x0000000088200000, 0x0000000088300000|  0%| F|  |TAMS 0x0000000088200000, 0x0000000088200000| Untracked 
| 131|0x0000000088300000, 0x0000000088300000, 0x0000000088400000|  0%| F|  |TAMS 0x0000000088300000, 0x0000000088300000| Untracked 
| 132|0x0000000088400000, 0x0000000088400000, 0x0000000088500000|  0%| F|  |TAMS 0x0000000088400000, 0x0000000088400000| Untracked 
| 133|0x0000000088500000, 0x0000000088500000, 0x0000000088600000|  0%| F|  |TAMS 0x0000000088500000, 0x0000000088500000| Untracked 
| 134|0x0000000088600000, 0x0000000088600000, 0x0000000088700000|  0%| F|  |TAMS 0x0000000088600000, 0x0000000088600000| Untracked 
| 135|0x0000000088700000, 0x0000000088700000, 0x0000000088800000|  0%| F|  |TAMS 0x0000000088700000, 0x0000000088700000| Untracked 
| 136|0x0000000088800000, 0x0000000088800000, 0x0000000088900000|  0%| F|  |TAMS 0x0000000088800000, 0x0000000088800000| Untracked 
| 137|0x0000000088900000, 0x0000000088900000, 0x0000000088a00000|  0%| F|  |TAMS 0x0000000088900000, 0x0000000088900000| Untracked 
| 138|0x0000000088a00000, 0x0000000088a00000, 0x0000000088b00000|  0%| F|  |TAMS 0x0000000088a00000, 0x0000000088a00000| Untracked 
| 139|0x0000000088b00000, 0x0000000088b00000, 0x0000000088c00000|  0%| F|  |TAMS 0x0000000088b00000, 0x0000000088b00000| Untracked 
| 140|0x0000000088c00000, 0x0000000088c00000, 0x0000000088d00000|  0%| F|  |TAMS 0x0000000088c00000, 0x0000000088c00000| Untracked 
| 141|0x0000000088d00000, 0x0000000088d00000, 0x0000000088e00000|  0%| F|  |TAMS 0x0000000088d00000, 0x0000000088d00000| Untracked 
| 142|0x0000000088e00000, 0x0000000088e00000, 0x0000000088f00000|  0%| F|  |TAMS 0x0000000088e00000, 0x0000000088e00000| Untracked 
| 143|0x0000000088f00000, 0x0000000088f00000, 0x0000000089000000|  0%| F|  |TAMS 0x0000000088f00000, 0x0000000088f00000| Untracked 
| 144|0x0000000089000000, 0x0000000089000000, 0x0000000089100000|  0%| F|  |TAMS 0x0000000089000000, 0x0000000089000000| Untracked 
| 145|0x0000000089100000, 0x0000000089100000, 0x0000000089200000|  0%| F|  |TAMS 0x0000000089100000, 0x0000000089100000| Untracked 
| 146|0x0000000089200000, 0x0000000089200000, 0x0000000089300000|  0%| F|  |TAMS 0x0000000089200000, 0x0000000089200000| Untracked 
| 147|0x0000000089300000, 0x0000000089300000, 0x0000000089400000|  0%| F|  |TAMS 0x0000000089300000, 0x0000000089300000| Untracked 
| 148|0x0000000089400000, 0x0000000089400000, 0x0000000089500000|  0%| F|  |TAMS 0x0000000089400000, 0x0000000089400000| Untracked 
| 149|0x0000000089500000, 0x0000000089500000, 0x0000000089600000|  0%| F|  |TAMS 0x0000000089500000, 0x0000000089500000| Untracked 
| 150|0x0000000089600000, 0x0000000089600000, 0x0000000089700000|  0%| F|  |TAMS 0x0000000089600000, 0x0000000089600000| Untracked 
| 151|0x0000000089700000, 0x0000000089700000, 0x0000000089800000|  0%| F|  |TAMS 0x0000000089700000, 0x0000000089700000| Untracked 
| 152|0x0000000089800000, 0x0000000089800000, 0x0000000089900000|  0%| F|  |TAMS 0x0000000089800000, 0x0000000089800000| Untracked 
| 153|0x0000000089900000, 0x0000000089900000, 0x0000000089a00000|  0%| F|  |TAMS 0x0000000089900000, 0x0000000089900000| Untracked 
| 154|0x0000000089a00000, 0x0000000089a00000, 0x0000000089b00000|  0%| F|  |TAMS 0x0000000089a00000, 0x0000000089a00000| Untracked 
| 155|0x0000000089b00000, 0x0000000089b00000, 0x0000000089c00000|  0%| F|  |TAMS 0x0000000089b00000, 0x0000000089b00000| Untracked 
| 156|0x0000000089c00000, 0x0000000089c00000, 0x0000000089d00000|  0%| F|  |TAMS 0x0000000089c00000, 0x0000000089c00000| Untracked 
| 157|0x0000000089d00000, 0x0000000089d00000, 0x0000000089e00000|  0%| F|  |TAMS 0x0000000089d00000, 0x0000000089d00000| Untracked 
| 158|0x0000000089e00000, 0x0000000089e00000, 0x0000000089f00000|  0%| F|  |TAMS 0x0000000089e00000, 0x0000000089e00000| Untracked 
| 159|0x0000000089f00000, 0x0000000089f00000, 0x000000008a000000|  0%| F|  |TAMS 0x0000000089f00000, 0x0000000089f00000| Untracked 
| 160|0x000000008a000000, 0x000000008a000000, 0x000000008a100000|  0%| F|  |TAMS 0x000000008a000000, 0x000000008a000000| Untracked 
| 161|0x000000008a100000, 0x000000008a100000, 0x000000008a200000|  0%| F|  |TAMS 0x000000008a100000, 0x000000008a100000| Untracked 
| 162|0x000000008a200000, 0x000000008a200000, 0x000000008a300000|  0%| F|  |TAMS 0x000000008a200000, 0x000000008a200000| Untracked 
| 163|0x000000008a300000, 0x000000008a300000, 0x000000008a400000|  0%| F|  |TAMS 0x000000008a300000, 0x000000008a300000| Untracked 
| 164|0x000000008a400000, 0x000000008a400000, 0x000000008a500000|  0%| F|  |TAMS 0x000000008a400000, 0x000000008a400000| Untracked 
| 165|0x000000008a500000, 0x000000008a500000, 0x000000008a600000|  0%| F|  |TAMS 0x000000008a500000, 0x000000008a500000| Untracked 
| 166|0x000000008a600000, 0x000000008a600000, 0x000000008a700000|  0%| F|  |TAMS 0x000000008a600000, 0x000000008a600000| Untracked 
| 167|0x000000008a700000, 0x000000008a700000, 0x000000008a800000|  0%| F|  |TAMS 0x000000008a700000, 0x000000008a700000| Untracked 
| 168|0x000000008a800000, 0x000000008a800000, 0x000000008a900000|  0%| F|  |TAMS 0x000000008a800000, 0x000000008a800000| Untracked 
| 169|0x000000008a900000, 0x000000008a900000, 0x000000008aa00000|  0%| F|  |TAMS 0x000000008a900000, 0x000000008a900000| Untracked 
| 170|0x000000008aa00000, 0x000000008aa00000, 0x000000008ab00000|  0%| F|  |TAMS 0x000000008aa00000, 0x000000008aa00000| Untracked 
| 171|0x000000008ab00000, 0x000000008ab00000, 0x000000008ac00000|  0%| F|  |TAMS 0x000000008ab00000, 0x000000008ab00000| Untracked 
| 172|0x000000008ac00000, 0x000000008ac00000, 0x000000008ad00000|  0%| F|  |TAMS 0x000000008ac00000, 0x000000008ac00000| Untracked 
| 173|0x000000008ad00000, 0x000000008ad00000, 0x000000008ae00000|  0%| F|  |TAMS 0x000000008ad00000, 0x000000008ad00000| Untracked 
| 174|0x000000008ae00000, 0x000000008ae00000, 0x000000008af00000|  0%| F|  |TAMS 0x000000008ae00000, 0x000000008ae00000| Untracked 
| 175|0x000000008af00000, 0x000000008b000000, 0x000000008b000000|100%| E|  |TAMS 0x000000008af00000, 0x000000008af00000| Complete 
| 176|0x000000008b000000, 0x000000008b100000, 0x000000008b100000|100%| E|CS|TAMS 0x000000008b000000, 0x000000008b000000| Complete 
| 177|0x000000008b100000, 0x000000008b200000, 0x000000008b200000|100%| E|CS|TAMS 0x000000008b100000, 0x000000008b100000| Complete 
| 178|0x000000008b200000, 0x000000008b300000, 0x000000008b300000|100%| E|CS|TAMS 0x000000008b200000, 0x000000008b200000| Complete 
| 179|0x000000008b300000, 0x000000008b400000, 0x000000008b400000|100%| E|CS|TAMS 0x000000008b300000, 0x000000008b300000| Complete 
| 180|0x000000008b400000, 0x000000008b500000, 0x000000008b500000|100%| E|CS|TAMS 0x000000008b400000, 0x000000008b400000| Complete 
| 181|0x000000008b500000, 0x000000008b600000, 0x000000008b600000|100%| E|CS|TAMS 0x000000008b500000, 0x000000008b500000| Complete 
| 182|0x000000008b600000, 0x000000008b700000, 0x000000008b700000|100%| E|CS|TAMS 0x000000008b600000, 0x000000008b600000| Complete 
| 183|0x000000008b700000, 0x000000008b800000, 0x000000008b800000|100%| E|CS|TAMS 0x000000008b700000, 0x000000008b700000| Complete 
| 184|0x000000008b800000, 0x000000008b900000, 0x000000008b900000|100%| E|CS|TAMS 0x000000008b800000, 0x000000008b800000| Complete 
| 185|0x000000008b900000, 0x000000008ba00000, 0x000000008ba00000|100%| E|CS|TAMS 0x000000008b900000, 0x000000008b900000| Complete 
| 186|0x000000008ba00000, 0x000000008bb00000, 0x000000008bb00000|100%| E|CS|TAMS 0x000000008ba00000, 0x000000008ba00000| Complete 
| 187|0x000000008bb00000, 0x000000008bc00000, 0x000000008bc00000|100%| E|CS|TAMS 0x000000008bb00000, 0x000000008bb00000| Complete 
| 188|0x000000008bc00000, 0x000000008bd00000, 0x000000008bd00000|100%| E|CS|TAMS 0x000000008bc00000, 0x000000008bc00000| Complete 
| 189|0x000000008bd00000, 0x000000008be00000, 0x000000008be00000|100%| E|CS|TAMS 0x000000008bd00000, 0x000000008bd00000| Complete 
| 190|0x000000008be00000, 0x000000008bf00000, 0x000000008bf00000|100%| E|CS|TAMS 0x000000008be00000, 0x000000008be00000| Complete 
| 191|0x000000008bf00000, 0x000000008c000000, 0x000000008c000000|100%| E|CS|TAMS 0x000000008bf00000, 0x000000008bf00000| Complete 
| 192|0x000000008c000000, 0x000000008c100000, 0x000000008c100000|100%| E|CS|TAMS 0x000000008c000000, 0x000000008c000000| Complete 
| 193|0x000000008c100000, 0x000000008c200000, 0x000000008c200000|100%| E|CS|TAMS 0x000000008c100000, 0x000000008c100000| Complete 
| 194|0x000000008c200000, 0x000000008c300000, 0x000000008c300000|100%| E|CS|TAMS 0x000000008c200000, 0x000000008c200000| Complete 
| 195|0x000000008c300000, 0x000000008c400000, 0x000000008c400000|100%| E|CS|TAMS 0x000000008c300000, 0x000000008c300000| Complete 
| 196|0x000000008c400000, 0x000000008c500000, 0x000000008c500000|100%| E|CS|TAMS 0x000000008c400000, 0x000000008c400000| Complete 
| 197|0x000000008c500000, 0x000000008c600000, 0x000000008c600000|100%| E|CS|TAMS 0x000000008c500000, 0x000000008c500000| Complete 
| 198|0x000000008c600000, 0x000000008c700000, 0x000000008c700000|100%| E|CS|TAMS 0x000000008c600000, 0x000000008c600000| Complete 
| 239|0x000000008ef00000, 0x000000008ef445f0, 0x000000008f000000| 26%| S|CS|TAMS 0x000000008ef00000, 0x000000008ef00000| Complete 
| 240|0x000000008f000000, 0x000000008f100000, 0x000000008f100000|100%| S|CS|TAMS 0x000000008f000000, 0x000000008f000000| Complete 
| 245|0x000000008f500000, 0x000000008f600000, 0x000000008f600000|100%| E|CS|TAMS 0x000000008f500000, 0x000000008f500000| Complete 

Card table byte_map: [0x000001e1fb4c0000,0x000001e1fb8c0000] _byte_map_base: 0x000001e1fb0c0000

Marking Bits (Prev, Next): (CMBitMap*) 0x000001e1f11a8cf0, (CMBitMap*) 0x000001e1f11a8d30
 Prev Bits: [0x000001e1fbcc0000, 0x000001e1fdcc0000)
 Next Bits: [0x000001e1fdcc0000, 0x000001e1ffcc0000)

Polling page: 0x000001e1f1200000

Metaspace:

Usage:
  Non-class:     87.96 MB used.
      Class:     13.01 MB used.
       Both:    100.97 MB used.

Virtual space:
  Non-class space:      128.00 MB reserved,      88.25 MB ( 69%) committed,  2 nodes.
      Class space:        1.00 GB reserved,      13.38 MB (  1%) committed,  1 nodes.
             Both:        1.12 GB reserved,     101.62 MB (  9%) committed. 

Chunk freelists:
   Non-Class:  7.55 MB
       Class:  2.67 MB
        Both:  10.22 MB

MaxMetaspaceSize: unlimited
CompressedClassSpaceSize: 1.00 GB
Initial GC threshold: 21.00 MB
Current GC threshold: 166.19 MB
CDS: on
MetaspaceReclaimPolicy: balanced
 - commit_granule_bytes: 65536.
 - commit_granule_words: 8192.
 - virtual_space_node_default_size: 8388608.
 - enlarge_chunks_in_place: 1.
 - new_chunks_are_fully_committed: 0.
 - uncommit_free_chunks: 1.
 - use_allocation_guard: 0.
 - handle_deallocations: 1.


Internal statistics:

num_allocs_failed_limit: 6.
num_arena_births: 746.
num_arena_deaths: 0.
num_vsnodes_births: 3.
num_vsnodes_deaths: 0.
num_space_committed: 1624.
num_space_uncommitted: 0.
num_chunks_returned_to_freelist: 6.
num_chunks_taken_from_freelist: 4457.
num_chunk_merges: 6.
num_chunk_splits: 3453.
num_chunks_enlarged: 2857.
num_inconsistent_stats: 0.

CodeHeap 'non-profiled nmethods': size=120000Kb used=4193Kb max_used=4588Kb free=115806Kb
 bounds [0x000001e187ad0000, 0x000001e187f50000, 0x000001e18f000000]
CodeHeap 'profiled nmethods': size=120000Kb used=17036Kb max_used=17036Kb free=102963Kb
 bounds [0x000001e180000000, 0x000001e1810e0000, 0x000001e187530000]
CodeHeap 'non-nmethods': size=5760Kb used=2515Kb max_used=2562Kb free=3244Kb
 bounds [0x000001e187530000, 0x000001e1877c0000, 0x000001e187ad0000]
 total_blobs=8955 nmethods=7890 adapters=974
 compilation: enabled
              stopped_count=0, restarted_count=0
 full_count=0

Compilation events (20 events):
Event: 13.387 Thread 0x000001e191bb2920 9276       3       java.util.HashMap::put (13 bytes)
Event: 13.387 Thread 0x000001e191bb2920 nmethod 9276 0x000001e180ab4290 code [0x000001e180ab4440, 0x000001e180ab4738]
Event: 13.387 Thread 0x000001e191bb2920 9279       3       java.util.HashMap::resize (356 bytes)
Event: 13.388 Thread 0x000001e191bb2920 nmethod 9279 0x000001e18098c890 code [0x000001e18098cb40, 0x000001e18098dfa8]
Event: 13.388 Thread 0x000001e191bb2920 9280       3       java.util.HashMap::putVal (300 bytes)
Event: 13.389 Thread 0x000001e191bb2920 nmethod 9280 0x000001e180ab2990 code [0x000001e180ab2c40, 0x000001e180ab3df8]
Event: 13.389 Thread 0x000001e191bb2920 9282       3       java.util.TreeMap$Values::iterator (19 bytes)
Event: 13.390 Thread 0x000001e191bb2920 nmethod 9282 0x000001e18098bf90 code [0x000001e18098c160, 0x000001e18098c678]
Event: 13.390 Thread 0x000001e191bb2920 9284       3       com.google.common.collect.LinkedHashMultimap::access$400 (6 bytes)
Event: 13.390 Thread 0x000001e191bb2920 nmethod 9284 0x000001e18098ba90 code [0x000001e18098bc40, 0x000001e18098be78]
Event: 13.390 Thread 0x000001e191bb2920 9283       3       java.util.TreeMap$ValueIterator::<init> (12 bytes)
Event: 13.390 Thread 0x000001e191bb2920 nmethod 9283 0x000001e18098b490 code [0x000001e18098b640, 0x000001e18098b958]
Event: 13.390 Thread 0x000001e191bb2920 9285       3       org.objectweb.asm.Type::getSort (19 bytes)
Event: 13.390 Thread 0x000001e191bb2920 nmethod 9285 0x000001e18098b110 code [0x000001e18098b2a0, 0x000001e18098b3f8]
Event: 13.391 Thread 0x000001e191bb2920 9286       3       org.gradle.internal.instantiation.generator.AsmBackedClassGenerator$ClassBuilderImpl$$Lambda$161/0x000001e1931cbbc8::transform (8 bytes)
Event: 13.391 Thread 0x000001e191bb2920 nmethod 9286 0x000001e18098ac90 code [0x000001e18098ae40, 0x000001e18098b068]
Event: 13.391 Thread 0x000001e191bb2920 9287       3       com.google.common.collect.LinkedHashMultimap::get (6 bytes)
Event: 13.392 Thread 0x000001e191bb2920 nmethod 9287 0x000001e18098a310 code [0x000001e18098a500, 0x000001e18098ab08]
Event: 13.392 Thread 0x000001e191bb2920 9288       3       com.google.common.collect.AbstractSetMultimap::wrapCollection (14 bytes)
Event: 13.392 Thread 0x000001e191bb2920 nmethod 9288 0x000001e180989b90 code [0x000001e180989d40, 0x000001e18098a008]

GC Heap History (20 events):
Event: 9.401 GC heap before
{Heap before GC invocations=16 (full 0):
 garbage-first heap   total 172032K, used 142554K [0x0000000080000000, 0x0000000100000000)
  region size 1024K, 64 young (65536K), 9 survivors (9216K)
 Metaspace       used 69505K, committed 70144K, reserved 1114112K
  class space    used 9522K, committed 9792K, reserved 1048576K
}
Event: 9.415 GC heap after
{Heap after GC invocations=17 (full 0):
 garbage-first heap   total 172032K, used 91881K [0x0000000080000000, 0x0000000100000000)
  region size 1024K, 5 young (5120K), 5 survivors (5120K)
 Metaspace       used 69505K, committed 70144K, reserved 1114112K
  class space    used 9522K, committed 9792K, reserved 1048576K
}
Event: 9.916 GC heap before
{Heap before GC invocations=17 (full 0):
 garbage-first heap   total 172032K, used 140009K [0x0000000080000000, 0x0000000100000000)
  region size 1024K, 52 young (53248K), 5 survivors (5120K)
 Metaspace       used 74566K, committed 75136K, reserved 1114112K
  class space    used 10117K, committed 10368K, reserved 1048576K
}
Event: 9.921 GC heap after
{Heap after GC invocations=18 (full 0):
 garbage-first heap   total 172032K, used 94717K [0x0000000080000000, 0x0000000100000000)
  region size 1024K, 4 young (4096K), 4 survivors (4096K)
 Metaspace       used 74566K, committed 75136K, reserved 1114112K
  class space    used 10117K, committed 10368K, reserved 1048576K
}
Event: 10.259 GC heap before
{Heap before GC invocations=19 (full 0):
 garbage-first heap   total 172032K, used 140797K [0x0000000080000000, 0x0000000100000000)
  region size 1024K, 48 young (49152K), 4 survivors (4096K)
 Metaspace       used 78013K, committed 78592K, reserved 1179648K
  class space    used 10577K, committed 10816K, reserved 1048576K
}
Event: 10.264 GC heap after
{Heap after GC invocations=20 (full 0):
 garbage-first heap   total 172032K, used 96929K [0x0000000080000000, 0x0000000100000000)
  region size 1024K, 6 young (6144K), 6 survivors (6144K)
 Metaspace       used 78013K, committed 78592K, reserved 1179648K
  class space    used 10577K, committed 10816K, reserved 1048576K
}
Event: 10.277 GC heap before
{Heap before GC invocations=20 (full 0):
 garbage-first heap   total 172032K, used 98977K [0x0000000080000000, 0x0000000100000000)
  region size 1024K, 8 young (8192K), 6 survivors (6144K)
 Metaspace       used 78030K, committed 78656K, reserved 1179648K
  class space    used 10578K, committed 10816K, reserved 1048576K
}
Event: 10.281 GC heap after
{Heap after GC invocations=21 (full 0):
 garbage-first heap   total 206848K, used 96294K [0x0000000080000000, 0x0000000100000000)
  region size 1024K, 1 young (1024K), 1 survivors (1024K)
 Metaspace       used 78030K, committed 78656K, reserved 1179648K
  class space    used 10578K, committed 10816K, reserved 1048576K
}
Event: 11.189 GC heap before
{Heap before GC invocations=21 (full 0):
 garbage-first heap   total 206848K, used 167974K [0x0000000080000000, 0x0000000100000000)
  region size 1024K, 71 young (72704K), 1 survivors (1024K)
 Metaspace       used 83338K, committed 83968K, reserved 1179648K
  class space    used 11141K, committed 11456K, reserved 1048576K
}
Event: 11.193 GC heap after
{Heap after GC invocations=22 (full 0):
 garbage-first heap   total 206848K, used 101112K [0x0000000080000000, 0x0000000100000000)
  region size 1024K, 6 young (6144K), 6 survivors (6144K)
 Metaspace       used 83338K, committed 83968K, reserved 1179648K
  class space    used 11141K, committed 11456K, reserved 1048576K
}
Event: 11.921 GC heap before
{Heap before GC invocations=23 (full 0):
 garbage-first heap   total 206848K, used 167672K [0x0000000080000000, 0x0000000100000000)
  region size 1024K, 71 young (72704K), 6 survivors (6144K)
 Metaspace       used 90778K, committed 91456K, reserved 1179648K
  class space    used 12013K, committed 12352K, reserved 1048576K
}
Event: 11.928 GC heap after
{Heap after GC invocations=24 (full 0):
 garbage-first heap   total 206848K, used 104754K [0x0000000080000000, 0x0000000100000000)
  region size 1024K, 4 young (4096K), 4 survivors (4096K)
 Metaspace       used 90778K, committed 91456K, reserved 1179648K
  class space    used 12013K, committed 12352K, reserved 1048576K
}
Event: 11.976 GC heap before
{Heap before GC invocations=24 (full 0):
 garbage-first heap   total 206848K, used 109874K [0x0000000080000000, 0x0000000100000000)
  region size 1024K, 10 young (10240K), 4 survivors (4096K)
 Metaspace       used 91549K, committed 92224K, reserved 1179648K
  class space    used 12084K, committed 12416K, reserved 1048576K
}
Event: 11.980 GC heap after
{Heap after GC invocations=25 (full 0):
 garbage-first heap   total 206848K, used 104908K [0x0000000080000000, 0x0000000100000000)
  region size 1024K, 1 young (1024K), 1 survivors (1024K)
 Metaspace       used 91549K, committed 92224K, reserved 1179648K
  class space    used 12084K, committed 12416K, reserved 1048576K
}
Event: 12.709 GC heap before
{Heap before GC invocations=25 (full 0):
 garbage-first heap   total 206848K, used 170444K [0x0000000080000000, 0x0000000100000000)
  region size 1024K, 65 young (66560K), 1 survivors (1024K)
 Metaspace       used 101164K, committed 101888K, reserved 1179648K
  class space    used 13028K, committed 13376K, reserved 1048576K
}
Event: 12.712 GC heap after
{Heap after GC invocations=26 (full 0):
 garbage-first heap   total 206848K, used 106459K [0x0000000080000000, 0x0000000100000000)
  region size 1024K, 3 young (3072K), 3 survivors (3072K)
 Metaspace       used 101164K, committed 101888K, reserved 1179648K
  class space    used 13028K, committed 13376K, reserved 1048576K
}
Event: 13.018 GC heap before
{Heap before GC invocations=27 (full 0):
 garbage-first heap   total 206848K, used 171995K [0x0000000080000000, 0x0000000100000000)
  region size 1024K, 66 young (67584K), 3 survivors (3072K)
 Metaspace       used 101670K, committed 102336K, reserved 1179648K
  class space    used 13069K, committed 13376K, reserved 1048576K
}
Event: 13.022 GC heap after
{Heap after GC invocations=28 (full 0):
 garbage-first heap   total 206848K, used 113258K [0x0000000080000000, 0x0000000100000000)
  region size 1024K, 9 young (9216K), 9 survivors (9216K)
 Metaspace       used 101670K, committed 102336K, reserved 1179648K
  class space    used 13069K, committed 13376K, reserved 1048576K
}
Event: 13.030 GC heap before
{Heap before GC invocations=28 (full 0):
 garbage-first heap   total 206848K, used 114282K [0x0000000080000000, 0x0000000100000000)
  region size 1024K, 10 young (10240K), 9 survivors (9216K)
 Metaspace       used 101694K, committed 102336K, reserved 1179648K
  class space    used 13074K, committed 13376K, reserved 1048576K
}
Event: 13.034 GC heap after
{Heap after GC invocations=29 (full 0):
 garbage-first heap   total 206848K, used 114037K [0x0000000080000000, 0x0000000100000000)
  region size 1024K, 2 young (2048K), 2 survivors (2048K)
 Metaspace       used 101694K, committed 102336K, reserved 1179648K
  class space    used 13074K, committed 13376K, reserved 1048576K
}

Dll operation events (14 events):
Event: 0.010 Loaded shared library C:\Users\busi4\.jdks\corretto-17.0.9\bin\java.dll
Event: 0.032 Loaded shared library C:\Users\busi4\.jdks\corretto-17.0.9\bin\jsvml.dll
Event: 0.093 Loaded shared library C:\Users\busi4\.jdks\corretto-17.0.9\bin\zip.dll
Event: 0.096 Loaded shared library C:\Users\busi4\.jdks\corretto-17.0.9\bin\instrument.dll
Event: 0.102 Loaded shared library C:\Users\busi4\.jdks\corretto-17.0.9\bin\net.dll
Event: 0.105 Loaded shared library C:\Users\busi4\.jdks\corretto-17.0.9\bin\nio.dll
Event: 0.112 Loaded shared library C:\Users\busi4\.jdks\corretto-17.0.9\bin\zip.dll
Event: 0.447 Loaded shared library C:\Users\busi4\.jdks\corretto-17.0.9\bin\jimage.dll
Event: 0.515 Loaded shared library C:\Users\busi4\.jdks\corretto-17.0.9\bin\verify.dll
Event: 0.700 Loaded shared library C:\Users\busi4\.gradle\native\c067742578af261105cb4f569cf0c3c89f3d7b1fecec35dd04571415982c5e48\windows-amd64\native-platform.dll
Event: 0.707 Loaded shared library C:\Users\busi4\.gradle\native\38dada09dfb8b06ba9b0570ebf7e218e3eb74d4ef43ca46872605cf95ebc2f47\windows-amd64\native-platform-file-events.dll
Event: 1.915 Loaded shared library C:\Users\busi4\.jdks\corretto-17.0.9\bin\management.dll
Event: 1.919 Loaded shared library C:\Users\busi4\.jdks\corretto-17.0.9\bin\management_ext.dll
Event: 2.480 Loaded shared library C:\Users\busi4\.jdks\corretto-17.0.9\bin\sunmscapi.dll

Deoptimization events (20 events):
Event: 13.385 Thread 0x000001e1d8327590 Uncommon trap: trap_request=0xffffff45 fr.pc=0x000001e187ca3134 relative=0x0000000000000294
Event: 13.385 Thread 0x000001e1d8327590 Uncommon trap: reason=unstable_if action=reinterpret pc=0x000001e187ca3134 method=java.util.HashMap.getNode(Ljava/lang/Object;)Ljava/util/HashMap$Node; @ 85 c2
Event: 13.385 Thread 0x000001e1d8327590 DEOPT PACKING pc=0x000001e187ca3134 sp=0x00000096cf3f7560
Event: 13.385 Thread 0x000001e1d8327590 DEOPT UNPACKING pc=0x000001e1875869a3 sp=0x00000096cf3f7470 mode 2
Event: 13.385 Thread 0x000001e1d8327590 Uncommon trap: trap_request=0xffffff45 fr.pc=0x000001e187ce8c04 relative=0x0000000000000724
Event: 13.385 Thread 0x000001e1d8327590 Uncommon trap: reason=unstable_if action=reinterpret pc=0x000001e187ce8c04 method=java.util.HashMap.putVal(ILjava/lang/Object;Ljava/lang/Object;ZZ)Ljava/lang/Object; @ 109 c2
Event: 13.385 Thread 0x000001e1d8327590 DEOPT PACKING pc=0x000001e187ce8c04 sp=0x00000096cf3f7530
Event: 13.385 Thread 0x000001e1d8327590 DEOPT UNPACKING pc=0x000001e1875869a3 sp=0x00000096cf3f7448 mode 2
Event: 13.385 Thread 0x000001e1d8327590 Uncommon trap: trap_request=0xffffff45 fr.pc=0x000001e187afc74c relative=0x000000000000096c
Event: 13.385 Thread 0x000001e1d8327590 Uncommon trap: reason=unstable_if action=reinterpret pc=0x000001e187afc74c method=java.util.HashMap.resize()[Ljava/util/HashMap$Node; @ 203 c2
Event: 13.385 Thread 0x000001e1d8327590 DEOPT PACKING pc=0x000001e187afc74c sp=0x00000096cf3f73e0
Event: 13.385 Thread 0x000001e1d8327590 DEOPT UNPACKING pc=0x000001e1875869a3 sp=0x00000096cf3f7380 mode 2
Event: 13.386 Thread 0x000001e1d8327590 Uncommon trap: trap_request=0xffffff45 fr.pc=0x000001e187ccaa50 relative=0x0000000000000230
Event: 13.386 Thread 0x000001e1d8327590 Uncommon trap: reason=unstable_if action=reinterpret pc=0x000001e187ccaa50 method=java.util.HashMap.getNode(Ljava/lang/Object;)Ljava/util/HashMap$Node; @ 85 c2
Event: 13.386 Thread 0x000001e1d8327590 DEOPT PACKING pc=0x000001e187ccaa50 sp=0x00000096cf3f74e0
Event: 13.386 Thread 0x000001e1d8327590 DEOPT UNPACKING pc=0x000001e1875869a3 sp=0x00000096cf3f7460 mode 2
Event: 13.386 Thread 0x000001e1d8327590 Uncommon trap: trap_request=0xffffff45 fr.pc=0x000001e187cd3ce8 relative=0x0000000000000688
Event: 13.386 Thread 0x000001e1d8327590 Uncommon trap: reason=unstable_if action=reinterpret pc=0x000001e187cd3ce8 method=java.util.HashMap.putVal(ILjava/lang/Object;Ljava/lang/Object;ZZ)Ljava/lang/Object; @ 109 c2
Event: 13.386 Thread 0x000001e1d8327590 DEOPT PACKING pc=0x000001e187cd3ce8 sp=0x00000096cf3f7480
Event: 13.386 Thread 0x000001e1d8327590 DEOPT UNPACKING pc=0x000001e1875869a3 sp=0x00000096cf3f7438 mode 2

Classes unloaded (0 events):
No events

Classes redefined (0 events):
No events

Internal exceptions (20 events):
Event: 8.585 Thread 0x000001e1d8327590 Implicit null exception at 0x000001e187b418f9 to 0x000001e187b42898
Event: 10.043 Thread 0x000001e1d8327590 Exception <a 'java/lang/NoSuchMethodError'{0x0000000089cb0b40}: 'java.lang.Object java.lang.invoke.DirectMethodHandle$Holder.invokeStatic(java.lang.Object, java.lang.Object, java.lang.Object, java.lang.Object, int)'> (0x0000000089cb0b40) 
thrown [s\src\hotspot\share\interpreter\linkResolver.cpp, line 759]
Event: 11.116 Thread 0x000001e1d8327590 Exception <a 'java/lang/IncompatibleClassChangeError'{0x00000000885e7a98}: Found class java.lang.Object, but interface was expected> (0x00000000885e7a98) 
thrown [s\src\hotspot\share\interpreter\linkResolver.cpp, line 826]
Event: 11.645 Thread 0x000001e1d8327590 Exception <a 'java/lang/NoSuchMethodError'{0x000000008a44f6a0}: 'java.lang.Object java.lang.invoke.DirectMethodHandle$Holder.newInvokeSpecial(java.lang.Object, java.lang.Object, java.lang.Object, int, int, java.lang.Object, java.lang.Object)'> (0x000000008a44f6a0) 
thrown [s\src\hotspot\share\interpreter\linkResolver.cpp, line 759]
Event: 12.625 Thread 0x000001e1d8327590 Exception <a 'sun/nio/fs/WindowsException'{0x0000000088d9bbc0}> (0x0000000088d9bbc0) 
thrown [s\src\hotspot\share\prims\jni.cpp, line 516]
Event: 12.625 Thread 0x000001e1d8327590 Exception <a 'sun/nio/fs/WindowsException'{0x0000000088d9d4c0}> (0x0000000088d9d4c0) 
thrown [s\src\hotspot\share\prims\jni.cpp, line 516]
Event: 12.645 Thread 0x000001e1d8327590 Exception <a 'sun/nio/fs/WindowsException'{0x0000000088cb5c58}> (0x0000000088cb5c58) 
thrown [s\src\hotspot\share\prims\jni.cpp, line 516]
Event: 12.646 Thread 0x000001e1d8327590 Exception <a 'sun/nio/fs/WindowsException'{0x0000000088cb5e50}> (0x0000000088cb5e50) 
thrown [s\src\hotspot\share\prims\jni.cpp, line 516]
Event: 12.746 Thread 0x000001e1d8327590 Exception <a 'java/lang/IncompatibleClassChangeError'{0x000000008ef3a248}: Found class java.lang.Object, but interface was expected> (0x000000008ef3a248) 
thrown [s\src\hotspot\share\interpreter\linkResolver.cpp, line 826]
Event: 12.770 Thread 0x000001e1d8327590 Exception <a 'sun/nio/fs/WindowsException'{0x000000008efdbc48}> (0x000000008efdbc48) 
thrown [s\src\hotspot\share\prims\jni.cpp, line 516]
Event: 12.770 Thread 0x000001e1d8327590 Exception <a 'sun/nio/fs/WindowsException'{0x000000008efdd730}> (0x000000008efdd730) 
thrown [s\src\hotspot\share\prims\jni.cpp, line 516]
Event: 13.179 Thread 0x000001e1d8327590 Exception <a 'sun/nio/fs/WindowsException'{0x000000008bd73628}> (0x000000008bd73628) 
thrown [s\src\hotspot\share\prims\jni.cpp, line 516]
Event: 13.180 Thread 0x000001e1d8327590 Exception <a 'sun/nio/fs/WindowsException'{0x000000008bd74f28}> (0x000000008bd74f28) 
thrown [s\src\hotspot\share\prims\jni.cpp, line 516]
Event: 13.183 Thread 0x000001e1d8327590 Exception <a 'sun/nio/fs/WindowsException'{0x000000008bda41f0}> (0x000000008bda41f0) 
thrown [s\src\hotspot\share\prims\jni.cpp, line 516]
Event: 13.184 Thread 0x000001e1d8327590 Exception <a 'sun/nio/fs/WindowsException'{0x000000008bda43e8}> (0x000000008bda43e8) 
thrown [s\src\hotspot\share\prims\jni.cpp, line 516]
Event: 13.261 Thread 0x000001e1d8326660 Exception <a 'java/lang/NoSuchMethodError'{0x000000008b996190}: static Lorg/gradle/internal/build/event/types/DefaultOperationStartedProgressEvent;.<clinit>()V> (0x000000008b996190) 
thrown [s\src\hotspot\share\prims\jni.cpp, line 1107]
Event: 13.261 Thread 0x000001e1d8326660 Exception <a 'java/lang/NoSuchMethodError'{0x000000008b997e00}: static Lorg/gradle/internal/build/event/types/AbstractProgressEvent;.<clinit>()V> (0x000000008b997e00) 
thrown [s\src\hotspot\share\prims\jni.cpp, line 1107]
Event: 13.262 Thread 0x000001e1d8326660 Exception <a 'java/lang/NoSuchMethodError'{0x000000008b9ac590}: static Lorg/gradle/internal/build/event/types/DefaultBuildPhaseDescriptor;.<clinit>()V> (0x000000008b9ac590) 
thrown [s\src\hotspot\share\prims\jni.cpp, line 1107]
Event: 13.262 Thread 0x000001e1d8326660 Exception <a 'java/lang/NoSuchMethodError'{0x000000008b9afdb8}: static Lorg/gradle/internal/build/event/types/DefaultOperationDescriptor;.<clinit>()V> (0x000000008b9afdb8) 
thrown [s\src\hotspot\share\prims\jni.cpp, line 1107]
Event: 13.264 Thread 0x000001e1d8326660 Exception <a 'java/lang/NoSuchMethodError'{0x000000008b9c9f38}: static Lorg/gradle/internal/operations/OperationIdentifier;.<clinit>()V> (0x000000008b9c9f38) 
thrown [s\src\hotspot\share\prims\jni.cpp, line 1107]

VM Operations (20 events):
Event: 12.749 Executing VM operation: G1PauseRemark
Event: 12.753 Executing VM operation: G1PauseRemark done
Event: 12.769 Executing VM operation: G1PauseCleanup
Event: 12.769 Executing VM operation: G1PauseCleanup done
Event: 12.793 Executing VM operation: HandshakeAllThreads
Event: 12.793 Executing VM operation: HandshakeAllThreads done
Event: 12.810 Executing VM operation: HandshakeAllThreads
Event: 12.810 Executing VM operation: HandshakeAllThreads done
Event: 12.829 Executing VM operation: HandshakeAllThreads
Event: 12.829 Executing VM operation: HandshakeAllThreads done
Event: 12.922 Executing VM operation: ICBufferFull
Event: 12.922 Executing VM operation: ICBufferFull done
Event: 13.018 Executing VM operation: G1CollectForAllocation
Event: 13.022 Executing VM operation: G1CollectForAllocation done
Event: 13.030 Executing VM operation: G1CollectForAllocation
Event: 13.034 Executing VM operation: G1CollectForAllocation done
Event: 13.185 Executing VM operation: ICBufferFull
Event: 13.186 Executing VM operation: ICBufferFull done
Event: 13.368 Executing VM operation: HandshakeAllThreads
Event: 13.368 Executing VM operation: HandshakeAllThreads done

Events (20 events):
Event: 12.841 Thread 0x000001e191bbb330 flushing nmethod 0x000001e180f8ef90
Event: 12.841 Thread 0x000001e191bbb330 flushing nmethod 0x000001e180fbd490
Event: 12.841 Thread 0x000001e191bbb330 flushing nmethod 0x000001e18100e290
Event: 12.842 Thread 0x000001e191bbb330 flushing nmethod 0x000001e181014810
Event: 13.200 loading class jdk/internal/math/FDBigInteger
Event: 13.200 loading class jdk/internal/math/FDBigInteger done
Event: 13.212 loading class java/util/zip/GZIPOutputStream
Event: 13.212 loading class java/util/zip/GZIPOutputStream done
Event: 13.212 loading class java/util/zip/GZIPInputStream
Event: 13.212 loading class java/util/zip/GZIPInputStream done
Event: 13.258 loading class java/io/ObjectOutputStream$BlockDataOutputStream
Event: 13.259 loading class java/io/ObjectOutputStream$BlockDataOutputStream done
Event: 13.259 loading class java/io/ObjectOutputStream$HandleTable
Event: 13.259 loading class java/io/ObjectOutputStream$HandleTable done
Event: 13.259 loading class java/io/ObjectOutputStream$ReplaceTable
Event: 13.259 loading class java/io/ObjectOutputStream$ReplaceTable done
Event: 13.342 loading class java/nio/file/AtomicMoveNotSupportedException
Event: 13.342 loading class java/nio/file/AtomicMoveNotSupportedException done
Event: 13.366 loading class java/io/FileWriter
Event: 13.366 loading class java/io/FileWriter done


Dynamic libraries:
0x00007ff782950000 - 0x00007ff78295e000 	C:\Users\busi4\.jdks\corretto-17.0.9\bin\java.exe
0x00007ffc1fd10000 - 0x00007ffc1ff27000 	C:\WINDOWS\SYSTEM32\ntdll.dll
0x00007ffc1f9f0000 - 0x00007ffc1fab4000 	C:\WINDOWS\System32\KERNEL32.DLL
0x00007ffc1d0c0000 - 0x00007ffc1d490000 	C:\WINDOWS\System32\KERNELBASE.dll
0x00007ffc1d490000 - 0x00007ffc1d5a1000 	C:\WINDOWS\System32\ucrtbase.dll
0x00007ffc0dc10000 - 0x00007ffc0dc2b000 	C:\Users\busi4\.jdks\corretto-17.0.9\bin\VCRUNTIME140.dll
0x00007ffc0dd90000 - 0x00007ffc0dda7000 	C:\Users\busi4\.jdks\corretto-17.0.9\bin\jli.dll
0x00007ffc1e3e0000 - 0x00007ffc1e58e000 	C:\WINDOWS\System32\USER32.dll
0x00007ffc06460000 - 0x00007ffc066f2000 	C:\WINDOWS\WinSxS\amd64_microsoft.windows.common-controls_6595b64144ccf1df_6.0.22621.4830_none_270fe7d773858e80\COMCTL32.dll
0x00007ffc1cf90000 - 0x00007ffc1cfb6000 	C:\WINDOWS\System32\win32u.dll
0x00007ffc1ef20000 - 0x00007ffc1efc7000 	C:\WINDOWS\System32\msvcrt.dll
0x00007ffc1da80000 - 0x00007ffc1daa9000 	C:\WINDOWS\System32\GDI32.dll
0x00007ffc1d650000 - 0x00007ffc1d76b000 	C:\WINDOWS\System32\gdi32full.dll
0x00007ffc1d5b0000 - 0x00007ffc1d64a000 	C:\WINDOWS\System32\msvcp_win.dll
0x00007ffc1f1e0000 - 0x00007ffc1f211000 	C:\WINDOWS\System32\IMM32.DLL
0x00007ffc0de30000 - 0x00007ffc0de3c000 	C:\Users\busi4\.jdks\corretto-17.0.9\bin\vcruntime140_1.dll
0x00007ffbae5a0000 - 0x00007ffbae62d000 	C:\Users\busi4\.jdks\corretto-17.0.9\bin\msvcp140.dll
0x00007ffb6fca0000 - 0x00007ffb70901000 	C:\Users\busi4\.jdks\corretto-17.0.9\bin\server\jvm.dll
0x00007ffc1f7a0000 - 0x00007ffc1f851000 	C:\WINDOWS\System32\ADVAPI32.dll
0x00007ffc1d9d0000 - 0x00007ffc1da77000 	C:\WINDOWS\System32\sechost.dll
0x00007ffc1d9a0000 - 0x00007ffc1d9c8000 	C:\WINDOWS\System32\bcrypt.dll
0x00007ffc1fb60000 - 0x00007ffc1fc74000 	C:\WINDOWS\System32\RPCRT4.dll
0x00007ffc1ccb0000 - 0x00007ffc1ccfd000 	C:\WINDOWS\SYSTEM32\POWRPROF.dll
0x00007ffc19b00000 - 0x00007ffc19b34000 	C:\WINDOWS\SYSTEM32\WINMM.dll
0x00007ffc14080000 - 0x00007ffc1408a000 	C:\WINDOWS\SYSTEM32\VERSION.dll
0x00007ffc0c3b0000 - 0x00007ffc0c3b9000 	C:\WINDOWS\SYSTEM32\WSOCK32.dll
0x00007ffc1e360000 - 0x00007ffc1e3d1000 	C:\WINDOWS\System32\WS2_32.dll
0x00007ffc1cc90000 - 0x00007ffc1cca3000 	C:\WINDOWS\SYSTEM32\UMPDC.dll
0x00007ffc1bf40000 - 0x00007ffc1bf58000 	C:\WINDOWS\SYSTEM32\kernel.appcore.dll
0x00007ffc0de10000 - 0x00007ffc0de1a000 	C:\Users\busi4\.jdks\corretto-17.0.9\bin\jimage.dll
0x00007ffc1a780000 - 0x00007ffc1a9b2000 	C:\WINDOWS\SYSTEM32\DBGHELP.DLL
0x00007ffc1f220000 - 0x00007ffc1f5b0000 	C:\WINDOWS\System32\combase.dll
0x00007ffc1f910000 - 0x00007ffc1f9e7000 	C:\WINDOWS\System32\OLEAUT32.dll
0x00007ffbf8500000 - 0x00007ffbf8532000 	C:\WINDOWS\SYSTEM32\dbgcore.DLL
0x00007ffc1cfc0000 - 0x00007ffc1d03b000 	C:\WINDOWS\System32\bcryptPrimitives.dll
0x00007ffc0db70000 - 0x00007ffc0db7e000 	C:\Users\busi4\.jdks\corretto-17.0.9\bin\instrument.dll
0x00007ffc0d090000 - 0x00007ffc0d0b5000 	C:\Users\busi4\.jdks\corretto-17.0.9\bin\java.dll
0x00007ffb76680000 - 0x00007ffb76757000 	C:\Users\busi4\.jdks\corretto-17.0.9\bin\jsvml.dll
0x00007ffc1e590000 - 0x00007ffc1ee08000 	C:\WINDOWS\System32\SHELL32.dll
0x00007ffc1ae90000 - 0x00007ffc1b7a0000 	C:\WINDOWS\SYSTEM32\windows.storage.dll
0x00007ffc1ad50000 - 0x00007ffc1ae8f000 	C:\WINDOWS\SYSTEM32\wintypes.dll
0x00007ffc1ee10000 - 0x00007ffc1ef1a000 	C:\WINDOWS\System32\SHCORE.dll
0x00007ffc1e2f0000 - 0x00007ffc1e34e000 	C:\WINDOWS\System32\shlwapi.dll
0x00007ffc1cec0000 - 0x00007ffc1ceeb000 	C:\WINDOWS\SYSTEM32\profapi.dll
0x00007ffc0a180000 - 0x00007ffc0a198000 	C:\Users\busi4\.jdks\corretto-17.0.9\bin\zip.dll
0x00007ffbf8570000 - 0x00007ffbf8589000 	C:\Users\busi4\.jdks\corretto-17.0.9\bin\net.dll
0x00007ffc16950000 - 0x00007ffc16a7c000 	C:\WINDOWS\SYSTEM32\WINHTTP.dll
0x00007ffc1c430000 - 0x00007ffc1c49a000 	C:\WINDOWS\system32\mswsock.dll
0x00007ffbe2c00000 - 0x00007ffbe2c16000 	C:\Users\busi4\.jdks\corretto-17.0.9\bin\nio.dll
0x00007ffc17810000 - 0x00007ffc17820000 	C:\Users\busi4\.jdks\corretto-17.0.9\bin\verify.dll
0x00007ffc0af70000 - 0x00007ffc0af97000 	C:\Users\busi4\.gradle\native\c067742578af261105cb4f569cf0c3c89f3d7b1fecec35dd04571415982c5e48\windows-amd64\native-platform.dll
0x00007ffb747a0000 - 0x00007ffb748e4000 	C:\Users\busi4\.gradle\native\38dada09dfb8b06ba9b0570ebf7e218e3eb74d4ef43ca46872605cf95ebc2f47\windows-amd64\native-platform-file-events.dll
0x00007ffc17800000 - 0x00007ffc17809000 	C:\Users\busi4\.jdks\corretto-17.0.9\bin\management.dll
0x00007ffc15b80000 - 0x00007ffc15b8b000 	C:\Users\busi4\.jdks\corretto-17.0.9\bin\management_ext.dll
0x00007ffc1fac0000 - 0x00007ffc1fac8000 	C:\WINDOWS\System32\PSAPI.DLL
0x00007ffc1c6b0000 - 0x00007ffc1c6cb000 	C:\WINDOWS\SYSTEM32\CRYPTSP.dll
0x00007ffc1bf00000 - 0x00007ffc1bf35000 	C:\WINDOWS\system32\rsaenh.dll
0x00007ffc1c540000 - 0x00007ffc1c568000 	C:\WINDOWS\SYSTEM32\USERENV.dll
0x00007ffc1c6a0000 - 0x00007ffc1c6ac000 	C:\WINDOWS\SYSTEM32\CRYPTBASE.dll
0x00007ffc1ba40000 - 0x00007ffc1ba6d000 	C:\WINDOWS\SYSTEM32\IPHLPAPI.DLL
0x00007ffc1e350000 - 0x00007ffc1e359000 	C:\WINDOWS\System32\NSI.dll
0x00007ffc16740000 - 0x00007ffc16759000 	C:\WINDOWS\SYSTEM32\dhcpcsvc6.DLL
0x00007ffc16720000 - 0x00007ffc1673f000 	C:\WINDOWS\SYSTEM32\dhcpcsvc.DLL
0x00007ffc1ba70000 - 0x00007ffc1bb72000 	C:\WINDOWS\SYSTEM32\DNSAPI.dll
0x00007ffc15b70000 - 0x00007ffc15b7e000 	C:\Users\busi4\.jdks\corretto-17.0.9\bin\sunmscapi.dll
0x00007ffc1d830000 - 0x00007ffc1d996000 	C:\WINDOWS\System32\CRYPT32.dll
0x00007ffc1c860000 - 0x00007ffc1c88d000 	C:\WINDOWS\SYSTEM32\ncrypt.dll
0x00007ffc1c820000 - 0x00007ffc1c857000 	C:\WINDOWS\SYSTEM32\NTASN1.dll
0x00007ffbb1570000 - 0x00007ffbb1578000 	C:\WINDOWS\system32\wshunix.dll

dbghelp: loaded successfully - version: 4.0.5 - missing functions: none
symbol engine: initialized successfully - sym options: 0x614 - pdb path: .;C:\Users\busi4\.jdks\corretto-17.0.9\bin;C:\WINDOWS\SYSTEM32;C:\WINDOWS\WinSxS\amd64_microsoft.windows.common-controls_6595b64144ccf1df_6.0.22621.4830_none_270fe7d773858e80;C:\Users\busi4\.jdks\corretto-17.0.9\bin\server;C:\Users\busi4\.gradle\native\c067742578af261105cb4f569cf0c3c89f3d7b1fecec35dd04571415982c5e48\windows-amd64;C:\Users\busi4\.gradle\native\38dada09dfb8b06ba9b0570ebf7e218e3eb74d4ef43ca46872605cf95ebc2f47\windows-amd64

VM Arguments:
jvm_args: --add-opens=java.base/java.util=ALL-UNNAMED --add-opens=java.base/java.lang=ALL-UNNAMED --add-opens=java.base/java.lang.invoke=ALL-UNNAMED --add-opens=java.prefs/java.util.prefs=ALL-UNNAMED --add-opens=java.base/java.nio.charset=ALL-UNNAMED --add-opens=java.base/java.net=ALL-UNNAMED --add-opens=java.base/java.util.concurrent.atomic=ALL-UNNAMED -Xmx2048m -Dfile.encoding=UTF-8 -Duser.country=US -Duser.language=en -Duser.variant -javaagent:C:\Users\busi4\.gradle\wrapper\dists\gradle-8.7-bin\bhs2wmbdwecv87pi65oeuq5iu\gradle-8.7\lib\agents\gradle-instrumentation-agent-8.7.jar 
java_command: org.gradle.launcher.daemon.bootstrap.GradleDaemon 8.7
java_class_path (initial): C:\Users\busi4\.gradle\wrapper\dists\gradle-8.7-bin\bhs2wmbdwecv87pi65oeuq5iu\gradle-8.7\lib\gradle-launcher-8.7.jar
Launcher Type: SUN_STANDARD

[Global flags]
     intx CICompilerCount                          = 4                                         {product} {ergonomic}
     uint ConcGCThreads                            = 3                                         {product} {ergonomic}
     uint G1ConcRefinementThreads                  = 10                                        {product} {ergonomic}
   size_t G1HeapRegionSize                         = 1048576                                   {product} {ergonomic}
    uintx GCDrainStackTargetSize                   = 64                                        {product} {ergonomic}
   size_t InitialHeapSize                          = 257949696                                 {product} {ergonomic}
   size_t MarkStackSize                            = 4194304                                   {product} {ergonomic}
   size_t MaxHeapSize                              = 2147483648                                {product} {command line}
   size_t MaxNewSize                               = 1287651328                                {product} {ergonomic}
   size_t MinHeapDeltaBytes                        = 1048576                                   {product} {ergonomic}
   size_t MinHeapSize                              = 8388608                                   {product} {ergonomic}
    uintx NonNMethodCodeHeapSize                   = 5839372                                {pd product} {ergonomic}
    uintx NonProfiledCodeHeapSize                  = 122909434                              {pd product} {ergonomic}
    uintx ProfiledCodeHeapSize                     = 122909434                              {pd product} {ergonomic}
    uintx ReservedCodeCacheSize                    = 251658240                              {pd product} {ergonomic}
     bool SegmentedCodeCache                       = true                                      {product} {ergonomic}
   size_t SoftMaxHeapSize                          = 2147483648                             {manageable} {ergonomic}
     bool UseCompressedClassPointers               = true                           {product lp64_product} {ergonomic}
     bool UseCompressedOops                        = true                           {product lp64_product} {ergonomic}
     bool UseG1GC                                  = true                                      {product} {ergonomic}
     bool UseLargePagesIndividualAllocation        = false                                  {pd product} {ergonomic}

Logging:
Log output configuration:
 #0: stdout all=warning uptime,level,tags
 #1: stderr all=off uptime,level,tags

Environment Variables:
PATH=C:\Program Files (x86)\Common Files\Oracle\Java\javapath;C:\WINDOWS\system32;C:\WINDOWS;C:\WINDOWS\System32\Wbem;C:\WINDOWS\System32\WindowsPowerShell\v1.0\;C:\WINDOWS\System32\OpenSSH\;C:\Program Files\dotnet\;C:\Program Files\Docker\Docker\resources\bin;C:\Program Files\Calibre2\;C:\Users\busi4\AppData\Local\Microsoft\WindowsApps;C:\Users\busi4\AppData\Local\Programs\Microsoft VS Code\bin;C:\Program Files\JetBrains\IntelliJ IDEA Community Edition 2023.2.1\bin;C:\Users\busi4\AppData\Local\JetBrains\Toolbox\scripts;
USERNAME=busi4
OS=Windows_NT
PROCESSOR_IDENTIFIER=AMD64 Family 23 Model 96 Stepping 1, AuthenticAMD
TMP=C:\Users\busi4\AppData\Local\Temp
TEMP=C:\Users\busi4\AppData\Local\Temp



Periodic native trim disabled


---------------  S Y S T E M  ---------------

OS:
 Windows 11 , 64 bit Build 22621 (10.0.22621.4830)
OS uptime: 0 days 2:42 hours
Hyper-V role detected

CPU: total 12 (initial active 12) (12 cores per cpu, 2 threads per core) family 23 model 96 stepping 1 microcode 0x0, cx8, cmov, fxsr, ht, mmx, 3dnowpref, sse, sse2, sse3, ssse3, sse4a, sse4.1, sse4.2, popcnt, lzcnt, tsc, tscinvbit, avx, avx2, aes, clmul, bmi1, bmi2, adx, sha, fma, vzeroupper, clflush, clflushopt, hv
Processor Information for processor 0
  Max Mhz: 3000, Current Mhz: 3000, Mhz Limit: 3000
Processor Information for processor 1
  Max Mhz: 3000, Current Mhz: 3000, Mhz Limit: 3000
Processor Information for processor 2
  Max Mhz: 3000, Current Mhz: 3000, Mhz Limit: 3000
Processor Information for processor 3
  Max Mhz: 3000, Current Mhz: 3000, Mhz Limit: 3000
Processor Information for processor 4
  Max Mhz: 3000, Current Mhz: 3000, Mhz Limit: 3000
Processor Information for processor 5
  Max Mhz: 3000, Current Mhz: 3000, Mhz Limit: 3000
Processor Information for processor 6
  Max Mhz: 3000, Current Mhz: 3000, Mhz Limit: 3000
Processor Information for processor 7
  Max Mhz: 3000, Current Mhz: 3000, Mhz Limit: 3000
Processor Information for processor 8
  Max Mhz: 3000, Current Mhz: 3000, Mhz Limit: 3000
Processor Information for processor 9
  Max Mhz: 3000, Current Mhz: 3000, Mhz Limit: 3000
Processor Information for processor 10
  Max Mhz: 3000, Current Mhz: 1400, Mhz Limit: 3000
Processor Information for processor 11
  Max Mhz: 3000, Current Mhz: 1400, Mhz Limit: 3000

Memory: 4k page, system-wide physical 15741M (2987M free)
TotalPageFile size 15741M (AvailPageFile size 5M)
current process WorkingSet (physical memory assigned to process): 482M, peak: 482M
current process commit charge ("private bytes"): 526M, peak: 526M

vm_info: OpenJDK 64-Bit Server VM (17.0.9+8-LTS) for windows-amd64 JRE (17.0.9+8-LTS), built on Oct 12 2023 16:15:33 by "Administrator" with MS VC++ 16.10 / 16.11 (VS2019)

END.
