#
# There is insufficient memory for the Java Runtime Environment to continue.
# Native memory allocation (mmap) failed to map 218103808 bytes for G1 virtual space
# Possible reasons:
#   The system is out of physical RAM or swap space
#   The process is running with CompressedOops enabled, and the Java Heap may be blocking the growth of the native heap
# Possible solutions:
#   Reduce memory load on the system
#   Increase physical memory or swap space
#   Check if swap backing store is full
#   Decrease Java heap size (-Xmx/-Xms)
#   Decrease number of Java threads
#   Decrease Java thread stack sizes (-Xss)
#   Set larger code cache with -XX:ReservedCodeCacheSize=
#   JVM is running with Unscaled Compressed Oops mode in which the Java heap is
#     placed in the first 4GB address space. The Java Heap base address is the
#     maximum limit for the native heap growth. Please use -XX:HeapBaseMinAddress
#     to set the Java Heap base and to place the Java Heap above 4GB virtual address.
# This output file may be truncated or incomplete.
#
#  Out of Memory Error (os_windows.cpp:3613), pid=10308, tid=14908
#
# JRE version: OpenJDK Runtime Environment Corretto-17.0.9.8.1 (17.0.9+8) (build 17.0.9+8-LTS)
# Java VM: OpenJDK 64-Bit Server VM Corretto-17.0.9.8.1 (17.0.9+8-LTS, mixed mode, sharing, tiered, compressed oops, compressed class ptrs, g1 gc, windows-amd64)
# No core dump will be written. Minidumps are not enabled by default on client versions of Windows
#

---------------  S U M M A R Y ------------

Command Line: --add-opens=java.base/java.util=ALL-UNNAMED --add-opens=java.base/java.lang=ALL-UNNAMED --add-opens=java.base/java.lang.invoke=ALL-UNNAMED --add-opens=java.prefs/java.util.prefs=ALL-UNNAMED --add-opens=java.base/java.nio.charset=ALL-UNNAMED --add-opens=java.base/java.net=ALL-UNNAMED --add-opens=java.base/java.util.concurrent.atomic=ALL-UNNAMED -Xmx2048m -Dfile.encoding=UTF-8 -Duser.country=US -Duser.language=en -Duser.variant -javaagent:C:\Users\busi4\.gradle\wrapper\dists\gradle-8.7-bin\bhs2wmbdwecv87pi65oeuq5iu\gradle-8.7\lib\agents\gradle-instrumentation-agent-8.7.jar org.gradle.launcher.daemon.bootstrap.GradleDaemon 8.7

Host: AMD Ryzen 5 4600H with Radeon Graphics         , 12 cores, 15G,  Windows 11 , 64 bit Build 22621 (10.0.22621.4830)
Time: Mon Feb 24 12:24:38 2025 W. Europe Standard Time elapsed time: 12.056893 seconds (0d 0h 0m 12s)

---------------  T H R E A D  ---------------

Current thread (0x000001ee66758330):  VMThread "VM Thread" [stack: 0x0000009883d00000,0x0000009883e00000] [id=14908]

Stack: [0x0000009883d00000,0x0000009883e00000]
Native frames: (J=compiled Java code, j=interpreted, Vv=VM code, C=native code)
V  [jvm.dll+0x67cb49]
V  [jvm.dll+0x8344da]
V  [jvm.dll+0x835f9e]
V  [jvm.dll+0x836603]
V  [jvm.dll+0x247b5f]
V  [jvm.dll+0x679969]
V  [jvm.dll+0x66e2ba]
V  [jvm.dll+0x307a5b]
V  [jvm.dll+0x30ef06]
V  [jvm.dll+0x35ecee]
V  [jvm.dll+0x35ef1f]
V  [jvm.dll+0x2de658]
V  [jvm.dll+0x2dc834]
V  [jvm.dll+0x2dbe3c]
V  [jvm.dll+0x31fedb]
V  [jvm.dll+0x83aafb]
V  [jvm.dll+0x83b841]
V  [jvm.dll+0x83bd5d]
V  [jvm.dll+0x83c134]
V  [jvm.dll+0x83c200]
V  [jvm.dll+0x7e396a]
V  [jvm.dll+0x67ba35]
C  [ucrtbase.dll+0x29333]
C  [KERNEL32.DLL+0x1259d]
C  [ntdll.dll+0x5af38]

VM_Operation (0x00000098855efbf0): G1CollectForAllocation, mode: safepoint, requested by thread 0x000001ee6d9b6380


---------------  P R O C E S S  ---------------

Threads class SMR info:
_java_thread_list=0x000001ee6fc1ba40, length=81, elements={
0x000001ee45ead990, 0x000001ee6675ce90, 0x000001ee6675da50, 0x000001ee6676e490,
0x000001ee668840b0, 0x000001ee66884b70, 0x000001ee66885530, 0x000001ee66889240,
0x000001ee66889cf0, 0x000001ee6688a6f0, 0x000001ee66952fd0, 0x000001ee66a64070,
0x000001ee6c8e4a60, 0x000001ee6cf2f610, 0x000001ee6cb844d0, 0x000001ee6d0f1e20,
0x000001ee6cbf6840, 0x000001ee6c872ef0, 0x000001ee6d9b6380, 0x000001ee6c5c2360,
0x000001ee6c5c46d0, 0x000001ee6c5c3cb0, 0x000001ee6c5c2870, 0x000001ee6c5c2d80,
0x000001ee6c5c5600, 0x000001ee6c5c3290, 0x000001ee6c5c4be0, 0x000001ee6c5c41c0,
0x000001ee6c5c50f0, 0x000001ee6c5c5b10, 0x000001ee6dec2070, 0x000001ee6dec0210,
0x000001ee6dec1140, 0x000001ee6dec2580, 0x000001ee6debe3b0, 0x000001ee6debf2e0,
0x000001ee6debf7f0, 0x000001ee6debfd00, 0x000001ee6dec2a90, 0x000001ee6debc550,
0x000001ee6dec2fa0, 0x000001ee6dec0720, 0x000001ee6dec0c30, 0x000001ee6debedd0,
0x000001ee6debc040, 0x000001ee6debd480, 0x000001ee6debdea0, 0x000001ee6debd990,
0x000001ee6debe8c0, 0x000001ee6ef9e950, 0x000001ee6ef9e440, 0x000001ee6ef9c0d0,
0x000001ee6ef9c5e0, 0x000001ee6ef9da20, 0x000001ee6ef9caf0, 0x000001ee6ef9df30,
0x000001ee6ef9d000, 0x000001ee6ef9ee60, 0x000001ee6ef9f370, 0x000001ee6ef9f880,
0x000001ee6ef9b1a0, 0x000001ee6ef9fd90, 0x000001ee6efa02a0, 0x000001ee6ef99340,
0x000001ee6efa0cc0, 0x000001ee6ef99850, 0x000001ee6ef99d60, 0x000001ee6ef9bbc0,
0x000001ee6ef9a270, 0x000001ee6ef9a780, 0x000001ee6ef9ac90, 0x000001ee6ef9b6b0,
0x000001ee6debca60, 0x000001ee6f83ad50, 0x000001ee6f834810, 0x000001ee6f836b80,
0x000001ee6f836670, 0x000001ee6f839e20, 0x000001ee6f83b260, 0x000001ee6f833df0,
0x000001ee6f834d20
}

Java Threads: ( => current thread )
  0x000001ee45ead990 JavaThread "main" [_thread_blocked, id=3548, stack(0x0000009883700000,0x0000009883800000)]
  0x000001ee6675ce90 JavaThread "Reference Handler" daemon [_thread_blocked, id=14732, stack(0x0000009883e00000,0x0000009883f00000)]
  0x000001ee6675da50 JavaThread "Finalizer" daemon [_thread_blocked, id=17548, stack(0x0000009883f00000,0x0000009884000000)]
  0x000001ee6676e490 JavaThread "Signal Dispatcher" daemon [_thread_blocked, id=7048, stack(0x0000009884000000,0x0000009884100000)]
  0x000001ee668840b0 JavaThread "Attach Listener" daemon [_thread_blocked, id=11052, stack(0x0000009884100000,0x0000009884200000)]
  0x000001ee66884b70 JavaThread "Service Thread" daemon [_thread_blocked, id=22084, stack(0x0000009884200000,0x0000009884300000)]
  0x000001ee66885530 JavaThread "Monitor Deflation Thread" daemon [_thread_blocked, id=3904, stack(0x0000009884300000,0x0000009884400000)]
  0x000001ee66889240 JavaThread "C2 CompilerThread0" daemon [_thread_blocked, id=13456, stack(0x0000009884400000,0x0000009884500000)]
  0x000001ee66889cf0 JavaThread "C1 CompilerThread0" daemon [_thread_blocked, id=7120, stack(0x0000009884500000,0x0000009884600000)]
  0x000001ee6688a6f0 JavaThread "Sweeper thread" daemon [_thread_blocked, id=20080, stack(0x0000009884600000,0x0000009884700000)]
  0x000001ee66952fd0 JavaThread "Common-Cleaner" daemon [_thread_blocked, id=9236, stack(0x0000009884700000,0x0000009884800000)]
  0x000001ee66a64070 JavaThread "Notification Thread" daemon [_thread_blocked, id=15560, stack(0x0000009884900000,0x0000009884a00000)]
  0x000001ee6c8e4a60 JavaThread "Daemon health stats" [_thread_blocked, id=6256, stack(0x0000009885000000,0x0000009885100000)]
  0x000001ee6cf2f610 JavaThread "Incoming local TCP Connector on port 52032" [_thread_in_native, id=21748, stack(0x0000009884b00000,0x0000009884c00000)]
  0x000001ee6cb844d0 JavaThread "Daemon periodic checks" [_thread_blocked, id=14960, stack(0x0000009885100000,0x0000009885200000)]
  0x000001ee6d0f1e20 JavaThread "Daemon" [_thread_blocked, id=22048, stack(0x0000009885200000,0x0000009885300000)]
  0x000001ee6cbf6840 JavaThread "Handler for socket connection from /127.0.0.1:52032 to /127.0.0.1:52033" [_thread_in_native, id=12808, stack(0x0000009885300000,0x0000009885400000)]
  0x000001ee6c872ef0 JavaThread "Cancel handler" [_thread_blocked, id=18860, stack(0x0000009885400000,0x0000009885500000)]
  0x000001ee6d9b6380 JavaThread "Daemon worker" [_thread_blocked, id=21780, stack(0x0000009885500000,0x0000009885600000)]
  0x000001ee6c5c2360 JavaThread "Asynchronous log dispatcher for DefaultDaemonConnection: socket connection from /127.0.0.1:52032 to /127.0.0.1:52033" [_thread_blocked, id=9752, stack(0x0000009885600000,0x0000009885700000)]
  0x000001ee6c5c46d0 JavaThread "Stdin handler" [_thread_blocked, id=22268, stack(0x0000009885700000,0x0000009885800000)]
  0x000001ee6c5c3cb0 JavaThread "Daemon client event forwarder" [_thread_blocked, id=18220, stack(0x0000009885800000,0x0000009885900000)]
  0x000001ee6c5c2870 JavaThread "Cache worker for journal cache (C:\Users\busi4\.gradle\caches\journal-1)" [_thread_blocked, id=16196, stack(0x0000009885900000,0x0000009885a00000)]
  0x000001ee6c5c2d80 JavaThread "File lock request listener" [_thread_in_native, id=11460, stack(0x0000009885a00000,0x0000009885b00000)]
  0x000001ee6c5c5600 JavaThread "Cache worker for file hash cache (C:\Users\busi4\.gradle\caches\8.7\fileHashes)" [_thread_blocked, id=10592, stack(0x0000009885b00000,0x0000009885c00000)]
  0x000001ee6c5c3290 JavaThread "Cache worker for file hash cache (C:\Programming\Login5D2\.gradle\8.7\fileHashes)" [_thread_blocked, id=19572, stack(0x0000009885c00000,0x0000009885d00000)]
  0x000001ee6c5c4be0 JavaThread "File watcher server" daemon [_thread_in_native, id=12564, stack(0x0000009886200000,0x0000009886300000)]
  0x000001ee6c5c41c0 JavaThread "File watcher consumer" daemon [_thread_blocked, id=22400, stack(0x0000009886300000,0x0000009886400000)]
  0x000001ee6c5c50f0 JavaThread "jar transforms" [_thread_blocked, id=16764, stack(0x0000009886600000,0x0000009886700000)]
  0x000001ee6c5c5b10 JavaThread "jar transforms Thread 2" [_thread_blocked, id=12456, stack(0x0000009886700000,0x0000009886800000)]
  0x000001ee6dec2070 JavaThread "jar transforms Thread 3" [_thread_blocked, id=11716, stack(0x0000009886800000,0x0000009886900000)]
  0x000001ee6dec0210 JavaThread "jar transforms Thread 4" [_thread_blocked, id=17704, stack(0x0000009886900000,0x0000009886a00000)]
  0x000001ee6dec1140 JavaThread "jar transforms Thread 5" [_thread_blocked, id=19328, stack(0x0000009886a00000,0x0000009886b00000)]
  0x000001ee6dec2580 JavaThread "jar transforms Thread 6" [_thread_blocked, id=16492, stack(0x0000009886b00000,0x0000009886c00000)]
  0x000001ee6debe3b0 JavaThread "jar transforms Thread 7" [_thread_blocked, id=2368, stack(0x0000009886c00000,0x0000009886d00000)]
  0x000001ee6debf2e0 JavaThread "jar transforms Thread 8" [_thread_blocked, id=6248, stack(0x0000009886d00000,0x0000009886e00000)]
  0x000001ee6debf7f0 JavaThread "jar transforms Thread 9" [_thread_blocked, id=19668, stack(0x0000009886e00000,0x0000009886f00000)]
  0x000001ee6debfd00 JavaThread "jar transforms Thread 10" [_thread_blocked, id=21720, stack(0x0000009886f00000,0x0000009887000000)]
  0x000001ee6dec2a90 JavaThread "jar transforms Thread 11" [_thread_blocked, id=11004, stack(0x0000009887000000,0x0000009887100000)]
  0x000001ee6debc550 JavaThread "jar transforms Thread 12" [_thread_blocked, id=20956, stack(0x0000009887100000,0x0000009887200000)]
  0x000001ee6dec2fa0 JavaThread "Cache worker for checksums cache (C:\Programming\Login5D2\.gradle\8.7\checksums)" [_thread_blocked, id=16044, stack(0x0000009887300000,0x0000009887400000)]
  0x000001ee6dec0720 JavaThread "Cache worker for cache directory md-supplier (C:\Users\busi4\.gradle\caches\8.7\md-supplier)" [_thread_blocked, id=18028, stack(0x0000009887400000,0x0000009887500000)]
  0x000001ee6dec0c30 JavaThread "Cache worker for cache directory md-rule (C:\Users\busi4\.gradle\caches\8.7\md-rule)" [_thread_blocked, id=5528, stack(0x0000009887500000,0x0000009887600000)]
  0x000001ee6debedd0 JavaThread "Cache worker for file content cache (C:\Users\busi4\.gradle\caches\8.7\fileContent)" [_thread_blocked, id=14136, stack(0x0000009887600000,0x0000009887700000)]
  0x000001ee6debc040 JavaThread "Unconstrained build operations" [_thread_blocked, id=20276, stack(0x0000009887700000,0x0000009887800000)]
  0x000001ee6debd480 JavaThread "Unconstrained build operations Thread 2" [_thread_blocked, id=16092, stack(0x0000009887800000,0x0000009887900000)]
  0x000001ee6debdea0 JavaThread "Unconstrained build operations Thread 3" [_thread_blocked, id=2020, stack(0x0000009887900000,0x0000009887a00000)]
  0x000001ee6debd990 JavaThread "Unconstrained build operations Thread 4" [_thread_blocked, id=19940, stack(0x0000009887a00000,0x0000009887b00000)]
  0x000001ee6debe8c0 JavaThread "Unconstrained build operations Thread 5" [_thread_blocked, id=8636, stack(0x0000009887b00000,0x0000009887c00000)]
  0x000001ee6ef9e950 JavaThread "Unconstrained build operations Thread 6" [_thread_blocked, id=18656, stack(0x0000009887c00000,0x0000009887d00000)]
  0x000001ee6ef9e440 JavaThread "Unconstrained build operations Thread 7" [_thread_blocked, id=4068, stack(0x0000009887d00000,0x0000009887e00000)]
  0x000001ee6ef9c0d0 JavaThread "Unconstrained build operations Thread 8" [_thread_blocked, id=12388, stack(0x0000009887e00000,0x0000009887f00000)]
  0x000001ee6ef9c5e0 JavaThread "Unconstrained build operations Thread 9" [_thread_blocked, id=16256, stack(0x0000009887f00000,0x0000009888000000)]
  0x000001ee6ef9da20 JavaThread "Unconstrained build operations Thread 10" [_thread_blocked, id=3968, stack(0x0000009888000000,0x0000009888100000)]
  0x000001ee6ef9caf0 JavaThread "Cache worker for Build Output Cleanup Cache (C:\Programming\Login5D2\.gradle\buildOutputCleanup)" [_thread_blocked, id=20800, stack(0x0000009888100000,0x0000009888200000)]
  0x000001ee6ef9df30 JavaThread "Unconstrained build operations Thread 11" [_thread_blocked, id=10608, stack(0x0000009888200000,0x0000009888300000)]
  0x000001ee6ef9d000 JavaThread "Unconstrained build operations Thread 12" [_thread_blocked, id=1588, stack(0x0000009888300000,0x0000009888400000)]
  0x000001ee6ef9ee60 JavaThread "Unconstrained build operations Thread 13" [_thread_blocked, id=19224, stack(0x0000009888400000,0x0000009888500000)]
  0x000001ee6ef9f370 JavaThread "Unconstrained build operations Thread 14" [_thread_blocked, id=1464, stack(0x0000009888500000,0x0000009888600000)]
  0x000001ee6ef9f880 JavaThread "Unconstrained build operations Thread 15" [_thread_blocked, id=13504, stack(0x0000009888600000,0x0000009888700000)]
  0x000001ee6ef9b1a0 JavaThread "Unconstrained build operations Thread 16" [_thread_blocked, id=21236, stack(0x0000009888700000,0x0000009888800000)]
  0x000001ee6ef9fd90 JavaThread "Unconstrained build operations Thread 17" [_thread_blocked, id=16996, stack(0x0000009888800000,0x0000009888900000)]
  0x000001ee6efa02a0 JavaThread "Unconstrained build operations Thread 18" [_thread_blocked, id=16820, stack(0x0000009888900000,0x0000009888a00000)]
  0x000001ee6ef99340 JavaThread "Unconstrained build operations Thread 19" [_thread_blocked, id=12552, stack(0x0000009888a00000,0x0000009888b00000)]
  0x000001ee6efa0cc0 JavaThread "Unconstrained build operations Thread 20" [_thread_blocked, id=13884, stack(0x0000009888b00000,0x0000009888c00000)]
  0x000001ee6ef99850 JavaThread "Unconstrained build operations Thread 21" [_thread_blocked, id=17484, stack(0x0000009888c00000,0x0000009888d00000)]
  0x000001ee6ef99d60 JavaThread "Unconstrained build operations Thread 22" [_thread_blocked, id=1964, stack(0x0000009888d00000,0x0000009888e00000)]
  0x000001ee6ef9bbc0 JavaThread "Unconstrained build operations Thread 23" [_thread_blocked, id=20028, stack(0x0000009888e00000,0x0000009888f00000)]
  0x000001ee6ef9a270 JavaThread "Unconstrained build operations Thread 24" [_thread_blocked, id=8108, stack(0x0000009888f00000,0x0000009889000000)]
  0x000001ee6ef9a780 JavaThread "Unconstrained build operations Thread 25" [_thread_blocked, id=8312, stack(0x0000009889000000,0x0000009889100000)]
  0x000001ee6ef9ac90 JavaThread "Unconstrained build operations Thread 26" [_thread_blocked, id=21716, stack(0x0000009889100000,0x0000009889200000)]
  0x000001ee6ef9b6b0 JavaThread "Unconstrained build operations Thread 27" [_thread_blocked, id=14748, stack(0x0000009889200000,0x0000009889300000)]
  0x000001ee6debca60 JavaThread "Unconstrained build operations Thread 28" [_thread_blocked, id=18288, stack(0x0000009889300000,0x0000009889400000)]
  0x000001ee6f83ad50 JavaThread "Unconstrained build operations Thread 29" [_thread_blocked, id=17216, stack(0x0000009889400000,0x0000009889500000)]
  0x000001ee6f834810 JavaThread "Unconstrained build operations Thread 30" [_thread_blocked, id=11572, stack(0x0000009889500000,0x0000009889600000)]
  0x000001ee6f836b80 JavaThread "Unconstrained build operations Thread 31" [_thread_blocked, id=15412, stack(0x0000009889600000,0x0000009889700000)]
  0x000001ee6f836670 JavaThread "Unconstrained build operations Thread 32" [_thread_blocked, id=3500, stack(0x0000009889700000,0x0000009889800000)]
  0x000001ee6f839e20 JavaThread "build event listener" [_thread_blocked, id=21852, stack(0x0000009887200000,0x0000009887300000)]
  0x000001ee6f83b260 JavaThread "Memory manager" [_thread_blocked, id=11508, stack(0x0000009889800000,0x0000009889900000)]
  0x000001ee6f833df0 JavaThread "build event listener" [_thread_blocked, id=1732, stack(0x0000009889900000,0x0000009889a00000)]
  0x000001ee6f834d20 JavaThread "build event listener" [_thread_blocked, id=7776, stack(0x0000009889a00000,0x0000009889b00000)]

Other Threads:
=>0x000001ee66758330 VMThread "VM Thread" [stack: 0x0000009883d00000,0x0000009883e00000] [id=14908]
  0x000001ee45eae810 WatcherThread [stack: 0x0000009884a00000,0x0000009884b00000] [id=20520]
  0x000001ee45f0b9a0 GCTaskThread "GC Thread#0" [stack: 0x0000009883800000,0x0000009883900000] [id=2588]
  0x000001ee6b325ed0 GCTaskThread "GC Thread#1" [stack: 0x0000009884c00000,0x0000009884d00000] [id=272]
  0x000001ee6b95a790 GCTaskThread "GC Thread#2" [stack: 0x0000009884d00000,0x0000009884e00000] [id=22032]
  0x000001ee6b95aa50 GCTaskThread "GC Thread#3" [stack: 0x0000009884e00000,0x0000009884f00000] [id=22504]
  0x000001ee6b95b110 GCTaskThread "GC Thread#4" [stack: 0x0000009884f00000,0x0000009885000000] [id=10668]
  0x000001ee6e138490 GCTaskThread "GC Thread#5" [stack: 0x0000009885d00000,0x0000009885e00000] [id=2340]
  0x000001ee6c023340 GCTaskThread "GC Thread#6" [stack: 0x0000009885e00000,0x0000009885f00000] [id=21076]
  0x000001ee6d3401b0 GCTaskThread "GC Thread#7" [stack: 0x0000009885f00000,0x0000009886000000] [id=18676]
  0x000001ee6d340470 GCTaskThread "GC Thread#8" [stack: 0x0000009886000000,0x0000009886100000] [id=17604]
  0x000001ee6d340730 GCTaskThread "GC Thread#9" [stack: 0x0000009886100000,0x0000009886200000] [id=19512]
  0x000001ee45f1c8f0 ConcurrentGCThread "G1 Main Marker" [stack: 0x0000009883900000,0x0000009883a00000] [id=22016]
  0x000001ee45f1d310 ConcurrentGCThread "G1 Conc#0" [stack: 0x0000009883a00000,0x0000009883b00000] [id=6532]
  0x000001ee6d5d33b0 ConcurrentGCThread "G1 Conc#1" [stack: 0x0000009886400000,0x0000009886500000] [id=12620]
  0x000001ee6cb2a440 ConcurrentGCThread "G1 Conc#2" [stack: 0x0000009886500000,0x0000009886600000] [id=16540]
  0x000001ee666045d0 ConcurrentGCThread "G1 Refine#0" [stack: 0x0000009883b00000,0x0000009883c00000] [id=16608]
  0x000001ee6fa39a30 ConcurrentGCThread "G1 Refine#1" [stack: 0x0000009889c00000,0x0000009889d00000] [id=19560]
  0x000001ee669893e0 ConcurrentGCThread "G1 Refine#2" [stack: 0x0000009889d00000,0x0000009889e00000] [id=15484]
  0x000001ee706eb3e0 ConcurrentGCThread "G1 Refine#3" [stack: 0x0000009889e00000,0x0000009889f00000] [id=18356]
  0x000001ee6e00f470 ConcurrentGCThread "G1 Refine#4" [stack: 0x0000009889f00000,0x000000988a000000] [id=19724]
  0x000001ee6e6e0d60 ConcurrentGCThread "G1 Refine#5" [stack: 0x000000988a000000,0x000000988a100000] [id=18476]
  0x000001ee70c43be0 ConcurrentGCThread "G1 Refine#6" [stack: 0x000000988a100000,0x000000988a200000] [id=17264]
  0x000001ee45f5e4e0 ConcurrentGCThread "G1 Service" [stack: 0x0000009883c00000,0x0000009883d00000] [id=16960]

Threads with active compile tasks:

VM state: at safepoint (normal execution)

VM Mutex/Monitor currently owned by a thread:  ([mutex/lock_event])
[0x000001ee45ea9480] Threads_lock - owner thread: 0x000001ee66758330
[0x000001ee45eaa0e0] Heap_lock - owner thread: 0x000001ee6d9b6380

Heap address: 0x0000000080000000, size: 2048 MB, Compressed Oops mode: 32-bit

CDS archive(s) mapped at: [0x000001ee00000000-0x000001ee00ba0000-0x000001ee00ba0000), size 12189696, SharedBaseAddress: 0x000001ee00000000, ArchiveRelocationMode: 1.
Compressed class space mapped at: 0x000001ee01000000-0x000001ee41000000, reserved size: 1073741824
Narrow klass base: 0x000001ee00000000, Narrow klass shift: 0, Narrow klass range: 0x100000000

GC Precious Log:
 CPUs: 12 total, 12 available
 Memory: 15741M
 Large Page Support: Disabled
 NUMA Support: Disabled
 Compressed Oops: Enabled (32-bit)
 Heap Region Size: 1M
 Heap Min Capacity: 8M
 Heap Initial Capacity: 246M
 Heap Max Capacity: 2G
 Pre-touch: Disabled
 Parallel Workers: 10
 Concurrent Workers: 3
 Concurrent Refinement Workers: 10
 Periodic GC: Disabled

Heap:
 garbage-first heap   total 251904K, used 113336K [0x0000000080000000, 0x0000000100000000)
  region size 1024K, 5 young (5120K), 5 survivors (5120K)
 Metaspace       used 79253K, committed 80064K, reserved 1179648K
  class space    used 11457K, committed 11840K, reserved 1048576K

Heap Regions: E=young(eden), S=young(survivor), O=old, HS=humongous(starts), HC=humongous(continues), CS=collection set, F=free, OA=open archive, CA=closed archive, TAMS=top-at-mark-start (previous, next)
|   0|0x0000000080000000, 0x0000000080100000, 0x0000000080100000|100%|HS|  |TAMS 0x0000000080100000, 0x0000000080100000| Complete 
|   1|0x0000000080100000, 0x0000000080200000, 0x0000000080200000|100%|HC|  |TAMS 0x0000000080200000, 0x0000000080200000| Complete 
|   2|0x0000000080200000, 0x0000000080300000, 0x0000000080300000|100%|HC|  |TAMS 0x0000000080300000, 0x0000000080300000| Complete 
|   3|0x0000000080300000, 0x0000000080400000, 0x0000000080400000|100%|HC|  |TAMS 0x0000000080400000, 0x0000000080400000| Complete 
|   4|0x0000000080400000, 0x0000000080500000, 0x0000000080500000|100%| O|  |TAMS 0x0000000080500000, 0x0000000080500000| Untracked 
|   5|0x0000000080500000, 0x0000000080600000, 0x0000000080600000|100%| O|  |TAMS 0x0000000080600000, 0x0000000080600000| Untracked 
|   6|0x0000000080600000, 0x0000000080700000, 0x0000000080700000|100%| O|  |TAMS 0x0000000080700000, 0x0000000080700000| Untracked 
|   7|0x0000000080700000, 0x0000000080800000, 0x0000000080800000|100%| O|  |TAMS 0x0000000080800000, 0x0000000080800000| Untracked 
|   8|0x0000000080800000, 0x0000000080900000, 0x0000000080900000|100%| O|  |TAMS 0x0000000080900000, 0x0000000080900000| Untracked 
|   9|0x0000000080900000, 0x0000000080a00000, 0x0000000080a00000|100%| O|  |TAMS 0x0000000080a00000, 0x0000000080a00000| Untracked 
|  10|0x0000000080a00000, 0x0000000080b00000, 0x0000000080b00000|100%| O|  |TAMS 0x0000000080b00000, 0x0000000080b00000| Untracked 
|  11|0x0000000080b00000, 0x0000000080c00000, 0x0000000080c00000|100%| O|  |TAMS 0x0000000080c00000, 0x0000000080c00000| Untracked 
|  12|0x0000000080c00000, 0x0000000080d00000, 0x0000000080d00000|100%| O|  |TAMS 0x0000000080d00000, 0x0000000080d00000| Untracked 
|  13|0x0000000080d00000, 0x0000000080e00000, 0x0000000080e00000|100%| O|  |TAMS 0x0000000080e00000, 0x0000000080e00000| Untracked 
|  14|0x0000000080e00000, 0x0000000080f00000, 0x0000000080f00000|100%| O|  |TAMS 0x0000000080f00000, 0x0000000080f00000| Untracked 
|  15|0x0000000080f00000, 0x0000000081000000, 0x0000000081000000|100%| O|  |TAMS 0x0000000081000000, 0x0000000081000000| Untracked 
|  16|0x0000000081000000, 0x0000000081100000, 0x0000000081100000|100%| O|  |TAMS 0x0000000081100000, 0x0000000081100000| Untracked 
|  17|0x0000000081100000, 0x0000000081200000, 0x0000000081200000|100%| O|  |TAMS 0x0000000081200000, 0x0000000081200000| Untracked 
|  18|0x0000000081200000, 0x0000000081300000, 0x0000000081300000|100%| O|  |TAMS 0x0000000081300000, 0x0000000081300000| Untracked 
|  19|0x0000000081300000, 0x0000000081400000, 0x0000000081400000|100%| O|  |TAMS 0x0000000081400000, 0x0000000081400000| Untracked 
|  20|0x0000000081400000, 0x0000000081500000, 0x0000000081500000|100%| O|  |TAMS 0x0000000081500000, 0x0000000081500000| Untracked 
|  21|0x0000000081500000, 0x00000000815ae200, 0x0000000081600000| 68%| O|  |TAMS 0x0000000081500000, 0x0000000081500000| Untracked 
|  22|0x0000000081600000, 0x0000000081700000, 0x0000000081700000|100%|HS|  |TAMS 0x0000000081700000, 0x0000000081700000| Complete 
|  23|0x0000000081700000, 0x0000000081800000, 0x0000000081800000|100%|HC|  |TAMS 0x0000000081800000, 0x0000000081800000| Complete 
|  24|0x0000000081800000, 0x0000000081900000, 0x0000000081900000|100%|HC|  |TAMS 0x0000000081900000, 0x0000000081900000| Complete 
|  25|0x0000000081900000, 0x0000000081a00000, 0x0000000081a00000|100%|HC|  |TAMS 0x0000000081a00000, 0x0000000081a00000| Complete 
|  26|0x0000000081a00000, 0x0000000081b00000, 0x0000000081b00000|100%|HC|  |TAMS 0x0000000081b00000, 0x0000000081b00000| Complete 
|  27|0x0000000081b00000, 0x0000000081c00000, 0x0000000081c00000|100%|HS|  |TAMS 0x0000000081c00000, 0x0000000081c00000| Complete 
|  28|0x0000000081c00000, 0x0000000081d00000, 0x0000000081d00000|100%|HC|  |TAMS 0x0000000081d00000, 0x0000000081d00000| Complete 
|  29|0x0000000081d00000, 0x0000000081e00000, 0x0000000081e00000|100%|HC|  |TAMS 0x0000000081e00000, 0x0000000081e00000| Complete 
|  30|0x0000000081e00000, 0x0000000081f00000, 0x0000000081f00000|100%|HS|  |TAMS 0x0000000081f00000, 0x0000000081f00000| Complete 
|  31|0x0000000081f00000, 0x0000000082000000, 0x0000000082000000|100%|HC|  |TAMS 0x0000000082000000, 0x0000000082000000| Complete 
|  32|0x0000000082000000, 0x0000000082100000, 0x0000000082100000|100%|HS|  |TAMS 0x0000000082100000, 0x0000000082100000| Complete 
|  33|0x0000000082100000, 0x0000000082200000, 0x0000000082200000|100%| O|  |TAMS 0x0000000082200000, 0x0000000082200000| Untracked 
|  34|0x0000000082200000, 0x0000000082300000, 0x0000000082300000|100%| O|  |TAMS 0x0000000082300000, 0x0000000082300000| Untracked 
|  35|0x0000000082300000, 0x0000000082400000, 0x0000000082400000|100%| O|  |TAMS 0x0000000082400000, 0x0000000082400000| Untracked 
|  36|0x0000000082400000, 0x0000000082500000, 0x0000000082500000|100%| O|  |TAMS 0x0000000082400000, 0x0000000082500000| Untracked 
|  37|0x0000000082500000, 0x0000000082600000, 0x0000000082600000|100%| O|  |TAMS 0x0000000082600000, 0x0000000082600000| Untracked 
|  38|0x0000000082600000, 0x0000000082700000, 0x0000000082700000|100%| O|  |TAMS 0x0000000082700000, 0x0000000082700000| Untracked 
|  39|0x0000000082700000, 0x0000000082700000, 0x0000000082800000|  0%| F|  |TAMS 0x0000000082700000, 0x0000000082700000| Untracked 
|  40|0x0000000082800000, 0x0000000082900000, 0x0000000082900000|100%| O|  |TAMS 0x0000000082900000, 0x0000000082900000| Untracked 
|  41|0x0000000082900000, 0x0000000082a00000, 0x0000000082a00000|100%| O|  |TAMS 0x0000000082a00000, 0x0000000082a00000| Untracked 
|  42|0x0000000082a00000, 0x0000000082b00000, 0x0000000082b00000|100%| O|  |TAMS 0x0000000082b00000, 0x0000000082b00000| Untracked 
|  43|0x0000000082b00000, 0x0000000082c00000, 0x0000000082c00000|100%|HS|  |TAMS 0x0000000082c00000, 0x0000000082c00000| Complete 
|  44|0x0000000082c00000, 0x0000000082d00000, 0x0000000082d00000|100%|HC|  |TAMS 0x0000000082d00000, 0x0000000082d00000| Complete 
|  45|0x0000000082d00000, 0x0000000082e00000, 0x0000000082e00000|100%| O|  |TAMS 0x0000000082e00000, 0x0000000082e00000| Untracked 
|  46|0x0000000082e00000, 0x0000000082f00000, 0x0000000082f00000|100%| O|  |TAMS 0x0000000082f00000, 0x0000000082f00000| Untracked 
|  47|0x0000000082f00000, 0x0000000083000000, 0x0000000083000000|100%| O|  |TAMS 0x0000000083000000, 0x0000000083000000| Untracked 
|  48|0x0000000083000000, 0x0000000083100000, 0x0000000083100000|100%| O|  |TAMS 0x0000000083100000, 0x0000000083100000| Untracked 
|  49|0x0000000083100000, 0x0000000083200000, 0x0000000083200000|100%|HS|  |TAMS 0x0000000083200000, 0x0000000083200000| Complete 
|  50|0x0000000083200000, 0x0000000083300000, 0x0000000083300000|100%|HC|  |TAMS 0x0000000083300000, 0x0000000083300000| Complete 
|  51|0x0000000083300000, 0x0000000083400000, 0x0000000083400000|100%|HC|  |TAMS 0x0000000083400000, 0x0000000083400000| Complete 
|  52|0x0000000083400000, 0x0000000083500000, 0x0000000083500000|100%|HC|  |TAMS 0x0000000083500000, 0x0000000083500000| Complete 
|  53|0x0000000083500000, 0x0000000083600000, 0x0000000083600000|100%|HC|  |TAMS 0x0000000083600000, 0x0000000083600000| Complete 
|  54|0x0000000083600000, 0x0000000083700000, 0x0000000083700000|100%| O|  |TAMS 0x0000000083700000, 0x0000000083700000| Untracked 
|  55|0x0000000083700000, 0x0000000083800000, 0x0000000083800000|100%| O|  |TAMS 0x0000000083800000, 0x0000000083800000| Untracked 
|  56|0x0000000083800000, 0x0000000083900000, 0x0000000083900000|100%| O|  |TAMS 0x0000000083900000, 0x0000000083900000| Untracked 
|  57|0x0000000083900000, 0x0000000083a00000, 0x0000000083a00000|100%| O|  |TAMS 0x0000000083a00000, 0x0000000083a00000| Untracked 
|  58|0x0000000083a00000, 0x0000000083b00000, 0x0000000083b00000|100%| O|  |TAMS 0x0000000083b00000, 0x0000000083b00000| Untracked 
|  59|0x0000000083b00000, 0x0000000083c00000, 0x0000000083c00000|100%| O|  |TAMS 0x0000000083c00000, 0x0000000083c00000| Untracked 
|  60|0x0000000083c00000, 0x0000000083d00000, 0x0000000083d00000|100%| O|  |TAMS 0x0000000083d00000, 0x0000000083d00000| Untracked 
|  61|0x0000000083d00000, 0x0000000083e00000, 0x0000000083e00000|100%|HS|  |TAMS 0x0000000083e00000, 0x0000000083e00000| Complete 
|  62|0x0000000083e00000, 0x0000000083f00000, 0x0000000083f00000|100%|HC|  |TAMS 0x0000000083f00000, 0x0000000083f00000| Complete 
|  63|0x0000000083f00000, 0x0000000084000000, 0x0000000084000000|100%|HC|  |TAMS 0x0000000084000000, 0x0000000084000000| Complete 
|  64|0x0000000084000000, 0x0000000084100000, 0x0000000084100000|100%|HC|  |TAMS 0x0000000084100000, 0x0000000084100000| Complete 
|  65|0x0000000084100000, 0x0000000084200000, 0x0000000084200000|100%|HC|  |TAMS 0x0000000084200000, 0x0000000084200000| Complete 
|  66|0x0000000084200000, 0x0000000084300000, 0x0000000084300000|100%| O|  |TAMS 0x0000000084300000, 0x0000000084300000| Untracked 
|  67|0x0000000084300000, 0x0000000084400000, 0x0000000084400000|100%|HS|  |TAMS 0x0000000084400000, 0x0000000084400000| Complete 
|  68|0x0000000084400000, 0x0000000084500000, 0x0000000084500000|100%|HC|  |TAMS 0x0000000084500000, 0x0000000084500000| Complete 
|  69|0x0000000084500000, 0x0000000084600000, 0x0000000084600000|100%|HS|  |TAMS 0x0000000084600000, 0x0000000084600000| Complete 
|  70|0x0000000084600000, 0x0000000084700000, 0x0000000084700000|100%|HC|  |TAMS 0x0000000084700000, 0x0000000084700000| Complete 
|  71|0x0000000084700000, 0x0000000084800000, 0x0000000084800000|100%|HS|  |TAMS 0x0000000084800000, 0x0000000084800000| Complete 
|  72|0x0000000084800000, 0x0000000084900000, 0x0000000084900000|100%|HC|  |TAMS 0x0000000084900000, 0x0000000084900000| Complete 
|  73|0x0000000084900000, 0x0000000084a00000, 0x0000000084a00000|100%|HC|  |TAMS 0x0000000084a00000, 0x0000000084a00000| Complete 
|  74|0x0000000084a00000, 0x0000000084b00000, 0x0000000084b00000|100%| O|  |TAMS 0x0000000084b00000, 0x0000000084b00000| Untracked 
|  75|0x0000000084b00000, 0x0000000084c00000, 0x0000000084c00000|100%| O|  |TAMS 0x0000000084c00000, 0x0000000084c00000| Untracked 
|  76|0x0000000084c00000, 0x0000000084d00000, 0x0000000084d00000|100%| O|  |TAMS 0x0000000084d00000, 0x0000000084d00000| Untracked 
|  77|0x0000000084d00000, 0x0000000084e00000, 0x0000000084e00000|100%| O|  |TAMS 0x0000000084e00000, 0x0000000084e00000| Untracked 
|  78|0x0000000084e00000, 0x0000000084f00000, 0x0000000084f00000|100%| O|  |TAMS 0x0000000084f00000, 0x0000000084f00000| Untracked 
|  79|0x0000000084f00000, 0x0000000085000000, 0x0000000085000000|100%| O|  |TAMS 0x0000000085000000, 0x0000000085000000| Untracked 
|  80|0x0000000085000000, 0x0000000085100000, 0x0000000085100000|100%|HS|  |TAMS 0x0000000085100000, 0x0000000085100000| Complete 
|  81|0x0000000085100000, 0x0000000085200000, 0x0000000085200000|100%|HC|  |TAMS 0x0000000085200000, 0x0000000085200000| Complete 
|  82|0x0000000085200000, 0x0000000085300000, 0x0000000085300000|100%|HC|  |TAMS 0x0000000085300000, 0x0000000085300000| Complete 
|  83|0x0000000085300000, 0x0000000085400000, 0x0000000085400000|100%| O|  |TAMS 0x0000000085400000, 0x0000000085400000| Untracked 
|  84|0x0000000085400000, 0x0000000085500000, 0x0000000085500000|100%| O|  |TAMS 0x0000000085500000, 0x0000000085500000| Untracked 
|  85|0x0000000085500000, 0x0000000085600000, 0x0000000085600000|100%| O|  |TAMS 0x0000000085600000, 0x0000000085600000| Untracked 
|  86|0x0000000085600000, 0x0000000085700000, 0x0000000085700000|100%| O|  |TAMS 0x0000000085700000, 0x0000000085700000| Untracked 
|  87|0x0000000085700000, 0x0000000085800000, 0x0000000085800000|100%| O|  |TAMS 0x0000000085800000, 0x0000000085800000| Untracked 
|  88|0x0000000085800000, 0x0000000085900000, 0x0000000085900000|100%| O|  |TAMS 0x0000000085900000, 0x0000000085900000| Untracked 
|  89|0x0000000085900000, 0x0000000085a00000, 0x0000000085a00000|100%| O|  |TAMS 0x0000000085a00000, 0x0000000085a00000| Untracked 
|  90|0x0000000085a00000, 0x0000000085b00000, 0x0000000085b00000|100%| O|  |TAMS 0x0000000085b00000, 0x0000000085b00000| Untracked 
|  91|0x0000000085b00000, 0x0000000085c00000, 0x0000000085c00000|100%| O|  |TAMS 0x0000000085b87000, 0x0000000085c00000| Untracked 
|  92|0x0000000085c00000, 0x0000000085d00000, 0x0000000085d00000|100%| O|  |TAMS 0x0000000085c00000, 0x0000000085d00000| Untracked 
|  93|0x0000000085d00000, 0x0000000085e00000, 0x0000000085e00000|100%| O|  |TAMS 0x0000000085d00000, 0x0000000085e00000| Untracked 
|  94|0x0000000085e00000, 0x0000000085f00000, 0x0000000085f00000|100%| O|  |TAMS 0x0000000085e00000, 0x0000000085f00000| Untracked 
|  95|0x0000000085f00000, 0x0000000086000000, 0x0000000086000000|100%| O|  |TAMS 0x0000000085f00000, 0x0000000086000000| Untracked 
|  96|0x0000000086000000, 0x0000000086100000, 0x0000000086100000|100%| O|  |TAMS 0x0000000086000000, 0x0000000086100000| Untracked 
|  97|0x0000000086100000, 0x0000000086200000, 0x0000000086200000|100%| O|  |TAMS 0x0000000086100000, 0x0000000086200000| Untracked 
|  98|0x0000000086200000, 0x0000000086300000, 0x0000000086300000|100%| O|  |TAMS 0x0000000086200000, 0x0000000086300000| Untracked 
|  99|0x0000000086300000, 0x0000000086400000, 0x0000000086400000|100%| O|  |TAMS 0x0000000086300000, 0x0000000086400000| Untracked 
| 100|0x0000000086400000, 0x0000000086500000, 0x0000000086500000|100%| O|  |TAMS 0x0000000086400000, 0x0000000086500000| Untracked 
| 101|0x0000000086500000, 0x0000000086600000, 0x0000000086600000|100%| O|  |TAMS 0x0000000086500000, 0x0000000086600000| Untracked 
| 102|0x0000000086600000, 0x0000000086700000, 0x0000000086700000|100%| O|  |TAMS 0x0000000086600000, 0x0000000086700000| Untracked 
| 103|0x0000000086700000, 0x0000000086800000, 0x0000000086800000|100%| O|  |TAMS 0x0000000086700000, 0x0000000086800000| Untracked 
| 104|0x0000000086800000, 0x0000000086900000, 0x0000000086900000|100%| O|  |TAMS 0x0000000086800000, 0x0000000086900000| Untracked 
| 105|0x0000000086900000, 0x0000000086a00000, 0x0000000086a00000|100%| O|  |TAMS 0x0000000086900000, 0x0000000086a00000| Untracked 
| 106|0x0000000086a00000, 0x0000000086b00000, 0x0000000086b00000|100%| O|  |TAMS 0x0000000086a00000, 0x0000000086a58e00| Untracked 
| 107|0x0000000086b00000, 0x0000000086b00000, 0x0000000086c00000|  0%| F|  |TAMS 0x0000000086b00000, 0x0000000086b00000| Untracked 
| 108|0x0000000086c00000, 0x0000000086c00000, 0x0000000086d00000|  0%| F|  |TAMS 0x0000000086c00000, 0x0000000086c00000| Untracked 
| 109|0x0000000086d00000, 0x0000000086d00000, 0x0000000086e00000|  0%| F|  |TAMS 0x0000000086d00000, 0x0000000086d00000| Untracked 
| 110|0x0000000086e00000, 0x0000000086e00000, 0x0000000086f00000|  0%| F|  |TAMS 0x0000000086e00000, 0x0000000086e00000| Untracked 
| 111|0x0000000086f00000, 0x0000000086f00000, 0x0000000087000000|  0%| F|  |TAMS 0x0000000086f00000, 0x0000000086f00000| Untracked 
| 112|0x0000000087000000, 0x0000000087000000, 0x0000000087100000|  0%| F|  |TAMS 0x0000000087000000, 0x0000000087000000| Untracked 
| 113|0x0000000087100000, 0x0000000087100000, 0x0000000087200000|  0%| F|  |TAMS 0x0000000087100000, 0x0000000087100000| Untracked 
| 114|0x0000000087200000, 0x0000000087200000, 0x0000000087300000|  0%| F|  |TAMS 0x0000000087200000, 0x0000000087200000| Untracked 
| 115|0x0000000087300000, 0x0000000087300000, 0x0000000087400000|  0%| F|  |TAMS 0x0000000087300000, 0x0000000087300000| Untracked 
| 116|0x0000000087400000, 0x0000000087400000, 0x0000000087500000|  0%| F|  |TAMS 0x0000000087400000, 0x0000000087400000| Untracked 
| 117|0x0000000087500000, 0x0000000087500000, 0x0000000087600000|  0%| F|  |TAMS 0x0000000087500000, 0x0000000087500000| Untracked 
| 118|0x0000000087600000, 0x0000000087600000, 0x0000000087700000|  0%| F|  |TAMS 0x0000000087600000, 0x0000000087600000| Untracked 
| 119|0x0000000087700000, 0x0000000087700000, 0x0000000087800000|  0%| F|  |TAMS 0x0000000087700000, 0x0000000087700000| Untracked 
| 120|0x0000000087800000, 0x0000000087800000, 0x0000000087900000|  0%| F|  |TAMS 0x0000000087800000, 0x0000000087800000| Untracked 
| 121|0x0000000087900000, 0x0000000087900000, 0x0000000087a00000|  0%| F|  |TAMS 0x0000000087900000, 0x0000000087900000| Untracked 
| 122|0x0000000087a00000, 0x0000000087a00000, 0x0000000087b00000|  0%| F|  |TAMS 0x0000000087a00000, 0x0000000087a00000| Untracked 
| 123|0x0000000087b00000, 0x0000000087b00000, 0x0000000087c00000|  0%| F|  |TAMS 0x0000000087b00000, 0x0000000087b00000| Untracked 
| 124|0x0000000087c00000, 0x0000000087c00000, 0x0000000087d00000|  0%| F|  |TAMS 0x0000000087c00000, 0x0000000087c00000| Untracked 
| 125|0x0000000087d00000, 0x0000000087d00000, 0x0000000087e00000|  0%| F|  |TAMS 0x0000000087d00000, 0x0000000087d00000| Untracked 
| 126|0x0000000087e00000, 0x0000000087e00000, 0x0000000087f00000|  0%| F|  |TAMS 0x0000000087e00000, 0x0000000087e00000| Untracked 
| 127|0x0000000087f00000, 0x0000000087f00000, 0x0000000088000000|  0%| F|  |TAMS 0x0000000087f00000, 0x0000000087f00000| Untracked 
| 128|0x0000000088000000, 0x0000000088000000, 0x0000000088100000|  0%| F|  |TAMS 0x0000000088000000, 0x0000000088000000| Untracked 
| 129|0x0000000088100000, 0x0000000088100000, 0x0000000088200000|  0%| F|  |TAMS 0x0000000088100000, 0x0000000088100000| Untracked 
| 130|0x0000000088200000, 0x0000000088200000, 0x0000000088300000|  0%| F|  |TAMS 0x0000000088200000, 0x0000000088200000| Untracked 
| 131|0x0000000088300000, 0x0000000088300000, 0x0000000088400000|  0%| F|  |TAMS 0x0000000088300000, 0x0000000088300000| Untracked 
| 132|0x0000000088400000, 0x0000000088400000, 0x0000000088500000|  0%| F|  |TAMS 0x0000000088400000, 0x0000000088400000| Untracked 
| 133|0x0000000088500000, 0x0000000088600000, 0x0000000088600000|100%| S|CS|TAMS 0x0000000088500000, 0x0000000088500000| Complete 
| 134|0x0000000088600000, 0x0000000088700000, 0x0000000088700000|100%| S|CS|TAMS 0x0000000088600000, 0x0000000088600000| Complete 
| 135|0x0000000088700000, 0x0000000088800000, 0x0000000088800000|100%| S|CS|TAMS 0x0000000088700000, 0x0000000088700000| Complete 
| 136|0x0000000088800000, 0x0000000088900000, 0x0000000088900000|100%| S|CS|TAMS 0x0000000088800000, 0x0000000088800000| Complete 
| 137|0x0000000088900000, 0x0000000088a00000, 0x0000000088a00000|100%| S|CS|TAMS 0x0000000088900000, 0x0000000088900000| Complete 
| 138|0x0000000088a00000, 0x0000000088a00000, 0x0000000088b00000|  0%| F|  |TAMS 0x0000000088a00000, 0x0000000088a00000| Untracked 
| 139|0x0000000088b00000, 0x0000000088b00000, 0x0000000088c00000|  0%| F|  |TAMS 0x0000000088b00000, 0x0000000088b00000| Untracked 
| 140|0x0000000088c00000, 0x0000000088c00000, 0x0000000088d00000|  0%| F|  |TAMS 0x0000000088c00000, 0x0000000088c00000| Untracked 
| 141|0x0000000088d00000, 0x0000000088d00000, 0x0000000088e00000|  0%| F|  |TAMS 0x0000000088d00000, 0x0000000088d00000| Untracked 
| 142|0x0000000088e00000, 0x0000000088e00000, 0x0000000088f00000|  0%| F|  |TAMS 0x0000000088e00000, 0x0000000088e00000| Untracked 
| 143|0x0000000088f00000, 0x0000000088f00000, 0x0000000089000000|  0%| F|  |TAMS 0x0000000088f00000, 0x0000000088f00000| Untracked 
| 144|0x0000000089000000, 0x0000000089000000, 0x0000000089100000|  0%| F|  |TAMS 0x0000000089000000, 0x0000000089000000| Untracked 
| 145|0x0000000089100000, 0x0000000089100000, 0x0000000089200000|  0%| F|  |TAMS 0x0000000089100000, 0x0000000089100000| Untracked 
| 146|0x0000000089200000, 0x0000000089200000, 0x0000000089300000|  0%| F|  |TAMS 0x0000000089200000, 0x0000000089200000| Untracked 
| 147|0x0000000089300000, 0x0000000089300000, 0x0000000089400000|  0%| F|  |TAMS 0x0000000089300000, 0x0000000089300000| Untracked 
| 148|0x0000000089400000, 0x0000000089400000, 0x0000000089500000|  0%| F|  |TAMS 0x0000000089400000, 0x0000000089400000| Untracked 
| 149|0x0000000089500000, 0x0000000089500000, 0x0000000089600000|  0%| F|  |TAMS 0x0000000089500000, 0x0000000089500000| Untracked 
| 150|0x0000000089600000, 0x0000000089600000, 0x0000000089700000|  0%| F|  |TAMS 0x0000000089600000, 0x0000000089600000| Untracked 
| 151|0x0000000089700000, 0x0000000089700000, 0x0000000089800000|  0%| F|  |TAMS 0x0000000089700000, 0x0000000089700000| Untracked 
| 152|0x0000000089800000, 0x0000000089800000, 0x0000000089900000|  0%| F|  |TAMS 0x0000000089800000, 0x0000000089800000| Untracked 
| 153|0x0000000089900000, 0x0000000089900000, 0x0000000089a00000|  0%| F|  |TAMS 0x0000000089900000, 0x0000000089900000| Untracked 
| 154|0x0000000089a00000, 0x0000000089a00000, 0x0000000089b00000|  0%| F|  |TAMS 0x0000000089a00000, 0x0000000089a00000| Untracked 
| 155|0x0000000089b00000, 0x0000000089b00000, 0x0000000089c00000|  0%| F|  |TAMS 0x0000000089b00000, 0x0000000089b00000| Untracked 
| 156|0x0000000089c00000, 0x0000000089c00000, 0x0000000089d00000|  0%| F|  |TAMS 0x0000000089c00000, 0x0000000089c00000| Untracked 
| 157|0x0000000089d00000, 0x0000000089d00000, 0x0000000089e00000|  0%| F|  |TAMS 0x0000000089d00000, 0x0000000089d00000| Untracked 
| 158|0x0000000089e00000, 0x0000000089e00000, 0x0000000089f00000|  0%| F|  |TAMS 0x0000000089e00000, 0x0000000089e00000| Untracked 
| 159|0x0000000089f00000, 0x0000000089f00000, 0x000000008a000000|  0%| F|  |TAMS 0x0000000089f00000, 0x0000000089f00000| Untracked 
| 160|0x000000008a000000, 0x000000008a000000, 0x000000008a100000|  0%| F|  |TAMS 0x000000008a000000, 0x000000008a000000| Untracked 
| 161|0x000000008a100000, 0x000000008a100000, 0x000000008a200000|  0%| F|  |TAMS 0x000000008a100000, 0x000000008a100000| Untracked 
| 162|0x000000008a200000, 0x000000008a200000, 0x000000008a300000|  0%| F|  |TAMS 0x000000008a200000, 0x000000008a200000| Untracked 
| 163|0x000000008a300000, 0x000000008a300000, 0x000000008a400000|  0%| F|  |TAMS 0x000000008a300000, 0x000000008a300000| Untracked 
| 164|0x000000008a400000, 0x000000008a400000, 0x000000008a500000|  0%| F|  |TAMS 0x000000008a400000, 0x000000008a400000| Untracked 
| 165|0x000000008a500000, 0x000000008a500000, 0x000000008a600000|  0%| F|  |TAMS 0x000000008a500000, 0x000000008a500000| Untracked 
| 166|0x000000008a600000, 0x000000008a600000, 0x000000008a700000|  0%| F|  |TAMS 0x000000008a600000, 0x000000008a600000| Untracked 
| 167|0x000000008a700000, 0x000000008a700000, 0x000000008a800000|  0%| F|  |TAMS 0x000000008a700000, 0x000000008a700000| Untracked 
| 168|0x000000008a800000, 0x000000008a800000, 0x000000008a900000|  0%| F|  |TAMS 0x000000008a800000, 0x000000008a800000| Untracked 
| 169|0x000000008a900000, 0x000000008a900000, 0x000000008aa00000|  0%| F|  |TAMS 0x000000008a900000, 0x000000008a900000| Untracked 
| 170|0x000000008aa00000, 0x000000008aa00000, 0x000000008ab00000|  0%| F|  |TAMS 0x000000008aa00000, 0x000000008aa00000| Untracked 
| 171|0x000000008ab00000, 0x000000008ab00000, 0x000000008ac00000|  0%| F|  |TAMS 0x000000008ab00000, 0x000000008ab00000| Untracked 
| 172|0x000000008ac00000, 0x000000008ac00000, 0x000000008ad00000|  0%| F|  |TAMS 0x000000008ac00000, 0x000000008ac00000| Untracked 
| 173|0x000000008ad00000, 0x000000008ad00000, 0x000000008ae00000|  0%| F|  |TAMS 0x000000008ad00000, 0x000000008ad00000| Untracked 
| 174|0x000000008ae00000, 0x000000008ae00000, 0x000000008af00000|  0%| F|  |TAMS 0x000000008ae00000, 0x000000008ae00000| Untracked 
| 175|0x000000008af00000, 0x000000008af00000, 0x000000008b000000|  0%| F|  |TAMS 0x000000008af00000, 0x000000008af00000| Untracked 
| 176|0x000000008b000000, 0x000000008b000000, 0x000000008b100000|  0%| F|  |TAMS 0x000000008b000000, 0x000000008b000000| Untracked 
| 177|0x000000008b100000, 0x000000008b100000, 0x000000008b200000|  0%| F|  |TAMS 0x000000008b100000, 0x000000008b100000| Untracked 
| 178|0x000000008b200000, 0x000000008b200000, 0x000000008b300000|  0%| F|  |TAMS 0x000000008b200000, 0x000000008b200000| Untracked 
| 179|0x000000008b300000, 0x000000008b300000, 0x000000008b400000|  0%| F|  |TAMS 0x000000008b300000, 0x000000008b300000| Untracked 
| 180|0x000000008b400000, 0x000000008b400000, 0x000000008b500000|  0%| F|  |TAMS 0x000000008b400000, 0x000000008b400000| Untracked 
| 181|0x000000008b500000, 0x000000008b500000, 0x000000008b600000|  0%| F|  |TAMS 0x000000008b500000, 0x000000008b500000| Untracked 
| 182|0x000000008b600000, 0x000000008b600000, 0x000000008b700000|  0%| F|  |TAMS 0x000000008b600000, 0x000000008b600000| Untracked 
| 183|0x000000008b700000, 0x000000008b700000, 0x000000008b800000|  0%| F|  |TAMS 0x000000008b700000, 0x000000008b700000| Untracked 
| 184|0x000000008b800000, 0x000000008b800000, 0x000000008b900000|  0%| F|  |TAMS 0x000000008b800000, 0x000000008b800000| Untracked 
| 185|0x000000008b900000, 0x000000008b900000, 0x000000008ba00000|  0%| F|  |TAMS 0x000000008b900000, 0x000000008b900000| Untracked 
| 186|0x000000008ba00000, 0x000000008ba00000, 0x000000008bb00000|  0%| F|  |TAMS 0x000000008ba00000, 0x000000008ba00000| Untracked 
| 187|0x000000008bb00000, 0x000000008bb00000, 0x000000008bc00000|  0%| F|  |TAMS 0x000000008bb00000, 0x000000008bb00000| Untracked 
| 188|0x000000008bc00000, 0x000000008bc00000, 0x000000008bd00000|  0%| F|  |TAMS 0x000000008bc00000, 0x000000008bc00000| Untracked 
| 189|0x000000008bd00000, 0x000000008bd00000, 0x000000008be00000|  0%| F|  |TAMS 0x000000008bd00000, 0x000000008bd00000| Untracked 
| 190|0x000000008be00000, 0x000000008be00000, 0x000000008bf00000|  0%| F|  |TAMS 0x000000008be00000, 0x000000008be00000| Untracked 
| 191|0x000000008bf00000, 0x000000008bf00000, 0x000000008c000000|  0%| F|  |TAMS 0x000000008bf00000, 0x000000008bf00000| Untracked 
| 192|0x000000008c000000, 0x000000008c000000, 0x000000008c100000|  0%| F|  |TAMS 0x000000008c000000, 0x000000008c000000| Untracked 
| 193|0x000000008c100000, 0x000000008c100000, 0x000000008c200000|  0%| F|  |TAMS 0x000000008c100000, 0x000000008c100000| Untracked 
| 194|0x000000008c200000, 0x000000008c200000, 0x000000008c300000|  0%| F|  |TAMS 0x000000008c200000, 0x000000008c200000| Untracked 
| 195|0x000000008c300000, 0x000000008c300000, 0x000000008c400000|  0%| F|  |TAMS 0x000000008c300000, 0x000000008c300000| Untracked 
| 196|0x000000008c400000, 0x000000008c400000, 0x000000008c500000|  0%| F|  |TAMS 0x000000008c400000, 0x000000008c400000| Untracked 
| 197|0x000000008c500000, 0x000000008c500000, 0x000000008c600000|  0%| F|  |TAMS 0x000000008c500000, 0x000000008c500000| Untracked 
| 198|0x000000008c600000, 0x000000008c600000, 0x000000008c700000|  0%| F|  |TAMS 0x000000008c600000, 0x000000008c600000| Untracked 
| 199|0x000000008c700000, 0x000000008c700000, 0x000000008c800000|  0%| F|  |TAMS 0x000000008c700000, 0x000000008c700000| Untracked 
| 200|0x000000008c800000, 0x000000008c800000, 0x000000008c900000|  0%| F|  |TAMS 0x000000008c800000, 0x000000008c800000| Untracked 
| 201|0x000000008c900000, 0x000000008c900000, 0x000000008ca00000|  0%| F|  |TAMS 0x000000008c900000, 0x000000008c900000| Untracked 
| 202|0x000000008ca00000, 0x000000008ca00000, 0x000000008cb00000|  0%| F|  |TAMS 0x000000008ca00000, 0x000000008ca00000| Untracked 
| 203|0x000000008cb00000, 0x000000008cb00000, 0x000000008cc00000|  0%| F|  |TAMS 0x000000008cb00000, 0x000000008cb00000| Untracked 
| 204|0x000000008cc00000, 0x000000008cc00000, 0x000000008cd00000|  0%| F|  |TAMS 0x000000008cc00000, 0x000000008cc00000| Untracked 
| 205|0x000000008cd00000, 0x000000008cd00000, 0x000000008ce00000|  0%| F|  |TAMS 0x000000008cd00000, 0x000000008cd00000| Untracked 
| 206|0x000000008ce00000, 0x000000008ce00000, 0x000000008cf00000|  0%| F|  |TAMS 0x000000008ce00000, 0x000000008ce00000| Untracked 
| 207|0x000000008cf00000, 0x000000008cf00000, 0x000000008d000000|  0%| F|  |TAMS 0x000000008cf00000, 0x000000008cf00000| Untracked 
| 208|0x000000008d000000, 0x000000008d000000, 0x000000008d100000|  0%| F|  |TAMS 0x000000008d000000, 0x000000008d000000| Untracked 
| 209|0x000000008d100000, 0x000000008d100000, 0x000000008d200000|  0%| F|  |TAMS 0x000000008d100000, 0x000000008d100000| Untracked 
| 210|0x000000008d200000, 0x000000008d200000, 0x000000008d300000|  0%| F|  |TAMS 0x000000008d200000, 0x000000008d200000| Untracked 
| 211|0x000000008d300000, 0x000000008d300000, 0x000000008d400000|  0%| F|  |TAMS 0x000000008d300000, 0x000000008d300000| Untracked 
| 212|0x000000008d400000, 0x000000008d400000, 0x000000008d500000|  0%| F|  |TAMS 0x000000008d400000, 0x000000008d400000| Untracked 
| 213|0x000000008d500000, 0x000000008d500000, 0x000000008d600000|  0%| F|  |TAMS 0x000000008d500000, 0x000000008d500000| Untracked 
| 214|0x000000008d600000, 0x000000008d600000, 0x000000008d700000|  0%| F|  |TAMS 0x000000008d600000, 0x000000008d600000| Untracked 
| 215|0x000000008d700000, 0x000000008d700000, 0x000000008d800000|  0%| F|  |TAMS 0x000000008d700000, 0x000000008d700000| Untracked 
| 216|0x000000008d800000, 0x000000008d800000, 0x000000008d900000|  0%| F|  |TAMS 0x000000008d800000, 0x000000008d800000| Untracked 
| 217|0x000000008d900000, 0x000000008d900000, 0x000000008da00000|  0%| F|  |TAMS 0x000000008d900000, 0x000000008d900000| Untracked 
| 218|0x000000008da00000, 0x000000008da00000, 0x000000008db00000|  0%| F|  |TAMS 0x000000008da00000, 0x000000008da00000| Untracked 
| 219|0x000000008db00000, 0x000000008db00000, 0x000000008dc00000|  0%| F|  |TAMS 0x000000008db00000, 0x000000008db00000| Untracked 
| 220|0x000000008dc00000, 0x000000008dc00000, 0x000000008dd00000|  0%| F|  |TAMS 0x000000008dc00000, 0x000000008dc00000| Untracked 
| 221|0x000000008dd00000, 0x000000008dd00000, 0x000000008de00000|  0%| F|  |TAMS 0x000000008dd00000, 0x000000008dd00000| Untracked 
| 222|0x000000008de00000, 0x000000008de00000, 0x000000008df00000|  0%| F|  |TAMS 0x000000008de00000, 0x000000008de00000| Untracked 
| 223|0x000000008df00000, 0x000000008df00000, 0x000000008e000000|  0%| F|  |TAMS 0x000000008df00000, 0x000000008df00000| Untracked 
| 224|0x000000008e000000, 0x000000008e000000, 0x000000008e100000|  0%| F|  |TAMS 0x000000008e000000, 0x000000008e000000| Untracked 
| 225|0x000000008e100000, 0x000000008e100000, 0x000000008e200000|  0%| F|  |TAMS 0x000000008e100000, 0x000000008e100000| Untracked 
| 226|0x000000008e200000, 0x000000008e200000, 0x000000008e300000|  0%| F|  |TAMS 0x000000008e200000, 0x000000008e200000| Untracked 
| 227|0x000000008e300000, 0x000000008e300000, 0x000000008e400000|  0%| F|  |TAMS 0x000000008e300000, 0x000000008e300000| Untracked 
| 228|0x000000008e400000, 0x000000008e400000, 0x000000008e500000|  0%| F|  |TAMS 0x000000008e400000, 0x000000008e400000| Untracked 
| 229|0x000000008e500000, 0x000000008e500000, 0x000000008e600000|  0%| F|  |TAMS 0x000000008e500000, 0x000000008e500000| Untracked 
| 230|0x000000008e600000, 0x000000008e600000, 0x000000008e700000|  0%| F|  |TAMS 0x000000008e600000, 0x000000008e600000| Untracked 
| 231|0x000000008e700000, 0x000000008e700000, 0x000000008e800000|  0%| F|  |TAMS 0x000000008e700000, 0x000000008e700000| Untracked 
| 232|0x000000008e800000, 0x000000008e800000, 0x000000008e900000|  0%| F|  |TAMS 0x000000008e800000, 0x000000008e800000| Untracked 
| 233|0x000000008e900000, 0x000000008e900000, 0x000000008ea00000|  0%| F|  |TAMS 0x000000008e900000, 0x000000008e900000| Untracked 
| 234|0x000000008ea00000, 0x000000008ea00000, 0x000000008eb00000|  0%| F|  |TAMS 0x000000008ea00000, 0x000000008ea00000| Untracked 
| 235|0x000000008eb00000, 0x000000008eb00000, 0x000000008ec00000|  0%| F|  |TAMS 0x000000008eb00000, 0x000000008eb00000| Untracked 
| 236|0x000000008ec00000, 0x000000008ec00000, 0x000000008ed00000|  0%| F|  |TAMS 0x000000008ec00000, 0x000000008ec00000| Untracked 
| 237|0x000000008ed00000, 0x000000008ed00000, 0x000000008ee00000|  0%| F|  |TAMS 0x000000008ed00000, 0x000000008ed00000| Untracked 
| 238|0x000000008ee00000, 0x000000008ee00000, 0x000000008ef00000|  0%| F|  |TAMS 0x000000008ee00000, 0x000000008ee00000| Untracked 
| 239|0x000000008ef00000, 0x000000008ef00000, 0x000000008f000000|  0%| F|  |TAMS 0x000000008ef00000, 0x000000008ef00000| Untracked 
| 240|0x000000008f000000, 0x000000008f000000, 0x000000008f100000|  0%| F|  |TAMS 0x000000008f000000, 0x000000008f000000| Untracked 
| 241|0x000000008f100000, 0x000000008f100000, 0x000000008f200000|  0%| F|  |TAMS 0x000000008f100000, 0x000000008f100000| Untracked 
| 242|0x000000008f200000, 0x000000008f200000, 0x000000008f300000|  0%| F|  |TAMS 0x000000008f200000, 0x000000008f200000| Untracked 
| 243|0x000000008f300000, 0x000000008f300000, 0x000000008f400000|  0%| F|  |TAMS 0x000000008f300000, 0x000000008f300000| Untracked 
| 244|0x000000008f400000, 0x000000008f400000, 0x000000008f500000|  0%| F|  |TAMS 0x000000008f400000, 0x000000008f400000| Untracked 
| 245|0x000000008f500000, 0x000000008f500000, 0x000000008f600000|  0%| F|  |TAMS 0x000000008f500000, 0x000000008f500000| Untracked 

Card table byte_map: [0x000001ee5f220000,0x000001ee5f620000] _byte_map_base: 0x000001ee5ee20000

Marking Bits (Prev, Next): (CMBitMap*) 0x000001ee45f0c000, (CMBitMap*) 0x000001ee45f0bfc0
 Prev Bits: [0x000001ee61a20000, 0x000001ee63a20000)
 Next Bits: [0x000001ee5fa20000, 0x000001ee61a20000)

Polling page: 0x000001ee45f60000

Metaspace:

Usage:
  Non-class:     66.21 MB used.
      Class:     11.19 MB used.
       Both:     77.40 MB used.

Virtual space:
  Non-class space:      128.00 MB reserved,      66.62 MB ( 52%) committed,  2 nodes.
      Class space:        1.00 GB reserved,      11.56 MB (  1%) committed,  1 nodes.
             Both:        1.12 GB reserved,      78.19 MB (  7%) committed. 

Chunk freelists:
   Non-Class:  13.28 MB
       Class:  4.31 MB
        Both:  17.59 MB

MaxMetaspaceSize: unlimited
CompressedClassSpaceSize: 1.00 GB
Initial GC threshold: 21.00 MB
Current GC threshold: 124.19 MB
CDS: on
MetaspaceReclaimPolicy: balanced
 - commit_granule_bytes: 65536.
 - commit_granule_words: 8192.
 - virtual_space_node_default_size: 8388608.
 - enlarge_chunks_in_place: 1.
 - new_chunks_are_fully_committed: 0.
 - uncommit_free_chunks: 1.
 - use_allocation_guard: 0.
 - handle_deallocations: 1.


Internal statistics:

num_allocs_failed_limit: 3.
num_arena_births: 952.
num_arena_deaths: 0.
num_vsnodes_births: 3.
num_vsnodes_deaths: 0.
num_space_committed: 1249.
num_space_uncommitted: 0.
num_chunks_returned_to_freelist: 3.
num_chunks_taken_from_freelist: 4131.
num_chunk_merges: 0.
num_chunk_splits: 2844.
num_chunks_enlarged: 1985.
num_inconsistent_stats: 0.

CodeHeap 'non-profiled nmethods': size=120000Kb used=4169Kb max_used=4169Kb free=115830Kb
 bounds [0x000001ee56c70000, 0x000001ee57090000, 0x000001ee5e1a0000]
CodeHeap 'profiled nmethods': size=120000Kb used=13197Kb max_used=13197Kb free=106802Kb
 bounds [0x000001ee4f1a0000, 0x000001ee4fe90000, 0x000001ee566d0000]
CodeHeap 'non-nmethods': size=5760Kb used=2399Kb max_used=2448Kb free=3360Kb
 bounds [0x000001ee566d0000, 0x000001ee56940000, 0x000001ee56c70000]
 total_blobs=7677 nmethods=6745 adapters=842
 compilation: enabled
              stopped_count=0, restarted_count=0
 full_count=0

Compilation events (20 events):
Event: 11.883 Thread 0x000001ee66889cf0 nmethod 7462 0x000001ee4fe81790 code [0x000001ee4fe81940, 0x000001ee4fe81c68]
Event: 11.883 Thread 0x000001ee66889cf0 7471       3       java.nio.ByteBuffer::<init> (14 bytes)
Event: 11.883 Thread 0x000001ee66889cf0 nmethod 7471 0x000001ee4fe81d90 code [0x000001ee4fe81f40, 0x000001ee4fe82088]
Event: 11.883 Thread 0x000001ee66889cf0 7474       1       kotlin.sequences.TransformingSequence::access$getTransformer$p (5 bytes)
Event: 11.883 Thread 0x000001ee66889cf0 nmethod 7474 0x000001ee5707f590 code [0x000001ee5707f720, 0x000001ee5707f7d8]
Event: 11.883 Thread 0x000001ee66889cf0 7476       1       kotlin.sequences.FilteringSequence::access$getPredicate$p (5 bytes)
Event: 11.883 Thread 0x000001ee66889cf0 nmethod 7476 0x000001ee5707f890 code [0x000001ee5707fa20, 0x000001ee5707fad8]
Event: 11.884 Thread 0x000001ee66889cf0 7477       1       kotlin.sequences.FilteringSequence::access$getSendWhen$p (5 bytes)
Event: 11.884 Thread 0x000001ee66889240 nmethod 7473 0x000001ee5707fb90 code [0x000001ee5707fd00, 0x000001ee5707fdf8]
Event: 11.884 Thread 0x000001ee66889cf0 nmethod 7477 0x000001ee5707ff10 code [0x000001ee570800a0, 0x000001ee57080158]
Event: 11.889 Thread 0x000001ee6fa1a040 nmethod 7465 0x000001ee57080210 code [0x000001ee570803c0, 0x000001ee57080e58]
Event: 11.891 Thread 0x000001ee6cc45910 nmethod 7472 0x000001ee57081410 code [0x000001ee570815c0, 0x000001ee57082118]
Event: 11.959 Thread 0x000001ee66889cf0 7478       3       org.jetbrains.kotlin.renderer.DescriptorRendererOptionsImpl::property (20 bytes)
Event: 11.959 Thread 0x000001ee66889cf0 nmethod 7478 0x000001ee4fe82190 code [0x000001ee4fe82340, 0x000001ee4fe82678]
Event: 11.959 Thread 0x000001ee66889cf0 7479       3       org.jetbrains.kotlin.renderer.DescriptorRendererOptionsImpl$property$$inlined$vetoable$1::<init> (11 bytes)
Event: 11.959 Thread 0x000001ee66889cf0 nmethod 7479 0x000001ee4fe82790 code [0x000001ee4fe82940, 0x000001ee4fe82bb8]
Event: 11.993 Thread 0x000001ee66889cf0 7480       3       java.lang.CompoundEnumeration::next (58 bytes)
Event: 11.993 Thread 0x000001ee66889cf0 nmethod 7480 0x000001ee4fe82c90 code [0x000001ee4fe82e40, 0x000001ee4fe831a8]
Event: 11.993 Thread 0x000001ee66889cf0 7481       3       sun.net.www.protocol.jar.JarURLConnection::getUseCaches (8 bytes)
Event: 11.993 Thread 0x000001ee66889cf0 nmethod 7481 0x000001ee4fe83310 code [0x000001ee4fe834c0, 0x000001ee4fe83688]

GC Heap History (20 events):
Event: 9.312 GC heap after
{Heap after GC invocations=17 (full 0):
 garbage-first heap   total 137216K, used 71731K [0x0000000080000000, 0x0000000100000000)
  region size 1024K, 4 young (4096K), 4 survivors (4096K)
 Metaspace       used 52613K, committed 53312K, reserved 1114112K
  class space    used 7865K, committed 8192K, reserved 1048576K
}
Event: 9.617 GC heap before
{Heap before GC invocations=18 (full 0):
 garbage-first heap   total 137216K, used 118835K [0x0000000080000000, 0x0000000100000000)
  region size 1024K, 43 young (44032K), 4 survivors (4096K)
 Metaspace       used 56671K, committed 57408K, reserved 1114112K
  class space    used 8435K, committed 8768K, reserved 1048576K
}
Event: 9.621 GC heap after
{Heap after GC invocations=19 (full 0):
 garbage-first heap   total 137216K, used 81482K [0x0000000080000000, 0x0000000100000000)
  region size 1024K, 5 young (5120K), 5 survivors (5120K)
 Metaspace       used 56671K, committed 57408K, reserved 1114112K
  class space    used 8435K, committed 8768K, reserved 1048576K
}
Event: 9.962 GC heap before
{Heap before GC invocations=19 (full 0):
 garbage-first heap   total 137216K, used 114250K [0x0000000080000000, 0x0000000100000000)
  region size 1024K, 37 young (37888K), 5 survivors (5120K)
 Metaspace       used 60181K, committed 60864K, reserved 1114112K
  class space    used 8897K, committed 9216K, reserved 1048576K
}
Event: 9.966 GC heap after
{Heap after GC invocations=20 (full 0):
 garbage-first heap   total 137216K, used 83675K [0x0000000080000000, 0x0000000100000000)
  region size 1024K, 5 young (5120K), 5 survivors (5120K)
 Metaspace       used 60181K, committed 60864K, reserved 1114112K
  class space    used 8897K, committed 9216K, reserved 1048576K
}
Event: 10.309 GC heap before
{Heap before GC invocations=21 (full 0):
 garbage-first heap   total 148480K, used 114395K [0x0000000080000000, 0x0000000100000000)
  region size 1024K, 35 young (35840K), 5 survivors (5120K)
 Metaspace       used 63072K, committed 63872K, reserved 1114112K
  class space    used 9360K, committed 9728K, reserved 1048576K
}
Event: 10.313 GC heap after
{Heap after GC invocations=22 (full 0):
 garbage-first heap   total 148480K, used 84652K [0x0000000080000000, 0x0000000100000000)
  region size 1024K, 4 young (4096K), 4 survivors (4096K)
 Metaspace       used 63072K, committed 63872K, reserved 1114112K
  class space    used 9360K, committed 9728K, reserved 1048576K
}
Event: 10.383 GC heap before
{Heap before GC invocations=22 (full 0):
 garbage-first heap   total 148480K, used 93868K [0x0000000080000000, 0x0000000100000000)
  region size 1024K, 14 young (14336K), 4 survivors (4096K)
 Metaspace       used 63731K, committed 64512K, reserved 1114112K
  class space    used 9480K, committed 9856K, reserved 1048576K
}
Event: 10.386 GC heap after
{Heap after GC invocations=23 (full 0):
 garbage-first heap   total 178176K, used 84937K [0x0000000080000000, 0x0000000100000000)
  region size 1024K, 4 young (4096K), 4 survivors (4096K)
 Metaspace       used 63731K, committed 64512K, reserved 1114112K
  class space    used 9480K, committed 9856K, reserved 1048576K
}
Event: 11.002 GC heap before
{Heap before GC invocations=24 (full 0):
 garbage-first heap   total 178176K, used 147401K [0x0000000080000000, 0x0000000100000000)
  region size 1024K, 63 young (64512K), 4 survivors (4096K)
 Metaspace       used 67704K, committed 68480K, reserved 1114112K
  class space    used 10034K, committed 10432K, reserved 1048576K
}
Event: 11.018 GC heap after
{Heap after GC invocations=25 (full 0):
 garbage-first heap   total 178176K, used 93148K [0x0000000080000000, 0x0000000100000000)
  region size 1024K, 8 young (8192K), 8 survivors (8192K)
 Metaspace       used 67704K, committed 68480K, reserved 1114112K
  class space    used 10034K, committed 10432K, reserved 1048576K
}
Event: 11.030 GC heap before
{Heap before GC invocations=25 (full 0):
 garbage-first heap   total 178176K, used 94172K [0x0000000080000000, 0x0000000100000000)
  region size 1024K, 9 young (9216K), 8 survivors (8192K)
 Metaspace       used 67815K, committed 68544K, reserved 1114112K
  class space    used 10062K, committed 10432K, reserved 1048576K
}
Event: 11.037 GC heap after
{Heap after GC invocations=26 (full 0):
 garbage-first heap   total 178176K, used 93196K [0x0000000080000000, 0x0000000100000000)
  region size 1024K, 1 young (1024K), 1 survivors (1024K)
 Metaspace       used 67815K, committed 68544K, reserved 1114112K
  class space    used 10062K, committed 10432K, reserved 1048576K
}
Event: 11.478 GC heap before
{Heap before GC invocations=26 (full 0):
 garbage-first heap   total 178176K, used 146444K [0x0000000080000000, 0x0000000100000000)
  region size 1024K, 53 young (54272K), 1 survivors (1024K)
 Metaspace       used 75268K, committed 76032K, reserved 1114112K
  class space    used 10986K, committed 11392K, reserved 1048576K
}
Event: 11.481 GC heap after
{Heap after GC invocations=27 (full 0):
 garbage-first heap   total 178176K, used 94078K [0x0000000080000000, 0x0000000100000000)
  region size 1024K, 2 young (2048K), 2 survivors (2048K)
 Metaspace       used 75268K, committed 76032K, reserved 1114112K
  class space    used 10986K, committed 11392K, reserved 1048576K
}
Event: 11.766 GC heap before
{Heap before GC invocations=28 (full 0):
 garbage-first heap   total 178176K, used 154494K [0x0000000080000000, 0x0000000100000000)
  region size 1024K, 54 young (55296K), 2 survivors (2048K)
 Metaspace       used 76657K, committed 77568K, reserved 1179648K
  class space    used 11144K, committed 11584K, reserved 1048576K
}
Event: 11.776 GC heap after
{Heap after GC invocations=29 (full 0):
 garbage-first heap   total 178176K, used 107470K [0x0000000080000000, 0x0000000100000000)
  region size 1024K, 7 young (7168K), 7 survivors (7168K)
 Metaspace       used 76657K, committed 77568K, reserved 1179648K
  class space    used 11144K, committed 11584K, reserved 1048576K
}
Event: 11.783 GC heap before
{Heap before GC invocations=29 (full 0):
 garbage-first heap   total 178176K, used 108494K [0x0000000080000000, 0x0000000100000000)
  region size 1024K, 8 young (8192K), 7 survivors (7168K)
 Metaspace       used 76657K, committed 77568K, reserved 1179648K
  class space    used 11144K, committed 11584K, reserved 1048576K
}
Event: 11.788 GC heap after
{Heap after GC invocations=30 (full 0):
 garbage-first heap   total 178176K, used 107627K [0x0000000080000000, 0x0000000100000000)
  region size 1024K, 1 young (1024K), 1 survivors (1024K)
 Metaspace       used 76657K, committed 77568K, reserved 1179648K
  class space    used 11144K, committed 11584K, reserved 1048576K
}
Event: 12.016 GC heap before
{Heap before GC invocations=30 (full 0):
 garbage-first heap   total 178176K, used 143467K [0x0000000080000000, 0x0000000100000000)
  region size 1024K, 36 young (36864K), 1 survivors (1024K)
 Metaspace       used 79253K, committed 80064K, reserved 1179648K
  class space    used 11457K, committed 11840K, reserved 1048576K
}

Dll operation events (14 events):
Event: 0.046 Loaded shared library C:\Users\busi4\.jdks\corretto-17.0.9\bin\java.dll
Event: 0.073 Loaded shared library C:\Users\busi4\.jdks\corretto-17.0.9\bin\jsvml.dll
Event: 0.139 Loaded shared library C:\Users\busi4\.jdks\corretto-17.0.9\bin\zip.dll
Event: 0.141 Loaded shared library C:\Users\busi4\.jdks\corretto-17.0.9\bin\instrument.dll
Event: 0.149 Loaded shared library C:\Users\busi4\.jdks\corretto-17.0.9\bin\net.dll
Event: 0.151 Loaded shared library C:\Users\busi4\.jdks\corretto-17.0.9\bin\nio.dll
Event: 0.156 Loaded shared library C:\Users\busi4\.jdks\corretto-17.0.9\bin\zip.dll
Event: 0.462 Loaded shared library C:\Users\busi4\.jdks\corretto-17.0.9\bin\jimage.dll
Event: 0.559 Loaded shared library C:\Users\busi4\.jdks\corretto-17.0.9\bin\verify.dll
Event: 0.802 Loaded shared library C:\Users\busi4\.gradle\native\c067742578af261105cb4f569cf0c3c89f3d7b1fecec35dd04571415982c5e48\windows-amd64\native-platform.dll
Event: 0.809 Loaded shared library C:\Users\busi4\.gradle\native\38dada09dfb8b06ba9b0570ebf7e218e3eb74d4ef43ca46872605cf95ebc2f47\windows-amd64\native-platform-file-events.dll
Event: 2.060 Loaded shared library C:\Users\busi4\.jdks\corretto-17.0.9\bin\management.dll
Event: 2.064 Loaded shared library C:\Users\busi4\.jdks\corretto-17.0.9\bin\management_ext.dll
Event: 2.697 Loaded shared library C:\Users\busi4\.jdks\corretto-17.0.9\bin\sunmscapi.dll

Deoptimization events (20 events):
Event: 11.789 Thread 0x000001ee6d9b6380 DEOPT PACKING pc=0x000001ee4fe433aa sp=0x00000098855f5020
Event: 11.789 Thread 0x000001ee6d9b6380 DEOPT UNPACKING pc=0x000001ee56727143 sp=0x00000098855f4520 mode 0
Event: 11.789 Thread 0x000001ee6d9b6380 DEOPT PACKING pc=0x000001ee4fe433aa sp=0x00000098855f5020
Event: 11.789 Thread 0x000001ee6d9b6380 DEOPT UNPACKING pc=0x000001ee56727143 sp=0x00000098855f4520 mode 0
Event: 11.790 Thread 0x000001ee6d9b6380 DEOPT PACKING pc=0x000001ee4fe433aa sp=0x00000098855f5020
Event: 11.790 Thread 0x000001ee6d9b6380 DEOPT UNPACKING pc=0x000001ee56727143 sp=0x00000098855f4520 mode 0
Event: 11.790 Thread 0x000001ee6d9b6380 DEOPT PACKING pc=0x000001ee4fe433aa sp=0x00000098855f5020
Event: 11.790 Thread 0x000001ee6d9b6380 DEOPT UNPACKING pc=0x000001ee56727143 sp=0x00000098855f4520 mode 0
Event: 11.790 Thread 0x000001ee6d9b6380 DEOPT PACKING pc=0x000001ee4fe433aa sp=0x00000098855f5020
Event: 11.790 Thread 0x000001ee6d9b6380 DEOPT UNPACKING pc=0x000001ee56727143 sp=0x00000098855f4520 mode 0
Event: 11.790 Thread 0x000001ee6d9b6380 DEOPT PACKING pc=0x000001ee4fe433aa sp=0x00000098855f5020
Event: 11.790 Thread 0x000001ee6d9b6380 DEOPT UNPACKING pc=0x000001ee56727143 sp=0x00000098855f4520 mode 0
Event: 11.790 Thread 0x000001ee6d9b6380 DEOPT PACKING pc=0x000001ee4fe433aa sp=0x00000098855f5020
Event: 11.790 Thread 0x000001ee6d9b6380 DEOPT UNPACKING pc=0x000001ee56727143 sp=0x00000098855f4520 mode 0
Event: 11.791 Thread 0x000001ee6d9b6380 DEOPT PACKING pc=0x000001ee4fe433aa sp=0x00000098855f5020
Event: 11.791 Thread 0x000001ee6d9b6380 DEOPT UNPACKING pc=0x000001ee56727143 sp=0x00000098855f4520 mode 0
Event: 11.791 Thread 0x000001ee6d9b6380 DEOPT PACKING pc=0x000001ee4fe433aa sp=0x00000098855f5020
Event: 11.791 Thread 0x000001ee6d9b6380 DEOPT UNPACKING pc=0x000001ee56727143 sp=0x00000098855f4520 mode 0
Event: 11.791 Thread 0x000001ee6d9b6380 DEOPT PACKING pc=0x000001ee4fe433aa sp=0x00000098855f5020
Event: 11.791 Thread 0x000001ee6d9b6380 DEOPT UNPACKING pc=0x000001ee56727143 sp=0x00000098855f4520 mode 0

Classes unloaded (0 events):
No events

Classes redefined (0 events):
No events

Internal exceptions (20 events):
Event: 10.675 Thread 0x000001ee6d9b6380 Exception <a 'java/lang/ClassNotFoundException'{0x00000000890fe108}: org/gradle/api/plugins/JavaPluginConventionCustomizer> (0x00000000890fe108) 
thrown [s\src\hotspot\share\classfile\systemDictionary.cpp, line 256]
Event: 10.676 Thread 0x000001ee6d9b6380 Exception <a 'java/lang/ClassNotFoundException'{0x0000000088f2ac98}: org/gradle/api/plugins/internal/NaggingJavaPluginConventionCustomizer> (0x0000000088f2ac98) 
thrown [s\src\hotspot\share\classfile\systemDictionary.cpp, line 256]
Event: 10.697 Thread 0x000001ee6d9b6380 Exception <a 'java/lang/ClassNotFoundException'{0x0000000088d61fa0}: org/jetbrains/compose/ComposePluginKt$setUpGroovyDslExtensions$2$1BeanInfo> (0x0000000088d61fa0) 
thrown [s\src\hotspot\share\classfile\systemDictionary.cpp, line 256]
Event: 10.697 Thread 0x000001ee6d9b6380 Exception <a 'java/lang/ClassNotFoundException'{0x0000000088d6be38}: org/jetbrains/compose/ComposePluginKt$setUpGroovyDslExtensions$2$1Customizer> (0x0000000088d6be38) 
thrown [s\src\hotspot\share\classfile\systemDictionary.cpp, line 256]
Event: 10.990 Thread 0x000001ee6d9b6380 Exception <a 'sun/nio/fs/WindowsException'{0x0000000086f68f30}> (0x0000000086f68f30) 
thrown [s\src\hotspot\share\prims\jni.cpp, line 516]
Event: 10.990 Thread 0x000001ee6d9b6380 Exception <a 'sun/nio/fs/WindowsException'{0x0000000086f6acc0}> (0x0000000086f6acc0) 
thrown [s\src\hotspot\share\prims\jni.cpp, line 516]
Event: 11.103 Thread 0x000001ee6d9b6380 Exception <a 'java/lang/NoSuchMethodError'{0x000000008a314f60}: 'long java.lang.invoke.DirectMethodHandle$Holder.invokeStatic(java.lang.Object)'> (0x000000008a314f60) 
thrown [s\src\hotspot\share\interpreter\linkResolver.cpp, line 759]
Event: 11.103 Thread 0x000001ee6d9b6380 Exception <a 'java/lang/NoSuchMethodError'{0x000000008a319b00}: 'long java.lang.invoke.DirectMethodHandle$Holder.invokeStaticInit(java.lang.Object)'> (0x000000008a319b00) 
thrown [s\src\hotspot\share\interpreter\linkResolver.cpp, line 759]
Event: 11.170 Thread 0x000001ee6d9b6380 Exception <a 'java/lang/NoSuchMethodError'{0x0000000089e622c0}: 'long java.lang.invoke.Invokers$Holder.invoke_MT(java.lang.Object, java.lang.Object, java.lang.Object, java.lang.Object)'> (0x0000000089e622c0) 
thrown [s\src\hotspot\share\interpreter\linkResolver.cpp, line 759]
Event: 11.171 Thread 0x000001ee6d9b6380 Exception <a 'java/lang/NoSuchMethodError'{0x0000000089e6b5f8}: 'int java.lang.invoke.Invokers$Holder.invoke_MT(java.lang.Object, java.lang.Object, java.lang.Object, java.lang.Object)'> (0x0000000089e6b5f8) 
thrown [s\src\hotspot\share\interpreter\linkResolver.cpp, line 759]
Event: 11.172 Thread 0x000001ee6d9b6380 Exception <a 'java/lang/NoSuchMethodError'{0x0000000089e7bdb0}: 'void java.lang.invoke.DelegatingMethodHandle$Holder.reinvoke_L(java.lang.Object, java.lang.Object, java.lang.Object, long, java.lang.Object)'> (0x0000000089e7bdb0) 
thrown [s\src\hotspot\share\interpreter\linkResolver.cpp, line 759]
Event: 11.173 Thread 0x000001ee6d9b6380 Exception <a 'java/lang/NoSuchMethodError'{0x0000000089e84600}: 'java.lang.Object java.lang.invoke.DirectMethodHandle$Holder.invokeSpecial(java.lang.Object, java.lang.Object, java.lang.Object, java.lang.Object, long)'> (0x0000000089e84600) 
thrown [s\src\hotspot\share\interpreter\linkResolver.cpp, line 759]
Event: 11.174 Thread 0x000001ee6d9b6380 Exception <a 'java/lang/NoSuchMethodError'{0x0000000089e95170}: 'int java.lang.invoke.DelegatingMethodHandle$Holder.reinvoke_L(java.lang.Object, java.lang.Object, java.lang.Object, long, java.lang.Object, java.lang.Object)'> (0x0000000089e95170) 
thrown [s\src\hotspot\share\interpreter\linkResolver.cpp, line 759]
Event: 11.176 Thread 0x000001ee6d9b6380 Exception <a 'java/lang/NoSuchMethodError'{0x0000000089ea50d0}: 'int java.lang.invoke.DelegatingMethodHandle$Holder.reinvoke_L(java.lang.Object, java.lang.Object, java.lang.Object, long, int, int)'> (0x0000000089ea50d0) 
thrown [s\src\hotspot\share\interpreter\linkResolver.cpp, line 759]
Event: 11.178 Thread 0x000001ee6d9b6380 Exception <a 'java/lang/NoSuchMethodError'{0x0000000089eb4dd8}: 'int java.lang.invoke.DelegatingMethodHandle$Holder.reinvoke_L(java.lang.Object, java.lang.Object, java.lang.Object, long, long, long)'> (0x0000000089eb4dd8) 
thrown [s\src\hotspot\share\interpreter\linkResolver.cpp, line 759]
Event: 11.179 Thread 0x000001ee6d9b6380 Exception <a 'java/lang/NoSuchMethodError'{0x0000000089ec47c0}: 'int java.lang.invoke.DelegatingMethodHandle$Holder.reinvoke_L(java.lang.Object, java.lang.Object, java.lang.Object, long, int)'> (0x0000000089ec47c0) 
thrown [s\src\hotspot\share\interpreter\linkResolver.cpp, line 759]
Event: 11.535 Thread 0x000001ee6d9b6380 Exception <a 'java/lang/NoSuchMethodError'{0x000000008a900cf8}: 'java.lang.Object java.lang.invoke.Invokers$Holder.invokeExact_MT(java.lang.Object, java.lang.Object, long, java.lang.Object)'> (0x000000008a900cf8) 
thrown [s\src\hotspot\share\interpreter\linkResolver.cpp, line 759]
Event: 11.562 Thread 0x000001ee6d9b6380 Exception <a 'java/lang/NoSuchMethodError'{0x000000008a772c60}: 'java.lang.Object java.lang.invoke.Invokers$Holder.invoke_MT(java.lang.Object, java.lang.Object, java.lang.Object)'> (0x000000008a772c60) 
thrown [s\src\hotspot\share\interpreter\linkResolver.cpp, line 759]
Event: 11.721 Thread 0x000001ee6d9b6380 Implicit null exception at 0x000001ee5704a3b5 to 0x000001ee5704bbd8
Event: 11.759 Thread 0x000001ee6d9b6380 Implicit null exception at 0x000001ee570559d9 to 0x000001ee57057854

VM Operations (20 events):
Event: 10.986 Executing VM operation: HandshakeAllThreads done
Event: 11.001 Executing VM operation: G1CollectForAllocation
Event: 11.019 Executing VM operation: G1CollectForAllocation done
Event: 11.030 Executing VM operation: G1CollectForAllocation
Event: 11.037 Executing VM operation: G1CollectForAllocation done
Event: 11.107 Executing VM operation: HandshakeAllThreads
Event: 11.107 Executing VM operation: HandshakeAllThreads done
Event: 11.451 Executing VM operation: HandshakeAllThreads
Event: 11.451 Executing VM operation: HandshakeAllThreads done
Event: 11.478 Executing VM operation: G1CollectForAllocation
Event: 11.481 Executing VM operation: G1CollectForAllocation done
Event: 11.508 Executing VM operation: G1PauseRemark
Event: 11.511 Executing VM operation: G1PauseRemark done
Event: 11.520 Executing VM operation: G1PauseCleanup
Event: 11.520 Executing VM operation: G1PauseCleanup done
Event: 11.766 Executing VM operation: G1CollectForAllocation
Event: 11.776 Executing VM operation: G1CollectForAllocation done
Event: 11.783 Executing VM operation: G1CollectForAllocation
Event: 11.788 Executing VM operation: G1CollectForAllocation done
Event: 12.015 Executing VM operation: G1CollectForAllocation

Events (20 events):
Event: 11.562 loading class sun/nio/ch/FileChannelImpl$DefaultUnmapper
Event: 11.562 loading class sun/nio/ch/FileChannelImpl$Unmapper
Event: 11.562 loading class jdk/internal/access/foreign/UnmapperProxy
Event: 11.562 loading class jdk/internal/access/foreign/UnmapperProxy done
Event: 11.562 loading class sun/nio/ch/FileChannelImpl$Unmapper done
Event: 11.562 loading class sun/nio/ch/FileChannelImpl$DefaultUnmapper done
Event: 11.562 loading class sun/nio/ch/Util$4
Event: 11.562 loading class sun/nio/ch/Util$4 done
Event: 11.562 loading class jdk/internal/access/foreign/MemorySegmentProxy
Event: 11.562 loading class jdk/internal/access/foreign/MemorySegmentProxy done
Event: 11.563 loading class java/io/UTFDataFormatException
Event: 11.563 loading class java/io/UTFDataFormatException done
Event: 11.592 Thread 0x000001ee6fa1a040 Thread added: 0x000001ee6fa1a040
Event: 11.598 Thread 0x000001ee6cc45910 Thread added: 0x000001ee6cc45910
Event: 11.834 loading class java/nio/channels/Channels$ReadableByteChannelImpl
Event: 11.834 loading class java/nio/channels/Channels$ReadableByteChannelImpl done
Event: 11.835 loading class java/nio/channels/NonWritableChannelException
Event: 11.835 loading class java/nio/channels/NonWritableChannelException done
Event: 11.993 Thread 0x000001ee6cc45910 Thread exited: 0x000001ee6cc45910
Event: 11.993 Thread 0x000001ee6fa1a040 Thread exited: 0x000001ee6fa1a040


Dynamic libraries:
0x00007ff782950000 - 0x00007ff78295e000 	C:\Users\busi4\.jdks\corretto-17.0.9\bin\java.exe
0x00007ffc1fd10000 - 0x00007ffc1ff27000 	C:\WINDOWS\SYSTEM32\ntdll.dll
0x00007ffc1f9f0000 - 0x00007ffc1fab4000 	C:\WINDOWS\System32\KERNEL32.DLL
0x00007ffc1d0c0000 - 0x00007ffc1d490000 	C:\WINDOWS\System32\KERNELBASE.dll
0x00007ffc1d490000 - 0x00007ffc1d5a1000 	C:\WINDOWS\System32\ucrtbase.dll
0x00007ffc0dc10000 - 0x00007ffc0dc2b000 	C:\Users\busi4\.jdks\corretto-17.0.9\bin\VCRUNTIME140.dll
0x00007ffc0dd90000 - 0x00007ffc0dda7000 	C:\Users\busi4\.jdks\corretto-17.0.9\bin\jli.dll
0x00007ffc1e3e0000 - 0x00007ffc1e58e000 	C:\WINDOWS\System32\USER32.dll
0x00007ffc06460000 - 0x00007ffc066f2000 	C:\WINDOWS\WinSxS\amd64_microsoft.windows.common-controls_6595b64144ccf1df_6.0.22621.4830_none_270fe7d773858e80\COMCTL32.dll
0x00007ffc1cf90000 - 0x00007ffc1cfb6000 	C:\WINDOWS\System32\win32u.dll
0x00007ffc1ef20000 - 0x00007ffc1efc7000 	C:\WINDOWS\System32\msvcrt.dll
0x00007ffc1da80000 - 0x00007ffc1daa9000 	C:\WINDOWS\System32\GDI32.dll
0x00007ffc1d650000 - 0x00007ffc1d76b000 	C:\WINDOWS\System32\gdi32full.dll
0x00007ffc1d5b0000 - 0x00007ffc1d64a000 	C:\WINDOWS\System32\msvcp_win.dll
0x00007ffc1f1e0000 - 0x00007ffc1f211000 	C:\WINDOWS\System32\IMM32.DLL
0x00007ffc0de30000 - 0x00007ffc0de3c000 	C:\Users\busi4\.jdks\corretto-17.0.9\bin\vcruntime140_1.dll
0x00007ffbae5a0000 - 0x00007ffbae62d000 	C:\Users\busi4\.jdks\corretto-17.0.9\bin\msvcp140.dll
0x00007ffb6fca0000 - 0x00007ffb70901000 	C:\Users\busi4\.jdks\corretto-17.0.9\bin\server\jvm.dll
0x00007ffc1f7a0000 - 0x00007ffc1f851000 	C:\WINDOWS\System32\ADVAPI32.dll
0x00007ffc1d9d0000 - 0x00007ffc1da77000 	C:\WINDOWS\System32\sechost.dll
0x00007ffc1d9a0000 - 0x00007ffc1d9c8000 	C:\WINDOWS\System32\bcrypt.dll
0x00007ffc1fb60000 - 0x00007ffc1fc74000 	C:\WINDOWS\System32\RPCRT4.dll
0x00007ffc1ccb0000 - 0x00007ffc1ccfd000 	C:\WINDOWS\SYSTEM32\POWRPROF.dll
0x00007ffc0c3b0000 - 0x00007ffc0c3b9000 	C:\WINDOWS\SYSTEM32\WSOCK32.dll
0x00007ffc19b00000 - 0x00007ffc19b34000 	C:\WINDOWS\SYSTEM32\WINMM.dll
0x00007ffc14080000 - 0x00007ffc1408a000 	C:\WINDOWS\SYSTEM32\VERSION.dll
0x00007ffc1e360000 - 0x00007ffc1e3d1000 	C:\WINDOWS\System32\WS2_32.dll
0x00007ffc1cc90000 - 0x00007ffc1cca3000 	C:\WINDOWS\SYSTEM32\UMPDC.dll
0x00007ffc1bf40000 - 0x00007ffc1bf58000 	C:\WINDOWS\SYSTEM32\kernel.appcore.dll
0x00007ffc0de10000 - 0x00007ffc0de1a000 	C:\Users\busi4\.jdks\corretto-17.0.9\bin\jimage.dll
0x00007ffc1a780000 - 0x00007ffc1a9b2000 	C:\WINDOWS\SYSTEM32\DBGHELP.DLL
0x00007ffc1f220000 - 0x00007ffc1f5b0000 	C:\WINDOWS\System32\combase.dll
0x00007ffc1f910000 - 0x00007ffc1f9e7000 	C:\WINDOWS\System32\OLEAUT32.dll
0x00007ffbf8500000 - 0x00007ffbf8532000 	C:\WINDOWS\SYSTEM32\dbgcore.DLL
0x00007ffc1cfc0000 - 0x00007ffc1d03b000 	C:\WINDOWS\System32\bcryptPrimitives.dll
0x00007ffc0db70000 - 0x00007ffc0db7e000 	C:\Users\busi4\.jdks\corretto-17.0.9\bin\instrument.dll
0x00007ffc0d090000 - 0x00007ffc0d0b5000 	C:\Users\busi4\.jdks\corretto-17.0.9\bin\java.dll
0x00007ffb76680000 - 0x00007ffb76757000 	C:\Users\busi4\.jdks\corretto-17.0.9\bin\jsvml.dll
0x00007ffc1e590000 - 0x00007ffc1ee08000 	C:\WINDOWS\System32\SHELL32.dll
0x00007ffc1ae90000 - 0x00007ffc1b7a0000 	C:\WINDOWS\SYSTEM32\windows.storage.dll
0x00007ffc1ad50000 - 0x00007ffc1ae8f000 	C:\WINDOWS\SYSTEM32\wintypes.dll
0x00007ffc1ee10000 - 0x00007ffc1ef1a000 	C:\WINDOWS\System32\SHCORE.dll
0x00007ffc1e2f0000 - 0x00007ffc1e34e000 	C:\WINDOWS\System32\shlwapi.dll
0x00007ffc1cec0000 - 0x00007ffc1ceeb000 	C:\WINDOWS\SYSTEM32\profapi.dll
0x00007ffc0a180000 - 0x00007ffc0a198000 	C:\Users\busi4\.jdks\corretto-17.0.9\bin\zip.dll
0x00007ffbf8570000 - 0x00007ffbf8589000 	C:\Users\busi4\.jdks\corretto-17.0.9\bin\net.dll
0x00007ffc16950000 - 0x00007ffc16a7c000 	C:\WINDOWS\SYSTEM32\WINHTTP.dll
0x00007ffc1c430000 - 0x00007ffc1c49a000 	C:\WINDOWS\system32\mswsock.dll
0x00007ffbe2c00000 - 0x00007ffbe2c16000 	C:\Users\busi4\.jdks\corretto-17.0.9\bin\nio.dll
0x00007ffc17810000 - 0x00007ffc17820000 	C:\Users\busi4\.jdks\corretto-17.0.9\bin\verify.dll
0x00007ffc0af70000 - 0x00007ffc0af97000 	C:\Users\busi4\.gradle\native\c067742578af261105cb4f569cf0c3c89f3d7b1fecec35dd04571415982c5e48\windows-amd64\native-platform.dll
0x00007ffb747a0000 - 0x00007ffb748e4000 	C:\Users\busi4\.gradle\native\38dada09dfb8b06ba9b0570ebf7e218e3eb74d4ef43ca46872605cf95ebc2f47\windows-amd64\native-platform-file-events.dll
0x00007ffc17800000 - 0x00007ffc17809000 	C:\Users\busi4\.jdks\corretto-17.0.9\bin\management.dll
0x00007ffc15b80000 - 0x00007ffc15b8b000 	C:\Users\busi4\.jdks\corretto-17.0.9\bin\management_ext.dll
0x00007ffc1fac0000 - 0x00007ffc1fac8000 	C:\WINDOWS\System32\PSAPI.DLL
0x00007ffc1c6b0000 - 0x00007ffc1c6cb000 	C:\WINDOWS\SYSTEM32\CRYPTSP.dll
0x00007ffc1bf00000 - 0x00007ffc1bf35000 	C:\WINDOWS\system32\rsaenh.dll
0x00007ffc1c540000 - 0x00007ffc1c568000 	C:\WINDOWS\SYSTEM32\USERENV.dll
0x00007ffc1c6a0000 - 0x00007ffc1c6ac000 	C:\WINDOWS\SYSTEM32\CRYPTBASE.dll
0x00007ffc1ba40000 - 0x00007ffc1ba6d000 	C:\WINDOWS\SYSTEM32\IPHLPAPI.DLL
0x00007ffc1e350000 - 0x00007ffc1e359000 	C:\WINDOWS\System32\NSI.dll
0x00007ffc16740000 - 0x00007ffc16759000 	C:\WINDOWS\SYSTEM32\dhcpcsvc6.DLL
0x00007ffc16720000 - 0x00007ffc1673f000 	C:\WINDOWS\SYSTEM32\dhcpcsvc.DLL
0x00007ffc1ba70000 - 0x00007ffc1bb72000 	C:\WINDOWS\SYSTEM32\DNSAPI.dll
0x00007ffc15b70000 - 0x00007ffc15b7e000 	C:\Users\busi4\.jdks\corretto-17.0.9\bin\sunmscapi.dll
0x00007ffc1d830000 - 0x00007ffc1d996000 	C:\WINDOWS\System32\CRYPT32.dll
0x00007ffc1c860000 - 0x00007ffc1c88d000 	C:\WINDOWS\SYSTEM32\ncrypt.dll
0x00007ffc1c820000 - 0x00007ffc1c857000 	C:\WINDOWS\SYSTEM32\NTASN1.dll
0x00007ffbb1570000 - 0x00007ffbb1578000 	C:\WINDOWS\system32\wshunix.dll

dbghelp: loaded successfully - version: 4.0.5 - missing functions: none
symbol engine: initialized successfully - sym options: 0x614 - pdb path: .;C:\Users\busi4\.jdks\corretto-17.0.9\bin;C:\WINDOWS\SYSTEM32;C:\WINDOWS\WinSxS\amd64_microsoft.windows.common-controls_6595b64144ccf1df_6.0.22621.4830_none_270fe7d773858e80;C:\Users\busi4\.jdks\corretto-17.0.9\bin\server;C:\Users\busi4\.gradle\native\c067742578af261105cb4f569cf0c3c89f3d7b1fecec35dd04571415982c5e48\windows-amd64;C:\Users\busi4\.gradle\native\38dada09dfb8b06ba9b0570ebf7e218e3eb74d4ef43ca46872605cf95ebc2f47\windows-amd64

VM Arguments:
jvm_args: --add-opens=java.base/java.util=ALL-UNNAMED --add-opens=java.base/java.lang=ALL-UNNAMED --add-opens=java.base/java.lang.invoke=ALL-UNNAMED --add-opens=java.prefs/java.util.prefs=ALL-UNNAMED --add-opens=java.base/java.nio.charset=ALL-UNNAMED --add-opens=java.base/java.net=ALL-UNNAMED --add-opens=java.base/java.util.concurrent.atomic=ALL-UNNAMED -Xmx2048m -Dfile.encoding=UTF-8 -Duser.country=US -Duser.language=en -Duser.variant -javaagent:C:\Users\busi4\.gradle\wrapper\dists\gradle-8.7-bin\bhs2wmbdwecv87pi65oeuq5iu\gradle-8.7\lib\agents\gradle-instrumentation-agent-8.7.jar 
java_command: org.gradle.launcher.daemon.bootstrap.GradleDaemon 8.7
java_class_path (initial): C:\Users\busi4\.gradle\wrapper\dists\gradle-8.7-bin\bhs2wmbdwecv87pi65oeuq5iu\gradle-8.7\lib\gradle-launcher-8.7.jar
Launcher Type: SUN_STANDARD

[Global flags]
     intx CICompilerCount                          = 4                                         {product} {ergonomic}
     uint ConcGCThreads                            = 3                                         {product} {ergonomic}
     uint G1ConcRefinementThreads                  = 10                                        {product} {ergonomic}
   size_t G1HeapRegionSize                         = 1048576                                   {product} {ergonomic}
    uintx GCDrainStackTargetSize                   = 64                                        {product} {ergonomic}
   size_t InitialHeapSize                          = 257949696                                 {product} {ergonomic}
   size_t MarkStackSize                            = 4194304                                   {product} {ergonomic}
   size_t MaxHeapSize                              = 2147483648                                {product} {command line}
   size_t MaxNewSize                               = 1287651328                                {product} {ergonomic}
   size_t MinHeapDeltaBytes                        = 1048576                                   {product} {ergonomic}
   size_t MinHeapSize                              = 8388608                                   {product} {ergonomic}
    uintx NonNMethodCodeHeapSize                   = 5839372                                {pd product} {ergonomic}
    uintx NonProfiledCodeHeapSize                  = 122909434                              {pd product} {ergonomic}
    uintx ProfiledCodeHeapSize                     = 122909434                              {pd product} {ergonomic}
    uintx ReservedCodeCacheSize                    = 251658240                              {pd product} {ergonomic}
     bool SegmentedCodeCache                       = true                                      {product} {ergonomic}
   size_t SoftMaxHeapSize                          = 2147483648                             {manageable} {ergonomic}
     bool UseCompressedClassPointers               = true                           {product lp64_product} {ergonomic}
     bool UseCompressedOops                        = true                           {product lp64_product} {ergonomic}
     bool UseG1GC                                  = true                                      {product} {ergonomic}
     bool UseLargePagesIndividualAllocation        = false                                  {pd product} {ergonomic}

Logging:
Log output configuration:
 #0: stdout all=warning uptime,level,tags
 #1: stderr all=off uptime,level,tags

Environment Variables:
PATH=C:\Program Files (x86)\Common Files\Oracle\Java\javapath;C:\WINDOWS\system32;C:\WINDOWS;C:\WINDOWS\System32\Wbem;C:\WINDOWS\System32\WindowsPowerShell\v1.0\;C:\WINDOWS\System32\OpenSSH\;C:\Program Files\dotnet\;C:\Program Files\Docker\Docker\resources\bin;C:\Program Files\Calibre2\;C:\Users\busi4\AppData\Local\Microsoft\WindowsApps;C:\Users\busi4\AppData\Local\Programs\Microsoft VS Code\bin;C:\Program Files\JetBrains\IntelliJ IDEA Community Edition 2023.2.1\bin;C:\Users\busi4\AppData\Local\JetBrains\Toolbox\scripts;
USERNAME=busi4
OS=Windows_NT
PROCESSOR_IDENTIFIER=AMD64 Family 23 Model 96 Stepping 1, AuthenticAMD
TMP=C:\Users\busi4\AppData\Local\Temp
TEMP=C:\Users\busi4\AppData\Local\Temp



Periodic native trim disabled


---------------  S Y S T E M  ---------------

OS:
 Windows 11 , 64 bit Build 22621 (10.0.22621.4830)
OS uptime: 0 days 2:43 hours
Hyper-V role detected

CPU: total 12 (initial active 12) (12 cores per cpu, 2 threads per core) family 23 model 96 stepping 1 microcode 0x0, cx8, cmov, fxsr, ht, mmx, 3dnowpref, sse, sse2, sse3, ssse3, sse4a, sse4.1, sse4.2, popcnt, lzcnt, tsc, tscinvbit, avx, avx2, aes, clmul, bmi1, bmi2, adx, sha, fma, vzeroupper, clflush, clflushopt, hv
Processor Information for processor 0
  Max Mhz: 3000, Current Mhz: 1400, Mhz Limit: 3000
Processor Information for processor 1
  Max Mhz: 3000, Current Mhz: 1400, Mhz Limit: 3000
Processor Information for processor 2
  Max Mhz: 3000, Current Mhz: 1400, Mhz Limit: 3000
Processor Information for processor 3
  Max Mhz: 3000, Current Mhz: 1400, Mhz Limit: 3000
Processor Information for processor 4
  Max Mhz: 3000, Current Mhz: 1400, Mhz Limit: 3000
Processor Information for processor 5
  Max Mhz: 3000, Current Mhz: 1400, Mhz Limit: 3000
Processor Information for processor 6
  Max Mhz: 3000, Current Mhz: 3000, Mhz Limit: 3000
Processor Information for processor 7
  Max Mhz: 3000, Current Mhz: 3000, Mhz Limit: 3000
Processor Information for processor 8
  Max Mhz: 3000, Current Mhz: 1400, Mhz Limit: 3000
Processor Information for processor 9
  Max Mhz: 3000, Current Mhz: 1400, Mhz Limit: 3000
Processor Information for processor 10
  Max Mhz: 3000, Current Mhz: 1400, Mhz Limit: 3000
Processor Information for processor 11
  Max Mhz: 3000, Current Mhz: 1400, Mhz Limit: 3000

Memory: 4k page, system-wide physical 15741M (3099M free)
TotalPageFile size 15741M (AvailPageFile size 61M)
current process WorkingSet (physical memory assigned to process): 394M, peak: 398M
current process commit charge ("private bytes"): 514M, peak: 722M

vm_info: OpenJDK 64-Bit Server VM (17.0.9+8-LTS) for windows-amd64 JRE (17.0.9+8-LTS), built on Oct 12 2023 16:15:33 by "Administrator" with MS VC++ 16.10 / 16.11 (VS2019)

END.
